#
# There is insufficient memory for the Java Runtime Environment to continue.
# Native memory allocation (malloc) failed to allocate 1832816 bytes for Chunk::new
# Possible reasons:
#   The system is out of physical RAM or swap space
#   The process is running with CompressedOops enabled, and the Java Heap may be blocking the growth of the native heap
# Possible solutions:
#   Reduce memory load on the system
#   Increase physical memory or swap space
#   Check if swap backing store is full
#   Decrease Java heap size (-Xmx/-Xms)
#   Decrease number of Java threads
#   Decrease Java thread stack sizes (-Xss)
#   Set larger code cache with -XX:ReservedCodeCacheSize=
#   JVM is running with Unscaled Compressed Oops mode in which the Java heap is
#     placed in the first 4GB address space. The Java Heap base address is the
#     maximum limit for the native heap growth. Please use -XX:HeapBaseMinAddress
#     to set the Java Heap base and to place the Java Heap above 4GB virtual address.
# This output file may be truncated or incomplete.
#
#  Out of Memory Error (./src/hotspot/share/memory/arena.cpp:197), pid=11884, tid=11528
#
# JRE version: OpenJDK Runtime Environment (11.0.12+7) (build 11.0.12+7-b1504.28-7817840)
# Java VM: OpenJDK 64-Bit Server VM (11.0.12+7-b1504.28-7817840, mixed mode, tiered, compressed oops, g1 gc, windows-amd64)
# No core dump will be written. Minidumps are not enabled by default on client versions of Windows
#

---------------  S U M M A R Y ------------

Command Line: --add-opens=java.base/java.util=ALL-UNNAMED --add-opens=java.base/java.lang=ALL-UNNAMED --add-opens=java.base/java.lang.invoke=ALL-UNNAMED --add-opens=java.base/java.util=ALL-UNNAMED --add-opens=java.prefs/java.util.prefs=ALL-UNNAMED --add-opens=java.prefs/java.util.prefs=ALL-UNNAMED --add-opens=java.base/java.nio.charset=ALL-UNNAMED --add-opens=java.base/java.net=ALL-UNNAMED --add-opens=java.base/java.util.concurrent.atomic=ALL-UNNAMED -Xmx2048m -Dfile.encoding=UTF-8 -Duser.country=US -Duser.language=en -Duser.variant org.gradle.launcher.daemon.bootstrap.GradleDaemon 7.3.3

Host: Intel(R) Core(TM) i7-6600U CPU @ 2.60GHz, 4 cores, 7G,  Windows 10 , 64 bit Build 22000 (10.0.22000.434)
Time: Tue Aug 23 01:07:29 2022 Egypt Standard Time elapsed time: 2.452213 seconds (0d 0h 0m 2s)

---------------  T H R E A D  ---------------

Current thread (0x0000021169659800):  JavaThread "C2 CompilerThread1" daemon [_thread_in_native, id=11528, stack(0x00000096ce000000,0x00000096ce100000)]


Current CompileTask:
C2:   2452 1970       4       java.net.URLClassLoader$1::run (5 bytes)

Stack: [0x00000096ce000000,0x00000096ce100000]
Native frames: (J=compiled Java code, j=interpreted, Vv=VM code, C=native code)
V  [jvm.dll+0x5fbcea]
V  [jvm.dll+0x731905]
V  [jvm.dll+0x732f1d]
V  [jvm.dll+0x7335d3]
V  [jvm.dll+0x247bf8]
V  [jvm.dll+0xc018c]
V  [jvm.dll+0xc06cc]
V  [jvm.dll+0x35b31d]
V  [jvm.dll+0x328803]
V  [jvm.dll+0x327cfa]
V  [jvm.dll+0x200602]
V  [jvm.dll+0x1ff794]
V  [jvm.dll+0x18868c]
V  [jvm.dll+0x20e0d7]
V  [jvm.dll+0x20c901]
V  [jvm.dll+0x6f9b7f]
V  [jvm.dll+0x6f26a5]
V  [jvm.dll+0x5fabf6]
C  [ucrtbase.dll+0x26c0c]
C  [KERNEL32.DLL+0x154e0]
C  [ntdll.dll+0x485b]


---------------  P R O C E S S  ---------------

Threads class SMR info:
_java_thread_list=0x000002116b5c0130, length=25, elements={
0x000002114cfc3800, 0x0000021168b4f800, 0x0000021168b55000, 0x00000211694e2800,
0x0000021168b6f800, 0x0000021168b70800, 0x0000021168b75000, 0x0000021168b7a000,
0x0000021168b7d800, 0x0000021169631800, 0x0000021169659800, 0x000002116b419800,
0x000002116b4c0000, 0x000002116ae93000, 0x000002116c221800, 0x000002116af52800,
0x000002116adb9800, 0x000002116b43c800, 0x000002116be87800, 0x000002116a5b0800,
0x000002116baa2800, 0x000002116ba9f800, 0x000002116baa0000, 0x000002116baa3800,
0x000002116ba9d800
}

Java Threads: ( => current thread )
  0x000002114cfc3800 JavaThread "main" [_thread_blocked, id=552, stack(0x00000096ccf00000,0x00000096cd000000)]
  0x0000021168b4f800 JavaThread "Reference Handler" daemon [_thread_blocked, id=5360, stack(0x00000096cd600000,0x00000096cd700000)]
  0x0000021168b55000 JavaThread "Finalizer" daemon [_thread_blocked, id=10792, stack(0x00000096cd700000,0x00000096cd800000)]
  0x00000211694e2800 JavaThread "Signal Dispatcher" daemon [_thread_blocked, id=11508, stack(0x00000096cd800000,0x00000096cd900000)]
  0x0000021168b6f800 JavaThread "Attach Listener" daemon [_thread_blocked, id=9828, stack(0x00000096cd900000,0x00000096cda00000)]
  0x0000021168b70800 JavaThread "Service Thread" daemon [_thread_blocked, id=9068, stack(0x00000096cda00000,0x00000096cdb00000)]
  0x0000021168b75000 JavaThread "C2 CompilerThread0" daemon [_thread_in_native, id=11212, stack(0x00000096cdb00000,0x00000096cdc00000)]
  0x0000021168b7a000 JavaThread "C1 CompilerThread0" daemon [_thread_blocked, id=10484, stack(0x00000096cdc00000,0x00000096cdd00000)]
  0x0000021168b7d800 JavaThread "Sweeper thread" daemon [_thread_blocked, id=3116, stack(0x00000096cdd00000,0x00000096cde00000)]
  0x0000021169631800 JavaThread "Common-Cleaner" daemon [_thread_blocked, id=7776, stack(0x00000096cde00000,0x00000096cdf00000)]
=>0x0000021169659800 JavaThread "C2 CompilerThread1" daemon [_thread_in_native, id=11528, stack(0x00000096ce000000,0x00000096ce100000)]
  0x000002116b419800 JavaThread "Daemon health stats" [_thread_blocked, id=1320, stack(0x00000096ce300000,0x00000096ce400000)]
  0x000002116b4c0000 JavaThread "Incoming local TCP Connector on port 62415" [_thread_in_native, id=2088, stack(0x00000096ce400000,0x00000096ce500000)]
  0x000002116ae93000 JavaThread "Daemon periodic checks" [_thread_blocked, id=10752, stack(0x00000096ce500000,0x00000096ce600000)]
  0x000002116c221800 JavaThread "Daemon" [_thread_blocked, id=9956, stack(0x00000096ce600000,0x00000096ce700000)]
  0x000002116af52800 JavaThread "Handler for socket connection from /127.0.0.1:62415 to /127.0.0.1:62416" [_thread_in_native, id=6908, stack(0x00000096ce700000,0x00000096ce800000)]
  0x000002116adb9800 JavaThread "Cancel handler" [_thread_blocked, id=9540, stack(0x00000096ce800000,0x00000096ce900000)]
  0x000002116b43c800 JavaThread "Daemon worker" [_thread_in_vm, id=11600, stack(0x00000096ce900000,0x00000096cea00000)]
  0x000002116be87800 JavaThread "Asynchronous log dispatcher for DefaultDaemonConnection: socket connection from /127.0.0.1:62415 to /127.0.0.1:62416" [_thread_blocked, id=7224, stack(0x00000096cea00000,0x00000096ceb00000)]
  0x000002116a5b0800 JavaThread "Stdin handler" [_thread_blocked, id=10680, stack(0x00000096ceb00000,0x00000096cec00000)]
  0x000002116baa2800 JavaThread "Daemon client event forwarder" [_thread_blocked, id=5008, stack(0x00000096cec00000,0x00000096ced00000)]
  0x000002116ba9f800 JavaThread "Cache worker for journal cache (C:\Users\Admin\.gradle\caches\journal-1)" [_thread_blocked, id=11632, stack(0x00000096cee00000,0x00000096cef00000)]
  0x000002116baa0000 JavaThread "File lock request listener" [_thread_in_native, id=4788, stack(0x00000096cef00000,0x00000096cf000000)]
  0x000002116baa3800 JavaThread "Cache worker for file hash cache (C:\Users\Admin\.gradle\caches\7.3.3\fileHashes)" [_thread_blocked, id=2824, stack(0x00000096cf000000,0x00000096cf100000)]
  0x000002116ba9d800 JavaThread "Cache worker for file hash cache (C:\Users\Admin\Desktop\jana\cw77\.gradle\7.3.3\fileHashes)" [_thread_blocked, id=3948, stack(0x00000096cf100000,0x00000096cf200000)]

Other Threads:
  0x0000021168b49800 VMThread "VM Thread" [stack: 0x00000096cd500000,0x00000096cd600000] [id=7088]
  0x000002116963c000 WatcherThread [stack: 0x00000096cdf00000,0x00000096ce000000] [id=5416]
  0x000002114cf1d000 GCTaskThread "GC Thread#0" [stack: 0x00000096cd000000,0x00000096cd100000] [id=3924]
  0x0000021169eb5000 GCTaskThread "GC Thread#1" [stack: 0x00000096ce100000,0x00000096ce200000] [id=9124]
  0x00000211698e9000 GCTaskThread "GC Thread#2" [stack: 0x00000096ce200000,0x00000096ce300000] [id=11092]
  0x000002116ab1e800 GCTaskThread "GC Thread#3" [stack: 0x00000096ced00000,0x00000096cee00000] [id=10884]
  0x000002114d009800 ConcurrentGCThread "G1 Main Marker" [stack: 0x00000096cd100000,0x00000096cd200000] [id=8428]
  0x000002114d00a800 ConcurrentGCThread "G1 Conc#0" [stack: 0x00000096cd200000,0x00000096cd300000] [id=8524]
  0x000002114d09a000 ConcurrentGCThread "G1 Refine#0" [stack: 0x00000096cd300000,0x00000096cd400000] [id=2648]
  0x000002114d09b000 ConcurrentGCThread "G1 Young RemSet Sampling" [stack: 0x00000096cd400000,0x00000096cd500000] [id=11168]

Threads with active compile tasks:
C2 CompilerThread0   2465 2089       4       sun.nio.fs.WindowsPathParser::normalize (233 bytes)
C2 CompilerThread1   2465 1970       4       java.net.URLClassLoader$1::run (5 bytes)

VM state:not at safepoint (normal execution)

VM Mutex/Monitor currently owned by a thread: None

Heap address: 0x0000000080000000, size: 2048 MB, Compressed Oops mode: 32-bit
Narrow klass base: 0x0000000000000000, Narrow klass shift: 3
Compressed class space size: 1073741824 Address: 0x0000000100000000

Heap:
 garbage-first heap   total 157696K, used 56006K [0x0000000080000000, 0x0000000100000000)
  region size 1024K, 41 young (41984K), 2 survivors (2048K)
 Metaspace       used 24703K, capacity 25320K, committed 25472K, reserved 1071104K
  class space    used 3157K, capacity 3386K, committed 3456K, reserved 1048576K
Heap Regions: E=young(eden), S=young(survivor), O=old, HS=humongous(starts), HC=humongous(continues), CS=collection set, F=free, A=archive, TAMS=top-at-mark-start (previous, next)
|   0|0x0000000080000000, 0x0000000080100000, 0x0000000080100000|100%| O|  |TAMS 0x0000000080100000, 0x0000000080000000| Untracked 
|   1|0x0000000080100000, 0x0000000080200000, 0x0000000080200000|100%| O|  |TAMS 0x0000000080200000, 0x0000000080100000| Untracked 
|   2|0x0000000080200000, 0x0000000080300000, 0x0000000080300000|100%| O|  |TAMS 0x0000000080300000, 0x0000000080200000| Untracked 
|   3|0x0000000080300000, 0x0000000080400000, 0x0000000080400000|100%|HS|  |TAMS 0x0000000080400000, 0x0000000080300000| Complete 
|   4|0x0000000080400000, 0x0000000080500000, 0x0000000080500000|100%|HC|  |TAMS 0x0000000080500000, 0x0000000080400000| Complete 
|   5|0x0000000080500000, 0x0000000080600000, 0x0000000080600000|100%|HC|  |TAMS 0x0000000080600000, 0x0000000080500000| Complete 
|   6|0x0000000080600000, 0x0000000080700000, 0x0000000080700000|100%| O|  |TAMS 0x0000000080700000, 0x0000000080600000| Untracked 
|   7|0x0000000080700000, 0x0000000080800000, 0x0000000080800000|100%| O|  |TAMS 0x0000000080800000, 0x0000000080700000| Untracked 
|   8|0x0000000080800000, 0x0000000080900000, 0x0000000080900000|100%| O|  |TAMS 0x0000000080900000, 0x0000000080800000| Untracked 
|   9|0x0000000080900000, 0x0000000080a00000, 0x0000000080a00000|100%| O|  |TAMS 0x0000000080a00000, 0x0000000080900000| Untracked 
|  10|0x0000000080a00000, 0x0000000080b00000, 0x0000000080b00000|100%| O|  |TAMS 0x0000000080b00000, 0x0000000080a00000| Untracked 
|  11|0x0000000080b00000, 0x0000000080c00000, 0x0000000080c00000|100%| O|  |TAMS 0x0000000080c00000, 0x0000000080b00000| Untracked 
|  12|0x0000000080c00000, 0x0000000080d00000, 0x0000000080d00000|100%| O|  |TAMS 0x0000000080d00000, 0x0000000080c00000| Untracked 
|  13|0x0000000080d00000, 0x0000000080e00000, 0x0000000080e00000|100%| O|  |TAMS 0x0000000080e00000, 0x0000000080d00000| Untracked 
|  14|0x0000000080e00000, 0x0000000080f00000, 0x0000000080f00000|100%| O|  |TAMS 0x0000000080f00000, 0x0000000080e00000| Untracked 
|  15|0x0000000080f00000, 0x0000000080f39400, 0x0000000081000000| 22%| O|  |TAMS 0x0000000080f39400, 0x0000000080f00000| Untracked 
|  16|0x0000000081000000, 0x0000000081000000, 0x0000000081100000|  0%| F|  |TAMS 0x0000000081000000, 0x0000000081000000| Untracked 
|  17|0x0000000081100000, 0x0000000081100000, 0x0000000081200000|  0%| F|  |TAMS 0x0000000081100000, 0x0000000081100000| Untracked 
|  18|0x0000000081200000, 0x0000000081200000, 0x0000000081300000|  0%| F|  |TAMS 0x0000000081200000, 0x0000000081200000| Untracked 
|  19|0x0000000081300000, 0x0000000081300000, 0x0000000081400000|  0%| F|  |TAMS 0x0000000081300000, 0x0000000081300000| Untracked 
|  20|0x0000000081400000, 0x0000000081400000, 0x0000000081500000|  0%| F|  |TAMS 0x0000000081400000, 0x0000000081400000| Untracked 
|  21|0x0000000081500000, 0x0000000081500000, 0x0000000081600000|  0%| F|  |TAMS 0x0000000081500000, 0x0000000081500000| Untracked 
|  22|0x0000000081600000, 0x0000000081600000, 0x0000000081700000|  0%| F|  |TAMS 0x0000000081600000, 0x0000000081600000| Untracked 
|  23|0x0000000081700000, 0x0000000081700000, 0x0000000081800000|  0%| F|  |TAMS 0x0000000081700000, 0x0000000081700000| Untracked 
|  24|0x0000000081800000, 0x0000000081800000, 0x0000000081900000|  0%| F|  |TAMS 0x0000000081800000, 0x0000000081800000| Untracked 
|  25|0x0000000081900000, 0x0000000081900000, 0x0000000081a00000|  0%| F|  |TAMS 0x0000000081900000, 0x0000000081900000| Untracked 
|  26|0x0000000081a00000, 0x0000000081a00000, 0x0000000081b00000|  0%| F|  |TAMS 0x0000000081a00000, 0x0000000081a00000| Untracked 
|  27|0x0000000081b00000, 0x0000000081b00000, 0x0000000081c00000|  0%| F|  |TAMS 0x0000000081b00000, 0x0000000081b00000| Untracked 
|  28|0x0000000081c00000, 0x0000000081c00000, 0x0000000081d00000|  0%| F|  |TAMS 0x0000000081c00000, 0x0000000081c00000| Untracked 
|  29|0x0000000081d00000, 0x0000000081d00000, 0x0000000081e00000|  0%| F|  |TAMS 0x0000000081d00000, 0x0000000081d00000| Untracked 
|  30|0x0000000081e00000, 0x0000000081e00000, 0x0000000081f00000|  0%| F|  |TAMS 0x0000000081e00000, 0x0000000081e00000| Untracked 
|  31|0x0000000081f00000, 0x0000000081f00000, 0x0000000082000000|  0%| F|  |TAMS 0x0000000081f00000, 0x0000000081f00000| Untracked 
|  32|0x0000000082000000, 0x0000000082000000, 0x0000000082100000|  0%| F|  |TAMS 0x0000000082000000, 0x0000000082000000| Untracked 
|  33|0x0000000082100000, 0x0000000082100000, 0x0000000082200000|  0%| F|  |TAMS 0x0000000082100000, 0x0000000082100000| Untracked 
|  34|0x0000000082200000, 0x0000000082200000, 0x0000000082300000|  0%| F|  |TAMS 0x0000000082200000, 0x0000000082200000| Untracked 
|  35|0x0000000082300000, 0x0000000082300000, 0x0000000082400000|  0%| F|  |TAMS 0x0000000082300000, 0x0000000082300000| Untracked 
|  36|0x0000000082400000, 0x0000000082400000, 0x0000000082500000|  0%| F|  |TAMS 0x0000000082400000, 0x0000000082400000| Untracked 
|  37|0x0000000082500000, 0x0000000082500000, 0x0000000082600000|  0%| F|  |TAMS 0x0000000082500000, 0x0000000082500000| Untracked 
|  38|0x0000000082600000, 0x0000000082600000, 0x0000000082700000|  0%| F|  |TAMS 0x0000000082600000, 0x0000000082600000| Untracked 
|  39|0x0000000082700000, 0x0000000082700000, 0x0000000082800000|  0%| F|  |TAMS 0x0000000082700000, 0x0000000082700000| Untracked 
|  40|0x0000000082800000, 0x0000000082800000, 0x0000000082900000|  0%| F|  |TAMS 0x0000000082800000, 0x0000000082800000| Untracked 
|  41|0x0000000082900000, 0x0000000082900000, 0x0000000082a00000|  0%| F|  |TAMS 0x0000000082900000, 0x0000000082900000| Untracked 
|  42|0x0000000082a00000, 0x0000000082a00000, 0x0000000082b00000|  0%| F|  |TAMS 0x0000000082a00000, 0x0000000082a00000| Untracked 
|  43|0x0000000082b00000, 0x0000000082b00000, 0x0000000082c00000|  0%| F|  |TAMS 0x0000000082b00000, 0x0000000082b00000| Untracked 
|  44|0x0000000082c00000, 0x0000000082c00000, 0x0000000082d00000|  0%| F|  |TAMS 0x0000000082c00000, 0x0000000082c00000| Untracked 
|  45|0x0000000082d00000, 0x0000000082d00000, 0x0000000082e00000|  0%| F|  |TAMS 0x0000000082d00000, 0x0000000082d00000| Untracked 
|  46|0x0000000082e00000, 0x0000000082e00000, 0x0000000082f00000|  0%| F|  |TAMS 0x0000000082e00000, 0x0000000082e00000| Untracked 
|  47|0x0000000082f00000, 0x0000000082f00000, 0x0000000083000000|  0%| F|  |TAMS 0x0000000082f00000, 0x0000000082f00000| Untracked 
|  48|0x0000000083000000, 0x0000000083000000, 0x0000000083100000|  0%| F|  |TAMS 0x0000000083000000, 0x0000000083000000| Untracked 
|  49|0x0000000083100000, 0x0000000083100000, 0x0000000083200000|  0%| F|  |TAMS 0x0000000083100000, 0x0000000083100000| Untracked 
|  50|0x0000000083200000, 0x0000000083200000, 0x0000000083300000|  0%| F|  |TAMS 0x0000000083200000, 0x0000000083200000| Untracked 
|  51|0x0000000083300000, 0x0000000083300000, 0x0000000083400000|  0%| F|  |TAMS 0x0000000083300000, 0x0000000083300000| Untracked 
|  52|0x0000000083400000, 0x0000000083400000, 0x0000000083500000|  0%| F|  |TAMS 0x0000000083400000, 0x0000000083400000| Untracked 
|  53|0x0000000083500000, 0x0000000083500000, 0x0000000083600000|  0%| F|  |TAMS 0x0000000083500000, 0x0000000083500000| Untracked 
|  54|0x0000000083600000, 0x0000000083600000, 0x0000000083700000|  0%| F|  |TAMS 0x0000000083600000, 0x0000000083600000| Untracked 
|  55|0x0000000083700000, 0x0000000083700000, 0x0000000083800000|  0%| F|  |TAMS 0x0000000083700000, 0x0000000083700000| Untracked 
|  56|0x0000000083800000, 0x0000000083800000, 0x0000000083900000|  0%| F|  |TAMS 0x0000000083800000, 0x0000000083800000| Untracked 
|  57|0x0000000083900000, 0x0000000083900000, 0x0000000083a00000|  0%| F|  |TAMS 0x0000000083900000, 0x0000000083900000| Untracked 
|  58|0x0000000083a00000, 0x0000000083a00000, 0x0000000083b00000|  0%| F|  |TAMS 0x0000000083a00000, 0x0000000083a00000| Untracked 
|  59|0x0000000083b00000, 0x0000000083b00000, 0x0000000083c00000|  0%| F|  |TAMS 0x0000000083b00000, 0x0000000083b00000| Untracked 
|  60|0x0000000083c00000, 0x0000000083c00000, 0x0000000083d00000|  0%| F|  |TAMS 0x0000000083c00000, 0x0000000083c00000| Untracked 
|  61|0x0000000083d00000, 0x0000000083d00000, 0x0000000083e00000|  0%| F|  |TAMS 0x0000000083d00000, 0x0000000083d00000| Untracked 
|  62|0x0000000083e00000, 0x0000000083e00000, 0x0000000083f00000|  0%| F|  |TAMS 0x0000000083e00000, 0x0000000083e00000| Untracked 
|  63|0x0000000083f00000, 0x0000000083f00000, 0x0000000084000000|  0%| F|  |TAMS 0x0000000083f00000, 0x0000000083f00000| Untracked 
|  64|0x0000000084000000, 0x0000000084000000, 0x0000000084100000|  0%| F|  |TAMS 0x0000000084000000, 0x0000000084000000| Untracked 
|  65|0x0000000084100000, 0x0000000084100000, 0x0000000084200000|  0%| F|  |TAMS 0x0000000084100000, 0x0000000084100000| Untracked 
|  66|0x0000000084200000, 0x0000000084200000, 0x0000000084300000|  0%| F|  |TAMS 0x0000000084200000, 0x0000000084200000| Untracked 
|  67|0x0000000084300000, 0x0000000084300000, 0x0000000084400000|  0%| F|  |TAMS 0x0000000084300000, 0x0000000084300000| Untracked 
|  68|0x0000000084400000, 0x0000000084400000, 0x0000000084500000|  0%| F|  |TAMS 0x0000000084400000, 0x0000000084400000| Untracked 
|  69|0x0000000084500000, 0x0000000084500000, 0x0000000084600000|  0%| F|  |TAMS 0x0000000084500000, 0x0000000084500000| Untracked 
|  70|0x0000000084600000, 0x0000000084600000, 0x0000000084700000|  0%| F|  |TAMS 0x0000000084600000, 0x0000000084600000| Untracked 
|  71|0x0000000084700000, 0x0000000084700000, 0x0000000084800000|  0%| F|  |TAMS 0x0000000084700000, 0x0000000084700000| Untracked 
|  72|0x0000000084800000, 0x0000000084800000, 0x0000000084900000|  0%| F|  |TAMS 0x0000000084800000, 0x0000000084800000| Untracked 
|  73|0x0000000084900000, 0x0000000084900000, 0x0000000084a00000|  0%| F|  |TAMS 0x0000000084900000, 0x0000000084900000| Untracked 
|  74|0x0000000084a00000, 0x0000000084a00000, 0x0000000084b00000|  0%| F|  |TAMS 0x0000000084a00000, 0x0000000084a00000| Untracked 
|  75|0x0000000084b00000, 0x0000000084b00000, 0x0000000084c00000|  0%| F|  |TAMS 0x0000000084b00000, 0x0000000084b00000| Untracked 
|  76|0x0000000084c00000, 0x0000000084c00000, 0x0000000084d00000|  0%| F|  |TAMS 0x0000000084c00000, 0x0000000084c00000| Untracked 
|  77|0x0000000084d00000, 0x0000000084d00000, 0x0000000084e00000|  0%| F|  |TAMS 0x0000000084d00000, 0x0000000084d00000| Untracked 
|  78|0x0000000084e00000, 0x0000000084e00000, 0x0000000084f00000|  0%| F|  |TAMS 0x0000000084e00000, 0x0000000084e00000| Untracked 
|  79|0x0000000084f00000, 0x0000000084f00000, 0x0000000085000000|  0%| F|  |TAMS 0x0000000084f00000, 0x0000000084f00000| Untracked 
|  80|0x0000000085000000, 0x0000000085000000, 0x0000000085100000|  0%| F|  |TAMS 0x0000000085000000, 0x0000000085000000| Untracked 
|  81|0x0000000085100000, 0x0000000085100000, 0x0000000085200000|  0%| F|  |TAMS 0x0000000085100000, 0x0000000085100000| Untracked 
|  82|0x0000000085200000, 0x0000000085200000, 0x0000000085300000|  0%| F|  |TAMS 0x0000000085200000, 0x0000000085200000| Untracked 
|  83|0x0000000085300000, 0x0000000085300000, 0x0000000085400000|  0%| F|  |TAMS 0x0000000085300000, 0x0000000085300000| Untracked 
|  84|0x0000000085400000, 0x0000000085400000, 0x0000000085500000|  0%| F|  |TAMS 0x0000000085400000, 0x0000000085400000| Untracked 
|  85|0x0000000085500000, 0x0000000085500000, 0x0000000085600000|  0%| F|  |TAMS 0x0000000085500000, 0x0000000085500000| Untracked 
|  86|0x0000000085600000, 0x0000000085600000, 0x0000000085700000|  0%| F|  |TAMS 0x0000000085600000, 0x0000000085600000| Untracked 
|  87|0x0000000085700000, 0x0000000085700000, 0x0000000085800000|  0%| F|  |TAMS 0x0000000085700000, 0x0000000085700000| Untracked 
|  88|0x0000000085800000, 0x0000000085800000, 0x0000000085900000|  0%| F|  |TAMS 0x0000000085800000, 0x0000000085800000| Untracked 
|  89|0x0000000085900000, 0x0000000085900000, 0x0000000085a00000|  0%| F|  |TAMS 0x0000000085900000, 0x0000000085900000| Untracked 
|  90|0x0000000085a00000, 0x0000000085a00000, 0x0000000085b00000|  0%| F|  |TAMS 0x0000000085a00000, 0x0000000085a00000| Untracked 
|  91|0x0000000085b00000, 0x0000000085b00000, 0x0000000085c00000|  0%| F|  |TAMS 0x0000000085b00000, 0x0000000085b00000| Untracked 
|  92|0x0000000085c00000, 0x0000000085c00000, 0x0000000085d00000|  0%| F|  |TAMS 0x0000000085c00000, 0x0000000085c00000| Untracked 
|  93|0x0000000085d00000, 0x0000000085d78540, 0x0000000085e00000| 47%| S|CS|TAMS 0x0000000085d00000, 0x0000000085d00000| Complete 
|  94|0x0000000085e00000, 0x0000000085f00000, 0x0000000085f00000|100%| S|CS|TAMS 0x0000000085e00000, 0x0000000085e00000| Complete 
|  95|0x0000000085f00000, 0x0000000085f00000, 0x0000000086000000|  0%| F|  |TAMS 0x0000000085f00000, 0x0000000085f00000| Untracked 
|  96|0x0000000086000000, 0x0000000086000000, 0x0000000086100000|  0%| F|  |TAMS 0x0000000086000000, 0x0000000086000000| Untracked 
|  97|0x0000000086100000, 0x0000000086100000, 0x0000000086200000|  0%| F|  |TAMS 0x0000000086100000, 0x0000000086100000| Untracked 
|  98|0x0000000086200000, 0x0000000086200000, 0x0000000086300000|  0%| F|  |TAMS 0x0000000086200000, 0x0000000086200000| Untracked 
|  99|0x0000000086300000, 0x0000000086300000, 0x0000000086400000|  0%| F|  |TAMS 0x0000000086300000, 0x0000000086300000| Untracked 
| 100|0x0000000086400000, 0x0000000086400000, 0x0000000086500000|  0%| F|  |TAMS 0x0000000086400000, 0x0000000086400000| Untracked 
| 101|0x0000000086500000, 0x0000000086500000, 0x0000000086600000|  0%| F|  |TAMS 0x0000000086500000, 0x0000000086500000| Untracked 
| 102|0x0000000086600000, 0x0000000086600000, 0x0000000086700000|  0%| F|  |TAMS 0x0000000086600000, 0x0000000086600000| Untracked 
| 103|0x0000000086700000, 0x0000000086700000, 0x0000000086800000|  0%| F|  |TAMS 0x0000000086700000, 0x0000000086700000| Untracked 
| 104|0x0000000086800000, 0x0000000086800000, 0x0000000086900000|  0%| F|  |TAMS 0x0000000086800000, 0x0000000086800000| Untracked 
| 105|0x0000000086900000, 0x0000000086900000, 0x0000000086a00000|  0%| F|  |TAMS 0x0000000086900000, 0x0000000086900000| Untracked 
| 106|0x0000000086a00000, 0x0000000086a00000, 0x0000000086b00000|  0%| F|  |TAMS 0x0000000086a00000, 0x0000000086a00000| Untracked 
| 107|0x0000000086b00000, 0x0000000086b00000, 0x0000000086c00000|  0%| F|  |TAMS 0x0000000086b00000, 0x0000000086b00000| Untracked 
| 108|0x0000000086c00000, 0x0000000086c00000, 0x0000000086d00000|  0%| F|  |TAMS 0x0000000086c00000, 0x0000000086c00000| Untracked 
| 109|0x0000000086d00000, 0x0000000086d00000, 0x0000000086e00000|  0%| F|  |TAMS 0x0000000086d00000, 0x0000000086d00000| Untracked 
| 110|0x0000000086e00000, 0x0000000086e00000, 0x0000000086f00000|  0%| F|  |TAMS 0x0000000086e00000, 0x0000000086e00000| Untracked 
| 111|0x0000000086f00000, 0x0000000086f00000, 0x0000000087000000|  0%| F|  |TAMS 0x0000000086f00000, 0x0000000086f00000| Untracked 
| 112|0x0000000087000000, 0x0000000087000000, 0x0000000087100000|  0%| F|  |TAMS 0x0000000087000000, 0x0000000087000000| Untracked 
| 113|0x0000000087100000, 0x0000000087100000, 0x0000000087200000|  0%| F|  |TAMS 0x0000000087100000, 0x0000000087100000| Untracked 
| 114|0x0000000087200000, 0x0000000087200000, 0x0000000087300000|  0%| F|  |TAMS 0x0000000087200000, 0x0000000087200000| Untracked 
| 115|0x0000000087300000, 0x0000000087380800, 0x0000000087400000| 50%| E|  |TAMS 0x0000000087300000, 0x0000000087300000| Complete 
| 116|0x0000000087400000, 0x0000000087500000, 0x0000000087500000|100%| E|CS|TAMS 0x0000000087400000, 0x0000000087400000| Complete 
| 117|0x0000000087500000, 0x0000000087600000, 0x0000000087600000|100%| E|CS|TAMS 0x0000000087500000, 0x0000000087500000| Complete 
| 118|0x0000000087600000, 0x0000000087700000, 0x0000000087700000|100%| E|CS|TAMS 0x0000000087600000, 0x0000000087600000| Complete 
| 119|0x0000000087700000, 0x0000000087800000, 0x0000000087800000|100%| E|CS|TAMS 0x0000000087700000, 0x0000000087700000| Complete 
| 120|0x0000000087800000, 0x0000000087900000, 0x0000000087900000|100%| E|CS|TAMS 0x0000000087800000, 0x0000000087800000| Complete 
| 121|0x0000000087900000, 0x0000000087a00000, 0x0000000087a00000|100%| E|CS|TAMS 0x0000000087900000, 0x0000000087900000| Complete 
| 122|0x0000000087a00000, 0x0000000087b00000, 0x0000000087b00000|100%| E|CS|TAMS 0x0000000087a00000, 0x0000000087a00000| Complete 
| 123|0x0000000087b00000, 0x0000000087c00000, 0x0000000087c00000|100%| E|CS|TAMS 0x0000000087b00000, 0x0000000087b00000| Complete 
| 124|0x0000000087c00000, 0x0000000087d00000, 0x0000000087d00000|100%| E|CS|TAMS 0x0000000087c00000, 0x0000000087c00000| Complete 
| 125|0x0000000087d00000, 0x0000000087e00000, 0x0000000087e00000|100%| E|CS|TAMS 0x0000000087d00000, 0x0000000087d00000| Complete 
| 126|0x0000000087e00000, 0x0000000087f00000, 0x0000000087f00000|100%| E|CS|TAMS 0x0000000087e00000, 0x0000000087e00000| Complete 
| 127|0x0000000087f00000, 0x0000000088000000, 0x0000000088000000|100%| E|CS|TAMS 0x0000000087f00000, 0x0000000087f00000| Complete 
| 128|0x0000000088000000, 0x0000000088100000, 0x0000000088100000|100%| E|CS|TAMS 0x0000000088000000, 0x0000000088000000| Complete 
| 129|0x0000000088100000, 0x0000000088200000, 0x0000000088200000|100%| E|CS|TAMS 0x0000000088100000, 0x0000000088100000| Complete 
| 130|0x0000000088200000, 0x0000000088300000, 0x0000000088300000|100%| E|CS|TAMS 0x0000000088200000, 0x0000000088200000| Complete 
| 131|0x0000000088300000, 0x0000000088400000, 0x0000000088400000|100%| E|CS|TAMS 0x0000000088300000, 0x0000000088300000| Complete 
| 132|0x0000000088400000, 0x0000000088500000, 0x0000000088500000|100%| E|CS|TAMS 0x0000000088400000, 0x0000000088400000| Complete 
| 133|0x0000000088500000, 0x0000000088600000, 0x0000000088600000|100%| E|CS|TAMS 0x0000000088500000, 0x0000000088500000| Complete 
| 134|0x0000000088600000, 0x0000000088700000, 0x0000000088700000|100%| E|CS|TAMS 0x0000000088600000, 0x0000000088600000| Complete 
| 135|0x0000000088700000, 0x0000000088800000, 0x0000000088800000|100%| E|CS|TAMS 0x0000000088700000, 0x0000000088700000| Complete 
| 136|0x0000000088800000, 0x0000000088900000, 0x0000000088900000|100%| E|CS|TAMS 0x0000000088800000, 0x0000000088800000| Complete 
| 137|0x0000000088900000, 0x0000000088a00000, 0x0000000088a00000|100%| E|CS|TAMS 0x0000000088900000, 0x0000000088900000| Complete 
| 138|0x0000000088a00000, 0x0000000088b00000, 0x0000000088b00000|100%| E|CS|TAMS 0x0000000088a00000, 0x0000000088a00000| Complete 
| 139|0x0000000088b00000, 0x0000000088c00000, 0x0000000088c00000|100%| E|CS|TAMS 0x0000000088b00000, 0x0000000088b00000| Complete 
| 140|0x0000000088c00000, 0x0000000088d00000, 0x0000000088d00000|100%| E|CS|TAMS 0x0000000088c00000, 0x0000000088c00000| Complete 
| 141|0x0000000088d00000, 0x0000000088e00000, 0x0000000088e00000|100%| E|CS|TAMS 0x0000000088d00000, 0x0000000088d00000| Complete 
| 142|0x0000000088e00000, 0x0000000088f00000, 0x0000000088f00000|100%| E|CS|TAMS 0x0000000088e00000, 0x0000000088e00000| Complete 
| 143|0x0000000088f00000, 0x0000000089000000, 0x0000000089000000|100%| E|CS|TAMS 0x0000000088f00000, 0x0000000088f00000| Complete 
| 144|0x0000000089000000, 0x0000000089100000, 0x0000000089100000|100%| E|CS|TAMS 0x0000000089000000, 0x0000000089000000| Complete 
| 145|0x0000000089100000, 0x0000000089200000, 0x0000000089200000|100%| E|CS|TAMS 0x0000000089100000, 0x0000000089100000| Complete 
| 146|0x0000000089200000, 0x0000000089300000, 0x0000000089300000|100%| E|CS|TAMS 0x0000000089200000, 0x0000000089200000| Complete 
| 147|0x0000000089300000, 0x0000000089400000, 0x0000000089400000|100%| E|CS|TAMS 0x0000000089300000, 0x0000000089300000| Complete 
| 148|0x0000000089400000, 0x0000000089500000, 0x0000000089500000|100%| E|CS|TAMS 0x0000000089400000, 0x0000000089400000| Complete 
| 149|0x0000000089500000, 0x0000000089600000, 0x0000000089600000|100%| E|CS|TAMS 0x0000000089500000, 0x0000000089500000| Complete 
| 150|0x0000000089600000, 0x0000000089700000, 0x0000000089700000|100%| E|CS|TAMS 0x0000000089600000, 0x0000000089600000| Complete 
| 151|0x0000000089700000, 0x0000000089800000, 0x0000000089800000|100%| E|CS|TAMS 0x0000000089700000, 0x0000000089700000| Complete 
| 152|0x0000000089800000, 0x0000000089900000, 0x0000000089900000|100%| E|CS|TAMS 0x0000000089800000, 0x0000000089800000| Complete 
| 153|0x0000000089900000, 0x0000000089a00000, 0x0000000089a00000|100%| E|CS|TAMS 0x0000000089900000, 0x0000000089900000| Complete 

Card table byte_map: [0x0000021161d10000,0x0000021162110000] _byte_map_base: 0x0000021161910000

Marking Bits (Prev, Next): (CMBitMap*) 0x000002114d000d60, (CMBitMap*) 0x000002114d000d28
 Prev Bits: [0x0000021164510000, 0x0000021166510000)
 Next Bits: [0x0000021162510000, 0x0000021164510000)

Polling page: 0x000002114d0a0000

Metaspace:

Usage:
  Non-class:     21.42 MB capacity,    21.06 MB ( 98%) used,   323.70 KB (  1%) free+waste,    43.75 KB ( <1%) overhead. 
      Class:      3.31 MB capacity,     3.09 MB ( 93%) used,   203.91 KB (  6%) free+waste,    21.69 KB ( <1%) overhead. 
       Both:     24.73 MB capacity,    24.15 MB ( 98%) used,   527.61 KB (  2%) free+waste,    65.44 KB ( <1%) overhead. 

Virtual space:
  Non-class space:       22.00 MB reserved,      21.50 MB ( 98%) committed 
      Class space:        1.00 GB reserved,       3.38 MB ( <1%) committed 
             Both:        1.02 GB reserved,      24.88 MB (  2%) committed 

Chunk freelists:
   Non-Class:  18.00 KB
       Class:  6.00 KB
        Both:  24.00 KB

MaxMetaspaceSize: 17179869184.00 GB
CompressedClassSpaceSize: 1.00 GB
Initial GC threshold: 20.80 MB
Current GC threshold: 35.00 MB
CDS: off

CodeHeap 'non-profiled nmethods': size=120064Kb used=1068Kb max_used=1068Kb free=118995Kb
 bounds [0x0000021159da0000, 0x000002115a010000, 0x00000211612e0000]
CodeHeap 'profiled nmethods': size=120000Kb used=4406Kb max_used=4406Kb free=115593Kb
 bounds [0x0000021152870000, 0x0000021152cc0000, 0x0000021159da0000]
CodeHeap 'non-nmethods': size=5696Kb used=1226Kb max_used=1256Kb free=4469Kb
 bounds [0x00000211522e0000, 0x0000021152550000, 0x0000021152870000]
 total_blobs=2585 nmethods=2089 adapters=408
 compilation: enabled
              stopped_count=0, restarted_count=0
 full_count=0

Compilation events (20 events):
Event: 2.436 Thread 0x0000021168b7a000 2076       3       java.lang.invoke.VarHandleGuards::guard_LLL_Z (70 bytes)
Event: 2.437 Thread 0x0000021168b7a000 nmethod 2076 0x0000021152cb4710 code [0x0000021152cb49c0, 0x0000021152cb5968]
Event: 2.439 Thread 0x0000021168b7a000 2081       3       java.lang.invoke.InnerClassLambdaMetafactory::getOpcodeOffset (38 bytes)
Event: 2.439 Thread 0x0000021168b7a000 nmethod 2081 0x0000021152cb5e90 code [0x0000021152cb6060, 0x0000021152cb62d8]
Event: 2.441 Thread 0x0000021168b75000 2082       4       java.util.Arrays::copyOf (40 bytes)
Event: 2.441 Thread 0x0000021168b7a000 2083       3       java.lang.invoke.InvokerBytecodeGenerator::refKindOpcode (112 bytes)
Event: 2.442 Thread 0x0000021168b7a000 nmethod 2083 0x0000021152cb6390 code [0x0000021152cb6600, 0x0000021152cb7018]
Event: 2.442 Thread 0x0000021168b7a000 2084       3       java.util.Arrays::fill (28 bytes)
Event: 2.442 Thread 0x0000021168b7a000 nmethod 2084 0x0000021152cb7310 code [0x0000021152cb74e0, 0x0000021152cb7868]
Event: 2.443 Thread 0x0000021168b7a000 2085   !   3       jdk.internal.reflect.ReflectionFactory::checkInitted (94 bytes)
Event: 2.444 Thread 0x0000021168b7a000 nmethod 2085 0x0000021152cb7a10 code [0x0000021152cb7ce0, 0x0000021152cb8938]
Event: 2.444 Thread 0x0000021168b7a000 2086       3       java.lang.reflect.ReflectAccess::getRoot (5 bytes)
Event: 2.444 Thread 0x0000021168b7a000 nmethod 2086 0x0000021152cb8c90 code [0x0000021152cb8e40, 0x0000021152cb9008]
Event: 2.445 Thread 0x0000021168b7a000 2087       3       jdk.internal.jimage.ImageStringsReader::hashCode (8 bytes)
Event: 2.445 Thread 0x0000021168b7a000 nmethod 2087 0x0000021152cb9110 code [0x0000021152cb9300, 0x0000021152cb9518]
Event: 2.445 Thread 0x0000021168b7a000 2088  s    3       jdk.internal.jimage.BasicImageReader::findLocation (115 bytes)
Event: 2.446 Thread 0x0000021168b75000 nmethod 2082 0x0000021159eaa810 code [0x0000021159eaa9c0, 0x0000021159eaadf8]
Event: 2.446 Thread 0x0000021168b7a000 nmethod 2088 0x0000021152cb9690 code [0x0000021152cb99c0, 0x0000021152cbab38]
Event: 2.446 Thread 0x0000021168b75000 2089       4       sun.nio.fs.WindowsPathParser::normalize (233 bytes)
Event: 2.446 Thread 0x0000021168b7a000 2090       3       java.net.URLConnection::<init> (62 bytes)

GC Heap History (10 events):
Event: 0.384 GC heap before
{Heap before GC invocations=0 (full 0):
 garbage-first heap   total 131072K, used 20480K [0x0000000080000000, 0x0000000100000000)
  region size 1024K, 14 young (14336K), 0 survivors (0K)
 Metaspace       used 6730K, capacity 6925K, committed 7168K, reserved 1056768K
  class space    used 582K, capacity 650K, committed 768K, reserved 1048576K
}
Event: 0.388 GC heap after
{Heap after GC invocations=1 (full 0):
 garbage-first heap   total 131072K, used 8002K [0x0000000080000000, 0x0000000100000000)
  region size 1024K, 2 young (2048K), 2 survivors (2048K)
 Metaspace       used 6730K, capacity 6925K, committed 7168K, reserved 1056768K
  class space    used 582K, capacity 650K, committed 768K, reserved 1048576K
}
Event: 0.697 GC heap before
{Heap before GC invocations=1 (full 0):
 garbage-first heap   total 131072K, used 23362K [0x0000000080000000, 0x0000000100000000)
  region size 1024K, 17 young (17408K), 2 survivors (2048K)
 Metaspace       used 10115K, capacity 10310K, committed 10368K, reserved 1058816K
  class space    used 1054K, capacity 1102K, committed 1152K, reserved 1048576K
}
Event: 0.700 GC heap after
{Heap after GC invocations=2 (full 0):
 garbage-first heap   total 131072K, used 9381K [0x0000000080000000, 0x0000000100000000)
  region size 1024K, 2 young (2048K), 2 survivors (2048K)
 Metaspace       used 10115K, capacity 10310K, committed 10368K, reserved 1058816K
  class space    used 1054K, capacity 1102K, committed 1152K, reserved 1048576K
}
Event: 0.868 GC heap before
{Heap before GC invocations=2 (full 0):
 garbage-first heap   total 131072K, used 32933K [0x0000000080000000, 0x0000000100000000)
  region size 1024K, 25 young (25600K), 2 survivors (2048K)
 Metaspace       used 10828K, capacity 11009K, committed 11264K, reserved 1058816K
  class space    used 1130K, capacity 1207K, committed 1280K, reserved 1048576K
}
Event: 0.871 GC heap after
{Heap after GC invocations=3 (full 0):
 garbage-first heap   total 131072K, used 11680K [0x0000000080000000, 0x0000000100000000)
  region size 1024K, 3 young (3072K), 3 survivors (3072K)
 Metaspace       used 10828K, capacity 11009K, committed 11264K, reserved 1058816K
  class space    used 1130K, capacity 1207K, committed 1280K, reserved 1048576K
}
Event: 1.751 GC heap before
{Heap before GC invocations=3 (full 0):
 garbage-first heap   total 131072K, used 49568K [0x0000000080000000, 0x0000000100000000)
  region size 1024K, 41 young (41984K), 3 survivors (3072K)
 Metaspace       used 17048K, capacity 17455K, committed 17536K, reserved 1064960K
  class space    used 1968K, capacity 2099K, committed 2176K, reserved 1048576K
}
Event: 1.758 GC heap after
{Heap after GC invocations=4 (full 0):
 garbage-first heap   total 131072K, used 15852K [0x0000000080000000, 0x0000000100000000)
  region size 1024K, 6 young (6144K), 6 survivors (6144K)
 Metaspace       used 17048K, capacity 17455K, committed 17536K, reserved 1064960K
  class space    used 1968K, capacity 2099K, committed 2176K, reserved 1048576K
}
Event: 2.066 GC heap before
{Heap before GC invocations=4 (full 0):
 garbage-first heap   total 131072K, used 48620K [0x0000000080000000, 0x0000000100000000)
  region size 1024K, 39 young (39936K), 6 survivors (6144K)
 Metaspace       used 20706K, capacity 21135K, committed 21248K, reserved 1067008K
  class space    used 2542K, capacity 2710K, committed 2816K, reserved 1048576K
}
Event: 2.074 GC heap after
{Heap after GC invocations=5 (full 0):
 garbage-first heap   total 157696K, used 17094K [0x0000000080000000, 0x0000000100000000)
  region size 1024K, 2 young (2048K), 2 survivors (2048K)
 Metaspace       used 20706K, capacity 21135K, committed 21248K, reserved 1067008K
  class space    used 2542K, capacity 2710K, committed 2816K, reserved 1048576K
}

Deoptimization events (20 events):
Event: 2.054 Thread 0x000002116b43c800 DEOPT PACKING pc=0x0000021159e0ed78 sp=0x00000096ce9fb220
Event: 2.054 Thread 0x000002116b43c800 DEOPT UNPACKING pc=0x000002115232a1af sp=0x00000096ce9fb1f0 mode 2
Event: 2.054 Thread 0x000002116b43c800 Uncommon trap: trap_request=0xffffff4d fr.pc=0x0000021159e0e390 relative=0x0000000000000450
Event: 2.054 Thread 0x000002116b43c800 Uncommon trap: reason=unstable_if action=reinterpret pc=0x0000021159e0e390 method=java.lang.String.substring(I)Ljava/lang/String; @ 34 c2
Event: 2.054 Thread 0x000002116b43c800 DEOPT PACKING pc=0x0000021159e0e390 sp=0x00000096ce9fb1a0
Event: 2.054 Thread 0x000002116b43c800 DEOPT UNPACKING pc=0x000002115232a1af sp=0x00000096ce9fb178 mode 2
Event: 2.149 Thread 0x000002116b43c800 Uncommon trap: trap_request=0xffffff4d fr.pc=0x0000021159e7eb18 relative=0x0000000000000398
Event: 2.149 Thread 0x000002116b43c800 Uncommon trap: reason=unstable_if action=reinterpret pc=0x0000021159e7eb18 method=jdk.internal.org.objectweb.asm.Type.getArgumentsAndReturnSizes(Ljava/lang/String;)I @ 88 c2
Event: 2.149 Thread 0x000002116b43c800 DEOPT PACKING pc=0x0000021159e7eb18 sp=0x00000096ce9f9790
Event: 2.149 Thread 0x000002116b43c800 DEOPT UNPACKING pc=0x000002115232a1af sp=0x00000096ce9f9718 mode 2
Event: 2.155 Thread 0x000002116b43c800 Uncommon trap: trap_request=0xffffffcc fr.pc=0x0000021159e89cf8 relative=0x00000000000002b8
Event: 2.155 Thread 0x000002116b43c800 Uncommon trap: reason=intrinsic_or_type_checked_inlining action=make_not_entrant pc=0x0000021159e89cf8 method=java.util.Arrays.copyOf([Ljava/lang/Object;ILjava/lang/Class;)[Ljava/lang/Object; @ 35 c2
Event: 2.155 Thread 0x000002116b43c800 DEOPT PACKING pc=0x0000021159e89cf8 sp=0x00000096ce9fb880
Event: 2.155 Thread 0x000002116b43c800 DEOPT UNPACKING pc=0x000002115232a1af sp=0x00000096ce9fb810 mode 2
Event: 2.344 Thread 0x000002116b43c800 Uncommon trap: trap_request=0xffffff4d fr.pc=0x0000021159e35f74 relative=0x0000000000000234
Event: 2.344 Thread 0x000002116b43c800 Uncommon trap: reason=unstable_if action=reinterpret pc=0x0000021159e35f74 method=java.util.concurrent.ConcurrentHashMap.get(Ljava/lang/Object;)Ljava/lang/Object; @ 76 c2
Event: 2.344 Thread 0x000002116b43c800 DEOPT PACKING pc=0x0000021159e35f74 sp=0x00000096ce9f97d0
Event: 2.344 Thread 0x000002116b43c800 DEOPT UNPACKING pc=0x000002115232a1af sp=0x00000096ce9f9738 mode 2
Event: 2.446 Thread 0x000002116b43c800 DEOPT PACKING pc=0x0000021152924ccc sp=0x00000096ce9faa30
Event: 2.446 Thread 0x000002116b43c800 DEOPT UNPACKING pc=0x000002115232a95e sp=0x00000096ce9f9fd0 mode 0

Classes redefined (0 events):
No events

Internal exceptions (20 events):
Event: 0.915 Thread 0x000002114cfc3800 Exception <a 'java/security/PrivilegedActionException'{0x00000000879f6dc0}> (0x00000000879f6dc0) thrown at [./src/hotspot/share/prims/jvm.cpp, line 1306]
Event: 0.915 Thread 0x000002114cfc3800 Exception <a 'java/security/PrivilegedActionException'{0x00000000879f7338}> (0x00000000879f7338) thrown at [./src/hotspot/share/prims/jvm.cpp, line 1306]
Event: 1.140 Thread 0x000002114cfc3800 Exception <a 'java/lang/NoSuchMethodError'{0x000000008675e150}: 'java.lang.Object java.lang.invoke.DirectMethodHandle$Holder.invokeStaticInit(java.lang.Object, java.lang.Object, java.lang.Object)'> (0x000000008675e150) thrown at [./src/hotspot/share/interpreter/linkResolver.cpp, line 773]
Event: 1.276 Thread 0x000002114cfc3800 Exception <a 'java/lang/NoSuchMethodError'{0x0000000085ea5f80}: 'java.lang.Object java.lang.invoke.DirectMethodHandle$Holder.invokeStaticInit(java.lang.Object, int, int, int, int)'> (0x0000000085ea5f80) thrown at [./src/hotspot/share/interpreter/linkResolver.cpp, line 773]
Event: 1.430 Thread 0x000002114cfc3800 Exception <a 'java/lang/NoSuchMethodError'{0x0000000085d8b120}: 'java.lang.Object java.lang.invoke.DirectMethodHandle$Holder.invokeStaticInit(java.lang.Object, java.lang.Object, int, int, int, int)'> (0x0000000085d8b120) thrown at [./src/hotspot/share/interpreter/linkResolver.cpp, line 773]
Event: 1.670 Thread 0x000002114cfc3800 Exception <a 'java/io/IOException'{0x0000000085bc9418}> (0x0000000085bc9418) thrown at [./src/hotspot/share/prims/jni.cpp, line 615]
Event: 1.784 Thread 0x000002116b43c800 Exception <a 'java/lang/NoSuchMethodError'{0x0000000087ecb3c8}: 'long java.lang.invoke.DirectMethodHandle$Holder.invokeInterface(java.lang.Object, java.lang.Object)'> (0x0000000087ecb3c8) thrown at [./src/hotspot/share/interpreter/linkResolver.cpp, line 773]
Event: 1.785 Thread 0x000002116b43c800 Exception <a 'java/lang/NoSuchMethodError'{0x0000000087ed8738}: 'void java.lang.invoke.DelegatingMethodHandle$Holder.reinvoke_L(java.lang.Object, java.lang.Object, java.lang.Object, java.lang.Object, java.lang.Object, java.lang.Object, java.lang.Object)'> (0x0000000087ed8738) thrown at [./src/hotspot/share/interpreter/linkResolver.cpp, line 773]
Event: 1.995 Thread 0x000002116b43c800 Exception <a 'java/lang/NoSuchMethodError'{0x00000000864e2928}: 'void java.lang.invoke.DirectMethodHandle$Holder.invokeStaticInit(java.lang.Object)'> (0x00000000864e2928) thrown at [./src/hotspot/share/interpreter/linkResolver.cpp, line 773]
Event: 2.004 Thread 0x000002116b43c800 Exception <a 'java/lang/NoSuchMethodError'{0x0000000086390590}: 'java.lang.Object java.lang.invoke.DirectMethodHandle$Holder.invokeStatic(java.lang.Object, java.lang.Object, java.lang.Object, int)'> (0x0000000086390590) thrown at [./src/hotspot/share/interpreter/linkResolver.cpp, line 773]
Event: 2.004 Thread 0x000002116b43c800 Exception <a 'java/lang/NoSuchMethodError'{0x0000000086394ca8}: 'java.lang.Object java.lang.invoke.DirectMethodHandle$Holder.invokeSpecial(java.lang.Object, java.lang.Object, java.lang.Object, java.lang.Object, int)'> (0x0000000086394ca8) thrown at [./src/hotspot/share/interpreter/linkResolver.cpp, line 773]
Event: 2.004 Thread 0x000002116b43c800 Exception <a 'java/lang/NoSuchMethodError'{0x0000000086398be0}: 'java.lang.Object java.lang.invoke.Invokers$Holder.linkToTargetMethod(java.lang.Object, java.lang.Object, int, java.lang.Object)'> (0x0000000086398be0) thrown at [./src/hotspot/share/interpreter/linkResolver.cpp, line 773]
Event: 2.102 Thread 0x000002116b43c800 Exception <a 'java/lang/NoSuchMethodError'{0x00000000898f9c18}: 'int java.lang.invoke.DirectMethodHandle$Holder.invokeSpecialIFC(java.lang.Object, java.lang.Object, java.lang.Object, java.lang.Object)'> (0x00000000898f9c18) thrown at [./src/hotspot/share/interpreter/linkResolver.cpp, line 773]
Event: 2.103 Thread 0x000002116b43c800 Exception <a 'java/lang/NoSuchMethodError'{0x0000000089708098}: 'java.lang.Object java.lang.invoke.DirectMethodHandle$Holder.invokeInterface(java.lang.Object, java.lang.Object, java.lang.Object)'> (0x0000000089708098) thrown at [./src/hotspot/share/interpreter/linkResolver.cpp, line 773]
Event: 2.103 Thread 0x000002116b43c800 Exception <a 'java/lang/IncompatibleClassChangeError'{0x000000008970b570}: Found class java.lang.Object, but interface was expected> (0x000000008970b570) thrown at [./src/hotspot/share/interpreter/linkResolver.cpp, line 839]
Event: 2.222 Thread 0x000002116b43c800 Exception <a 'java/lang/NoSuchMethodError'{0x0000000088c9c160}: 'java.lang.Object java.lang.invoke.DirectMethodHandle$Holder.invokeSpecial(java.lang.Object, java.lang.Object, java.lang.Object, java.lang.Object, java.lang.Object, java.lang.Object, java.lang.Object, java.lang.Object, java.lang.Object)'> (0x0000000088c9c160) thrown at [./src/hotspot/share/interpreter/linkResolver.cpp, line 773]
Event: 2.287 Thread 0x000002116b43c800 Exception <a 'java/lang/NoSuchMethodError'{0x00000000883f03c8}: 'java.lang.Object java.lang.invoke.DirectMethodHandle$Holder.invokeVirtual(java.lang.Object, java.lang.Object, java.lang.Object, java.lang.Object)'> (0x00000000883f03c8) thrown at [./src/hotspot/share/interpreter/linkResolver.cpp, line 773]
Event: 2.380 Thread 0x000002116b43c800 Exception <a 'java/lang/NoSuchMethodError'{0x0000000087c92278}: 'void java.lang.invoke.DirectMethodHandle$Holder.invokeSpecial(java.lang.Object, java.lang.Object, java.lang.Object, java.lang.Object, java.lang.Object, java.lang.Object)'> (0x0000000087c92278) thrown at [./src/hotspot/share/interpreter/linkResolver.cpp, line 773]
Event: 2.389 Thread 0x000002116b43c800 Exception <a 'java/lang/NoSuchMethodError'{0x0000000087b00cf0}: 'void java.lang.invoke.DirectMethodHandle$Holder.invokeSpecial(java.lang.Object, java.lang.Object, java.lang.Object, java.lang.Object, java.lang.Object, java.lang.Object, java.lang.Object)'> (0x0000000087b00cf0) thrown at [./src/hotspot/share/interpreter/linkResolver.cpp, line 773]
Event: 2.390 Thread 0x000002116b43c800 Exception <a 'java/lang/NoSuchMethodError'{0x0000000087b091e0}: 'java.lang.Object java.lang.invoke.Invokers$Holder.linkToTargetMethod(java.lang.Object, java.lang.Object, java.lang.Object, java.lang.Object, java.lang.Object, java.lang.Object)'> (0x0000000087b091e0) thrown at [./src/hotspot/share/interpreter/linkResolver.cpp, line 773]

Events (20 events):
Event: 2.444 loading class org/gradle/configuration/project/PluginsProjectConfigureActions
Event: 2.444 loading class org/gradle/configuration/project/PluginsProjectConfigureActions done
Event: 2.444 loading class org/gradle/configuration/project/ProjectConfigureAction
Event: 2.444 loading class org/gradle/configuration/project/ProjectConfigureAction done
Event: 2.444 loading class org/gradle/api/internal/InternalAction
Event: 2.444 loading class org/gradle/api/internal/InternalAction done
Event: 2.444 Executing VM operation: RevokeBias
Event: 2.444 Executing VM operation: RevokeBias done
Event: 2.444 Executing VM operation: RevokeBias
Event: 2.444 Executing VM operation: RevokeBias done
Event: 2.445 Executing VM operation: RevokeBias
Event: 2.445 Executing VM operation: RevokeBias done
Event: 2.445 loading class org/gradle/initialization/buildsrc/GroovyBuildSrcProjectConfigurationAction
Event: 2.445 loading class org/gradle/initialization/buildsrc/GroovyBuildSrcProjectConfigurationAction done
Event: 2.446 Executing VM operation: RevokeBias
Event: 2.446 Executing VM operation: RevokeBias done
Event: 2.446 Executing VM operation: RevokeBias
Event: 2.446 Executing VM operation: RevokeBias done
Event: 2.446 Executing VM operation: RevokeBias
Event: 2.446 Executing VM operation: RevokeBias done


Dynamic libraries:
0x00007ff6f9250000 - 0x00007ff6f925a000 	C:\Program Files\Android\Android Studio\jre\bin\java.exe
0x00007ff80e940000 - 0x00007ff80eb49000 	C:\Windows\SYSTEM32\ntdll.dll
0x00007ff80d0b0000 - 0x00007ff80d16d000 	C:\Windows\System32\KERNEL32.DLL
0x00007ff80bff0000 - 0x00007ff80c364000 	C:\Windows\System32\KERNELBASE.dll
0x00007ff80be30000 - 0x00007ff80bf41000 	C:\Windows\System32\ucrtbase.dll
0x00007fffabf40000 - 0x00007fffabf59000 	C:\Program Files\Android\Android Studio\jre\bin\jli.dll
0x00007fffabc90000 - 0x00007fffabca7000 	C:\Program Files\Android\Android Studio\jre\bin\VCRUNTIME140.dll
0x00007ff80e570000 - 0x00007ff80e71c000 	C:\Windows\System32\USER32.dll
0x00007ff80bfc0000 - 0x00007ff80bfe6000 	C:\Windows\System32\win32u.dll
0x00007fffe6d70000 - 0x00007fffe7015000 	C:\Windows\WinSxS\amd64_microsoft.windows.common-controls_6595b64144ccf1df_6.0.22000.120_none_9d947278b86cc467\COMCTL32.dll
0x00007ff80de70000 - 0x00007ff80de99000 	C:\Windows\System32\GDI32.dll
0x00007ff80c370000 - 0x00007ff80c482000 	C:\Windows\System32\gdi32full.dll
0x00007ff80dc50000 - 0x00007ff80dcf3000 	C:\Windows\System32\msvcrt.dll
0x00007ff80c510000 - 0x00007ff80c5ad000 	C:\Windows\System32\msvcp_win.dll
0x00007ff80ddb0000 - 0x00007ff80dde1000 	C:\Windows\System32\IMM32.DLL
0x00007fff85330000 - 0x00007fff853cd000 	C:\Program Files\Android\Android Studio\jre\bin\msvcp140.dll
0x00007fff99bb0000 - 0x00007fff9a695000 	C:\Program Files\Android\Android Studio\jre\bin\server\jvm.dll
0x00007ff80d350000 - 0x00007ff80d3fe000 	C:\Windows\System32\ADVAPI32.dll
0x00007ff80e0a0000 - 0x00007ff80e13e000 	C:\Windows\System32\sechost.dll
0x00007ff80e720000 - 0x00007ff80e840000 	C:\Windows\System32\RPCRT4.dll
0x00007ff80c7e0000 - 0x00007ff80c7e8000 	C:\Windows\System32\PSAPI.DLL
0x00007fffe7d90000 - 0x00007fffe7d99000 	C:\Windows\SYSTEM32\WSOCK32.dll
0x00007ff802a90000 - 0x00007ff802ac3000 	C:\Windows\SYSTEM32\WINMM.dll
0x00007ffff9750000 - 0x00007ffff975a000 	C:\Windows\SYSTEM32\VERSION.dll
0x00007ff80e150000 - 0x00007ff80e1bf000 	C:\Windows\System32\WS2_32.dll
0x00007ff80a0a0000 - 0x00007ff80a0b8000 	C:\Windows\SYSTEM32\kernel.appcore.dll
0x00007fffe7d70000 - 0x00007fffe7d81000 	C:\Program Files\Android\Android Studio\jre\bin\verify.dll
0x00007ff8040b0000 - 0x00007ff8042d1000 	C:\Windows\SYSTEM32\DBGHELP.DLL
0x00007ffff7220000 - 0x00007ffff7251000 	C:\Windows\SYSTEM32\dbgcore.DLL
0x00007ff80c490000 - 0x00007ff80c50f000 	C:\Windows\System32\bcryptPrimitives.dll
0x00007fffe7d40000 - 0x00007fffe7d69000 	C:\Program Files\Android\Android Studio\jre\bin\java.dll
0x00007fffe7d30000 - 0x00007fffe7d3b000 	C:\Program Files\Android\Android Studio\jre\bin\jimage.dll
0x00007fffe7d10000 - 0x00007fffe7d28000 	C:\Program Files\Android\Android Studio\jre\bin\zip.dll
0x00007ff80d400000 - 0x00007ff80dbae000 	C:\Windows\System32\SHELL32.dll
0x00007ff80a0c0000 - 0x00007ff80a927000 	C:\Windows\SYSTEM32\windows.storage.dll
0x00007ff80e1c0000 - 0x00007ff80e538000 	C:\Windows\System32\combase.dll
0x00007ff809f30000 - 0x00007ff80a096000 	C:\Windows\SYSTEM32\wintypes.dll
0x00007ff80d260000 - 0x00007ff80d34a000 	C:\Windows\System32\SHCORE.dll
0x00007ff80d170000 - 0x00007ff80d1cd000 	C:\Windows\System32\shlwapi.dll
0x00007ff80bd60000 - 0x00007ff80bd81000 	C:\Windows\SYSTEM32\profapi.dll
0x00007fffe6be0000 - 0x00007fffe6bfa000 	C:\Program Files\Android\Android Studio\jre\bin\net.dll
0x00007ff800850000 - 0x00007ff80095c000 	C:\Windows\SYSTEM32\WINHTTP.dll
0x00007ff80b450000 - 0x00007ff80b4b7000 	C:\Windows\system32\mswsock.dll
0x00007fffe6bc0000 - 0x00007fffe6bd4000 	C:\Program Files\Android\Android Studio\jre\bin\nio.dll
0x00007fffaaa00000 - 0x00007fffaaa27000 	C:\Users\Admin\.gradle\native\e1d6ef7f7dcc3fd88c89a11ec53ec762bb8ba0a96d01ffa2cd45eb1d1d8dd5c5\windows-amd64\native-platform.dll
0x00007fff85d80000 - 0x00007fff85ec4000 	C:\Users\Admin\.gradle\native\5664cfc778a61ccfe75a443a1ab52a65af34e5dc3c78e0209fed803814484fcb\windows-amd64\native-platform-file-events.dll
0x00007fffe7d00000 - 0x00007fffe7d0a000 	C:\Program Files\Android\Android Studio\jre\bin\management.dll
0x00007fffe73f0000 - 0x00007fffe73fd000 	C:\Program Files\Android\Android Studio\jre\bin\management_ext.dll
0x00007ff80b690000 - 0x00007ff80b6a8000 	C:\Windows\SYSTEM32\CRYPTSP.dll
0x00007ff80b0a0000 - 0x00007ff80b0d5000 	C:\Windows\system32\rsaenh.dll
0x00007ff80b540000 - 0x00007ff80b569000 	C:\Windows\SYSTEM32\USERENV.dll
0x00007ff80b810000 - 0x00007ff80b837000 	C:\Windows\SYSTEM32\bcrypt.dll
0x00007ff80b6b0000 - 0x00007ff80b6bc000 	C:\Windows\SYSTEM32\CRYPTBASE.dll
0x00007ff80abf0000 - 0x00007ff80ac1d000 	C:\Windows\SYSTEM32\IPHLPAPI.DLL
0x00007ff80e140000 - 0x00007ff80e149000 	C:\Windows\System32\NSI.dll
0x00007ff8009e0000 - 0x00007ff8009f9000 	C:\Windows\SYSTEM32\dhcpcsvc6.DLL
0x00007ff800dc0000 - 0x00007ff800dde000 	C:\Windows\SYSTEM32\dhcpcsvc.DLL
0x00007ff80ac60000 - 0x00007ff80ad47000 	C:\Windows\SYSTEM32\DNSAPI.dll

dbghelp: loaded successfully - version: 4.0.5 - missing functions: none
symbol engine: initialized successfully - sym options: 0x614 - pdb path: .;C:\Program Files\Android\Android Studio\jre\bin;C:\Windows\SYSTEM32;C:\Windows\WinSxS\amd64_microsoft.windows.common-controls_6595b64144ccf1df_6.0.22000.120_none_9d947278b86cc467;C:\Program Files\Android\Android Studio\jre\bin\server;C:\Users\Admin\.gradle\native\e1d6ef7f7dcc3fd88c89a11ec53ec762bb8ba0a96d01ffa2cd45eb1d1d8dd5c5\windows-amd64;C:\Users\Admin\.gradle\native\5664cfc778a61ccfe75a443a1ab52a65af34e5dc3c78e0209fed803814484fcb\windows-amd64

VM Arguments:
jvm_args: --add-opens=java.base/java.util=ALL-UNNAMED --add-opens=java.base/java.lang=ALL-UNNAMED --add-opens=java.base/java.lang.invoke=ALL-UNNAMED --add-opens=java.base/java.util=ALL-UNNAMED --add-opens=java.prefs/java.util.prefs=ALL-UNNAMED --add-opens=java.prefs/java.util.prefs=ALL-UNNAMED --add-opens=java.base/java.nio.charset=ALL-UNNAMED --add-opens=java.base/java.net=ALL-UNNAMED --add-opens=java.base/java.util.concurrent.atomic=ALL-UNNAMED -Xmx2048m -Dfile.encoding=UTF-8 -Duser.country=US -Duser.language=en -Duser.variant 
java_command: org.gradle.launcher.daemon.bootstrap.GradleDaemon 7.3.3
java_class_path (initial): C:\Users\Admin\.gradle\wrapper\dists\gradle-7.3.3-bin\6a41zxkdtcxs8rphpq6y0069z\gradle-7.3.3\lib\gradle-launcher-7.3.3.jar
Launcher Type: SUN_STANDARD

[Global flags]
     intx CICompilerCount                          = 3                                         {product} {ergonomic}
     uint ConcGCThreads                            = 1                                         {product} {ergonomic}
     uint G1ConcRefinementThreads                  = 4                                         {product} {ergonomic}
   size_t G1HeapRegionSize                         = 1048576                                   {product} {ergonomic}
    uintx GCDrainStackTargetSize                   = 64                                        {product} {ergonomic}
   size_t InitialHeapSize                          = 134217728                                 {product} {ergonomic}
   size_t MarkStackSize                            = 4194304                                   {product} {ergonomic}
   size_t MaxHeapSize                              = 2147483648                                {product} {command line}
   size_t MaxNewSize                               = 1287651328                                {product} {ergonomic}
   size_t MinHeapDeltaBytes                        = 1048576                                   {product} {ergonomic}
    uintx NonNMethodCodeHeapSize                   = 5830732                                {pd product} {ergonomic}
    uintx NonProfiledCodeHeapSize                  = 122913754                              {pd product} {ergonomic}
    uintx ProfiledCodeHeapSize                     = 122913754                              {pd product} {ergonomic}
    uintx ReservedCodeCacheSize                    = 251658240                              {pd product} {ergonomic}
     bool SegmentedCodeCache                       = true                                      {product} {ergonomic}
     bool UseCompressedClassPointers               = true                                 {lp64_product} {ergonomic}
     bool UseCompressedOops                        = true                                 {lp64_product} {ergonomic}
     bool UseG1GC                                  = true                                      {product} {ergonomic}
     bool UseLargePagesIndividualAllocation        = false                                  {pd product} {ergonomic}

Logging:
Log output configuration:
 #0: stdout all=warning uptime,level,tags
 #1: stderr all=off uptime,level,tags

Environment Variables:
PATH=C:\Program Files\Common Files\Oracle\Java\javapath;C:\Program Files (x86)\Common Files\Oracle\Java\javapath;C:\Windows\system32;C:\Windows;C:\Windows\System32\Wbem;C:\Windows\System32\WindowsPowerShell\v1.0\;C:\Windows\System32\OpenSSH\;C:\Program Files (x86)\Intel\Intel(R) Management Engine Components\DAL;C:\Program Files\Intel\Intel(R) Management Engine Components\DAL;C:\Program Files\Git\cmd;C:\Users\Admin\AppData\Local\Microsoft\WindowsApps;C:\Users\Admin\AppData\Local\Programs\Microsoft VS Code\bin;C:\Users\Admin\AppData\Local\atom\bin;C:\Users\Admin\AppData\Local\GitHubDesktop\bin
USERNAME=Admin
OS=Windows_NT
PROCESSOR_IDENTIFIER=Intel64 Family 6 Model 78 Stepping 3, GenuineIntel



---------------  S Y S T E M  ---------------

OS: Windows 10 , 64 bit Build 22000 (10.0.22000.434)
OS uptime: 0 days 14:55 hours

CPU:total 4 (initial active 4) (2 cores per cpu, 2 threads per core) family 6 model 78 stepping 3 microcode 0xd6, cmov, cx8, fxsr, mmx, sse, sse2, sse3, ssse3, sse4.1, sse4.2, popcnt, avx, avx2, aes, clmul, erms, rtm, 3dnowpref, lzcnt, ht, tsc, tscinvbit, bmi1, bmi2, adx, fma

Memory: 4k page, system-wide physical 8072M (870M free)
TotalPageFile size 8072M (AvailPageFile size 5M)
current process WorkingSet (physical memory assigned to process): 205M, peak: 205M
current process commit charge ("private bytes"): 304M, peak: 305M

vm_info: OpenJDK 64-Bit Server VM (11.0.12+7-b1504.28-7817840) for windows-amd64 JRE (11.0.12+7-b1504.28-7817840), built on Oct 13 2021 22:12:33 by "builder" with MS VC++ 14.0 (VS2015)

END.
