#
# There is insufficient memory for the Java Runtime Environment to continue.
# Native memory allocation (mmap) failed to map 39845888 bytes for Failed to commit area from 0x000000008be00000 to 0x000000008e400000 of length 39845888.
# Possible reasons:
#   The system is out of physical RAM or swap space
#   The process is running with CompressedOops enabled, and the Java Heap may be blocking the growth of the native heap
# Possible solutions:
#   Reduce memory load on the system
#   Increase physical memory or swap space
#   Check if swap backing store is full
#   Decrease Java heap size (-Xmx/-Xms)
#   Decrease number of Java threads
#   Decrease Java thread stack sizes (-Xss)
#   Set larger code cache with -XX:ReservedCodeCacheSize=
#   JVM is running with Unscaled Compressed Oops mode in which the Java heap is
#     placed in the first 4GB address space. The Java Heap base address is the
#     maximum limit for the native heap growth. Please use -XX:HeapBaseMinAddress
#     to set the Java Heap base and to place the Java Heap above 4GB virtual address.
# This output file may be truncated or incomplete.
#
#  Out of Memory Error (./src/hotspot/os/windows/os_windows.cpp:3521), pid=9808, tid=6884
#
# JRE version: OpenJDK Runtime Environment (11.0.12+7) (build 11.0.12+7-b1504.28-7817840)
# Java VM: OpenJDK 64-Bit Server VM (11.0.12+7-b1504.28-7817840, mixed mode, tiered, compressed oops, g1 gc, windows-amd64)
# No core dump will be written. Minidumps are not enabled by default on client versions of Windows
#

---------------  S U M M A R Y ------------

Command Line: --add-opens=java.base/java.util=ALL-UNNAMED --add-opens=java.base/java.lang=ALL-UNNAMED --add-opens=java.base/java.lang.invoke=ALL-UNNAMED --add-opens=java.base/java.util=ALL-UNNAMED --add-opens=java.prefs/java.util.prefs=ALL-UNNAMED --add-opens=java.prefs/java.util.prefs=ALL-UNNAMED --add-opens=java.base/java.nio.charset=ALL-UNNAMED --add-opens=java.base/java.net=ALL-UNNAMED --add-opens=java.base/java.util.concurrent.atomic=ALL-UNNAMED -Xmx2048m -Dfile.encoding=UTF-8 -Duser.country=US -Duser.language=en -Duser.variant org.gradle.launcher.daemon.bootstrap.GradleDaemon 7.3.3

Host: Intel(R) Core(TM) i7-6600U CPU @ 2.60GHz, 4 cores, 7G,  Windows 10 , 64 bit Build 22000 (10.0.22000.434)
Time: Thu Aug 18 07:10:44 2022 Egypt Standard Time elapsed time: 8.791405 seconds (0d 0h 0m 8s)

---------------  T H R E A D  ---------------

Current thread (0x000001241bbec000):  VMThread "VM Thread" [stack: 0x0000000e88400000,0x0000000e88500000] [id=6884]

Stack: [0x0000000e88400000,0x0000000e88500000]
[error occurred during error reporting (printing stack bounds), id 0xc0000005, EXCEPTION_ACCESS_VIOLATION (0xc0000005) at pc=0x000001240538112d]

Native frames: (J=compiled Java code, j=interpreted, Vv=VM code, C=native code)
V  [jvm.dll+0x5fbcea]
V  [jvm.dll+0x731905]
V  [jvm.dll+0x732f1d]
V  [jvm.dll+0x733535]
V  [jvm.dll+0x7334eb]
V  [jvm.dll+0x5fb080]
V  [jvm.dll+0x5fb818]
C  [ntdll.dll+0xa86ef]
C  [ntdll.dll+0x35aea]
C  [ntdll.dll+0xa76fe]
C  0x000001240538112d

VM_Operation (0x0000000e898f8300): G1CollectForAllocation, mode: safepoint, requested by thread 0x000001241d733000


---------------  P R O C E S S  ---------------

Threads class SMR info:
_java_thread_list=0x0000012423a951f0, length=79, elements={
0x0000012400073800, 0x000001241bbf3800, 0x000001241bbff000, 0x000001241c582800,
0x000001241bc11800, 0x000001241bc14800, 0x000001241bc1d800, 0x000001241bc22000,
0x000001241bc25000, 0x000001241c6c6000, 0x000001241c8e5800, 0x000001241f4e0800,
0x000001241e107800, 0x000001241e548000, 0x000001241e8f1800, 0x000001241e87a000,
0x000001241dc45000, 0x000001241d733000, 0x000001241e4cd000, 0x000001241d66c000,
0x000001241e4c9000, 0x000001241e4c7800, 0x000001241e4c6800, 0x000001241e4ca000,
0x000001241e4ca800, 0x000001241e4c5000, 0x000001241e4c5800, 0x000001241e4cb800,
0x000001241e4c8000, 0x000001242186b000, 0x0000012421866800, 0x0000012421868800,
0x000001242186a000, 0x0000012421865000, 0x000001242186b800, 0x0000012421866000,
0x000001242186c800, 0x000001242186e000, 0x0000012421872000, 0x000001242186f000,
0x0000012421871800, 0x000001242186d000, 0x0000012421873000, 0x000001242186f800,
0x0000012421874000, 0x0000012421870800, 0x000001242047c000, 0x000001242047d800,
0x0000012420479000, 0x000001242047d000, 0x0000012420478000, 0x000001242047a800,
0x000001242047f800, 0x000001242047e800, 0x0000012420479800, 0x0000012420480000,
0x0000012420481000, 0x000001242047b000, 0x0000012420482800, 0x0000012420483800,
0x0000012420482000, 0x0000012420484000, 0x0000012420485000, 0x0000012420486800,
0x0000012420486000, 0x00000124223ef000, 0x00000124223ec800, 0x00000124223ec000,
0x00000124223ea800, 0x00000124223f1000, 0x00000124223ed800, 0x00000124223ee800,
0x00000124223f0000, 0x00000124223eb000, 0x00000124223f3800, 0x00000124223f1800,
0x00000124223f2800, 0x00000124223f5800, 0x00000124223f6800
}

Java Threads: ( => current thread )
  0x0000012400073800 JavaThread "main" [_thread_blocked, id=6596, stack(0x0000000e87e00000,0x0000000e87f00000)]
  0x000001241bbf3800 JavaThread "Reference Handler" daemon [_thread_blocked, id=6268, stack(0x0000000e88500000,0x0000000e88600000)]
  0x000001241bbff000 JavaThread "Finalizer" daemon [_thread_blocked, id=1828, stack(0x0000000e88600000,0x0000000e88700000)]
  0x000001241c582800 JavaThread "Signal Dispatcher" daemon [_thread_blocked, id=5664, stack(0x0000000e88700000,0x0000000e88800000)]
  0x000001241bc11800 JavaThread "Attach Listener" daemon [_thread_blocked, id=8312, stack(0x0000000e88800000,0x0000000e88900000)]
  0x000001241bc14800 JavaThread "Service Thread" daemon [_thread_blocked, id=1396, stack(0x0000000e88900000,0x0000000e88a00000)]
  0x000001241bc1d800 JavaThread "C2 CompilerThread0" daemon [_thread_blocked, id=4868, stack(0x0000000e88a00000,0x0000000e88b00000)]
  0x000001241bc22000 JavaThread "C1 CompilerThread0" daemon [_thread_blocked, id=6860, stack(0x0000000e88b00000,0x0000000e88c00000)]
  0x000001241bc25000 JavaThread "Sweeper thread" daemon [_thread_blocked, id=8796, stack(0x0000000e88c00000,0x0000000e88d00000)]
  0x000001241c6c6000 JavaThread "Common-Cleaner" daemon [_thread_blocked, id=3128, stack(0x0000000e88d00000,0x0000000e88e00000)]
  0x000001241c8e5800 JavaThread "C2 CompilerThread1" daemon [_thread_blocked, id=8460, stack(0x0000000e88f00000,0x0000000e89000000)]
  0x000001241f4e0800 JavaThread "Daemon health stats" [_thread_blocked, id=2152, stack(0x0000000e89200000,0x0000000e89300000)]
  0x000001241e107800 JavaThread "Incoming local TCP Connector on port 50913" [_thread_in_native, id=9032, stack(0x0000000e89300000,0x0000000e89400000)]
  0x000001241e548000 JavaThread "Daemon periodic checks" [_thread_blocked, id=2004, stack(0x0000000e89400000,0x0000000e89500000)]
  0x000001241e8f1800 JavaThread "Daemon" [_thread_blocked, id=1924, stack(0x0000000e89500000,0x0000000e89600000)]
  0x000001241e87a000 JavaThread "Handler for socket connection from /127.0.0.1:50913 to /127.0.0.1:50914" [_thread_in_native, id=3584, stack(0x0000000e89600000,0x0000000e89700000)]
  0x000001241dc45000 JavaThread "Cancel handler" [_thread_blocked, id=8396, stack(0x0000000e89700000,0x0000000e89800000)]
  0x000001241d733000 JavaThread "Daemon worker" [_thread_blocked, id=516, stack(0x0000000e89800000,0x0000000e89900000)]
  0x000001241e4cd000 JavaThread "Asynchronous log dispatcher for DefaultDaemonConnection: socket connection from /127.0.0.1:50913 to /127.0.0.1:50914" [_thread_blocked, id=1188, stack(0x0000000e89900000,0x0000000e89a00000)]
  0x000001241d66c000 JavaThread "Stdin handler" [_thread_blocked, id=260, stack(0x0000000e89a00000,0x0000000e89b00000)]
  0x000001241e4c9000 JavaThread "Daemon client event forwarder" [_thread_blocked, id=6612, stack(0x0000000e89b00000,0x0000000e89c00000)]
  0x000001241e4c7800 JavaThread "Cache worker for journal cache (C:\Users\Admin\.gradle\caches\journal-1)" [_thread_blocked, id=10056, stack(0x0000000e89d00000,0x0000000e89e00000)]
  0x000001241e4c6800 JavaThread "File lock request listener" [_thread_in_native, id=9476, stack(0x0000000e89e00000,0x0000000e89f00000)]
  0x000001241e4ca000 JavaThread "Cache worker for file hash cache (C:\Users\Admin\.gradle\caches\7.3.3\fileHashes)" [_thread_blocked, id=2112, stack(0x0000000e89f00000,0x0000000e8a000000)]
  0x000001241e4ca800 JavaThread "Cache worker for file hash cache (C:\Users\Admin\Desktop\jana\cw77\.gradle\7.3.3\fileHashes)" [_thread_blocked, id=2744, stack(0x0000000e8a000000,0x0000000e8a100000)]
  0x000001241e4c5000 JavaThread "File watcher server" daemon [_thread_in_native, id=9308, stack(0x0000000e8a100000,0x0000000e8a200000)]
  0x000001241e4c5800 JavaThread "File watcher consumer" daemon [_thread_blocked, id=8944, stack(0x0000000e8a200000,0x0000000e8a300000)]
  0x000001241e4cb800 JavaThread "Cache worker for checksums cache (C:\Users\Admin\Desktop\jana\cw77\.gradle\7.3.3\checksums)" [_thread_blocked, id=272, stack(0x0000000e8a300000,0x0000000e8a400000)]
  0x000001241e4c8000 JavaThread "Cache worker for cache directory md-supplier (C:\Users\Admin\.gradle\caches\7.3.3\md-supplier)" [_thread_blocked, id=3136, stack(0x0000000e8a400000,0x0000000e8a500000)]
  0x000001242186b000 JavaThread "Cache worker for cache directory md-rule (C:\Users\Admin\.gradle\caches\7.3.3\md-rule)" [_thread_blocked, id=5396, stack(0x0000000e8a500000,0x0000000e8a600000)]
  0x0000012421866800 JavaThread "Cache worker for execution history cache (C:\Users\Admin\.gradle\caches\7.3.3\executionHistory)" [_thread_blocked, id=7164, stack(0x0000000e8a600000,0x0000000e8a700000)]
  0x0000012421868800 JavaThread "jar transforms" [_thread_blocked, id=7252, stack(0x0000000e8a700000,0x0000000e8a800000)]
  0x000001242186a000 JavaThread "Cache worker for file content cache (C:\Users\Admin\.gradle\caches\7.3.3\fileContent)" [_thread_blocked, id=5456, stack(0x0000000e8a800000,0x0000000e8a900000)]
  0x0000012421865000 JavaThread "jar transforms Thread 2" [_thread_blocked, id=3576, stack(0x0000000e8a900000,0x0000000e8aa00000)]
  0x000001242186b800 JavaThread "Cache worker for dependencies-accessors (C:\Users\Admin\Desktop\jana\cw77\.gradle\7.3.3\dependencies-accessors)" [_thread_blocked, id=8904, stack(0x0000000e8aa00000,0x0000000e8ab00000)]
  0x0000012421866000 JavaThread "jar transforms Thread 3" [_thread_blocked, id=7928, stack(0x0000000e8ab00000,0x0000000e8ac00000)]
  0x000001242186c800 JavaThread "Cache worker for Build Output Cleanup Cache (C:\Users\Admin\Desktop\jana\cw77\.gradle\buildOutputCleanup)" [_thread_blocked, id=3456, stack(0x0000000e8ac00000,0x0000000e8ad00000)]
  0x000001242186e000 JavaThread "Unconstrained build operations" [_thread_blocked, id=9008, stack(0x0000000e8ad00000,0x0000000e8ae00000)]
  0x0000012421872000 JavaThread "Unconstrained build operations Thread 2" [_thread_blocked, id=9424, stack(0x0000000e8ae00000,0x0000000e8af00000)]
  0x000001242186f000 JavaThread "Unconstrained build operations Thread 3" [_thread_blocked, id=8388, stack(0x0000000e8af00000,0x0000000e8b000000)]
  0x0000012421871800 JavaThread "Unconstrained build operations Thread 4" [_thread_blocked, id=1532, stack(0x0000000e8b000000,0x0000000e8b100000)]
  0x000001242186d000 JavaThread "Unconstrained build operations Thread 5" [_thread_blocked, id=5544, stack(0x0000000e8b100000,0x0000000e8b200000)]
  0x0000012421873000 JavaThread "Unconstrained build operations Thread 6" [_thread_blocked, id=3192, stack(0x0000000e8b200000,0x0000000e8b300000)]
  0x000001242186f800 JavaThread "Unconstrained build operations Thread 7" [_thread_blocked, id=4660, stack(0x0000000e8b300000,0x0000000e8b400000)]
  0x0000012421874000 JavaThread "Unconstrained build operations Thread 8" [_thread_blocked, id=2764, stack(0x0000000e8b400000,0x0000000e8b500000)]
  0x0000012421870800 JavaThread "Unconstrained build operations Thread 9" [_thread_blocked, id=4424, stack(0x0000000e8b500000,0x0000000e8b600000)]
  0x000001242047c000 JavaThread "Unconstrained build operations Thread 10" [_thread_blocked, id=7748, stack(0x0000000e8b600000,0x0000000e8b700000)]
  0x000001242047d800 JavaThread "Unconstrained build operations Thread 11" [_thread_blocked, id=9416, stack(0x0000000e8b700000,0x0000000e8b800000)]
  0x0000012420479000 JavaThread "Unconstrained build operations Thread 12" [_thread_blocked, id=1280, stack(0x0000000e8b800000,0x0000000e8b900000)]
  0x000001242047d000 JavaThread "Unconstrained build operations Thread 13" [_thread_blocked, id=9300, stack(0x0000000e8b900000,0x0000000e8ba00000)]
  0x0000012420478000 JavaThread "Unconstrained build operations Thread 14" [_thread_blocked, id=6812, stack(0x0000000e8ba00000,0x0000000e8bb00000)]
  0x000001242047a800 JavaThread "Unconstrained build operations Thread 15" [_thread_blocked, id=9964, stack(0x0000000e8bb00000,0x0000000e8bc00000)]
  0x000001242047f800 JavaThread "Unconstrained build operations Thread 16" [_thread_blocked, id=4704, stack(0x0000000e8bc00000,0x0000000e8bd00000)]
  0x000001242047e800 JavaThread "Unconstrained build operations Thread 17" [_thread_blocked, id=8744, stack(0x0000000e8bd00000,0x0000000e8be00000)]
  0x0000012420479800 JavaThread "Unconstrained build operations Thread 18" [_thread_blocked, id=2284, stack(0x0000000e8be00000,0x0000000e8bf00000)]
  0x0000012420480000 JavaThread "Unconstrained build operations Thread 19" [_thread_blocked, id=7248, stack(0x0000000e8bf00000,0x0000000e8c000000)]
  0x0000012420481000 JavaThread "Unconstrained build operations Thread 20" [_thread_blocked, id=3460, stack(0x0000000e8c000000,0x0000000e8c100000)]
  0x000001242047b000 JavaThread "Unconstrained build operations Thread 21" [_thread_blocked, id=9044, stack(0x0000000e8c100000,0x0000000e8c200000)]
  0x0000012420482800 JavaThread "Unconstrained build operations Thread 22" [_thread_blocked, id=1556, stack(0x0000000e8c200000,0x0000000e8c300000)]
  0x0000012420483800 JavaThread "Unconstrained build operations Thread 23" [_thread_blocked, id=3312, stack(0x0000000e8c300000,0x0000000e8c400000)]
  0x0000012420482000 JavaThread "Unconstrained build operations Thread 24" [_thread_blocked, id=10144, stack(0x0000000e8c400000,0x0000000e8c500000)]
  0x0000012420484000 JavaThread "Unconstrained build operations Thread 25" [_thread_blocked, id=4052, stack(0x0000000e8c500000,0x0000000e8c600000)]
  0x0000012420485000 JavaThread "Unconstrained build operations Thread 26" [_thread_blocked, id=9812, stack(0x0000000e8c600000,0x0000000e8c700000)]
  0x0000012420486800 JavaThread "Unconstrained build operations Thread 27" [_thread_blocked, id=2804, stack(0x0000000e8c700000,0x0000000e8c800000)]
  0x0000012420486000 JavaThread "Unconstrained build operations Thread 28" [_thread_blocked, id=9548, stack(0x0000000e8c800000,0x0000000e8c900000)]
  0x00000124223ef000 JavaThread "Unconstrained build operations Thread 29" [_thread_blocked, id=2160, stack(0x0000000e8c900000,0x0000000e8ca00000)]
  0x00000124223ec800 JavaThread "Unconstrained build operations Thread 30" [_thread_blocked, id=4328, stack(0x0000000e8ca00000,0x0000000e8cb00000)]
  0x00000124223ec000 JavaThread "Unconstrained build operations Thread 31" [_thread_blocked, id=10120, stack(0x0000000e8cb00000,0x0000000e8cc00000)]
  0x00000124223ea800 JavaThread "Unconstrained build operations Thread 32" [_thread_blocked, id=7836, stack(0x0000000e8cc00000,0x0000000e8cd00000)]
  0x00000124223f1000 JavaThread "Unconstrained build operations Thread 33" [_thread_blocked, id=1404, stack(0x0000000e8cd00000,0x0000000e8ce00000)]
  0x00000124223ed800 JavaThread "Unconstrained build operations Thread 34" [_thread_blocked, id=8500, stack(0x0000000e8ce00000,0x0000000e8cf00000)]
  0x00000124223ee800 JavaThread "Unconstrained build operations Thread 35" [_thread_blocked, id=9544, stack(0x0000000e8cf00000,0x0000000e8d000000)]
  0x00000124223f0000 JavaThread "Unconstrained build operations Thread 36" [_thread_blocked, id=7628, stack(0x0000000e8d000000,0x0000000e8d100000)]
  0x00000124223eb000 JavaThread "Unconstrained build operations Thread 37" [_thread_blocked, id=9260, stack(0x0000000e8d100000,0x0000000e8d200000)]
  0x00000124223f3800 JavaThread "Unconstrained build operations Thread 38" [_thread_blocked, id=9472, stack(0x0000000e8d200000,0x0000000e8d300000)]
  0x00000124223f1800 JavaThread "Unconstrained build operations Thread 39" [_thread_blocked, id=9772, stack(0x0000000e8d300000,0x0000000e8d400000)]
  0x00000124223f2800 JavaThread "Unconstrained build operations Thread 40" [_thread_blocked, id=8268, stack(0x0000000e8d400000,0x0000000e8d500000)]
  0x00000124223f5800 JavaThread "jar transforms Thread 4" [_thread_blocked, id=7120, stack(0x0000000e8d500000,0x0000000e8d600000)]
  0x00000124223f6800 JavaThread "Memory manager" [_thread_blocked, id=10220, stack(0x0000000e8d600000,0x0000000e8d700000)]

Other Threads:
=>0x000001241bbec000 VMThread "VM Thread" [stack: 0x0000000e88400000,0x0000000e88500000] [id=6884]
  0x000001241c6d3800 WatcherThread [stack: 0x0000000e88e00000,0x0000000e88f00000] [id=9328]
  0x000001247febe000 GCTaskThread "GC Thread#0" [stack: 0x0000000e87f00000,0x0000000e88000000] [id=6016]
  0x000001241d2ed000 GCTaskThread "GC Thread#1" [stack: 0x0000000e89000000,0x0000000e89100000] [id=3792]
  0x000001241d132800 GCTaskThread "GC Thread#2" [stack: 0x0000000e89100000,0x0000000e89200000] [id=9068]
  0x000001241e388800 GCTaskThread "GC Thread#3" [stack: 0x0000000e89c00000,0x0000000e89d00000] [id=10020]
  0x00000124000ba000 ConcurrentGCThread "G1 Main Marker" [stack: 0x0000000e88000000,0x0000000e88100000] [id=2992]
  0x00000124000bb000 ConcurrentGCThread "G1 Conc#0" [stack: 0x0000000e88100000,0x0000000e88200000] [id=6092]
  0x000001240013e800 ConcurrentGCThread "G1 Refine#0" [stack: 0x0000000e88200000,0x0000000e88300000] [id=3892]
  0x000001241ba50800 ConcurrentGCThread "G1 Young RemSet Sampling" [stack: 0x0000000e88300000,0x0000000e88400000] [id=6300]

Threads with active compile tasks:
C2 CompilerThread0   8799 7022       4       jdk.internal.reflect.ClassFileAssembler::emitShort (24 bytes)
C2 CompilerThread1   8799 6812 %     4       org.gradle.internal.instantiation.generator.AbstractClassGenerator::inspectType @ 107 (560 bytes)

VM state:at safepoint (normal execution)

VM Mutex/Monitor currently owned by a thread:  ([mutex/lock_event])
[0x00000124000708c0] Threads_lock - owner thread: 0x000001241bbec000
[0x00000124000705f0] Heap_lock - owner thread: 0x000001241d733000

Heap address: 0x0000000080000000, size: 2048 MB, Compressed Oops mode: 32-bit
Narrow klass base: 0x0000000000000000, Narrow klass shift: 3
Compressed class space size: 1073741824 Address: 0x0000000100000000

Heap:
 garbage-first heap   total 233472K, used 59504K [0x0000000080000000, 0x0000000100000000)
  region size 1024K, 7 young (7168K), 7 survivors (7168K)
 Metaspace       used 73790K, capacity 75547K, committed 75896K, reserved 1114112K
  class space    used 9593K, capacity 10223K, committed 10360K, reserved 1048576K
Heap Regions: E=young(eden), S=young(survivor), O=old, HS=humongous(starts), HC=humongous(continues), CS=collection set, F=free, A=archive, TAMS=top-at-mark-start (previous, next)
|   0|0x0000000080000000, 0x0000000080100000, 0x0000000080100000|100%| O|  |TAMS 0x0000000080100000, 0x0000000080000000| Untracked 
|   1|0x0000000080100000, 0x0000000080200000, 0x0000000080200000|100%| O|  |TAMS 0x0000000080200000, 0x0000000080100000| Untracked 
|   2|0x0000000080200000, 0x0000000080300000, 0x0000000080300000|100%| O|  |TAMS 0x0000000080300000, 0x0000000080200000| Untracked 
|   3|0x0000000080300000, 0x0000000080400000, 0x0000000080400000|100%|HS|  |TAMS 0x0000000080400000, 0x0000000080300000| Complete 
|   4|0x0000000080400000, 0x0000000080500000, 0x0000000080500000|100%|HC|  |TAMS 0x0000000080500000, 0x0000000080400000| Complete 
|   5|0x0000000080500000, 0x0000000080600000, 0x0000000080600000|100%|HC|  |TAMS 0x0000000080600000, 0x0000000080500000| Complete 
|   6|0x0000000080600000, 0x0000000080700000, 0x0000000080700000|100%| O|  |TAMS 0x0000000080700000, 0x0000000080600000| Untracked 
|   7|0x0000000080700000, 0x0000000080800000, 0x0000000080800000|100%| O|  |TAMS 0x0000000080800000, 0x0000000080700000| Untracked 
|   8|0x0000000080800000, 0x0000000080900000, 0x0000000080900000|100%| O|  |TAMS 0x0000000080900000, 0x0000000080800000| Untracked 
|   9|0x0000000080900000, 0x0000000080a00000, 0x0000000080a00000|100%| O|  |TAMS 0x0000000080a00000, 0x0000000080900000| Untracked 
|  10|0x0000000080a00000, 0x0000000080b00000, 0x0000000080b00000|100%| O|  |TAMS 0x0000000080b00000, 0x0000000080a00000| Untracked 
|  11|0x0000000080b00000, 0x0000000080c00000, 0x0000000080c00000|100%| O|  |TAMS 0x0000000080c00000, 0x0000000080b00000| Untracked 
|  12|0x0000000080c00000, 0x0000000080d00000, 0x0000000080d00000|100%| O|  |TAMS 0x0000000080d00000, 0x0000000080c00000| Untracked 
|  13|0x0000000080d00000, 0x0000000080e00000, 0x0000000080e00000|100%| O|  |TAMS 0x0000000080e00000, 0x0000000080d00000| Untracked 
|  14|0x0000000080e00000, 0x0000000080f00000, 0x0000000080f00000|100%|HS|  |TAMS 0x0000000080f00000, 0x0000000080e00000| Complete 
|  15|0x0000000080f00000, 0x0000000081000000, 0x0000000081000000|100%| O|  |TAMS 0x0000000081000000, 0x0000000080f00000| Untracked 
|  16|0x0000000081000000, 0x0000000081100000, 0x0000000081100000|100%| O|  |TAMS 0x0000000081100000, 0x0000000081000000| Untracked 
|  17|0x0000000081100000, 0x0000000081200000, 0x0000000081200000|100%| O|  |TAMS 0x0000000081200000, 0x0000000081100000| Untracked 
|  18|0x0000000081200000, 0x0000000081300000, 0x0000000081300000|100%| O|  |TAMS 0x0000000081300000, 0x0000000081200000| Untracked 
|  19|0x0000000081300000, 0x0000000081400000, 0x0000000081400000|100%| O|  |TAMS 0x0000000081400000, 0x0000000081300000| Untracked 
|  20|0x0000000081400000, 0x0000000081500000, 0x0000000081500000|100%| O|  |TAMS 0x0000000081500000, 0x0000000081400000| Untracked 
|  21|0x0000000081500000, 0x0000000081600000, 0x0000000081600000|100%| O|  |TAMS 0x0000000081600000, 0x0000000081500000| Untracked 
|  22|0x0000000081600000, 0x0000000081700000, 0x0000000081700000|100%| O|  |TAMS 0x0000000081700000, 0x0000000081600000| Untracked 
|  23|0x0000000081700000, 0x0000000081800000, 0x0000000081800000|100%| O|  |TAMS 0x0000000081800000, 0x0000000081700000| Untracked 
|  24|0x0000000081800000, 0x0000000081900000, 0x0000000081900000|100%|HS|  |TAMS 0x0000000081900000, 0x0000000081800000| Complete 
|  25|0x0000000081900000, 0x0000000081a00000, 0x0000000081a00000|100%|HS|  |TAMS 0x0000000081a00000, 0x0000000081900000| Complete 
|  26|0x0000000081a00000, 0x0000000081b00000, 0x0000000081b00000|100%|HC|  |TAMS 0x0000000081b00000, 0x0000000081a00000| Complete 
|  27|0x0000000081b00000, 0x0000000081c00000, 0x0000000081c00000|100%| O|  |TAMS 0x0000000081c00000, 0x0000000081b00000| Untracked 
|  28|0x0000000081c00000, 0x0000000081d00000, 0x0000000081d00000|100%| O|  |TAMS 0x0000000081d00000, 0x0000000081c00000| Untracked 
|  29|0x0000000081d00000, 0x0000000081e00000, 0x0000000081e00000|100%| O|  |TAMS 0x0000000081e00000, 0x0000000081d00000| Untracked 
|  30|0x0000000081e00000, 0x0000000081f00000, 0x0000000081f00000|100%| O|  |TAMS 0x0000000081f00000, 0x0000000081e00000| Untracked 
|  31|0x0000000081f00000, 0x0000000082000000, 0x0000000082000000|100%| O|  |TAMS 0x0000000082000000, 0x0000000081f00000| Untracked 
|  32|0x0000000082000000, 0x0000000082100000, 0x0000000082100000|100%| O|  |TAMS 0x0000000082100000, 0x0000000082000000| Untracked 
|  33|0x0000000082100000, 0x0000000082200000, 0x0000000082200000|100%| O|  |TAMS 0x0000000082200000, 0x0000000082100000| Untracked 
|  34|0x0000000082200000, 0x0000000082300000, 0x0000000082300000|100%| O|  |TAMS 0x0000000082300000, 0x0000000082200000| Untracked 
|  35|0x0000000082300000, 0x0000000082400000, 0x0000000082400000|100%| O|  |TAMS 0x0000000082400000, 0x0000000082300000| Untracked 
|  36|0x0000000082400000, 0x0000000082500000, 0x0000000082500000|100%| O|  |TAMS 0x0000000082500000, 0x0000000082400000| Untracked 
|  37|0x0000000082500000, 0x0000000082600000, 0x0000000082600000|100%| O|  |TAMS 0x0000000082600000, 0x0000000082500000| Untracked 
|  38|0x0000000082600000, 0x0000000082700000, 0x0000000082700000|100%| O|  |TAMS 0x0000000082700000, 0x0000000082600000| Untracked 
|  39|0x0000000082700000, 0x0000000082800000, 0x0000000082800000|100%| O|  |TAMS 0x0000000082800000, 0x0000000082700000| Untracked 
|  40|0x0000000082800000, 0x0000000082900000, 0x0000000082900000|100%| O|  |TAMS 0x0000000082900000, 0x0000000082800000| Untracked 
|  41|0x0000000082900000, 0x0000000082a00000, 0x0000000082a00000|100%| O|  |TAMS 0x0000000082a00000, 0x0000000082900000| Untracked 
|  42|0x0000000082a00000, 0x0000000082b00000, 0x0000000082b00000|100%| O|  |TAMS 0x0000000082b00000, 0x0000000082a00000| Untracked 
|  43|0x0000000082b00000, 0x0000000082c00000, 0x0000000082c00000|100%| O|  |TAMS 0x0000000082c00000, 0x0000000082b00000| Untracked 
|  44|0x0000000082c00000, 0x0000000082d00000, 0x0000000082d00000|100%| O|  |TAMS 0x0000000082c7da00, 0x0000000082c00000| Untracked 
|  45|0x0000000082d00000, 0x0000000082e00000, 0x0000000082e00000|100%| O|  |TAMS 0x0000000082d00000, 0x0000000082d00000| Untracked 
|  46|0x0000000082e00000, 0x0000000082f00000, 0x0000000082f00000|100%| O|  |TAMS 0x0000000082e00000, 0x0000000082e00000| Untracked 
|  47|0x0000000082f00000, 0x0000000083000000, 0x0000000083000000|100%| O|  |TAMS 0x0000000082f00000, 0x0000000082f00000| Untracked 
|  48|0x0000000083000000, 0x0000000083100000, 0x0000000083100000|100%| O|  |TAMS 0x0000000083000000, 0x0000000083000000| Untracked 
|  49|0x0000000083100000, 0x0000000083200000, 0x0000000083200000|100%| O|  |TAMS 0x0000000083100000, 0x0000000083100000| Untracked 
|  50|0x0000000083200000, 0x0000000083300000, 0x0000000083300000|100%| O|  |TAMS 0x0000000083200000, 0x0000000083200000| Untracked 
|  51|0x0000000083300000, 0x00000000833cda00, 0x0000000083400000| 80%| O|  |TAMS 0x0000000083300000, 0x0000000083300000| Untracked 
|  52|0x0000000083400000, 0x0000000083400000, 0x0000000083500000|  0%| F|  |TAMS 0x0000000083400000, 0x0000000083400000| Untracked 
|  53|0x0000000083500000, 0x0000000083500000, 0x0000000083600000|  0%| F|  |TAMS 0x0000000083500000, 0x0000000083500000| Untracked 
|  54|0x0000000083600000, 0x0000000083600000, 0x0000000083700000|  0%| F|  |TAMS 0x0000000083600000, 0x0000000083600000| Untracked 
|  55|0x0000000083700000, 0x0000000083700000, 0x0000000083800000|  0%| F|  |TAMS 0x0000000083700000, 0x0000000083700000| Untracked 
|  56|0x0000000083800000, 0x0000000083800000, 0x0000000083900000|  0%| F|  |TAMS 0x0000000083800000, 0x0000000083800000| Untracked 
|  57|0x0000000083900000, 0x0000000083900000, 0x0000000083a00000|  0%| F|  |TAMS 0x0000000083900000, 0x0000000083900000| Untracked 
|  58|0x0000000083a00000, 0x0000000083a00000, 0x0000000083b00000|  0%| F|  |TAMS 0x0000000083a00000, 0x0000000083a00000| Untracked 
|  59|0x0000000083b00000, 0x0000000083b00000, 0x0000000083c00000|  0%| F|  |TAMS 0x0000000083b00000, 0x0000000083b00000| Untracked 
|  60|0x0000000083c00000, 0x0000000083c00000, 0x0000000083d00000|  0%| F|  |TAMS 0x0000000083c00000, 0x0000000083c00000| Untracked 
|  61|0x0000000083d00000, 0x0000000083d00000, 0x0000000083e00000|  0%| F|  |TAMS 0x0000000083d00000, 0x0000000083d00000| Untracked 
|  62|0x0000000083e00000, 0x0000000083e00000, 0x0000000083f00000|  0%| F|  |TAMS 0x0000000083e00000, 0x0000000083e00000| Untracked 
|  63|0x0000000083f00000, 0x0000000083f00000, 0x0000000084000000|  0%| F|  |TAMS 0x0000000083f00000, 0x0000000083f00000| Untracked 
|  64|0x0000000084000000, 0x0000000084000000, 0x0000000084100000|  0%| F|  |TAMS 0x0000000084000000, 0x0000000084000000| Untracked 
|  65|0x0000000084100000, 0x0000000084100000, 0x0000000084200000|  0%| F|  |TAMS 0x0000000084100000, 0x0000000084100000| Untracked 
|  66|0x0000000084200000, 0x0000000084200000, 0x0000000084300000|  0%| F|  |TAMS 0x0000000084200000, 0x0000000084200000| Untracked 
|  67|0x0000000084300000, 0x0000000084300000, 0x0000000084400000|  0%| F|  |TAMS 0x0000000084300000, 0x0000000084300000| Untracked 
|  68|0x0000000084400000, 0x0000000084400000, 0x0000000084500000|  0%| F|  |TAMS 0x0000000084400000, 0x0000000084400000| Untracked 
|  69|0x0000000084500000, 0x0000000084500000, 0x0000000084600000|  0%| F|  |TAMS 0x0000000084500000, 0x0000000084500000| Untracked 
|  70|0x0000000084600000, 0x0000000084600000, 0x0000000084700000|  0%| F|  |TAMS 0x0000000084600000, 0x0000000084600000| Untracked 
|  71|0x0000000084700000, 0x0000000084700000, 0x0000000084800000|  0%| F|  |TAMS 0x0000000084700000, 0x0000000084700000| Untracked 
|  72|0x0000000084800000, 0x0000000084800000, 0x0000000084900000|  0%| F|  |TAMS 0x0000000084800000, 0x0000000084800000| Untracked 
|  73|0x0000000084900000, 0x0000000084900000, 0x0000000084a00000|  0%| F|  |TAMS 0x0000000084900000, 0x0000000084900000| Untracked 
|  74|0x0000000084a00000, 0x0000000084a00000, 0x0000000084b00000|  0%| F|  |TAMS 0x0000000084a00000, 0x0000000084a00000| Untracked 
|  75|0x0000000084b00000, 0x0000000084b00000, 0x0000000084c00000|  0%| F|  |TAMS 0x0000000084b00000, 0x0000000084b00000| Untracked 
|  76|0x0000000084c00000, 0x0000000084c00000, 0x0000000084d00000|  0%| F|  |TAMS 0x0000000084c00000, 0x0000000084c00000| Untracked 
|  77|0x0000000084d00000, 0x0000000084d00000, 0x0000000084e00000|  0%| F|  |TAMS 0x0000000084d00000, 0x0000000084d00000| Untracked 
|  78|0x0000000084e00000, 0x0000000084e00000, 0x0000000084f00000|  0%| F|  |TAMS 0x0000000084e00000, 0x0000000084e00000| Untracked 
|  79|0x0000000084f00000, 0x0000000084f00000, 0x0000000085000000|  0%| F|  |TAMS 0x0000000084f00000, 0x0000000084f00000| Untracked 
|  80|0x0000000085000000, 0x0000000085000000, 0x0000000085100000|  0%| F|  |TAMS 0x0000000085000000, 0x0000000085000000| Untracked 
|  81|0x0000000085100000, 0x0000000085100000, 0x0000000085200000|  0%| F|  |TAMS 0x0000000085100000, 0x0000000085100000| Untracked 
|  82|0x0000000085200000, 0x0000000085200000, 0x0000000085300000|  0%| F|  |TAMS 0x0000000085200000, 0x0000000085200000| Untracked 
|  83|0x0000000085300000, 0x0000000085300000, 0x0000000085400000|  0%| F|  |TAMS 0x0000000085300000, 0x0000000085300000| Untracked 
|  84|0x0000000085400000, 0x0000000085400000, 0x0000000085500000|  0%| F|  |TAMS 0x0000000085400000, 0x0000000085400000| Untracked 
|  85|0x0000000085500000, 0x0000000085500000, 0x0000000085600000|  0%| F|  |TAMS 0x0000000085500000, 0x0000000085500000| Untracked 
|  86|0x0000000085600000, 0x0000000085600000, 0x0000000085700000|  0%| F|  |TAMS 0x0000000085600000, 0x0000000085600000| Untracked 
|  87|0x0000000085700000, 0x0000000085700000, 0x0000000085800000|  0%| F|  |TAMS 0x0000000085700000, 0x0000000085700000| Untracked 
|  88|0x0000000085800000, 0x000000008584e810, 0x0000000085900000| 30%| S|CS|TAMS 0x0000000085800000, 0x0000000085800000| Complete 
|  89|0x0000000085900000, 0x0000000085a00000, 0x0000000085a00000|100%| S|CS|TAMS 0x0000000085900000, 0x0000000085900000| Complete 
|  90|0x0000000085a00000, 0x0000000085b00000, 0x0000000085b00000|100%| S|CS|TAMS 0x0000000085a00000, 0x0000000085a00000| Complete 
|  91|0x0000000085b00000, 0x0000000085b00000, 0x0000000085c00000|  0%| F|  |TAMS 0x0000000085b00000, 0x0000000085b00000| Untracked 
|  92|0x0000000085c00000, 0x0000000085c00000, 0x0000000085d00000|  0%| F|  |TAMS 0x0000000085c00000, 0x0000000085c00000| Untracked 
|  93|0x0000000085d00000, 0x0000000085d00000, 0x0000000085e00000|  0%| F|  |TAMS 0x0000000085d00000, 0x0000000085d00000| Untracked 
|  94|0x0000000085e00000, 0x0000000085e00000, 0x0000000085f00000|  0%| F|  |TAMS 0x0000000085e00000, 0x0000000085e00000| Untracked 
|  95|0x0000000085f00000, 0x0000000085f00000, 0x0000000086000000|  0%| F|  |TAMS 0x0000000085f00000, 0x0000000085f00000| Untracked 
|  96|0x0000000086000000, 0x0000000086000000, 0x0000000086100000|  0%| F|  |TAMS 0x0000000086000000, 0x0000000086000000| Untracked 
|  97|0x0000000086100000, 0x0000000086100000, 0x0000000086200000|  0%| F|  |TAMS 0x0000000086100000, 0x0000000086100000| Untracked 
|  98|0x0000000086200000, 0x0000000086200000, 0x0000000086300000|  0%| F|  |TAMS 0x0000000086200000, 0x0000000086200000| Untracked 
|  99|0x0000000086300000, 0x0000000086400000, 0x0000000086400000|100%| S|CS|TAMS 0x0000000086300000, 0x0000000086300000| Complete 
| 100|0x0000000086400000, 0x0000000086500000, 0x0000000086500000|100%| S|CS|TAMS 0x0000000086400000, 0x0000000086400000| Complete 
| 101|0x0000000086500000, 0x0000000086600000, 0x0000000086600000|100%| S|CS|TAMS 0x0000000086500000, 0x0000000086500000| Complete 
| 102|0x0000000086600000, 0x0000000086700000, 0x0000000086700000|100%| S|CS|TAMS 0x0000000086600000, 0x0000000086600000| Complete 
| 103|0x0000000086700000, 0x0000000086700000, 0x0000000086800000|  0%| F|  |TAMS 0x0000000086700000, 0x0000000086700000| Untracked 
| 104|0x0000000086800000, 0x0000000086800000, 0x0000000086900000|  0%| F|  |TAMS 0x0000000086800000, 0x0000000086800000| Untracked 
| 105|0x0000000086900000, 0x0000000086900000, 0x0000000086a00000|  0%| F|  |TAMS 0x0000000086900000, 0x0000000086900000| Untracked 
| 106|0x0000000086a00000, 0x0000000086a00000, 0x0000000086b00000|  0%| F|  |TAMS 0x0000000086a00000, 0x0000000086a00000| Untracked 
| 107|0x0000000086b00000, 0x0000000086b00000, 0x0000000086c00000|  0%| F|  |TAMS 0x0000000086b00000, 0x0000000086b00000| Untracked 
| 108|0x0000000086c00000, 0x0000000086c00000, 0x0000000086d00000|  0%| F|  |TAMS 0x0000000086c00000, 0x0000000086c00000| Untracked 
| 109|0x0000000086d00000, 0x0000000086d00000, 0x0000000086e00000|  0%| F|  |TAMS 0x0000000086d00000, 0x0000000086d00000| Untracked 
| 110|0x0000000086e00000, 0x0000000086e00000, 0x0000000086f00000|  0%| F|  |TAMS 0x0000000086e00000, 0x0000000086e00000| Untracked 
| 111|0x0000000086f00000, 0x0000000086f00000, 0x0000000087000000|  0%| F|  |TAMS 0x0000000086f00000, 0x0000000086f00000| Untracked 
| 112|0x0000000087000000, 0x0000000087000000, 0x0000000087100000|  0%| F|  |TAMS 0x0000000087000000, 0x0000000087000000| Untracked 
| 113|0x0000000087100000, 0x0000000087100000, 0x0000000087200000|  0%| F|  |TAMS 0x0000000087100000, 0x0000000087100000| Untracked 
| 114|0x0000000087200000, 0x0000000087200000, 0x0000000087300000|  0%| F|  |TAMS 0x0000000087200000, 0x0000000087200000| Untracked 
| 115|0x0000000087300000, 0x0000000087300000, 0x0000000087400000|  0%| F|  |TAMS 0x0000000087300000, 0x0000000087300000| Untracked 
| 116|0x0000000087400000, 0x0000000087400000, 0x0000000087500000|  0%| F|  |TAMS 0x0000000087400000, 0x0000000087400000| Untracked 
| 117|0x0000000087500000, 0x0000000087500000, 0x0000000087600000|  0%| F|  |TAMS 0x0000000087500000, 0x0000000087500000| Untracked 
| 118|0x0000000087600000, 0x0000000087600000, 0x0000000087700000|  0%| F|  |TAMS 0x0000000087600000, 0x0000000087600000| Untracked 
| 119|0x0000000087700000, 0x0000000087700000, 0x0000000087800000|  0%| F|  |TAMS 0x0000000087700000, 0x0000000087700000| Untracked 
| 120|0x0000000087800000, 0x0000000087800000, 0x0000000087900000|  0%| F|  |TAMS 0x0000000087800000, 0x0000000087800000| Untracked 
| 121|0x0000000087900000, 0x0000000087900000, 0x0000000087a00000|  0%| F|  |TAMS 0x0000000087900000, 0x0000000087900000| Untracked 
| 122|0x0000000087a00000, 0x0000000087a00000, 0x0000000087b00000|  0%| F|  |TAMS 0x0000000087a00000, 0x0000000087a00000| Untracked 
| 123|0x0000000087b00000, 0x0000000087b00000, 0x0000000087c00000|  0%| F|  |TAMS 0x0000000087b00000, 0x0000000087b00000| Untracked 
| 124|0x0000000087c00000, 0x0000000087c00000, 0x0000000087d00000|  0%| F|  |TAMS 0x0000000087c00000, 0x0000000087c00000| Untracked 
| 125|0x0000000087d00000, 0x0000000087d00000, 0x0000000087e00000|  0%| F|  |TAMS 0x0000000087d00000, 0x0000000087d00000| Untracked 
| 126|0x0000000087e00000, 0x0000000087e00000, 0x0000000087f00000|  0%| F|  |TAMS 0x0000000087e00000, 0x0000000087e00000| Untracked 
| 127|0x0000000087f00000, 0x0000000087f00000, 0x0000000088000000|  0%| F|  |TAMS 0x0000000087f00000, 0x0000000087f00000| Untracked 
| 128|0x0000000088000000, 0x0000000088000000, 0x0000000088100000|  0%| F|  |TAMS 0x0000000088000000, 0x0000000088000000| Untracked 
| 129|0x0000000088100000, 0x0000000088100000, 0x0000000088200000|  0%| F|  |TAMS 0x0000000088100000, 0x0000000088100000| Untracked 
| 130|0x0000000088200000, 0x0000000088200000, 0x0000000088300000|  0%| F|  |TAMS 0x0000000088200000, 0x0000000088200000| Untracked 
| 131|0x0000000088300000, 0x0000000088300000, 0x0000000088400000|  0%| F|  |TAMS 0x0000000088300000, 0x0000000088300000| Untracked 
| 132|0x0000000088400000, 0x0000000088400000, 0x0000000088500000|  0%| F|  |TAMS 0x0000000088400000, 0x0000000088400000| Untracked 
| 133|0x0000000088500000, 0x0000000088500000, 0x0000000088600000|  0%| F|  |TAMS 0x0000000088500000, 0x0000000088500000| Untracked 
| 134|0x0000000088600000, 0x0000000088600000, 0x0000000088700000|  0%| F|  |TAMS 0x0000000088600000, 0x0000000088600000| Untracked 
| 135|0x0000000088700000, 0x0000000088700000, 0x0000000088800000|  0%| F|  |TAMS 0x0000000088700000, 0x0000000088700000| Untracked 
| 136|0x0000000088800000, 0x0000000088800000, 0x0000000088900000|  0%| F|  |TAMS 0x0000000088800000, 0x0000000088800000| Untracked 
| 137|0x0000000088900000, 0x0000000088900000, 0x0000000088a00000|  0%| F|  |TAMS 0x0000000088900000, 0x0000000088900000| Untracked 
| 138|0x0000000088a00000, 0x0000000088a00000, 0x0000000088b00000|  0%| F|  |TAMS 0x0000000088a00000, 0x0000000088a00000| Untracked 
| 139|0x0000000088b00000, 0x0000000088b00000, 0x0000000088c00000|  0%| F|  |TAMS 0x0000000088b00000, 0x0000000088b00000| Untracked 
| 140|0x0000000088c00000, 0x0000000088c00000, 0x0000000088d00000|  0%| F|  |TAMS 0x0000000088c00000, 0x0000000088c00000| Untracked 
| 141|0x0000000088d00000, 0x0000000088d00000, 0x0000000088e00000|  0%| F|  |TAMS 0x0000000088d00000, 0x0000000088d00000| Untracked 
| 142|0x0000000088e00000, 0x0000000088e00000, 0x0000000088f00000|  0%| F|  |TAMS 0x0000000088e00000, 0x0000000088e00000| Untracked 
| 143|0x0000000088f00000, 0x0000000088f00000, 0x0000000089000000|  0%| F|  |TAMS 0x0000000088f00000, 0x0000000088f00000| Untracked 
| 144|0x0000000089000000, 0x0000000089000000, 0x0000000089100000|  0%| F|  |TAMS 0x0000000089000000, 0x0000000089000000| Untracked 
| 145|0x0000000089100000, 0x0000000089100000, 0x0000000089200000|  0%| F|  |TAMS 0x0000000089100000, 0x0000000089100000| Untracked 
| 146|0x0000000089200000, 0x0000000089200000, 0x0000000089300000|  0%| F|  |TAMS 0x0000000089200000, 0x0000000089200000| Untracked 
| 147|0x0000000089300000, 0x0000000089300000, 0x0000000089400000|  0%| F|  |TAMS 0x0000000089300000, 0x0000000089300000| Untracked 
| 148|0x0000000089400000, 0x0000000089400000, 0x0000000089500000|  0%| F|  |TAMS 0x0000000089400000, 0x0000000089400000| Untracked 
| 149|0x0000000089500000, 0x0000000089500000, 0x0000000089600000|  0%| F|  |TAMS 0x0000000089500000, 0x0000000089500000| Untracked 
| 150|0x0000000089600000, 0x0000000089600000, 0x0000000089700000|  0%| F|  |TAMS 0x0000000089600000, 0x0000000089600000| Untracked 
| 151|0x0000000089700000, 0x0000000089700000, 0x0000000089800000|  0%| F|  |TAMS 0x0000000089700000, 0x0000000089700000| Untracked 
| 152|0x0000000089800000, 0x0000000089800000, 0x0000000089900000|  0%| F|  |TAMS 0x0000000089800000, 0x0000000089800000| Untracked 
| 153|0x0000000089900000, 0x0000000089900000, 0x0000000089a00000|  0%| F|  |TAMS 0x0000000089900000, 0x0000000089900000| Untracked 
| 154|0x0000000089a00000, 0x0000000089a00000, 0x0000000089b00000|  0%| F|  |TAMS 0x0000000089a00000, 0x0000000089a00000| Untracked 
| 155|0x0000000089b00000, 0x0000000089b00000, 0x0000000089c00000|  0%| F|  |TAMS 0x0000000089b00000, 0x0000000089b00000| Untracked 
| 156|0x0000000089c00000, 0x0000000089c00000, 0x0000000089d00000|  0%| F|  |TAMS 0x0000000089c00000, 0x0000000089c00000| Untracked 
| 157|0x0000000089d00000, 0x0000000089d00000, 0x0000000089e00000|  0%| F|  |TAMS 0x0000000089d00000, 0x0000000089d00000| Untracked 
| 158|0x0000000089e00000, 0x0000000089e00000, 0x0000000089f00000|  0%| F|  |TAMS 0x0000000089e00000, 0x0000000089e00000| Untracked 
| 159|0x0000000089f00000, 0x0000000089f00000, 0x000000008a000000|  0%| F|  |TAMS 0x0000000089f00000, 0x0000000089f00000| Untracked 
| 160|0x000000008a000000, 0x000000008a000000, 0x000000008a100000|  0%| F|  |TAMS 0x000000008a000000, 0x000000008a000000| Untracked 
| 161|0x000000008a100000, 0x000000008a100000, 0x000000008a200000|  0%| F|  |TAMS 0x000000008a100000, 0x000000008a100000| Untracked 
| 162|0x000000008a200000, 0x000000008a200000, 0x000000008a300000|  0%| F|  |TAMS 0x000000008a200000, 0x000000008a200000| Untracked 
| 163|0x000000008a300000, 0x000000008a300000, 0x000000008a400000|  0%| F|  |TAMS 0x000000008a300000, 0x000000008a300000| Untracked 
| 164|0x000000008a400000, 0x000000008a400000, 0x000000008a500000|  0%| F|  |TAMS 0x000000008a400000, 0x000000008a400000| Untracked 
| 165|0x000000008a500000, 0x000000008a500000, 0x000000008a600000|  0%| F|  |TAMS 0x000000008a500000, 0x000000008a500000| Untracked 
| 166|0x000000008a600000, 0x000000008a600000, 0x000000008a700000|  0%| F|  |TAMS 0x000000008a600000, 0x000000008a600000| Untracked 
| 167|0x000000008a700000, 0x000000008a700000, 0x000000008a800000|  0%| F|  |TAMS 0x000000008a700000, 0x000000008a700000| Untracked 
| 168|0x000000008a800000, 0x000000008a800000, 0x000000008a900000|  0%| F|  |TAMS 0x000000008a800000, 0x000000008a800000| Untracked 
| 169|0x000000008a900000, 0x000000008a900000, 0x000000008aa00000|  0%| F|  |TAMS 0x000000008a900000, 0x000000008a900000| Untracked 
| 170|0x000000008aa00000, 0x000000008aa00000, 0x000000008ab00000|  0%| F|  |TAMS 0x000000008aa00000, 0x000000008aa00000| Untracked 
| 171|0x000000008ab00000, 0x000000008ab00000, 0x000000008ac00000|  0%| F|  |TAMS 0x000000008ab00000, 0x000000008ab00000| Untracked 
| 172|0x000000008ac00000, 0x000000008ac00000, 0x000000008ad00000|  0%| F|  |TAMS 0x000000008ac00000, 0x000000008ac00000| Untracked 
| 173|0x000000008ad00000, 0x000000008ad00000, 0x000000008ae00000|  0%| F|  |TAMS 0x000000008ad00000, 0x000000008ad00000| Untracked 
| 174|0x000000008ae00000, 0x000000008ae00000, 0x000000008af00000|  0%| F|  |TAMS 0x000000008ae00000, 0x000000008ae00000| Untracked 
| 175|0x000000008af00000, 0x000000008af00000, 0x000000008b000000|  0%| F|  |TAMS 0x000000008af00000, 0x000000008af00000| Untracked 
| 176|0x000000008b000000, 0x000000008b000000, 0x000000008b100000|  0%| F|  |TAMS 0x000000008b000000, 0x000000008b000000| Untracked 
| 177|0x000000008b100000, 0x000000008b100000, 0x000000008b200000|  0%| F|  |TAMS 0x000000008b100000, 0x000000008b100000| Untracked 
| 178|0x000000008b200000, 0x000000008b200000, 0x000000008b300000|  0%| F|  |TAMS 0x000000008b200000, 0x000000008b200000| Untracked 
| 179|0x000000008b300000, 0x000000008b300000, 0x000000008b400000|  0%| F|  |TAMS 0x000000008b300000, 0x000000008b300000| Untracked 
| 180|0x000000008b400000, 0x000000008b400000, 0x000000008b500000|  0%| F|  |TAMS 0x000000008b400000, 0x000000008b400000| Untracked 
| 181|0x000000008b500000, 0x000000008b500000, 0x000000008b600000|  0%| F|  |TAMS 0x000000008b500000, 0x000000008b500000| Untracked 
| 182|0x000000008b600000, 0x000000008b600000, 0x000000008b700000|  0%| F|  |TAMS 0x000000008b600000, 0x000000008b600000| Untracked 
| 183|0x000000008b700000, 0x000000008b700000, 0x000000008b800000|  0%| F|  |TAMS 0x000000008b700000, 0x000000008b700000| Untracked 
| 184|0x000000008b800000, 0x000000008b800000, 0x000000008b900000|  0%| F|  |TAMS 0x000000008b800000, 0x000000008b800000| Untracked 
| 185|0x000000008b900000, 0x000000008b900000, 0x000000008ba00000|  0%| F|  |TAMS 0x000000008b900000, 0x000000008b900000| Untracked 
| 186|0x000000008ba00000, 0x000000008ba00000, 0x000000008bb00000|  0%| F|  |TAMS 0x000000008ba00000, 0x000000008ba00000| Untracked 
| 187|0x000000008bb00000, 0x000000008bb00000, 0x000000008bc00000|  0%| F|  |TAMS 0x000000008bb00000, 0x000000008bb00000| Untracked 
| 188|0x000000008bc00000, 0x000000008bc00000, 0x000000008bd00000|  0%| F|  |TAMS 0x000000008bc00000, 0x000000008bc00000| Untracked 
| 189|0x000000008bd00000, 0x000000008bd00000, 0x000000008be00000|  0%| F|  |TAMS 0x000000008bd00000, 0x000000008bd00000| Untracked 

Card table byte_map: [0x0000012414da0000,0x00000124151a0000] _byte_map_base: 0x00000124149a0000

Marking Bits (Prev, Next): (CMBitMap*) 0x00000124000b14f8, (CMBitMap*) 0x00000124000b1530
 Prev Bits: [0x00000124155a0000, 0x00000124175a0000)
 Next Bits: [0x00000124175a0000, 0x00000124195a0000)

Polling page: 0x0000012400150000

Metaspace:

Usage:
  Non-class:     63.79 MB capacity,    62.69 MB ( 98%) used,   944.50 KB (  1%) free+waste,   182.75 KB ( <1%) overhead. 
      Class:      9.98 MB capacity,     9.37 MB ( 94%) used,   544.60 KB (  5%) free+waste,    84.94 KB ( <1%) overhead. 
       Both:     73.78 MB capacity,    72.06 MB ( 98%) used,     1.45 MB (  2%) free+waste,   267.69 KB ( <1%) overhead. 

Virtual space:
  Non-class space:       64.00 MB reserved,      64.00 MB (100%) committed 
      Class space:        1.00 GB reserved,      10.12 MB ( <1%) committed 
             Both:        1.06 GB reserved,      74.12 MB (  7%) committed 

Chunk freelists:
   Non-Class:  20.00 KB
       Class:  17.00 KB
        Both:  37.00 KB

MaxMetaspaceSize: 17179869184.00 GB
CompressedClassSpaceSize: 1.00 GB
Initial GC threshold: 20.80 MB
Current GC threshold: 111.03 MB
CDS: off

CodeHeap 'non-profiled nmethods': size=120064Kb used=3777Kb max_used=3777Kb free=116286Kb
 bounds [0x000001240ce40000, 0x000001240d200000, 0x0000012414380000]
CodeHeap 'profiled nmethods': size=120000Kb used=14258Kb max_used=14258Kb free=105741Kb
 bounds [0x0000012405910000, 0x0000012406700000, 0x000001240ce40000]
CodeHeap 'non-nmethods': size=5696Kb used=2353Kb max_used=2396Kb free=3342Kb
 bounds [0x0000012405380000, 0x00000124055f0000, 0x0000012405910000]
 total_blobs=7813 nmethods=6949 adapters=776
 compilation: enabled
              stopped_count=0, restarted_count=0
 full_count=0

Compilation events (20 events):
Event: 8.755 Thread 0x000001241bc1d800 6814       4       java.util.LinkedHashMap::values (25 bytes)
Event: 8.756 Thread 0x000001241bc22000 nmethod 7019 0x00000124066fa790 code [0x00000124066faa60, 0x00000124066fb0b8]
Event: 8.756 Thread 0x000001241bc22000 7020       1       org.gradle.api.internal.provider.ValueSupplier$Present::get (5 bytes)
Event: 8.756 Thread 0x000001241bc22000 nmethod 7020 0x000001240d1eeb90 code [0x000001240d1eed40, 0x000001240d1eedf8]
Event: 8.757 Thread 0x000001241bc1d800 nmethod 6814 0x000001240d1eee90 code [0x000001240d1ef020, 0x000001240d1ef1d8]
Event: 8.757 Thread 0x000001241bc1d800 6811       4       java.util.TreeMap$PrivateEntryIterator::nextEntry (54 bytes)
Event: 8.757 Thread 0x000001241bc22000 7021       3       jdk.internal.reflect.ClassFileAssembler::opc_athrow (12 bytes)
Event: 8.758 Thread 0x000001241bc22000 nmethod 7021 0x00000124066fb590 code [0x00000124066fb760, 0x00000124066fba08]
Event: 8.762 Thread 0x000001241bc1d800 nmethod 6811 0x000001240d1ef290 code [0x000001240d1ef420, 0x000001240d1ef6f8]
Event: 8.762 Thread 0x000001241bc1d800 6815       4       java.util.LinkedHashMap$LinkedValues::iterator (12 bytes)
Event: 8.763 Thread 0x000001241bc22000 7024       1       org.gradle.api.internal.tasks.CachingTaskDependencyResolveContext::access$000 (5 bytes)
Event: 8.763 Thread 0x000001241bc22000 nmethod 7024 0x000001240d1ef890 code [0x000001240d1efa40, 0x000001240d1efad8]
Event: 8.764 Thread 0x000001241bc1d800 nmethod 6815 0x000001240d1efb90 code [0x000001240d1efd40, 0x000001240d1efef8]
Event: 8.764 Thread 0x000001241bc1d800 6810       4       org.gradle.internal.reflect.MethodSet$MethodKey::<init> (6 bytes)
Event: 8.766 Thread 0x000001241bc22000 7025       3       org.objectweb.asm.SymbolTable::putBootstrapMethods (56 bytes)
Event: 8.766 Thread 0x000001241bc22000 nmethod 7025 0x00000124066fbb90 code [0x00000124066fbda0, 0x00000124066fc048]
Event: 8.767 Thread 0x000001241bc1d800 nmethod 6810 0x000001240d1f0010 code [0x000001240d1f01a0, 0x000001240d1f0478]
Event: 8.767 Thread 0x000001241bc1d800 7022       4       jdk.internal.reflect.ClassFileAssembler::emitShort (24 bytes)
Event: 8.768 Thread 0x000001241bc22000 7026   !   3       com.sun.proxy.$Proxy1::value (29 bytes)
Event: 8.768 Thread 0x000001241bc22000 nmethod 7026 0x00000124066fc210 code [0x00000124066fc400, 0x00000124066fc7d8]

GC Heap History (20 events):
Event: 0.952 GC heap after
{Heap after GC invocations=3 (full 0):
 garbage-first heap   total 131072K, used 12385K [0x0000000080000000, 0x0000000100000000)
  region size 1024K, 4 young (4096K), 4 survivors (4096K)
 Metaspace       used 10846K, capacity 11069K, committed 11264K, reserved 1058816K
  class space    used 1131K, capacity 1207K, committed 1280K, reserved 1048576K
}
Event: 1.860 GC heap before
{Heap before GC invocations=3 (full 0):
 garbage-first heap   total 131072K, used 57441K [0x0000000080000000, 0x0000000100000000)
  region size 1024K, 48 young (49152K), 4 survivors (4096K)
 Metaspace       used 18257K, capacity 18647K, committed 18816K, reserved 1064960K
  class space    used 2181K, capacity 2308K, committed 2432K, reserved 1048576K
}
Event: 1.867 GC heap after
{Heap after GC invocations=4 (full 0):
 garbage-first heap   total 131072K, used 16790K [0x0000000080000000, 0x0000000100000000)
  region size 1024K, 6 young (6144K), 6 survivors (6144K)
 Metaspace       used 18257K, capacity 18647K, committed 18816K, reserved 1064960K
  class space    used 2181K, capacity 2308K, committed 2432K, reserved 1048576K
}
Event: 2.062 GC heap before
{Heap before GC invocations=4 (full 0):
 garbage-first heap   total 131072K, used 39318K [0x0000000080000000, 0x0000000100000000)
  region size 1024K, 29 young (29696K), 6 survivors (6144K)
 Metaspace       used 20717K, capacity 21134K, committed 21248K, reserved 1067008K
  class space    used 2550K, capacity 2711K, committed 2816K, reserved 1048576K
}
Event: 2.068 GC heap after
{Heap after GC invocations=5 (full 0):
 garbage-first heap   total 157696K, used 17787K [0x0000000080000000, 0x0000000100000000)
  region size 1024K, 5 young (5120K), 5 survivors (5120K)
 Metaspace       used 20717K, capacity 21134K, committed 21248K, reserved 1067008K
  class space    used 2550K, capacity 2711K, committed 2816K, reserved 1048576K
}
Event: 2.626 GC heap before
{Heap before GC invocations=6 (full 0):
 garbage-first heap   total 157696K, used 73083K [0x0000000080000000, 0x0000000100000000)
  region size 1024K, 59 young (60416K), 5 survivors (5120K)
 Metaspace       used 26649K, capacity 27265K, committed 27520K, reserved 1073152K
  class space    used 3479K, capacity 3701K, committed 3712K, reserved 1048576K
}
Event: 2.633 GC heap after
{Heap after GC invocations=7 (full 0):
 garbage-first heap   total 157696K, used 20074K [0x0000000080000000, 0x0000000100000000)
  region size 1024K, 7 young (7168K), 7 survivors (7168K)
 Metaspace       used 26649K, capacity 27265K, committed 27520K, reserved 1073152K
  class space    used 3479K, capacity 3701K, committed 3712K, reserved 1048576K
}
Event: 3.377 GC heap before
{Heap before GC invocations=7 (full 0):
 garbage-first heap   total 157696K, used 77418K [0x0000000080000000, 0x0000000100000000)
  region size 1024K, 64 young (65536K), 7 survivors (7168K)
 Metaspace       used 34898K, capacity 35719K, committed 35840K, reserved 1081344K
  class space    used 4531K, capacity 4839K, committed 4864K, reserved 1048576K
}
Event: 3.391 GC heap after
{Heap after GC invocations=8 (full 0):
 garbage-first heap   total 157696K, used 23101K [0x0000000080000000, 0x0000000100000000)
  region size 1024K, 10 young (10240K), 10 survivors (10240K)
 Metaspace       used 34898K, capacity 35719K, committed 35840K, reserved 1081344K
  class space    used 4531K, capacity 4839K, committed 4864K, reserved 1048576K
}
Event: 4.257 GC heap before
{Heap before GC invocations=9 (full 0):
 garbage-first heap   total 157696K, used 101949K [0x0000000080000000, 0x0000000100000000)
  region size 1024K, 85 young (87040K), 10 survivors (10240K)
 Metaspace       used 41038K, capacity 41958K, committed 41984K, reserved 1085440K
  class space    used 5268K, capacity 5613K, committed 5632K, reserved 1048576K
}
Event: 4.280 GC heap after
{Heap after GC invocations=10 (full 0):
 garbage-first heap   total 157696K, used 29221K [0x0000000080000000, 0x0000000100000000)
  region size 1024K, 11 young (11264K), 11 survivors (11264K)
 Metaspace       used 41038K, capacity 41958K, committed 41984K, reserved 1085440K
  class space    used 5268K, capacity 5613K, committed 5632K, reserved 1048576K
}
Event: 5.124 GC heap before
{Heap before GC invocations=10 (full 0):
 garbage-first heap   total 157696K, used 108069K [0x0000000080000000, 0x0000000100000000)
  region size 1024K, 87 young (89088K), 11 survivors (11264K)
 Metaspace       used 47492K, capacity 48656K, committed 48768K, reserved 1091584K
  class space    used 6115K, capacity 6517K, committed 6528K, reserved 1048576K
}
Event: 5.140 GC heap after
{Heap after GC invocations=11 (full 0):
 garbage-first heap   total 194560K, used 32687K [0x0000000080000000, 0x0000000100000000)
  region size 1024K, 10 young (10240K), 10 survivors (10240K)
 Metaspace       used 47492K, capacity 48656K, committed 48768K, reserved 1091584K
  class space    used 6115K, capacity 6517K, committed 6528K, reserved 1048576K
}
Event: 6.294 GC heap before
{Heap before GC invocations=11 (full 0):
 garbage-first heap   total 194560K, used 127919K [0x0000000080000000, 0x0000000100000000)
  region size 1024K, 100 young (102400K), 10 survivors (10240K)
 Metaspace       used 55403K, capacity 56749K, committed 56832K, reserved 1097728K
  class space    used 7076K, capacity 7598K, committed 7680K, reserved 1048576K
}
Event: 6.312 GC heap after
{Heap after GC invocations=12 (full 0):
 garbage-first heap   total 194560K, used 45945K [0x0000000080000000, 0x0000000100000000)
  region size 1024K, 13 young (13312K), 13 survivors (13312K)
 Metaspace       used 55403K, capacity 56749K, committed 56832K, reserved 1097728K
  class space    used 7076K, capacity 7598K, committed 7680K, reserved 1048576K
}
Event: 6.590 GC heap before
{Heap before GC invocations=12 (full 0):
 garbage-first heap   total 194560K, used 64377K [0x0000000080000000, 0x0000000100000000)
  region size 1024K, 32 young (32768K), 13 survivors (13312K)
 Metaspace       used 58523K, capacity 59877K, committed 59904K, reserved 1101824K
  class space    used 7410K, capacity 7911K, committed 7936K, reserved 1048576K
}
Event: 6.608 GC heap after
{Heap after GC invocations=13 (full 0):
 garbage-first heap   total 194560K, used 47606K [0x0000000080000000, 0x0000000100000000)
  region size 1024K, 2 young (2048K), 2 survivors (2048K)
 Metaspace       used 58523K, capacity 59877K, committed 59904K, reserved 1101824K
  class space    used 7410K, capacity 7911K, committed 7936K, reserved 1048576K
}
Event: 7.704 GC heap before
{Heap before GC invocations=14 (full 0):
 garbage-first heap   total 194560K, used 138742K [0x0000000080000000, 0x0000000100000000)
  region size 1024K, 91 young (93184K), 2 survivors (2048K)
 Metaspace       used 66280K, capacity 67825K, committed 67960K, reserved 1107968K
  class space    used 8422K, capacity 8969K, committed 9080K, reserved 1048576K
}
Event: 7.722 GC heap after
{Heap after GC invocations=15 (full 0):
 garbage-first heap   total 194560K, used 53180K [0x0000000080000000, 0x0000000100000000)
  region size 1024K, 8 young (8192K), 8 survivors (8192K)
 Metaspace       used 66280K, capacity 67825K, committed 67960K, reserved 1107968K
  class space    used 8422K, capacity 8969K, committed 9080K, reserved 1048576K
}
Event: 8.768 GC heap before
{Heap before GC invocations=16 (full 0):
 garbage-first heap   total 194560K, used 142268K [0x0000000080000000, 0x0000000100000000)
  region size 1024K, 95 young (97280K), 8 survivors (8192K)
 Metaspace       used 73790K, capacity 75547K, committed 75896K, reserved 1114112K
  class space    used 9593K, capacity 10223K, committed 10360K, reserved 1048576K
}

Deoptimization events (20 events):
Event: 8.634 Thread 0x000001241d733000 DEOPT PACKING pc=0x000001240d1c7d38 sp=0x0000000e898fa2c0
Event: 8.634 Thread 0x000001241d733000 DEOPT UNPACKING pc=0x00000124053ca1af sp=0x0000000e898fa298 mode 2
Event: 8.642 Thread 0x000001241d733000 Uncommon trap: trap_request=0xffffffc6 fr.pc=0x000001240d1c7d38 relative=0x0000000000000f78
Event: 8.642 Thread 0x000001241d733000 Uncommon trap: reason=bimorphic_or_optimized_type_check action=maybe_recompile pc=0x000001240d1c7d38 method=com.google.common.collect.ImmutableSet$RegularSetBuilderImpl.add(Ljava/lang/Object;)Lcom/google/common/collect/ImmutableSet$SetBuilderImpl; @ 95 c2
Event: 8.642 Thread 0x000001241d733000 DEOPT PACKING pc=0x000001240d1c7d38 sp=0x0000000e898f9810
Event: 8.642 Thread 0x000001241d733000 DEOPT UNPACKING pc=0x00000124053ca1af sp=0x0000000e898f97d8 mode 2
Event: 8.693 Thread 0x000001241d733000 Uncommon trap: trap_request=0xffffff4d fr.pc=0x000001240ceb0a1c relative=0x000000000000099c
Event: 8.693 Thread 0x000001241d733000 Uncommon trap: reason=unstable_if action=reinterpret pc=0x000001240ceb0a1c method=java.util.HashMap.resize()[Ljava/util/HashMap$Node; @ 203 c2
Event: 8.693 Thread 0x000001241d733000 DEOPT PACKING pc=0x000001240ceb0a1c sp=0x0000000e898f8ef0
Event: 8.693 Thread 0x000001241d733000 DEOPT UNPACKING pc=0x00000124053ca1af sp=0x0000000e898f8e90 mode 2
Event: 8.693 Thread 0x000001241d733000 Uncommon trap: trap_request=0xffffff4d fr.pc=0x000001240d182c70 relative=0x0000000000002af0
Event: 8.693 Thread 0x000001241d733000 Uncommon trap: reason=unstable_if action=reinterpret pc=0x000001240d182c70 method=java.util.HashMap.getNode(ILjava/lang/Object;)Ljava/util/HashMap$Node; @ 84 c2
Event: 8.693 Thread 0x000001241d733000 DEOPT PACKING pc=0x000001240d182c70 sp=0x0000000e898f8f90
Event: 8.693 Thread 0x000001241d733000 DEOPT UNPACKING pc=0x00000124053ca1af sp=0x0000000e898f8e88 mode 2
Event: 8.693 Thread 0x000001241d733000 Uncommon trap: trap_request=0xffffff4d fr.pc=0x000001240d0f9764 relative=0x00000000000001a4
Event: 8.693 Thread 0x000001241d733000 Uncommon trap: reason=unstable_if action=reinterpret pc=0x000001240d0f9764 method=java.util.HashMap.getNode(ILjava/lang/Object;)Ljava/util/HashMap$Node; @ 84 c2
Event: 8.693 Thread 0x000001241d733000 DEOPT PACKING pc=0x000001240d0f9764 sp=0x0000000e898f8ef0
Event: 8.693 Thread 0x000001241d733000 DEOPT UNPACKING pc=0x00000124053ca1af sp=0x0000000e898f8e60 mode 2
Event: 8.750 Thread 0x000001241d733000 DEOPT PACKING pc=0x00000124066ecb38 sp=0x0000000e898f94c0
Event: 8.750 Thread 0x000001241d733000 DEOPT UNPACKING pc=0x00000124053ca95e sp=0x0000000e898f89c8 mode 0

Classes redefined (0 events):
No events

Internal exceptions (20 events):
Event: 7.859 Thread 0x000001241d733000 Exception <a 'java/lang/ClassNotFoundException'{0x000000008ad16328}: org/gradle/api/JavaVersionBeanInfo> (0x000000008ad16328) thrown at [./src/hotspot/share/classfile/systemDictionary.cpp, line 231]
Event: 7.860 Thread 0x000001241d733000 Exception <a 'java/lang/ClassNotFoundException'{0x000000008ad41110}: org/gradle/api/JavaVersionCustomizer> (0x000000008ad41110) thrown at [./src/hotspot/share/classfile/systemDictionary.cpp, line 231]
Event: 7.863 Thread 0x000001241d733000 Exception <a 'java/lang/ClassNotFoundException'{0x000000008ada9940}: com/android/build/gradle/internal/CompileOptions$AgpDecorated_DecoratedBeanInfo> (0x000000008ada9940) thrown at [./src/hotspot/share/classfile/systemDictionary.cpp, line 231]
Event: 7.864 Thread 0x000001241d733000 Exception <a 'java/lang/ClassNotFoundException'{0x000000008adc5340}: com/android/build/gradle/internal/CompileOptions$AgpDecoratedBeanInfo> (0x000000008adc5340) thrown at [./src/hotspot/share/classfile/systemDictionary.cpp, line 231]
Event: 7.864 Thread 0x000001241d733000 Exception <a 'java/lang/ClassNotFoundException'{0x000000008addeef0}: com/android/build/gradle/internal/CompileOptionsBeanInfo> (0x000000008addeef0) thrown at [./src/hotspot/share/classfile/systemDictionary.cpp, line 231]
Event: 7.864 Thread 0x000001241d733000 Exception <a 'java/lang/ClassNotFoundException'{0x000000008adf9090}: com/android/build/gradle/internal/CompileOptionsCustomizer> (0x000000008adf9090) thrown at [./src/hotspot/share/classfile/systemDictionary.cpp, line 231]
Event: 7.865 Thread 0x000001241d733000 Exception <a 'java/lang/ClassNotFoundException'{0x000000008ac20bd8}: com/android/build/gradle/internal/CompileOptions$AgpDecoratedCustomizer> (0x000000008ac20bd8) thrown at [./src/hotspot/share/classfile/systemDictionary.cpp, line 231]
Event: 7.867 Thread 0x000001241d733000 Exception <a 'java/lang/ClassNotFoundException'{0x000000008ac4b7f8}: com/android/build/gradle/internal/CompileOptions$AgpDecorated_DecoratedCustomizer> (0x000000008ac4b7f8) thrown at [./src/hotspot/share/classfile/systemDictionary.cpp, line 231]
Event: 7.872 Thread 0x000001241d733000 Exception <a 'java/lang/ClassNotFoundException'{0x000000008ab0c4f8}: org/gradle/api/internal/artifacts/dsl/dependencies/DefaultDependencyHandler_DecoratedBeanInfo> (0x000000008ab0c4f8) thrown at [./src/hotspot/share/classfile/systemDictionary.cpp, line 231]
Event: 7.874 Thread 0x000001241d733000 Exception <a 'java/lang/ClassNotFoundException'{0x000000008ab555c0}: org/gradle/api/internal/artifacts/dsl/dependencies/DefaultDependencyHandlerBeanInfo> (0x000000008ab555c0) thrown at [./src/hotspot/share/classfile/systemDictionary.cpp, line 231]
Event: 7.875 Thread 0x000001241d733000 Exception <a 'java/lang/ClassNotFoundException'{0x000000008ab9e318}: org/gradle/api/internal/artifacts/dsl/dependencies/DefaultDependencyHandlerCustomizer> (0x000000008ab9e318) thrown at [./src/hotspot/share/classfile/systemDictionary.cpp, line 231]
Event: 7.877 Thread 0x000001241d733000 Exception <a 'java/lang/ClassNotFoundException'{0x000000008aa0e618}: org/gradle/api/internal/artifacts/dsl/dependencies/DefaultDependencyHandler_DecoratedCustomizer> (0x000000008aa0e618) thrown at [./src/hotspot/share/classfile/systemDictionary.cpp, line 231]
Event: 8.503 Thread 0x000001241d733000 Exception <a 'java/lang/ClassNotFoundException'{0x0000000087c75540}: com/android/build/gradle/internal/api/ApkVariantOutputImpl_DecoratedBeanInfo> (0x0000000087c75540) thrown at [./src/hotspot/share/classfile/systemDictionary.cpp, line 231]
Event: 8.503 Thread 0x000001241d733000 Exception <a 'java/lang/ClassNotFoundException'{0x0000000087c8ffc8}: com/android/build/gradle/internal/api/ApkVariantOutputImplBeanInfo> (0x0000000087c8ffc8) thrown at [./src/hotspot/share/classfile/systemDictionary.cpp, line 231]
Event: 8.504 Thread 0x000001241d733000 Exception <a 'java/lang/ClassNotFoundException'{0x0000000087cab038}: com/android/build/gradle/internal/api/BaseVariantOutputImplBeanInfo> (0x0000000087cab038) thrown at [./src/hotspot/share/classfile/systemDictionary.cpp, line 231]
Event: 8.504 Thread 0x000001241d733000 Exception <a 'java/lang/ClassNotFoundException'{0x0000000087cc6110}: com/android/build/gradle/internal/api/BaseVariantOutputImplCustomizer> (0x0000000087cc6110) thrown at [./src/hotspot/share/classfile/systemDictionary.cpp, line 231]
Event: 8.505 Thread 0x000001241d733000 Exception <a 'java/lang/ClassNotFoundException'{0x0000000087cf3880}: com/android/build/gradle/internal/api/ApkVariantOutputImplCustomizer> (0x0000000087cf3880) thrown at [./src/hotspot/share/classfile/systemDictionary.cpp, line 231]
Event: 8.506 Thread 0x000001241d733000 Exception <a 'java/lang/ClassNotFoundException'{0x0000000087b1d998}: com/android/build/gradle/internal/api/ApkVariantOutputImpl_DecoratedCustomizer> (0x0000000087b1d998) thrown at [./src/hotspot/share/classfile/systemDictionary.cpp, line 231]
Event: 8.516 Thread 0x000001241d733000 Exception <a 'java/lang/NoClassDefFoundError'{0x0000000087a8a588}: org/jetbrains/kotlin/gradle/plugin/KotlinBasePluginWrapper> (0x0000000087a8a588) thrown at [./src/hotspot/share/classfile/systemDictionary.cpp, line 220]
Event: 8.566 Thread 0x000001241d733000 Implicit null exception at 0x000001240d05dfaf to 0x000001240d05e720

Events (20 events):
Event: 8.748 loading class org/gradle/internal/service/scopes/Scopes$Project done
Event: 8.749 loading class org/gradle/internal/work/DefaultConditionalExecutionQueue
Event: 8.749 loading class org/gradle/internal/work/DefaultConditionalExecutionQueue done
Event: 8.749 loading class org/gradle/internal/work/DefaultConditionalExecutionQueue$QueueState
Event: 8.749 loading class org/gradle/internal/work/DefaultConditionalExecutionQueue$QueueState done
Event: 8.756 loading class com/android/build/gradle/internal/tasks/MergeJavaResourceTask$Companion
Event: 8.756 loading class com/android/build/gradle/internal/tasks/MergeJavaResourceTask$Companion done
Event: 8.760 loading class com/android/build/gradle/internal/tasks/MergeJavaResourceTask$Companion$predicate$1
Event: 8.760 loading class com/android/build/gradle/internal/tasks/MergeJavaResourceTask$Companion$predicate$1 done
Event: 8.761 loading class com/android/build/gradle/internal/tasks/MergeJavaResourceTaskKt
Event: 8.761 loading class com/android/build/gradle/internal/tasks/MergeJavaResourceTaskKt done
Event: 8.762 loading class com/android/build/gradle/internal/tasks/MergeJavaResourceTaskKt$getProjectJavaRes$1
Event: 8.762 loading class com/android/build/gradle/internal/tasks/MergeJavaResourceTaskKt$getProjectJavaRes$1 done
Event: 8.764 loading class com/android/build/gradle/internal/tasks/DexMergingTask$SharedParams
Event: 8.764 loading class com/android/build/gradle/internal/tasks/DexMergingTask$SharedParams done
Event: 8.764 loading class org/gradle/api/tasks/InputDirectory
Event: 8.764 loading class org/gradle/api/tasks/InputDirectory done
Event: 8.767 loading class com/android/build/gradle/internal/tasks/DexMergingTask$SharedParams$MainDexListConfig
Event: 8.767 loading class com/android/build/gradle/internal/tasks/DexMergingTask$SharedParams$MainDexListConfig done
Event: 8.768 Executing VM operation: G1CollectForAllocation


Dynamic libraries:
0x00007ff7cfa60000 - 0x00007ff7cfa6a000 	C:\Program Files\Android\Android Studio\jre\bin\java.exe
0x00007ffc5fb20000 - 0x00007ffc5fd29000 	C:\Windows\SYSTEM32\ntdll.dll
0x00007ffc5f350000 - 0x00007ffc5f40d000 	C:\Windows\System32\KERNEL32.DLL
0x00007ffc5d460000 - 0x00007ffc5d7d4000 	C:\Windows\System32\KERNELBASE.dll
0x00007ffc5d1d0000 - 0x00007ffc5d2e1000 	C:\Windows\System32\ucrtbase.dll
0x00007ffc36020000 - 0x00007ffc36039000 	C:\Program Files\Android\Android Studio\jre\bin\jli.dll
0x00007ffc3b4f0000 - 0x00007ffc3b507000 	C:\Program Files\Android\Android Studio\jre\bin\VCRUNTIME140.dll
0x00007ffc5dbe0000 - 0x00007ffc5dd8c000 	C:\Windows\System32\USER32.dll
0x00007ffc5d850000 - 0x00007ffc5d876000 	C:\Windows\System32\win32u.dll
0x00007ffc5f580000 - 0x00007ffc5f5a9000 	C:\Windows\System32\GDI32.dll
0x00007ffc5d010000 - 0x00007ffc5d122000 	C:\Windows\System32\gdi32full.dll
0x00007ffc5d130000 - 0x00007ffc5d1cd000 	C:\Windows\System32\msvcp_win.dll
0x00007ffc30990000 - 0x00007ffc30c35000 	C:\Windows\WinSxS\amd64_microsoft.windows.common-controls_6595b64144ccf1df_6.0.22000.120_none_9d947278b86cc467\COMCTL32.dll
0x00007ffc5f2a0000 - 0x00007ffc5f343000 	C:\Windows\System32\msvcrt.dll
0x00007ffc5e830000 - 0x00007ffc5e861000 	C:\Windows\System32\IMM32.DLL
0x00007ffc0e480000 - 0x00007ffc0e51d000 	C:\Program Files\Android\Android Studio\jre\bin\msvcp140.dll
0x00007ffc0e5d0000 - 0x00007ffc0f0b5000 	C:\Program Files\Android\Android Studio\jre\bin\server\jvm.dll
0x00007ffc5fa30000 - 0x00007ffc5fade000 	C:\Windows\System32\ADVAPI32.dll
0x00007ffc5e770000 - 0x00007ffc5e80e000 	C:\Windows\System32\sechost.dll
0x00007ffc5de20000 - 0x00007ffc5df40000 	C:\Windows\System32\RPCRT4.dll
0x00007ffc5e760000 - 0x00007ffc5e768000 	C:\Windows\System32\PSAPI.DLL
0x00007ffc4a910000 - 0x00007ffc4a91a000 	C:\Windows\SYSTEM32\VERSION.dll
0x00007ffc52700000 - 0x00007ffc52733000 	C:\Windows\SYSTEM32\WINMM.dll
0x00007ffc56800000 - 0x00007ffc56809000 	C:\Windows\SYSTEM32\WSOCK32.dll
0x00007ffc5df40000 - 0x00007ffc5dfaf000 	C:\Windows\System32\WS2_32.dll
0x00007ffc5baf0000 - 0x00007ffc5bb08000 	C:\Windows\SYSTEM32\kernel.appcore.dll
0x00007ffc567e0000 - 0x00007ffc567f1000 	C:\Program Files\Android\Android Studio\jre\bin\verify.dll
0x00007ffc56090000 - 0x00007ffc562b1000 	C:\Windows\SYSTEM32\DBGHELP.DLL
0x00007ffc48430000 - 0x00007ffc48461000 	C:\Windows\SYSTEM32\dbgcore.DLL
0x00007ffc5d880000 - 0x00007ffc5d8ff000 	C:\Windows\System32\bcryptPrimitives.dll
0x00007ffc567b0000 - 0x00007ffc567d9000 	C:\Program Files\Android\Android Studio\jre\bin\java.dll
0x00007ffc567a0000 - 0x00007ffc567ab000 	C:\Program Files\Android\Android Studio\jre\bin\jimage.dll
0x00007ffc3c5d0000 - 0x00007ffc3c5e8000 	C:\Program Files\Android\Android Studio\jre\bin\zip.dll
0x00007ffc5eaf0000 - 0x00007ffc5f29e000 	C:\Windows\System32\SHELL32.dll
0x00007ffc5b280000 - 0x00007ffc5bae7000 	C:\Windows\SYSTEM32\windows.storage.dll
0x00007ffc5e0a0000 - 0x00007ffc5e418000 	C:\Windows\System32\combase.dll
0x00007ffc5b110000 - 0x00007ffc5b276000 	C:\Windows\SYSTEM32\wintypes.dll
0x00007ffc5e420000 - 0x00007ffc5e50a000 	C:\Windows\System32\SHCORE.dll
0x00007ffc5d9c0000 - 0x00007ffc5da1d000 	C:\Windows\System32\shlwapi.dll
0x00007ffc5cf40000 - 0x00007ffc5cf61000 	C:\Windows\SYSTEM32\profapi.dll
0x00007ffc3c5b0000 - 0x00007ffc3c5ca000 	C:\Program Files\Android\Android Studio\jre\bin\net.dll
0x00007ffc50c90000 - 0x00007ffc50d9c000 	C:\Windows\SYSTEM32\WINHTTP.dll
0x00007ffc5c630000 - 0x00007ffc5c697000 	C:\Windows\system32\mswsock.dll
0x00007ffc3c590000 - 0x00007ffc3c5a4000 	C:\Program Files\Android\Android Studio\jre\bin\nio.dll
0x00007ffc35f90000 - 0x00007ffc35fb7000 	C:\Users\Admin\.gradle\native\e1d6ef7f7dcc3fd88c89a11ec53ec762bb8ba0a96d01ffa2cd45eb1d1d8dd5c5\windows-amd64\native-platform.dll
0x00007ffbee5c0000 - 0x00007ffbee704000 	C:\Users\Admin\.gradle\native\5664cfc778a61ccfe75a443a1ab52a65af34e5dc3c78e0209fed803814484fcb\windows-amd64\native-platform-file-events.dll
0x00007ffc50ad0000 - 0x00007ffc50ada000 	C:\Program Files\Android\Android Studio\jre\bin\management.dll
0x00007ffc3c580000 - 0x00007ffc3c58d000 	C:\Program Files\Android\Android Studio\jre\bin\management_ext.dll
0x00007ffc5c870000 - 0x00007ffc5c888000 	C:\Windows\SYSTEM32\CRYPTSP.dll
0x00007ffc5c190000 - 0x00007ffc5c1c5000 	C:\Windows\system32\rsaenh.dll
0x00007ffc5c720000 - 0x00007ffc5c749000 	C:\Windows\SYSTEM32\USERENV.dll
0x00007ffc5c9f0000 - 0x00007ffc5ca17000 	C:\Windows\SYSTEM32\bcrypt.dll
0x00007ffc5c890000 - 0x00007ffc5c89c000 	C:\Windows\SYSTEM32\CRYPTBASE.dll
0x00007ffc5bd60000 - 0x00007ffc5bd8d000 	C:\Windows\SYSTEM32\IPHLPAPI.DLL
0x00007ffc5e6f0000 - 0x00007ffc5e6f9000 	C:\Windows\System32\NSI.dll
0x00007ffc50b60000 - 0x00007ffc50b79000 	C:\Windows\SYSTEM32\dhcpcsvc6.DLL
0x00007ffc50fc0000 - 0x00007ffc50fde000 	C:\Windows\SYSTEM32\dhcpcsvc.DLL
0x00007ffc5bdd0000 - 0x00007ffc5beb7000 	C:\Windows\SYSTEM32\DNSAPI.dll

dbghelp: loaded successfully - version: 4.0.5 - missing functions: none
symbol engine: initialized successfully - sym options: 0x614 - pdb path: .;C:\Program Files\Android\Android Studio\jre\bin;C:\Windows\SYSTEM32;C:\Windows\WinSxS\amd64_microsoft.windows.common-controls_6595b64144ccf1df_6.0.22000.120_none_9d947278b86cc467;C:\Program Files\Android\Android Studio\jre\bin\server;C:\Users\Admin\.gradle\native\e1d6ef7f7dcc3fd88c89a11ec53ec762bb8ba0a96d01ffa2cd45eb1d1d8dd5c5\windows-amd64;C:\Users\Admin\.gradle\native\5664cfc778a61ccfe75a443a1ab52a65af34e5dc3c78e0209fed803814484fcb\windows-amd64

VM Arguments:
jvm_args: --add-opens=java.base/java.util=ALL-UNNAMED --add-opens=java.base/java.lang=ALL-UNNAMED --add-opens=java.base/java.lang.invoke=ALL-UNNAMED --add-opens=java.base/java.util=ALL-UNNAMED --add-opens=java.prefs/java.util.prefs=ALL-UNNAMED --add-opens=java.prefs/java.util.prefs=ALL-UNNAMED --add-opens=java.base/java.nio.charset=ALL-UNNAMED --add-opens=java.base/java.net=ALL-UNNAMED --add-opens=java.base/java.util.concurrent.atomic=ALL-UNNAMED -Xmx2048m -Dfile.encoding=UTF-8 -Duser.country=US -Duser.language=en -Duser.variant 
java_command: org.gradle.launcher.daemon.bootstrap.GradleDaemon 7.3.3
java_class_path (initial): C:\Users\Admin\.gradle\wrapper\dists\gradle-7.3.3-bin\6a41zxkdtcxs8rphpq6y0069z\gradle-7.3.3\lib\gradle-launcher-7.3.3.jar
Launcher Type: SUN_STANDARD

[Global flags]
     intx CICompilerCount                          = 3                                         {product} {ergonomic}
     uint ConcGCThreads                            = 1                                         {product} {ergonomic}
     uint G1ConcRefinementThreads                  = 4                                         {product} {ergonomic}
   size_t G1HeapRegionSize                         = 1048576                                   {product} {ergonomic}
    uintx GCDrainStackTargetSize                   = 64                                        {product} {ergonomic}
   size_t InitialHeapSize                          = 134217728                                 {product} {ergonomic}
   size_t MarkStackSize                            = 4194304                                   {product} {ergonomic}
   size_t MaxHeapSize                              = 2147483648                                {product} {command line}
   size_t MaxNewSize                               = 1287651328                                {product} {ergonomic}
   size_t MinHeapDeltaBytes                        = 1048576                                   {product} {ergonomic}
    uintx NonNMethodCodeHeapSize                   = 5830732                                {pd product} {ergonomic}
    uintx NonProfiledCodeHeapSize                  = 122913754                              {pd product} {ergonomic}
    uintx ProfiledCodeHeapSize                     = 122913754                              {pd product} {ergonomic}
    uintx ReservedCodeCacheSize                    = 251658240                              {pd product} {ergonomic}
     bool SegmentedCodeCache                       = true                                      {product} {ergonomic}
     bool UseCompressedClassPointers               = true                                 {lp64_product} {ergonomic}
     bool UseCompressedOops                        = true                                 {lp64_product} {ergonomic}
     bool UseG1GC                                  = true                                      {product} {ergonomic}
     bool UseLargePagesIndividualAllocation        = false                                  {pd product} {ergonomic}

Logging:
Log output configuration:
 #0: stdout all=warning uptime,level,tags
 #1: stderr all=off uptime,level,tags

Environment Variables:
PATH=C:\Program Files\Common Files\Oracle\Java\javapath;C:\Program Files (x86)\Common Files\Oracle\Java\javapath;C:\Windows\system32;C:\Windows;C:\Windows\System32\Wbem;C:\Windows\System32\WindowsPowerShell\v1.0\;C:\Windows\System32\OpenSSH\;C:\Program Files (x86)\Intel\Intel(R) Management Engine Components\DAL;C:\Program Files\Intel\Intel(R) Management Engine Components\DAL;C:\Program Files\Git\cmd;C:\Users\Admin\AppData\Local\Microsoft\WindowsApps;C:\Users\Admin\AppData\Local\Programs\Microsoft VS Code\bin;C:\Users\Admin\AppData\Local\atom\bin;C:\Users\Admin\AppData\Local\GitHubDesktop\bin
USERNAME=Admin
OS=Windows_NT
PROCESSOR_IDENTIFIER=Intel64 Family 6 Model 78 Stepping 3, GenuineIntel



---------------  S Y S T E M  ---------------

OS: Windows 10 , 64 bit Build 22000 (10.0.22000.434)
OS uptime: 0 days 2:01 hours

CPU:total 4 (initial active 4) (2 cores per cpu, 2 threads per core) family 6 model 78 stepping 3 microcode 0xd6, cmov, cx8, fxsr, mmx, sse, sse2, sse3, ssse3, sse4.1, sse4.2, popcnt, avx, avx2, aes, clmul, erms, rtm, 3dnowpref, lzcnt, ht, tsc, tscinvbit, bmi1, bmi2, adx, fma

Memory: 4k page, system-wide physical 8072M (869M free)
TotalPageFile size 8072M (AvailPageFile size 38M)
current process WorkingSet (physical memory assigned to process): 408M, peak: 408M
current process commit charge ("private bytes"): 444M, peak: 482M

vm_info: OpenJDK 64-Bit Server VM (11.0.12+7-b1504.28-7817840) for windows-amd64 JRE (11.0.12+7-b1504.28-7817840), built on Oct 13 2021 22:12:33 by "builder" with MS VC++ 14.0 (VS2015)

END.
