#
# There is insufficient memory for the Java Runtime Environment to continue.
# Native memory allocation (malloc) failed to allocate 1370736 bytes for Chunk::new
# Possible reasons:
#   The system is out of physical RAM or swap space
#   The process is running with CompressedOops enabled, and the Java Heap may be blocking the growth of the native heap
# Possible solutions:
#   Reduce memory load on the system
#   Increase physical memory or swap space
#   Check if swap backing store is full
#   Decrease Java heap size (-Xmx/-Xms)
#   Decrease number of Java threads
#   Decrease Java thread stack sizes (-Xss)
#   Set larger code cache with -XX:ReservedCodeCacheSize=
#   JVM is running with Unscaled Compressed Oops mode in which the Java heap is
#     placed in the first 4GB address space. The Java Heap base address is the
#     maximum limit for the native heap growth. Please use -XX:HeapBaseMinAddress
#     to set the Java Heap base and to place the Java Heap above 4GB virtual address.
# This output file may be truncated or incomplete.
#
#  Out of Memory Error (./src/hotspot/share/memory/arena.cpp:197), pid=4924, tid=8124
#
# JRE version: OpenJDK Runtime Environment (11.0.12+7) (build 11.0.12+7-b1504.28-7817840)
# Java VM: OpenJDK 64-Bit Server VM (11.0.12+7-b1504.28-7817840, mixed mode, tiered, compressed oops, g1 gc, windows-amd64)
# No core dump will be written. Minidumps are not enabled by default on client versions of Windows
#

---------------  S U M M A R Y ------------

Command Line: --add-opens=java.base/java.util=ALL-UNNAMED --add-opens=java.base/java.lang=ALL-UNNAMED --add-opens=java.base/java.lang.invoke=ALL-UNNAMED --add-opens=java.base/java.util=ALL-UNNAMED --add-opens=java.prefs/java.util.prefs=ALL-UNNAMED --add-opens=java.prefs/java.util.prefs=ALL-UNNAMED --add-opens=java.base/java.nio.charset=ALL-UNNAMED --add-opens=java.base/java.net=ALL-UNNAMED --add-opens=java.base/java.util.concurrent.atomic=ALL-UNNAMED -Xmx2048m -Dfile.encoding=UTF-8 -Duser.country=US -Duser.language=en -Duser.variant org.gradle.launcher.daemon.bootstrap.GradleDaemon 7.3.3

Host: Intel(R) Core(TM) i7-6600U CPU @ 2.60GHz, 4 cores, 7G,  Windows 10 , 64 bit Build 22000 (10.0.22000.434)
Time: Tue Aug 23 01:05:41 2022 Egypt Standard Time elapsed time: 3.150598 seconds (0d 0h 0m 3s)

---------------  T H R E A D  ---------------

Current thread (0x0000027bffd86000):  JavaThread "C2 CompilerThread1" daemon [_thread_in_native, id=8124, stack(0x000000c6ff500000,0x000000c6ff600000)]


Current CompileTask:
C2:   3150 2260   !   4       java.net.URL::<init> (543 bytes)

Stack: [0x000000c6ff500000,0x000000c6ff600000]
Native frames: (J=compiled Java code, j=interpreted, Vv=VM code, C=native code)
V  [jvm.dll+0x5fbcea]
V  [jvm.dll+0x731905]
V  [jvm.dll+0x732f1d]
V  [jvm.dll+0x7335d3]
V  [jvm.dll+0x247bf8]
V  [jvm.dll+0xc018c]
V  [jvm.dll+0xc06cc]
V  [jvm.dll+0x35b31d]
V  [jvm.dll+0x328803]
V  [jvm.dll+0x327cfa]
V  [jvm.dll+0x200602]
V  [jvm.dll+0x1ff794]
V  [jvm.dll+0x18868c]
V  [jvm.dll+0x20e0d7]
V  [jvm.dll+0x20c901]
V  [jvm.dll+0x6f9b7f]
V  [jvm.dll+0x6f26a5]
V  [jvm.dll+0x5fabf6]
C  [ucrtbase.dll+0x26c0c]
C  [KERNEL32.DLL+0x154e0]
C  [ntdll.dll+0x485b]


---------------  P R O C E S S  ---------------

Threads class SMR info:
_java_thread_list=0x0000027b89eefe30, length=30, elements={
0x0000027be9e9f000, 0x0000027bffa14800, 0x0000027bffa21800, 0x0000027bffa2a800,
0x0000027bffa2e000, 0x0000027bffa85800, 0x0000027bffa88800, 0x0000027bffa8d000,
0x0000027bffa98800, 0x0000027bffbef800, 0x0000027bffd86000, 0x0000027b884bd000,
0x0000027b88a50800, 0x0000027b87bb8000, 0x0000027b883a2000, 0x0000027b8744b000,
0x0000027b88987000, 0x0000027b898a7800, 0x0000027b88462000, 0x0000027b87b5a800,
0x0000027b887a0800, 0x0000027b887a4000, 0x0000027b887a3000, 0x0000027b887a1800,
0x0000027b887a2800, 0x0000027b887a7000, 0x0000027b887a4800, 0x0000027b887a5800,
0x0000027b887a6800, 0x0000027b8a29f000
}

Java Threads: ( => current thread )
  0x0000027be9e9f000 JavaThread "main" [_thread_blocked, id=2416, stack(0x000000c6fe400000,0x000000c6fe500000)]
  0x0000027bffa14800 JavaThread "Reference Handler" daemon [_thread_blocked, id=3792, stack(0x000000c6feb00000,0x000000c6fec00000)]
  0x0000027bffa21800 JavaThread "Finalizer" daemon [_thread_blocked, id=3736, stack(0x000000c6fec00000,0x000000c6fed00000)]
  0x0000027bffa2a800 JavaThread "Signal Dispatcher" daemon [_thread_blocked, id=9268, stack(0x000000c6fed00000,0x000000c6fee00000)]
  0x0000027bffa2e000 JavaThread "Attach Listener" daemon [_thread_blocked, id=9996, stack(0x000000c6fee00000,0x000000c6fef00000)]
  0x0000027bffa85800 JavaThread "Service Thread" daemon [_thread_blocked, id=10788, stack(0x000000c6fef00000,0x000000c6ff000000)]
  0x0000027bffa88800 JavaThread "C2 CompilerThread0" daemon [_thread_in_native, id=5196, stack(0x000000c6ff000000,0x000000c6ff100000)]
  0x0000027bffa8d000 JavaThread "C1 CompilerThread0" daemon [_thread_in_vm, id=6100, stack(0x000000c6ff100000,0x000000c6ff200000)]
  0x0000027bffa98800 JavaThread "Sweeper thread" daemon [_thread_blocked, id=8484, stack(0x000000c6ff200000,0x000000c6ff300000)]
  0x0000027bffbef800 JavaThread "Common-Cleaner" daemon [_thread_blocked, id=9020, stack(0x000000c6ff300000,0x000000c6ff400000)]
=>0x0000027bffd86000 JavaThread "C2 CompilerThread1" daemon [_thread_in_native, id=8124, stack(0x000000c6ff500000,0x000000c6ff600000)]
  0x0000027b884bd000 JavaThread "Daemon health stats" [_thread_blocked, id=5772, stack(0x000000c6ff800000,0x000000c6ff900000)]
  0x0000027b88a50800 JavaThread "Incoming local TCP Connector on port 62332" [_thread_in_native, id=9372, stack(0x000000c6ff900000,0x000000c6ffa00000)]
  0x0000027b87bb8000 JavaThread "Daemon periodic checks" [_thread_blocked, id=11516, stack(0x000000c6ffa00000,0x000000c6ffb00000)]
  0x0000027b883a2000 JavaThread "Daemon" [_thread_blocked, id=7588, stack(0x000000c6ffb00000,0x000000c6ffc00000)]
  0x0000027b8744b000 JavaThread "Handler for socket connection from /127.0.0.1:62332 to /127.0.0.1:62333" [_thread_in_native, id=8808, stack(0x000000c6ffc00000,0x000000c6ffd00000)]
  0x0000027b88987000 JavaThread "Cancel handler" [_thread_blocked, id=7400, stack(0x000000c6ffd00000,0x000000c6ffe00000)]
  0x0000027b898a7800 JavaThread "Daemon worker" [_thread_in_vm, id=3588, stack(0x000000c6ffe00000,0x000000c6fff00000)]
  0x0000027b88462000 JavaThread "Asynchronous log dispatcher for DefaultDaemonConnection: socket connection from /127.0.0.1:62332 to /127.0.0.1:62333" [_thread_blocked, id=2172, stack(0x000000c6fff00000,0x000000c700000000)]
  0x0000027b87b5a800 JavaThread "Stdin handler" [_thread_blocked, id=7524, stack(0x000000c680000000,0x000000c680100000)]
  0x0000027b887a0800 JavaThread "Daemon client event forwarder" [_thread_blocked, id=3780, stack(0x000000c680100000,0x000000c680200000)]
  0x0000027b887a4000 JavaThread "Cache worker for journal cache (C:\Users\Admin\.gradle\caches\journal-1)" [_thread_blocked, id=11708, stack(0x000000c680300000,0x000000c680400000)]
  0x0000027b887a3000 JavaThread "File lock request listener" [_thread_in_native, id=9908, stack(0x000000c680400000,0x000000c680500000)]
  0x0000027b887a1800 JavaThread "Cache worker for file hash cache (C:\Users\Admin\.gradle\caches\7.3.3\fileHashes)" [_thread_blocked, id=11844, stack(0x000000c680500000,0x000000c680600000)]
  0x0000027b887a2800 JavaThread "Cache worker for file hash cache (C:\Users\Admin\Desktop\jana\cw77\.gradle\7.3.3\fileHashes)" [_thread_blocked, id=12036, stack(0x000000c680600000,0x000000c680700000)]
  0x0000027b887a7000 JavaThread "File watcher server" daemon [_thread_in_native, id=11408, stack(0x000000c680700000,0x000000c680800000)]
  0x0000027b887a4800 JavaThread "File watcher consumer" daemon [_thread_blocked, id=1588, stack(0x000000c680800000,0x000000c680900000)]
  0x0000027b887a5800 JavaThread "Cache worker for checksums cache (C:\Users\Admin\Desktop\jana\cw77\.gradle\7.3.3\checksums)" [_thread_blocked, id=6248, stack(0x000000c680900000,0x000000c680a00000)]
  0x0000027b887a6800 JavaThread "Cache worker for cache directory md-supplier (C:\Users\Admin\.gradle\caches\7.3.3\md-supplier)" [_thread_blocked, id=12268, stack(0x000000c680a00000,0x000000c680b00000)]
  0x0000027b8a29f000 JavaThread "Cache worker for cache directory md-rule (C:\Users\Admin\.gradle\caches\7.3.3\md-rule)" [_thread_blocked, id=2032, stack(0x000000c680b00000,0x000000c680c00000)]

Other Threads:
  0x0000027bffa38000 VMThread "VM Thread" [stack: 0x000000c6fea00000,0x000000c6feb00000] [id=8896]
  0x0000027bffc26800 WatcherThread [stack: 0x000000c6ff400000,0x000000c6ff500000] [id=5528]
  0x0000027be9eb8800 GCTaskThread "GC Thread#0" [stack: 0x000000c6fe500000,0x000000c6fe600000] [id=4404]
  0x0000027b87072000 GCTaskThread "GC Thread#1" [stack: 0x000000c6ff600000,0x000000c6ff700000] [id=6976]
  0x0000027b87158800 GCTaskThread "GC Thread#2" [stack: 0x000000c6ff700000,0x000000c6ff800000] [id=11404]
  0x0000027b87a7f000 GCTaskThread "GC Thread#3" [stack: 0x000000c680200000,0x000000c680300000] [id=9512]
  0x0000027be9eea000 ConcurrentGCThread "G1 Main Marker" [stack: 0x000000c6fe600000,0x000000c6fe700000] [id=3100]
  0x0000027be9eeb000 ConcurrentGCThread "G1 Conc#0" [stack: 0x000000c6fe700000,0x000000c6fe800000] [id=4044]
  0x0000027be9f7d800 ConcurrentGCThread "G1 Refine#0" [stack: 0x000000c6fe800000,0x000000c6fe900000] [id=9536]
  0x0000027bff86a800 ConcurrentGCThread "G1 Young RemSet Sampling" [stack: 0x000000c6fe900000,0x000000c6fea00000] [id=5884]

Threads with active compile tasks:
C2 CompilerThread0   3168 2253   !   4       java.net.URLClassLoader$1::run (63 bytes)
C1 CompilerThread0   3168 2435       2       java.lang.Class::getMethodsRecursive (99 bytes)
C2 CompilerThread1   3168 2260   !   4       java.net.URL::<init> (543 bytes)

VM state:not at safepoint (normal execution)

VM Mutex/Monitor currently owned by a thread: None

Heap address: 0x0000000080000000, size: 2048 MB, Compressed Oops mode: 32-bit
Narrow klass base: 0x0000000000000000, Narrow klass shift: 3
Compressed class space size: 1073741824 Address: 0x0000000100000000

Heap:
 garbage-first heap   total 157696K, used 54093K [0x0000000080000000, 0x0000000100000000)
  region size 1024K, 38 young (38912K), 3 survivors (3072K)
 Metaspace       used 29275K, capacity 29966K, committed 30080K, reserved 1075200K
  class space    used 3892K, capacity 4134K, committed 4224K, reserved 1048576K
Heap Regions: E=young(eden), S=young(survivor), O=old, HS=humongous(starts), HC=humongous(continues), CS=collection set, F=free, A=archive, TAMS=top-at-mark-start (previous, next)
|   0|0x0000000080000000, 0x0000000080100000, 0x0000000080100000|100%| O|  |TAMS 0x0000000080100000, 0x0000000080000000| Untracked 
|   1|0x0000000080100000, 0x0000000080200000, 0x0000000080200000|100%| O|  |TAMS 0x0000000080200000, 0x0000000080100000| Untracked 
|   2|0x0000000080200000, 0x0000000080300000, 0x0000000080300000|100%| O|  |TAMS 0x0000000080300000, 0x0000000080200000| Untracked 
|   3|0x0000000080300000, 0x0000000080400000, 0x0000000080400000|100%|HS|  |TAMS 0x0000000080400000, 0x0000000080300000| Complete 
|   4|0x0000000080400000, 0x0000000080500000, 0x0000000080500000|100%|HC|  |TAMS 0x0000000080500000, 0x0000000080400000| Complete 
|   5|0x0000000080500000, 0x0000000080600000, 0x0000000080600000|100%|HC|  |TAMS 0x0000000080600000, 0x0000000080500000| Complete 
|   6|0x0000000080600000, 0x0000000080700000, 0x0000000080700000|100%| O|  |TAMS 0x0000000080700000, 0x0000000080600000| Untracked 
|   7|0x0000000080700000, 0x0000000080800000, 0x0000000080800000|100%| O|  |TAMS 0x0000000080800000, 0x0000000080700000| Untracked 
|   8|0x0000000080800000, 0x0000000080900000, 0x0000000080900000|100%| O|  |TAMS 0x0000000080900000, 0x0000000080800000| Untracked 
|   9|0x0000000080900000, 0x0000000080a00000, 0x0000000080a00000|100%| O|  |TAMS 0x0000000080a00000, 0x0000000080900000| Untracked 
|  10|0x0000000080a00000, 0x0000000080b00000, 0x0000000080b00000|100%| O|  |TAMS 0x0000000080b00000, 0x0000000080a00000| Untracked 
|  11|0x0000000080b00000, 0x0000000080c00000, 0x0000000080c00000|100%| O|  |TAMS 0x0000000080beb600, 0x0000000080b00000| Untracked 
|  12|0x0000000080c00000, 0x0000000080d00000, 0x0000000080d00000|100%| O|  |TAMS 0x0000000080c00000, 0x0000000080c00000| Untracked 
|  13|0x0000000080d00000, 0x0000000080e00000, 0x0000000080e00000|100%| O|  |TAMS 0x0000000080d00000, 0x0000000080d00000| Untracked 
|  14|0x0000000080e00000, 0x0000000080f00000, 0x0000000080f00000|100%| O|  |TAMS 0x0000000080e00000, 0x0000000080e00000| Untracked 
|  15|0x0000000080f00000, 0x0000000080fe5200, 0x0000000081000000| 89%| O|  |TAMS 0x0000000080f00000, 0x0000000080f00000| Untracked 
|  16|0x0000000081000000, 0x0000000081000000, 0x0000000081100000|  0%| F|  |TAMS 0x0000000081000000, 0x0000000081000000| Untracked 
|  17|0x0000000081100000, 0x0000000081100000, 0x0000000081200000|  0%| F|  |TAMS 0x0000000081100000, 0x0000000081100000| Untracked 
|  18|0x0000000081200000, 0x0000000081200000, 0x0000000081300000|  0%| F|  |TAMS 0x0000000081200000, 0x0000000081200000| Untracked 
|  19|0x0000000081300000, 0x0000000081300000, 0x0000000081400000|  0%| F|  |TAMS 0x0000000081300000, 0x0000000081300000| Untracked 
|  20|0x0000000081400000, 0x0000000081400000, 0x0000000081500000|  0%| F|  |TAMS 0x0000000081400000, 0x0000000081400000| Untracked 
|  21|0x0000000081500000, 0x0000000081500000, 0x0000000081600000|  0%| F|  |TAMS 0x0000000081500000, 0x0000000081500000| Untracked 
|  22|0x0000000081600000, 0x0000000081600000, 0x0000000081700000|  0%| F|  |TAMS 0x0000000081600000, 0x0000000081600000| Untracked 
|  23|0x0000000081700000, 0x0000000081700000, 0x0000000081800000|  0%| F|  |TAMS 0x0000000081700000, 0x0000000081700000| Untracked 
|  24|0x0000000081800000, 0x0000000081800000, 0x0000000081900000|  0%| F|  |TAMS 0x0000000081800000, 0x0000000081800000| Untracked 
|  25|0x0000000081900000, 0x0000000081900000, 0x0000000081a00000|  0%| F|  |TAMS 0x0000000081900000, 0x0000000081900000| Untracked 
|  26|0x0000000081a00000, 0x0000000081a00000, 0x0000000081b00000|  0%| F|  |TAMS 0x0000000081a00000, 0x0000000081a00000| Untracked 
|  27|0x0000000081b00000, 0x0000000081b00000, 0x0000000081c00000|  0%| F|  |TAMS 0x0000000081b00000, 0x0000000081b00000| Untracked 
|  28|0x0000000081c00000, 0x0000000081c00000, 0x0000000081d00000|  0%| F|  |TAMS 0x0000000081c00000, 0x0000000081c00000| Untracked 
|  29|0x0000000081d00000, 0x0000000081d00000, 0x0000000081e00000|  0%| F|  |TAMS 0x0000000081d00000, 0x0000000081d00000| Untracked 
|  30|0x0000000081e00000, 0x0000000081e00000, 0x0000000081f00000|  0%| F|  |TAMS 0x0000000081e00000, 0x0000000081e00000| Untracked 
|  31|0x0000000081f00000, 0x0000000081f00000, 0x0000000082000000|  0%| F|  |TAMS 0x0000000081f00000, 0x0000000081f00000| Untracked 
|  32|0x0000000082000000, 0x0000000082000000, 0x0000000082100000|  0%| F|  |TAMS 0x0000000082000000, 0x0000000082000000| Untracked 
|  33|0x0000000082100000, 0x0000000082100000, 0x0000000082200000|  0%| F|  |TAMS 0x0000000082100000, 0x0000000082100000| Untracked 
|  34|0x0000000082200000, 0x0000000082200000, 0x0000000082300000|  0%| F|  |TAMS 0x0000000082200000, 0x0000000082200000| Untracked 
|  35|0x0000000082300000, 0x0000000082300000, 0x0000000082400000|  0%| F|  |TAMS 0x0000000082300000, 0x0000000082300000| Untracked 
|  36|0x0000000082400000, 0x0000000082400000, 0x0000000082500000|  0%| F|  |TAMS 0x0000000082400000, 0x0000000082400000| Untracked 
|  37|0x0000000082500000, 0x0000000082500000, 0x0000000082600000|  0%| F|  |TAMS 0x0000000082500000, 0x0000000082500000| Untracked 
|  38|0x0000000082600000, 0x0000000082600000, 0x0000000082700000|  0%| F|  |TAMS 0x0000000082600000, 0x0000000082600000| Untracked 
|  39|0x0000000082700000, 0x0000000082700000, 0x0000000082800000|  0%| F|  |TAMS 0x0000000082700000, 0x0000000082700000| Untracked 
|  40|0x0000000082800000, 0x0000000082800000, 0x0000000082900000|  0%| F|  |TAMS 0x0000000082800000, 0x0000000082800000| Untracked 
|  41|0x0000000082900000, 0x0000000082900000, 0x0000000082a00000|  0%| F|  |TAMS 0x0000000082900000, 0x0000000082900000| Untracked 
|  42|0x0000000082a00000, 0x0000000082a00000, 0x0000000082b00000|  0%| F|  |TAMS 0x0000000082a00000, 0x0000000082a00000| Untracked 
|  43|0x0000000082b00000, 0x0000000082b00000, 0x0000000082c00000|  0%| F|  |TAMS 0x0000000082b00000, 0x0000000082b00000| Untracked 
|  44|0x0000000082c00000, 0x0000000082c00000, 0x0000000082d00000|  0%| F|  |TAMS 0x0000000082c00000, 0x0000000082c00000| Untracked 
|  45|0x0000000082d00000, 0x0000000082d00000, 0x0000000082e00000|  0%| F|  |TAMS 0x0000000082d00000, 0x0000000082d00000| Untracked 
|  46|0x0000000082e00000, 0x0000000082e00000, 0x0000000082f00000|  0%| F|  |TAMS 0x0000000082e00000, 0x0000000082e00000| Untracked 
|  47|0x0000000082f00000, 0x0000000082f00000, 0x0000000083000000|  0%| F|  |TAMS 0x0000000082f00000, 0x0000000082f00000| Untracked 
|  48|0x0000000083000000, 0x0000000083000000, 0x0000000083100000|  0%| F|  |TAMS 0x0000000083000000, 0x0000000083000000| Untracked 
|  49|0x0000000083100000, 0x0000000083100000, 0x0000000083200000|  0%| F|  |TAMS 0x0000000083100000, 0x0000000083100000| Untracked 
|  50|0x0000000083200000, 0x0000000083200000, 0x0000000083300000|  0%| F|  |TAMS 0x0000000083200000, 0x0000000083200000| Untracked 
|  51|0x0000000083300000, 0x0000000083300000, 0x0000000083400000|  0%| F|  |TAMS 0x0000000083300000, 0x0000000083300000| Untracked 
|  52|0x0000000083400000, 0x0000000083400000, 0x0000000083500000|  0%| F|  |TAMS 0x0000000083400000, 0x0000000083400000| Untracked 
|  53|0x0000000083500000, 0x0000000083500000, 0x0000000083600000|  0%| F|  |TAMS 0x0000000083500000, 0x0000000083500000| Untracked 
|  54|0x0000000083600000, 0x0000000083600000, 0x0000000083700000|  0%| F|  |TAMS 0x0000000083600000, 0x0000000083600000| Untracked 
|  55|0x0000000083700000, 0x0000000083700000, 0x0000000083800000|  0%| F|  |TAMS 0x0000000083700000, 0x0000000083700000| Untracked 
|  56|0x0000000083800000, 0x0000000083800000, 0x0000000083900000|  0%| F|  |TAMS 0x0000000083800000, 0x0000000083800000| Untracked 
|  57|0x0000000083900000, 0x0000000083900000, 0x0000000083a00000|  0%| F|  |TAMS 0x0000000083900000, 0x0000000083900000| Untracked 
|  58|0x0000000083a00000, 0x0000000083a00000, 0x0000000083b00000|  0%| F|  |TAMS 0x0000000083a00000, 0x0000000083a00000| Untracked 
|  59|0x0000000083b00000, 0x0000000083b00000, 0x0000000083c00000|  0%| F|  |TAMS 0x0000000083b00000, 0x0000000083b00000| Untracked 
|  60|0x0000000083c00000, 0x0000000083c00000, 0x0000000083d00000|  0%| F|  |TAMS 0x0000000083c00000, 0x0000000083c00000| Untracked 
|  61|0x0000000083d00000, 0x0000000083d00000, 0x0000000083e00000|  0%| F|  |TAMS 0x0000000083d00000, 0x0000000083d00000| Untracked 
|  62|0x0000000083e00000, 0x0000000083e00000, 0x0000000083f00000|  0%| F|  |TAMS 0x0000000083e00000, 0x0000000083e00000| Untracked 
|  63|0x0000000083f00000, 0x0000000083f00000, 0x0000000084000000|  0%| F|  |TAMS 0x0000000083f00000, 0x0000000083f00000| Untracked 
|  64|0x0000000084000000, 0x0000000084000000, 0x0000000084100000|  0%| F|  |TAMS 0x0000000084000000, 0x0000000084000000| Untracked 
|  65|0x0000000084100000, 0x0000000084100000, 0x0000000084200000|  0%| F|  |TAMS 0x0000000084100000, 0x0000000084100000| Untracked 
|  66|0x0000000084200000, 0x0000000084200000, 0x0000000084300000|  0%| F|  |TAMS 0x0000000084200000, 0x0000000084200000| Untracked 
|  67|0x0000000084300000, 0x0000000084300000, 0x0000000084400000|  0%| F|  |TAMS 0x0000000084300000, 0x0000000084300000| Untracked 
|  68|0x0000000084400000, 0x0000000084400000, 0x0000000084500000|  0%| F|  |TAMS 0x0000000084400000, 0x0000000084400000| Untracked 
|  69|0x0000000084500000, 0x0000000084500000, 0x0000000084600000|  0%| F|  |TAMS 0x0000000084500000, 0x0000000084500000| Untracked 
|  70|0x0000000084600000, 0x0000000084600000, 0x0000000084700000|  0%| F|  |TAMS 0x0000000084600000, 0x0000000084600000| Untracked 
|  71|0x0000000084700000, 0x0000000084700000, 0x0000000084800000|  0%| F|  |TAMS 0x0000000084700000, 0x0000000084700000| Untracked 
|  72|0x0000000084800000, 0x0000000084800000, 0x0000000084900000|  0%| F|  |TAMS 0x0000000084800000, 0x0000000084800000| Untracked 
|  73|0x0000000084900000, 0x0000000084900000, 0x0000000084a00000|  0%| F|  |TAMS 0x0000000084900000, 0x0000000084900000| Untracked 
|  74|0x0000000084a00000, 0x0000000084a00000, 0x0000000084b00000|  0%| F|  |TAMS 0x0000000084a00000, 0x0000000084a00000| Untracked 
|  75|0x0000000084b00000, 0x0000000084b00000, 0x0000000084c00000|  0%| F|  |TAMS 0x0000000084b00000, 0x0000000084b00000| Untracked 
|  76|0x0000000084c00000, 0x0000000084c00000, 0x0000000084d00000|  0%| F|  |TAMS 0x0000000084c00000, 0x0000000084c00000| Untracked 
|  77|0x0000000084d00000, 0x0000000084d00000, 0x0000000084e00000|  0%| F|  |TAMS 0x0000000084d00000, 0x0000000084d00000| Untracked 
|  78|0x0000000084e00000, 0x0000000084e00000, 0x0000000084f00000|  0%| F|  |TAMS 0x0000000084e00000, 0x0000000084e00000| Untracked 
|  79|0x0000000084f00000, 0x0000000084f00000, 0x0000000085000000|  0%| F|  |TAMS 0x0000000084f00000, 0x0000000084f00000| Untracked 
|  80|0x0000000085000000, 0x0000000085000000, 0x0000000085100000|  0%| F|  |TAMS 0x0000000085000000, 0x0000000085000000| Untracked 
|  81|0x0000000085100000, 0x0000000085100000, 0x0000000085200000|  0%| F|  |TAMS 0x0000000085100000, 0x0000000085100000| Untracked 
|  82|0x0000000085200000, 0x0000000085200000, 0x0000000085300000|  0%| F|  |TAMS 0x0000000085200000, 0x0000000085200000| Untracked 
|  83|0x0000000085300000, 0x0000000085300000, 0x0000000085400000|  0%| F|  |TAMS 0x0000000085300000, 0x0000000085300000| Untracked 
|  84|0x0000000085400000, 0x0000000085400000, 0x0000000085500000|  0%| F|  |TAMS 0x0000000085400000, 0x0000000085400000| Untracked 
|  85|0x0000000085500000, 0x0000000085500000, 0x0000000085600000|  0%| F|  |TAMS 0x0000000085500000, 0x0000000085500000| Untracked 
|  86|0x0000000085600000, 0x0000000085600000, 0x0000000085700000|  0%| F|  |TAMS 0x0000000085600000, 0x0000000085600000| Untracked 
|  87|0x0000000085700000, 0x0000000085700000, 0x0000000085800000|  0%| F|  |TAMS 0x0000000085700000, 0x0000000085700000| Untracked 
|  88|0x0000000085800000, 0x0000000085800000, 0x0000000085900000|  0%| F|  |TAMS 0x0000000085800000, 0x0000000085800000| Untracked 
|  89|0x0000000085900000, 0x0000000085900000, 0x0000000085a00000|  0%| F|  |TAMS 0x0000000085900000, 0x0000000085900000| Untracked 
|  90|0x0000000085a00000, 0x0000000085a00000, 0x0000000085b00000|  0%| F|  |TAMS 0x0000000085a00000, 0x0000000085a00000| Untracked 
|  91|0x0000000085b00000, 0x0000000085b00000, 0x0000000085c00000|  0%| F|  |TAMS 0x0000000085b00000, 0x0000000085b00000| Untracked 
|  92|0x0000000085c00000, 0x0000000085c00000, 0x0000000085d00000|  0%| F|  |TAMS 0x0000000085c00000, 0x0000000085c00000| Untracked 
|  93|0x0000000085d00000, 0x0000000085d00000, 0x0000000085e00000|  0%| F|  |TAMS 0x0000000085d00000, 0x0000000085d00000| Untracked 
|  94|0x0000000085e00000, 0x0000000085e00000, 0x0000000085f00000|  0%| F|  |TAMS 0x0000000085e00000, 0x0000000085e00000| Untracked 
|  95|0x0000000085f00000, 0x0000000085fee470, 0x0000000086000000| 93%| S|CS|TAMS 0x0000000085f00000, 0x0000000085f00000| Complete 
|  96|0x0000000086000000, 0x0000000086100000, 0x0000000086100000|100%| S|CS|TAMS 0x0000000086000000, 0x0000000086000000| Complete 
|  97|0x0000000086100000, 0x0000000086100000, 0x0000000086200000|  0%| F|  |TAMS 0x0000000086100000, 0x0000000086100000| Untracked 
|  98|0x0000000086200000, 0x0000000086200000, 0x0000000086300000|  0%| F|  |TAMS 0x0000000086200000, 0x0000000086200000| Untracked 
|  99|0x0000000086300000, 0x0000000086300000, 0x0000000086400000|  0%| F|  |TAMS 0x0000000086300000, 0x0000000086300000| Untracked 
| 100|0x0000000086400000, 0x0000000086400000, 0x0000000086500000|  0%| F|  |TAMS 0x0000000086400000, 0x0000000086400000| Untracked 
| 101|0x0000000086500000, 0x0000000086500000, 0x0000000086600000|  0%| F|  |TAMS 0x0000000086500000, 0x0000000086500000| Untracked 
| 102|0x0000000086600000, 0x0000000086700000, 0x0000000086700000|100%| S|CS|TAMS 0x0000000086600000, 0x0000000086600000| Complete 
| 103|0x0000000086700000, 0x0000000086700000, 0x0000000086800000|  0%| F|  |TAMS 0x0000000086700000, 0x0000000086700000| Untracked 
| 104|0x0000000086800000, 0x0000000086800000, 0x0000000086900000|  0%| F|  |TAMS 0x0000000086800000, 0x0000000086800000| Untracked 
| 105|0x0000000086900000, 0x0000000086900000, 0x0000000086a00000|  0%| F|  |TAMS 0x0000000086900000, 0x0000000086900000| Untracked 
| 106|0x0000000086a00000, 0x0000000086a00000, 0x0000000086b00000|  0%| F|  |TAMS 0x0000000086a00000, 0x0000000086a00000| Untracked 
| 107|0x0000000086b00000, 0x0000000086b00000, 0x0000000086c00000|  0%| F|  |TAMS 0x0000000086b00000, 0x0000000086b00000| Untracked 
| 108|0x0000000086c00000, 0x0000000086c00000, 0x0000000086d00000|  0%| F|  |TAMS 0x0000000086c00000, 0x0000000086c00000| Untracked 
| 109|0x0000000086d00000, 0x0000000086d00000, 0x0000000086e00000|  0%| F|  |TAMS 0x0000000086d00000, 0x0000000086d00000| Untracked 
| 110|0x0000000086e00000, 0x0000000086e00000, 0x0000000086f00000|  0%| F|  |TAMS 0x0000000086e00000, 0x0000000086e00000| Untracked 
| 111|0x0000000086f00000, 0x0000000086f00000, 0x0000000087000000|  0%| F|  |TAMS 0x0000000086f00000, 0x0000000086f00000| Untracked 
| 112|0x0000000087000000, 0x0000000087000000, 0x0000000087100000|  0%| F|  |TAMS 0x0000000087000000, 0x0000000087000000| Untracked 
| 113|0x0000000087100000, 0x0000000087100000, 0x0000000087200000|  0%| F|  |TAMS 0x0000000087100000, 0x0000000087100000| Untracked 
| 114|0x0000000087200000, 0x0000000087200000, 0x0000000087300000|  0%| F|  |TAMS 0x0000000087200000, 0x0000000087200000| Untracked 
| 115|0x0000000087300000, 0x0000000087300000, 0x0000000087400000|  0%| F|  |TAMS 0x0000000087300000, 0x0000000087300000| Untracked 
| 116|0x0000000087400000, 0x0000000087400000, 0x0000000087500000|  0%| F|  |TAMS 0x0000000087400000, 0x0000000087400000| Untracked 
| 117|0x0000000087500000, 0x0000000087500000, 0x0000000087600000|  0%| F|  |TAMS 0x0000000087500000, 0x0000000087500000| Untracked 
| 118|0x0000000087600000, 0x0000000087600000, 0x0000000087700000|  0%| F|  |TAMS 0x0000000087600000, 0x0000000087600000| Untracked 
| 119|0x0000000087700000, 0x0000000087780800, 0x0000000087800000| 50%| E|  |TAMS 0x0000000087700000, 0x0000000087700000| Complete 
| 120|0x0000000087800000, 0x0000000087900000, 0x0000000087900000|100%| E|CS|TAMS 0x0000000087800000, 0x0000000087800000| Complete 
| 121|0x0000000087900000, 0x0000000087a00000, 0x0000000087a00000|100%| E|CS|TAMS 0x0000000087900000, 0x0000000087900000| Complete 
| 122|0x0000000087a00000, 0x0000000087b00000, 0x0000000087b00000|100%| E|CS|TAMS 0x0000000087a00000, 0x0000000087a00000| Complete 
| 123|0x0000000087b00000, 0x0000000087c00000, 0x0000000087c00000|100%| E|CS|TAMS 0x0000000087b00000, 0x0000000087b00000| Complete 
| 124|0x0000000087c00000, 0x0000000087d00000, 0x0000000087d00000|100%| E|CS|TAMS 0x0000000087c00000, 0x0000000087c00000| Complete 
| 125|0x0000000087d00000, 0x0000000087e00000, 0x0000000087e00000|100%| E|CS|TAMS 0x0000000087d00000, 0x0000000087d00000| Complete 
| 126|0x0000000087e00000, 0x0000000087f00000, 0x0000000087f00000|100%| E|CS|TAMS 0x0000000087e00000, 0x0000000087e00000| Complete 
| 127|0x0000000087f00000, 0x0000000088000000, 0x0000000088000000|100%| E|CS|TAMS 0x0000000087f00000, 0x0000000087f00000| Complete 
| 128|0x0000000088000000, 0x0000000088100000, 0x0000000088100000|100%| E|CS|TAMS 0x0000000088000000, 0x0000000088000000| Complete 
| 129|0x0000000088100000, 0x0000000088200000, 0x0000000088200000|100%| E|CS|TAMS 0x0000000088100000, 0x0000000088100000| Complete 
| 130|0x0000000088200000, 0x0000000088300000, 0x0000000088300000|100%| E|CS|TAMS 0x0000000088200000, 0x0000000088200000| Complete 
| 131|0x0000000088300000, 0x0000000088400000, 0x0000000088400000|100%| E|CS|TAMS 0x0000000088300000, 0x0000000088300000| Complete 
| 132|0x0000000088400000, 0x0000000088500000, 0x0000000088500000|100%| E|CS|TAMS 0x0000000088400000, 0x0000000088400000| Complete 
| 133|0x0000000088500000, 0x0000000088600000, 0x0000000088600000|100%| E|CS|TAMS 0x0000000088500000, 0x0000000088500000| Complete 
| 134|0x0000000088600000, 0x0000000088700000, 0x0000000088700000|100%| E|CS|TAMS 0x0000000088600000, 0x0000000088600000| Complete 
| 135|0x0000000088700000, 0x0000000088800000, 0x0000000088800000|100%| E|CS|TAMS 0x0000000088700000, 0x0000000088700000| Complete 
| 136|0x0000000088800000, 0x0000000088900000, 0x0000000088900000|100%| E|CS|TAMS 0x0000000088800000, 0x0000000088800000| Complete 
| 137|0x0000000088900000, 0x0000000088a00000, 0x0000000088a00000|100%| E|CS|TAMS 0x0000000088900000, 0x0000000088900000| Complete 
| 138|0x0000000088a00000, 0x0000000088b00000, 0x0000000088b00000|100%| E|CS|TAMS 0x0000000088a00000, 0x0000000088a00000| Complete 
| 139|0x0000000088b00000, 0x0000000088c00000, 0x0000000088c00000|100%| E|CS|TAMS 0x0000000088b00000, 0x0000000088b00000| Complete 
| 140|0x0000000088c00000, 0x0000000088d00000, 0x0000000088d00000|100%| E|CS|TAMS 0x0000000088c00000, 0x0000000088c00000| Complete 
| 141|0x0000000088d00000, 0x0000000088e00000, 0x0000000088e00000|100%| E|CS|TAMS 0x0000000088d00000, 0x0000000088d00000| Complete 
| 142|0x0000000088e00000, 0x0000000088f00000, 0x0000000088f00000|100%| E|CS|TAMS 0x0000000088e00000, 0x0000000088e00000| Complete 
| 143|0x0000000088f00000, 0x0000000089000000, 0x0000000089000000|100%| E|CS|TAMS 0x0000000088f00000, 0x0000000088f00000| Complete 
| 144|0x0000000089000000, 0x0000000089100000, 0x0000000089100000|100%| E|CS|TAMS 0x0000000089000000, 0x0000000089000000| Complete 
| 145|0x0000000089100000, 0x0000000089200000, 0x0000000089200000|100%| E|CS|TAMS 0x0000000089100000, 0x0000000089100000| Complete 
| 146|0x0000000089200000, 0x0000000089300000, 0x0000000089300000|100%| E|CS|TAMS 0x0000000089200000, 0x0000000089200000| Complete 
| 147|0x0000000089300000, 0x0000000089400000, 0x0000000089400000|100%| E|CS|TAMS 0x0000000089300000, 0x0000000089300000| Complete 
| 148|0x0000000089400000, 0x0000000089500000, 0x0000000089500000|100%| E|CS|TAMS 0x0000000089400000, 0x0000000089400000| Complete 
| 149|0x0000000089500000, 0x0000000089600000, 0x0000000089600000|100%| E|CS|TAMS 0x0000000089500000, 0x0000000089500000| Complete 
| 150|0x0000000089600000, 0x0000000089700000, 0x0000000089700000|100%| E|CS|TAMS 0x0000000089600000, 0x0000000089600000| Complete 
| 151|0x0000000089700000, 0x0000000089800000, 0x0000000089800000|100%| E|CS|TAMS 0x0000000089700000, 0x0000000089700000| Complete 
| 152|0x0000000089800000, 0x0000000089900000, 0x0000000089900000|100%| E|CS|TAMS 0x0000000089800000, 0x0000000089800000| Complete 
| 153|0x0000000089900000, 0x0000000089a00000, 0x0000000089a00000|100%| E|CS|TAMS 0x0000000089900000, 0x0000000089900000| Complete 

Card table byte_map: [0x0000027bfeba0000,0x0000027bfefa0000] _byte_map_base: 0x0000027bfe7a0000

Marking Bits (Prev, Next): (CMBitMap*) 0x0000027be9ee0f60, (CMBitMap*) 0x0000027be9ee0f28
 Prev Bits: [0x0000027b82000000, 0x0000027b84000000)
 Next Bits: [0x0000027b80000000, 0x0000027b82000000)

Polling page: 0x0000027be9d40000

Metaspace:

Usage:
  Non-class:     25.23 MB capacity,    24.80 MB ( 98%) used,   381.73 KB (  1%) free+waste,    59.19 KB ( <1%) overhead. 
      Class:      4.04 MB capacity,     3.80 MB ( 94%) used,   209.05 KB (  5%) free+waste,    29.69 KB ( <1%) overhead. 
       Both:     29.26 MB capacity,    28.60 MB ( 98%) used,   590.78 KB (  2%) free+waste,    88.88 KB ( <1%) overhead. 

Virtual space:
  Non-class space:       26.00 MB reserved,      25.25 MB ( 97%) committed 
      Class space:        1.00 GB reserved,       4.13 MB ( <1%) committed 
             Both:        1.03 GB reserved,      29.38 MB (  3%) committed 

Chunk freelists:
   Non-Class:  24.00 KB
       Class:  26.00 KB
        Both:  50.00 KB

MaxMetaspaceSize: 17179869184.00 GB
CompressedClassSpaceSize: 1.00 GB
Initial GC threshold: 20.80 MB
Current GC threshold: 35.00 MB
CDS: off

CodeHeap 'non-profiled nmethods': size=120064Kb used=1232Kb max_used=1232Kb free=118831Kb
 bounds [0x0000027bf6c40000, 0x0000027bf6eb0000, 0x0000027bfe180000]
CodeHeap 'profiled nmethods': size=120000Kb used=5262Kb max_used=5262Kb free=114737Kb
 bounds [0x0000027bef710000, 0x0000027befc40000, 0x0000027bf6c40000]
CodeHeap 'non-nmethods': size=5696Kb used=1229Kb max_used=1271Kb free=4466Kb
 bounds [0x0000027bef180000, 0x0000027bef3f0000, 0x0000027bef710000]
 total_blobs=2923 nmethods=2418 adapters=417
 compilation: enabled
              stopped_count=0, restarted_count=0
 full_count=0

Compilation events (20 events):
Event: 3.132 Thread 0x0000027bffa8d000 2414       3       java.util.Collections::unmodifiableCollection (9 bytes)
Event: 3.133 Thread 0x0000027bffa8d000 nmethod 2414 0x0000027befc28c90 code [0x0000027befc28e60, 0x0000027befc291a8]
Event: 3.136 Thread 0x0000027bffa8d000 2416       3       org.objectweb.asm.ClassWriter::visitMethod (57 bytes)
Event: 3.136 Thread 0x0000027bffa8d000 nmethod 2416 0x0000027befc29310 code [0x0000027befc294e0, 0x0000027befc29848]
Event: 3.136 Thread 0x0000027bffa8d000 2421       3       org.objectweb.asm.Type::getArgumentTypes (154 bytes)
Event: 3.139 Thread 0x0000027bffa8d000 nmethod 2421 0x0000027befc29990 code [0x0000027befc29e80, 0x0000027befc2c708]
Event: 3.139 Thread 0x0000027bffa8d000 2420       3       org.objectweb.asm.MethodWriter::visitMaxs (60 bytes)
Event: 3.139 Thread 0x0000027bffa8d000 nmethod 2420 0x0000027befc2d610 code [0x0000027befc2d7e0, 0x0000027befc2da58]
Event: 3.139 Thread 0x0000027bffa8d000 2417       3       org.objectweb.asm.MethodWriter::<init> (232 bytes)
Event: 3.140 Thread 0x0000027bffa8d000 nmethod 2417 0x0000027befc2db10 code [0x0000027befc2ddc0, 0x0000027befc2eb18]
Event: 3.140 Thread 0x0000027bffa8d000 2418       3       org.objectweb.asm.MethodVisitor::<init> (7 bytes)
Event: 3.141 Thread 0x0000027bffa8d000 nmethod 2418 0x0000027befc2f010 code [0x0000027befc2f1c0, 0x0000027befc2f2e8]
Event: 3.141 Thread 0x0000027bffa8d000 2419       3       org.objectweb.asm.MethodVisitor::<init> (94 bytes)
Event: 3.141 Thread 0x0000027bffa8d000 nmethod 2419 0x0000027befc2f390 code [0x0000027befc2f620, 0x0000027befc30148]
Event: 3.141 Thread 0x0000027bffa8d000 2422       3       org.objectweb.asm.Type::getInternalName (12 bytes)
Event: 3.141 Thread 0x0000027bffa8d000 nmethod 2422 0x0000027befc30490 code [0x0000027befc30660, 0x0000027befc30878]
Event: 3.141 Thread 0x0000027bffa8d000 2423       3       java.lang.invoke.Invokers::checkCustomized (23 bytes)
Event: 3.142 Thread 0x0000027bffa8d000 nmethod 2423 0x0000027befc30990 code [0x0000027befc30b60, 0x0000027befc30d28]
Event: 3.149 Thread 0x0000027bffa8d000 2425       3       com.google.common.base.MoreObjects::firstNonNull (22 bytes)
Event: 3.149 Thread 0x0000027bffa8d000 nmethod 2425 0x0000027befc30e10 code [0x0000027befc30fe0, 0x0000027befc31208]

GC Heap History (12 events):
Event: 0.430 GC heap before
{Heap before GC invocations=0 (full 0):
 garbage-first heap   total 131072K, used 20480K [0x0000000080000000, 0x0000000100000000)
  region size 1024K, 14 young (14336K), 0 survivors (0K)
 Metaspace       used 6734K, capacity 6921K, committed 7168K, reserved 1056768K
  class space    used 582K, capacity 650K, committed 768K, reserved 1048576K
}
Event: 0.435 GC heap after
{Heap after GC invocations=1 (full 0):
 garbage-first heap   total 131072K, used 7576K [0x0000000080000000, 0x0000000100000000)
  region size 1024K, 2 young (2048K), 2 survivors (2048K)
 Metaspace       used 6734K, capacity 6921K, committed 7168K, reserved 1056768K
  class space    used 582K, capacity 650K, committed 768K, reserved 1048576K
}
Event: 0.684 GC heap before
{Heap before GC invocations=1 (full 0):
 garbage-first heap   total 131072K, used 19864K [0x0000000080000000, 0x0000000100000000)
  region size 1024K, 14 young (14336K), 2 survivors (2048K)
 Metaspace       used 9887K, capacity 10114K, committed 10368K, reserved 1058816K
  class space    used 1027K, capacity 1102K, committed 1152K, reserved 1048576K
}
Event: 0.687 GC heap after
{Heap after GC invocations=2 (full 0):
 garbage-first heap   total 131072K, used 9571K [0x0000000080000000, 0x0000000100000000)
  region size 1024K, 2 young (2048K), 2 survivors (2048K)
 Metaspace       used 9887K, capacity 10114K, committed 10368K, reserved 1058816K
  class space    used 1027K, capacity 1102K, committed 1152K, reserved 1048576K
}
Event: 0.928 GC heap before
{Heap before GC invocations=2 (full 0):
 garbage-first heap   total 131072K, used 40291K [0x0000000080000000, 0x0000000100000000)
  region size 1024K, 31 young (31744K), 2 survivors (2048K)
 Metaspace       used 10820K, capacity 11005K, committed 11264K, reserved 1058816K
  class space    used 1129K, capacity 1207K, committed 1280K, reserved 1048576K
}
Event: 0.931 GC heap after
{Heap after GC invocations=3 (full 0):
 garbage-first heap   total 131072K, used 11356K [0x0000000080000000, 0x0000000100000000)
  region size 1024K, 4 young (4096K), 4 survivors (4096K)
 Metaspace       used 10820K, capacity 11005K, committed 11264K, reserved 1058816K
  class space    used 1129K, capacity 1207K, committed 1280K, reserved 1048576K
}
Event: 1.917 GC heap before
{Heap before GC invocations=3 (full 0):
 garbage-first heap   total 131072K, used 55388K [0x0000000080000000, 0x0000000100000000)
  region size 1024K, 47 young (48128K), 4 survivors (4096K)
 Metaspace       used 17737K, capacity 18127K, committed 18432K, reserved 1064960K
  class space    used 2097K, capacity 2241K, committed 2304K, reserved 1048576K
}
Event: 1.924 GC heap after
{Heap after GC invocations=4 (full 0):
 garbage-first heap   total 131072K, used 16152K [0x0000000080000000, 0x0000000100000000)
  region size 1024K, 6 young (6144K), 6 survivors (6144K)
 Metaspace       used 17737K, capacity 18127K, committed 18432K, reserved 1064960K
  class space    used 2097K, capacity 2241K, committed 2304K, reserved 1048576K
}
Event: 2.181 GC heap before
{Heap before GC invocations=4 (full 0):
 garbage-first heap   total 131072K, used 41752K [0x0000000080000000, 0x0000000100000000)
  region size 1024K, 32 young (32768K), 6 survivors (6144K)
 Metaspace       used 20724K, capacity 21134K, committed 21248K, reserved 1067008K
  class space    used 2544K, capacity 2711K, committed 2816K, reserved 1048576K
}
Event: 2.188 GC heap after
{Heap after GC invocations=5 (full 0):
 garbage-first heap   total 157696K, used 17166K [0x0000000080000000, 0x0000000100000000)
  region size 1024K, 5 young (5120K), 5 survivors (5120K)
 Metaspace       used 20724K, capacity 21134K, committed 21248K, reserved 1067008K
  class space    used 2544K, capacity 2711K, committed 2816K, reserved 1048576K
}
Event: 2.746 GC heap before
{Heap before GC invocations=6 (full 0):
 garbage-first heap   total 157696K, used 68366K [0x0000000080000000, 0x0000000100000000)
  region size 1024K, 56 young (57344K), 5 survivors (5120K)
 Metaspace       used 26185K, capacity 26749K, committed 27008K, reserved 1073152K
  class space    used 3389K, capacity 3588K, committed 3712K, reserved 1048576K
}
Event: 2.753 GC heap after
{Heap after GC invocations=7 (full 0):
 garbage-first heap   total 157696K, used 19277K [0x0000000080000000, 0x0000000100000000)
  region size 1024K, 3 young (3072K), 3 survivors (3072K)
 Metaspace       used 26185K, capacity 26749K, committed 27008K, reserved 1073152K
  class space    used 3389K, capacity 3588K, committed 3712K, reserved 1048576K
}

Deoptimization events (20 events):
Event: 2.564 Thread 0x0000027b898a7800 DEOPT PACKING pc=0x0000027bef7c38cc sp=0x000000c6ffefae70
Event: 2.564 Thread 0x0000027b898a7800 DEOPT UNPACKING pc=0x0000027bef1ca95e sp=0x000000c6ffefa410 mode 0
Event: 2.727 Thread 0x0000027b898a7800 Uncommon trap: trap_request=0xffffff7e fr.pc=0x0000027bf6d5b290 relative=0x0000000000000150
Event: 2.727 Thread 0x0000027b898a7800 Uncommon trap: reason=predicate action=maybe_recompile pc=0x0000027bf6d5b290 method=com.google.common.base.CharMatcher.indexIn(Ljava/lang/CharSequence;I)I @ 19 c2
Event: 2.727 Thread 0x0000027b898a7800 DEOPT PACKING pc=0x0000027bf6d5b290 sp=0x000000c6ffefb900
Event: 2.727 Thread 0x0000027b898a7800 DEOPT UNPACKING pc=0x0000027bef1ca1af sp=0x000000c6ffefb890 mode 2
Event: 2.737 Thread 0x0000027b898a7800 Uncommon trap: trap_request=0xffffff4d fr.pc=0x0000027bf6ce513c relative=0x00000000000013fc
Event: 2.737 Thread 0x0000027b898a7800 Uncommon trap: reason=unstable_if action=reinterpret pc=0x0000027bf6ce513c method=java.util.concurrent.ConcurrentHashMap.putVal(Ljava/lang/Object;Ljava/lang/Object;Z)Ljava/lang/Object; @ 231 c2
Event: 2.737 Thread 0x0000027b898a7800 DEOPT PACKING pc=0x0000027bf6ce513c sp=0x000000c6ffefcb80
Event: 2.737 Thread 0x0000027b898a7800 DEOPT UNPACKING pc=0x0000027bef1ca1af sp=0x000000c6ffefcb00 mode 2
Event: 2.959 Thread 0x0000027b898a7800 DEOPT PACKING pc=0x0000027befa77768 sp=0x000000c6ffef97c0
Event: 2.959 Thread 0x0000027b898a7800 DEOPT UNPACKING pc=0x0000027bef1ca95e sp=0x000000c6ffef8cd8 mode 0
Event: 3.014 Thread 0x0000027b898a7800 Uncommon trap: trap_request=0xffffff4d fr.pc=0x0000027bf6d13d4c relative=0x000000000000020c
Event: 3.014 Thread 0x0000027b898a7800 Uncommon trap: reason=unstable_if action=reinterpret pc=0x0000027bf6d13d4c method=java.util.HashMap.hash(Ljava/lang/Object;)I @ 1 c2
Event: 3.014 Thread 0x0000027b898a7800 DEOPT PACKING pc=0x0000027bf6d13d4c sp=0x000000c6ffef8fc0
Event: 3.014 Thread 0x0000027b898a7800 DEOPT UNPACKING pc=0x0000027bef1ca1af sp=0x000000c6ffef8ef8 mode 2
Event: 3.014 Thread 0x0000027b898a7800 Uncommon trap: trap_request=0xffffff4d fr.pc=0x0000027bf6d2c7ac relative=0x000000000000008c
Event: 3.014 Thread 0x0000027b898a7800 Uncommon trap: reason=unstable_if action=reinterpret pc=0x0000027bf6d2c7ac method=java.util.HashMap.hash(Ljava/lang/Object;)I @ 1 c2
Event: 3.014 Thread 0x0000027b898a7800 DEOPT PACKING pc=0x0000027bf6d2c7ac sp=0x000000c6ffef8d30
Event: 3.014 Thread 0x0000027b898a7800 DEOPT UNPACKING pc=0x0000027bef1ca1af sp=0x000000c6ffef8cc8 mode 2

Classes redefined (0 events):
No events

Internal exceptions (20 events):
Event: 2.430 Thread 0x0000027b898a7800 Exception <a 'java/lang/NoSuchMethodError'{0x00000000882ae398}: 'java.lang.Object java.lang.invoke.DirectMethodHandle$Holder.invokeVirtual(java.lang.Object, java.lang.Object, java.lang.Object, java.lang.Object)'> (0x00000000882ae398) thrown at [./src/hotspot/share/interpreter/linkResolver.cpp, line 773]
Event: 2.503 Thread 0x0000027b898a7800 Exception <a 'java/lang/NoSuchMethodError'{0x0000000087b73af0}: 'void java.lang.invoke.DirectMethodHandle$Holder.invokeSpecial(java.lang.Object, java.lang.Object, java.lang.Object, java.lang.Object, java.lang.Object, java.lang.Object)'> (0x0000000087b73af0) thrown at [./src/hotspot/share/interpreter/linkResolver.cpp, line 773]
Event: 2.512 Thread 0x0000027b898a7800 Exception <a 'java/lang/NoSuchMethodError'{0x0000000087be2368}: 'void java.lang.invoke.DirectMethodHandle$Holder.invokeSpecial(java.lang.Object, java.lang.Object, java.lang.Object, java.lang.Object, java.lang.Object, java.lang.Object, java.lang.Object)'> (0x0000000087be2368) thrown at [./src/hotspot/share/interpreter/linkResolver.cpp, line 773]
Event: 2.512 Thread 0x0000027b898a7800 Exception <a 'java/lang/NoSuchMethodError'{0x0000000087bea858}: 'java.lang.Object java.lang.invoke.Invokers$Holder.linkToTargetMethod(java.lang.Object, java.lang.Object, java.lang.Object, java.lang.Object, java.lang.Object, java.lang.Object)'> (0x0000000087bea858) thrown at [./src/hotspot/share/interpreter/linkResolver.cpp, line 773]
Event: 2.593 Thread 0x0000027b898a7800 Exception <a 'java/lang/NoSuchMethodError'{0x000000008717ec58}: 'int java.lang.invoke.DirectMethodHandle$Holder.invokeStaticInit(java.lang.Object, java.lang.Object, java.lang.Object)'> (0x000000008717ec58) thrown at [./src/hotspot/share/interpreter/linkResolver.cpp, line 773]
Event: 2.670 Thread 0x0000027b898a7800 Exception <a 'java/lang/NoSuchMethodError'{0x0000000086ca5e30}: 'void java.lang.invoke.DirectMethodHandle$Holder.invokeStaticInit(java.lang.Object, java.lang.Object)'> (0x0000000086ca5e30) thrown at [./src/hotspot/share/interpreter/linkResolver.cpp, line 773]
Event: 2.756 Thread 0x0000027b898a7800 Exception <a 'java/lang/NoSuchMethodError'{0x000000008993b500}: 'void java.lang.invoke.DirectMethodHandle$Holder.invokeStatic(java.lang.Object, java.lang.Object, java.lang.Object, java.lang.Object)'> (0x000000008993b500) thrown at [./src/hotspot/share/interpreter/linkResolver.cpp, line 773]
Event: 2.763 Thread 0x0000027b898a7800 Exception <a 'java/lang/NoSuchMethodError'{0x000000008996adb8}: 'java.lang.Object java.lang.invoke.DirectMethodHandle$Holder.invokeVirtual(java.lang.Object, java.lang.Object, java.lang.Object)'> (0x000000008996adb8) thrown at [./src/hotspot/share/interpreter/linkResolver.cpp, line 773]
Event: 2.766 Thread 0x0000027b898a7800 Exception <a 'java/lang/NoSuchMethodError'{0x00000000898130a0}: 'int java.lang.invoke.DirectMethodHandle$Holder.invokeVirtual(java.lang.Object, java.lang.Object)'> (0x00000000898130a0) thrown at [./src/hotspot/share/interpreter/linkResolver.cpp, line 773]
Event: 2.772 Thread 0x0000027b898a7800 Exception <a 'java/lang/NoSuchMethodError'{0x000000008984d2a8}: 'int java.lang.invoke.DirectMethodHandle$Holder.invokeVirtual(java.lang.Object, java.lang.Object, java.lang.Object)'> (0x000000008984d2a8) thrown at [./src/hotspot/share/interpreter/linkResolver.cpp, line 773]
Event: 2.792 Thread 0x0000027b898a7800 Exception <a 'java/lang/NoSuchMethodError'{0x00000000897d3170}: 'void java.lang.invoke.DirectMethodHandle$Holder.invokeSpecial(java.lang.Object, java.lang.Object)'> (0x00000000897d3170) thrown at [./src/hotspot/share/interpreter/linkResolver.cpp, line 773]
Event: 2.879 Thread 0x0000027b898a7800 Exception <a 'java/lang/NoSuchMethodError'{0x0000000088d25438}: 'java.lang.Object java.lang.invoke.DirectMethodHandle$Holder.invokeSpecialIFC(java.lang.Object, java.lang.Object, java.lang.Object, java.lang.Object)'> (0x0000000088d25438) thrown at [./src/hotspot/share/interpreter/linkResolver.cpp, line 773]
Event: 2.890 Thread 0x0000027b898a7800 Exception <a 'java/lang/NoSuchMethodError'{0x0000000088c02b08}: 'java.lang.Object java.lang.invoke.DirectMethodHandle$Holder.invokeSpecial(java.lang.Object, java.lang.Object, java.lang.Object, java.lang.Object, java.lang.Object, java.lang.Object, java.lang.Object, java.lang.Object, java.lang.Object, java.lang.Object, java.lang.Object, java.lang.Object, java.lang.Object)'> (0x0000000088c02b08) thrown at [./src/hotspot/share/interpreter/linkResolver.cpp, line 773]
Event: 2.891 Thread 0x0000027b898a7800 Exception <a 'java/lang/NoSuchMethodError'{0x0000000088c13968}: 'java.lang.Object java.lang.invoke.DirectMethodHandle$Holder.invokeSpecial(java.lang.Object, java.lang.Object, java.lang.Object, java.lang.Object, java.lang.Object, java.lang.Object, java.lang.Object, java.lang.Object, java.lang.Object, java.lang.Object, java.lang.Object, java.lang.Object)'> (0x0000000088c13968) thrown at [./src/hotspot/share/interpreter/linkResolver.cpp, line 773]
Event: 2.892 Thread 0x0000027b898a7800 Exception <a 'java/lang/NoSuchMethodError'{0x0000000088c18a90}: 'java.lang.Object java.lang.invoke.Invokers$Holder.linkToTargetMethod(java.lang.Object, java.lang.Object, java.lang.Object, java.lang.Object, java.lang.Object, java.lang.Object, java.lang.Object, java.lang.Object, java.lang.Object, java.lang.Object, java.lang.Object)'> (0x0000000088c18a90) thrown at [./src/hotspot/share/interpreter/linkResolver.cpp, line 773]
Event: 2.904 Thread 0x0000027b898a7800 Exception <a 'java/lang/NoSuchMethodError'{0x0000000088b5cd28}: 'java.lang.Object java.lang.invoke.DirectMethodHandle$Holder.invokeSpecial(java.lang.Object, java.lang.Object, java.lang.Object, java.lang.Object, java.lang.Object, java.lang.Object, java.lang.Object, java.lang.Object, java.lang.Object, java.lang.Object, java.lang.Object, java.lang.Object, java.lang.Object, java.lang.Object)'> (0x0000000088b5cd28) thrown at [./src/hotspot/share/interpreter/linkResolver.cpp, line 773]
Event: 2.905 Thread 0x0000027b898a7800 Exception <a 'java/lang/NoSuchMethodError'{0x0000000088b6e3a0}: 'java.lang.Object java.lang.invoke.Invokers$Holder.linkToTargetMethod(java.lang.Object, java.lang.Object, java.lang.Object, java.lang.Object, java.lang.Object, java.lang.Object, java.lang.Object, java.lang.Object, java.lang.Object, java.lang.Object, java.lang.Object, java.lang.Object)'> (0x0000000088b6e3a0) thrown at [./src/hotspot/share/interpreter/linkResolver.cpp, line 773]
Event: 2.917 Thread 0x0000027b898a7800 Exception <a 'java/lang/NoSuchMethodError'{0x0000000088a57b20}: 'java.lang.Object java.lang.invoke.DirectMethodHandle$Holder.invokeStaticInit(java.lang.Object, java.lang.Object, java.lang.Object, java.lang.Object)'> (0x0000000088a57b20) thrown at [./src/hotspot/share/interpreter/linkResolver.cpp, line 773]
Event: 3.014 Thread 0x0000027b898a7800 Implicit null exception at 0x0000027bf6d13b75 to 0x0000027bf6d13d3c
Event: 3.014 Thread 0x0000027b898a7800 Implicit null exception at 0x0000027bf6d2c72f to 0x0000027bf6d2c79d

Events (20 events):
Event: 3.146 loading class org/gradle/api/attributes/plugin/GradlePluginApiVersion
Event: 3.146 loading class org/gradle/api/attributes/plugin/GradlePluginApiVersion done
Event: 3.147 loading class org/gradle/api/internal/artifacts/dsl/dependencies/GradlePluginVariantsSupport$TargetGradleVersionCompatibilityRule
Event: 3.147 loading class org/gradle/api/internal/artifacts/dsl/dependencies/GradlePluginVariantsSupport$TargetGradleVersionCompatibilityRule done
Event: 3.147 loading class org/gradle/api/attributes/AttributeCompatibilityRule
Event: 3.147 loading class org/gradle/api/attributes/AttributeCompatibilityRule done
Event: 3.147 loading class org/gradle/api/internal/attributes/DefaultCompatibilityRuleChain$ExceptionHandler
Event: 3.147 loading class org/gradle/api/internal/attributes/DefaultCompatibilityRuleChain$ExceptionHandler done
Event: 3.148 loading class org/gradle/api/internal/artifacts/dsl/dependencies/GradlePluginVariantsSupport$TargetGradleVersionDisambiguationRule
Event: 3.148 loading class org/gradle/api/internal/artifacts/dsl/dependencies/GradlePluginVariantsSupport$TargetGradleVersionDisambiguationRule done
Event: 3.148 loading class org/gradle/internal/execution/history/changes/DefaultExecutionStateChangeDetector
Event: 3.148 loading class org/gradle/internal/execution/history/changes/DefaultExecutionStateChangeDetector done
Event: 3.149 loading class org/gradle/internal/execution/history/changes/ChangeContainer
Event: 3.149 loading class org/gradle/internal/execution/history/changes/ChangeContainer done
Event: 3.149 loading class org/gradle/internal/execution/history/changes/InputFileChanges
Event: 3.149 loading class org/gradle/internal/execution/history/changes/InputFileChanges done
Event: 3.149 loading class org/gradle/internal/execution/history/changes/ChangeVisitor
Event: 3.149 loading class org/gradle/internal/execution/history/changes/ChangeVisitor done
Event: 3.149 loading class org/gradle/api/internal/changedetection/state/SplitResourceSnapshotterCacheService
Event: 3.149 loading class org/gradle/api/internal/changedetection/state/SplitResourceSnapshotterCacheService done


Dynamic libraries:
0x00007ff6f9250000 - 0x00007ff6f925a000 	C:\Program Files\Android\Android Studio\jre\bin\java.exe
0x00007ff80e940000 - 0x00007ff80eb49000 	C:\Windows\SYSTEM32\ntdll.dll
0x00007ff80d0b0000 - 0x00007ff80d16d000 	C:\Windows\System32\KERNEL32.DLL
0x00007ff80bff0000 - 0x00007ff80c364000 	C:\Windows\System32\KERNELBASE.dll
0x00007ff80be30000 - 0x00007ff80bf41000 	C:\Windows\System32\ucrtbase.dll
0x00007fffddae0000 - 0x00007fffddaf7000 	C:\Program Files\Android\Android Studio\jre\bin\VCRUNTIME140.dll
0x00007fffd3b60000 - 0x00007fffd3b79000 	C:\Program Files\Android\Android Studio\jre\bin\jli.dll
0x00007ff80e570000 - 0x00007ff80e71c000 	C:\Windows\System32\USER32.dll
0x00007ff80bfc0000 - 0x00007ff80bfe6000 	C:\Windows\System32\win32u.dll
0x00007fffe6d70000 - 0x00007fffe7015000 	C:\Windows\WinSxS\amd64_microsoft.windows.common-controls_6595b64144ccf1df_6.0.22000.120_none_9d947278b86cc467\COMCTL32.dll
0x00007ff80de70000 - 0x00007ff80de99000 	C:\Windows\System32\GDI32.dll
0x00007ff80c370000 - 0x00007ff80c482000 	C:\Windows\System32\gdi32full.dll
0x00007ff80dc50000 - 0x00007ff80dcf3000 	C:\Windows\System32\msvcrt.dll
0x00007ff80c510000 - 0x00007ff80c5ad000 	C:\Windows\System32\msvcp_win.dll
0x00007ff80ddb0000 - 0x00007ff80dde1000 	C:\Windows\System32\IMM32.DLL
0x00007fff86140000 - 0x00007fff861dd000 	C:\Program Files\Android\Android Studio\jre\bin\msvcp140.dll
0x00007fff99bb0000 - 0x00007fff9a695000 	C:\Program Files\Android\Android Studio\jre\bin\server\jvm.dll
0x00007ff80d350000 - 0x00007ff80d3fe000 	C:\Windows\System32\ADVAPI32.dll
0x00007ff80e0a0000 - 0x00007ff80e13e000 	C:\Windows\System32\sechost.dll
0x00007ff80e720000 - 0x00007ff80e840000 	C:\Windows\System32\RPCRT4.dll
0x00007ff80c7e0000 - 0x00007ff80c7e8000 	C:\Windows\System32\PSAPI.DLL
0x00007fffe7d90000 - 0x00007fffe7d99000 	C:\Windows\SYSTEM32\WSOCK32.dll
0x00007ff802a90000 - 0x00007ff802ac3000 	C:\Windows\SYSTEM32\WINMM.dll
0x00007ffff9750000 - 0x00007ffff975a000 	C:\Windows\SYSTEM32\VERSION.dll
0x00007ff80e150000 - 0x00007ff80e1bf000 	C:\Windows\System32\WS2_32.dll
0x00007ff80a0a0000 - 0x00007ff80a0b8000 	C:\Windows\SYSTEM32\kernel.appcore.dll
0x00007fffe7d70000 - 0x00007fffe7d81000 	C:\Program Files\Android\Android Studio\jre\bin\verify.dll
0x00007ff8040b0000 - 0x00007ff8042d1000 	C:\Windows\SYSTEM32\DBGHELP.DLL
0x00007ffff7220000 - 0x00007ffff7251000 	C:\Windows\SYSTEM32\dbgcore.DLL
0x00007ff80c490000 - 0x00007ff80c50f000 	C:\Windows\System32\bcryptPrimitives.dll
0x00007fffe7d40000 - 0x00007fffe7d69000 	C:\Program Files\Android\Android Studio\jre\bin\java.dll
0x00007fffe7d30000 - 0x00007fffe7d3b000 	C:\Program Files\Android\Android Studio\jre\bin\jimage.dll
0x00007fffe7d10000 - 0x00007fffe7d28000 	C:\Program Files\Android\Android Studio\jre\bin\zip.dll
0x00007ff80d400000 - 0x00007ff80dbae000 	C:\Windows\System32\SHELL32.dll
0x00007ff80a0c0000 - 0x00007ff80a927000 	C:\Windows\SYSTEM32\windows.storage.dll
0x00007ff80e1c0000 - 0x00007ff80e538000 	C:\Windows\System32\combase.dll
0x00007ff809f30000 - 0x00007ff80a096000 	C:\Windows\SYSTEM32\wintypes.dll
0x00007ff80d260000 - 0x00007ff80d34a000 	C:\Windows\System32\SHCORE.dll
0x00007ff80d170000 - 0x00007ff80d1cd000 	C:\Windows\System32\shlwapi.dll
0x00007ff80bd60000 - 0x00007ff80bd81000 	C:\Windows\SYSTEM32\profapi.dll
0x00007fffe6be0000 - 0x00007fffe6bfa000 	C:\Program Files\Android\Android Studio\jre\bin\net.dll
0x00007ff800850000 - 0x00007ff80095c000 	C:\Windows\SYSTEM32\WINHTTP.dll
0x00007ff80b450000 - 0x00007ff80b4b7000 	C:\Windows\system32\mswsock.dll
0x00007fffe6bc0000 - 0x00007fffe6bd4000 	C:\Program Files\Android\Android Studio\jre\bin\nio.dll
0x00007fffaaa00000 - 0x00007fffaaa27000 	C:\Users\Admin\.gradle\native\e1d6ef7f7dcc3fd88c89a11ec53ec762bb8ba0a96d01ffa2cd45eb1d1d8dd5c5\windows-amd64\native-platform.dll
0x00007fff85ff0000 - 0x00007fff86134000 	C:\Users\Admin\.gradle\native\5664cfc778a61ccfe75a443a1ab52a65af34e5dc3c78e0209fed803814484fcb\windows-amd64\native-platform-file-events.dll
0x00007fffe7d00000 - 0x00007fffe7d0a000 	C:\Program Files\Android\Android Studio\jre\bin\management.dll
0x00007fffe73f0000 - 0x00007fffe73fd000 	C:\Program Files\Android\Android Studio\jre\bin\management_ext.dll
0x00007ff80b690000 - 0x00007ff80b6a8000 	C:\Windows\SYSTEM32\CRYPTSP.dll
0x00007ff80b0a0000 - 0x00007ff80b0d5000 	C:\Windows\system32\rsaenh.dll
0x00007ff80b540000 - 0x00007ff80b569000 	C:\Windows\SYSTEM32\USERENV.dll
0x00007ff80b810000 - 0x00007ff80b837000 	C:\Windows\SYSTEM32\bcrypt.dll
0x00007ff80b6b0000 - 0x00007ff80b6bc000 	C:\Windows\SYSTEM32\CRYPTBASE.dll
0x00007ff80abf0000 - 0x00007ff80ac1d000 	C:\Windows\SYSTEM32\IPHLPAPI.DLL
0x00007ff80e140000 - 0x00007ff80e149000 	C:\Windows\System32\NSI.dll
0x00007ff8009e0000 - 0x00007ff8009f9000 	C:\Windows\SYSTEM32\dhcpcsvc6.DLL
0x00007ff800dc0000 - 0x00007ff800dde000 	C:\Windows\SYSTEM32\dhcpcsvc.DLL
0x00007ff80ac60000 - 0x00007ff80ad47000 	C:\Windows\SYSTEM32\DNSAPI.dll

dbghelp: loaded successfully - version: 4.0.5 - missing functions: none
symbol engine: initialized successfully - sym options: 0x614 - pdb path: .;C:\Program Files\Android\Android Studio\jre\bin;C:\Windows\SYSTEM32;C:\Windows\WinSxS\amd64_microsoft.windows.common-controls_6595b64144ccf1df_6.0.22000.120_none_9d947278b86cc467;C:\Program Files\Android\Android Studio\jre\bin\server;C:\Users\Admin\.gradle\native\e1d6ef7f7dcc3fd88c89a11ec53ec762bb8ba0a96d01ffa2cd45eb1d1d8dd5c5\windows-amd64;C:\Users\Admin\.gradle\native\5664cfc778a61ccfe75a443a1ab52a65af34e5dc3c78e0209fed803814484fcb\windows-amd64

VM Arguments:
jvm_args: --add-opens=java.base/java.util=ALL-UNNAMED --add-opens=java.base/java.lang=ALL-UNNAMED --add-opens=java.base/java.lang.invoke=ALL-UNNAMED --add-opens=java.base/java.util=ALL-UNNAMED --add-opens=java.prefs/java.util.prefs=ALL-UNNAMED --add-opens=java.prefs/java.util.prefs=ALL-UNNAMED --add-opens=java.base/java.nio.charset=ALL-UNNAMED --add-opens=java.base/java.net=ALL-UNNAMED --add-opens=java.base/java.util.concurrent.atomic=ALL-UNNAMED -Xmx2048m -Dfile.encoding=UTF-8 -Duser.country=US -Duser.language=en -Duser.variant 
java_command: org.gradle.launcher.daemon.bootstrap.GradleDaemon 7.3.3
java_class_path (initial): C:\Users\Admin\.gradle\wrapper\dists\gradle-7.3.3-bin\6a41zxkdtcxs8rphpq6y0069z\gradle-7.3.3\lib\gradle-launcher-7.3.3.jar
Launcher Type: SUN_STANDARD

[Global flags]
     intx CICompilerCount                          = 3                                         {product} {ergonomic}
     uint ConcGCThreads                            = 1                                         {product} {ergonomic}
     uint G1ConcRefinementThreads                  = 4                                         {product} {ergonomic}
   size_t G1HeapRegionSize                         = 1048576                                   {product} {ergonomic}
    uintx GCDrainStackTargetSize                   = 64                                        {product} {ergonomic}
   size_t InitialHeapSize                          = 134217728                                 {product} {ergonomic}
   size_t MarkStackSize                            = 4194304                                   {product} {ergonomic}
   size_t MaxHeapSize                              = 2147483648                                {product} {command line}
   size_t MaxNewSize                               = 1287651328                                {product} {ergonomic}
   size_t MinHeapDeltaBytes                        = 1048576                                   {product} {ergonomic}
    uintx NonNMethodCodeHeapSize                   = 5830732                                {pd product} {ergonomic}
    uintx NonProfiledCodeHeapSize                  = 122913754                              {pd product} {ergonomic}
    uintx ProfiledCodeHeapSize                     = 122913754                              {pd product} {ergonomic}
    uintx ReservedCodeCacheSize                    = 251658240                              {pd product} {ergonomic}
     bool SegmentedCodeCache                       = true                                      {product} {ergonomic}
     bool UseCompressedClassPointers               = true                                 {lp64_product} {ergonomic}
     bool UseCompressedOops                        = true                                 {lp64_product} {ergonomic}
     bool UseG1GC                                  = true                                      {product} {ergonomic}
     bool UseLargePagesIndividualAllocation        = false                                  {pd product} {ergonomic}

Logging:
Log output configuration:
 #0: stdout all=warning uptime,level,tags
 #1: stderr all=off uptime,level,tags

Environment Variables:
PATH=C:\Program Files\Common Files\Oracle\Java\javapath;C:\Program Files (x86)\Common Files\Oracle\Java\javapath;C:\Windows\system32;C:\Windows;C:\Windows\System32\Wbem;C:\Windows\System32\WindowsPowerShell\v1.0\;C:\Windows\System32\OpenSSH\;C:\Program Files (x86)\Intel\Intel(R) Management Engine Components\DAL;C:\Program Files\Intel\Intel(R) Management Engine Components\DAL;C:\Program Files\Git\cmd;C:\Users\Admin\AppData\Local\Microsoft\WindowsApps;C:\Users\Admin\AppData\Local\Programs\Microsoft VS Code\bin;C:\Users\Admin\AppData\Local\atom\bin;C:\Users\Admin\AppData\Local\GitHubDesktop\bin
USERNAME=Admin
OS=Windows_NT
PROCESSOR_IDENTIFIER=Intel64 Family 6 Model 78 Stepping 3, GenuineIntel



---------------  S Y S T E M  ---------------

OS: Windows 10 , 64 bit Build 22000 (10.0.22000.434)
OS uptime: 0 days 14:53 hours

CPU:total 4 (initial active 4) (2 cores per cpu, 2 threads per core) family 6 model 78 stepping 3 microcode 0xd6, cmov, cx8, fxsr, mmx, sse, sse2, sse3, ssse3, sse4.1, sse4.2, popcnt, avx, avx2, aes, clmul, erms, rtm, 3dnowpref, lzcnt, ht, tsc, tscinvbit, bmi1, bmi2, adx, fma

Memory: 4k page, system-wide physical 8072M (858M free)
TotalPageFile size 8072M (AvailPageFile size 5M)
current process WorkingSet (physical memory assigned to process): 229M, peak: 229M
current process commit charge ("private bytes"): 321M, peak: 322M

vm_info: OpenJDK 64-Bit Server VM (11.0.12+7-b1504.28-7817840) for windows-amd64 JRE (11.0.12+7-b1504.28-7817840), built on Oct 13 2021 22:12:33 by "builder" with MS VC++ 14.0 (VS2015)

END.
