#
# There is insufficient memory for the Java Runtime Environment to continue.
# Native memory allocation (malloc) failed to allocate 1072896 bytes for Chunk::new
# Possible reasons:
#   The system is out of physical RAM or swap space
#   The process is running with CompressedOops enabled, and the Java Heap may be blocking the growth of the native heap
# Possible solutions:
#   Reduce memory load on the system
#   Increase physical memory or swap space
#   Check if swap backing store is full
#   Decrease Java heap size (-Xmx/-Xms)
#   Decrease number of Java threads
#   Decrease Java thread stack sizes (-Xss)
#   Set larger code cache with -XX:ReservedCodeCacheSize=
#   JVM is running with Unscaled Compressed Oops mode in which the Java heap is
#     placed in the first 4GB address space. The Java Heap base address is the
#     maximum limit for the native heap growth. Please use -XX:HeapBaseMinAddress
#     to set the Java Heap base and to place the Java Heap above 4GB virtual address.
# This output file may be truncated or incomplete.
#
#  Out of Memory Error (./src/hotspot/share/memory/arena.cpp:197), pid=10392, tid=1980
#
# JRE version: OpenJDK Runtime Environment (11.0.12+7) (build 11.0.12+7-b1504.28-7817840)
# Java VM: OpenJDK 64-Bit Server VM (11.0.12+7-b1504.28-7817840, mixed mode, tiered, compressed oops, g1 gc, windows-amd64)
# No core dump will be written. Minidumps are not enabled by default on client versions of Windows
#

---------------  S U M M A R Y ------------

Command Line: --add-opens=java.base/java.util=ALL-UNNAMED --add-opens=java.base/java.lang=ALL-UNNAMED --add-opens=java.base/java.lang.invoke=ALL-UNNAMED --add-opens=java.base/java.util=ALL-UNNAMED --add-opens=java.prefs/java.util.prefs=ALL-UNNAMED --add-opens=java.prefs/java.util.prefs=ALL-UNNAMED --add-opens=java.base/java.nio.charset=ALL-UNNAMED --add-opens=java.base/java.net=ALL-UNNAMED --add-opens=java.base/java.util.concurrent.atomic=ALL-UNNAMED -Xmx2048m -Dfile.encoding=UTF-8 -Duser.country=US -Duser.language=en -Duser.variant org.gradle.launcher.daemon.bootstrap.GradleDaemon 7.3.3

Host: Intel(R) Core(TM) i7-6600U CPU @ 2.60GHz, 4 cores, 7G,  Windows 10 , 64 bit Build 22000 (10.0.22000.434)
Time: Tue Aug 23 01:07:40 2022 Egypt Standard Time elapsed time: 2.614172 seconds (0d 0h 0m 2s)

---------------  T H R E A D  ---------------

Current thread (0x00000212bb265000):  JavaThread "C2 CompilerThread0" daemon [_thread_in_native, id=1980, stack(0x0000005b7be00000,0x0000005b7bf00000)]


Current CompileTask:
C2:   2614 2100       4       java.net.URLClassLoader$1::run (5 bytes)

Stack: [0x0000005b7be00000,0x0000005b7bf00000]
Native frames: (J=compiled Java code, j=interpreted, Vv=VM code, C=native code)
V  [jvm.dll+0x5fbcea]
V  [jvm.dll+0x731905]
V  [jvm.dll+0x732f1d]
V  [jvm.dll+0x7335d3]
V  [jvm.dll+0x247bf8]
V  [jvm.dll+0xc018c]
V  [jvm.dll+0xc06cc]
V  [jvm.dll+0x2bcc04]
V  [jvm.dll+0x5113a8]
V  [jvm.dll+0x208303]
V  [jvm.dll+0x201fe0]
V  [jvm.dll+0x1ff71f]
V  [jvm.dll+0x18868c]
V  [jvm.dll+0x20e0d7]
V  [jvm.dll+0x20c901]
V  [jvm.dll+0x6f9b7f]
V  [jvm.dll+0x6f26a5]
V  [jvm.dll+0x5fabf6]
C  [ucrtbase.dll+0x26c0c]
C  [KERNEL32.DLL+0x154e0]
C  [ntdll.dll+0x485b]


---------------  P R O C E S S  ---------------

Threads class SMR info:
_java_thread_list=0x00000212be156540, length=25, elements={
0x00000212a1653800, 0x00000212bb23f800, 0x00000212bb243000, 0x00000212bbbd2800,
0x00000212bb260800, 0x00000212bb261800, 0x00000212bb265000, 0x00000212bb26b000,
0x00000212bb26e000, 0x00000212bbd11800, 0x00000212bcfe0000, 0x00000212bcca3800,
0x00000212be0a8800, 0x00000212be8b7000, 0x00000212bdada000, 0x00000212bbd93000,
0x00000212bf17b800, 0x00000212bcee2000, 0x00000212bd38b000, 0x00000212be929800,
0x00000212bbd93800, 0x00000212bbd94800, 0x00000212bbd97000, 0x00000212bbd91800,
0x00000212bbd95800
}

Java Threads: ( => current thread )
  0x00000212a1653800 JavaThread "main" [_thread_blocked, id=9484, stack(0x0000005b7b200000,0x0000005b7b300000)]
  0x00000212bb23f800 JavaThread "Reference Handler" daemon [_thread_blocked, id=6708, stack(0x0000005b7b900000,0x0000005b7ba00000)]
  0x00000212bb243000 JavaThread "Finalizer" daemon [_thread_blocked, id=8620, stack(0x0000005b7ba00000,0x0000005b7bb00000)]
  0x00000212bbbd2800 JavaThread "Signal Dispatcher" daemon [_thread_blocked, id=9664, stack(0x0000005b7bb00000,0x0000005b7bc00000)]
  0x00000212bb260800 JavaThread "Attach Listener" daemon [_thread_blocked, id=10580, stack(0x0000005b7bc00000,0x0000005b7bd00000)]
  0x00000212bb261800 JavaThread "Service Thread" daemon [_thread_blocked, id=5172, stack(0x0000005b7bd00000,0x0000005b7be00000)]
=>0x00000212bb265000 JavaThread "C2 CompilerThread0" daemon [_thread_in_native, id=1980, stack(0x0000005b7be00000,0x0000005b7bf00000)]
  0x00000212bb26b000 JavaThread "C1 CompilerThread0" daemon [_thread_blocked, id=2676, stack(0x0000005b7bf00000,0x0000005b7c000000)]
  0x00000212bb26e000 JavaThread "Sweeper thread" daemon [_thread_blocked, id=5532, stack(0x0000005b7c000000,0x0000005b7c100000)]
  0x00000212bbd11800 JavaThread "Common-Cleaner" daemon [_thread_blocked, id=11008, stack(0x0000005b7c100000,0x0000005b7c200000)]
  0x00000212bcfe0000 JavaThread "Daemon health stats" [_thread_blocked, id=6784, stack(0x0000005b7c600000,0x0000005b7c700000)]
  0x00000212bcca3800 JavaThread "Incoming local TCP Connector on port 62426" [_thread_in_native, id=11480, stack(0x0000005b7c300000,0x0000005b7c400000)]
  0x00000212be0a8800 JavaThread "Daemon periodic checks" [_thread_blocked, id=8784, stack(0x0000005b7c700000,0x0000005b7c800000)]
  0x00000212be8b7000 JavaThread "Daemon" [_thread_blocked, id=2904, stack(0x0000005b7c800000,0x0000005b7c900000)]
  0x00000212bdada000 JavaThread "Handler for socket connection from /127.0.0.1:62426 to /127.0.0.1:62427" [_thread_in_native, id=5748, stack(0x0000005b7c900000,0x0000005b7ca00000)]
  0x00000212bbd93000 JavaThread "C2 CompilerThread1" daemon [_thread_in_native, id=1016, stack(0x0000005b7ca00000,0x0000005b7cb00000)]
  0x00000212bf17b800 JavaThread "Cancel handler" [_thread_blocked, id=11680, stack(0x0000005b7cb00000,0x0000005b7cc00000)]
  0x00000212bcee2000 JavaThread "Daemon worker" [_thread_in_vm, id=9308, stack(0x0000005b7cc00000,0x0000005b7cd00000)]
  0x00000212bd38b000 JavaThread "Asynchronous log dispatcher for DefaultDaemonConnection: socket connection from /127.0.0.1:62426 to /127.0.0.1:62427" [_thread_blocked, id=6260, stack(0x0000005b7cd00000,0x0000005b7ce00000)]
  0x00000212be929800 JavaThread "Stdin handler" [_thread_blocked, id=7624, stack(0x0000005b7ce00000,0x0000005b7cf00000)]
  0x00000212bbd93800 JavaThread "Daemon client event forwarder" [_thread_blocked, id=4292, stack(0x0000005b7cf00000,0x0000005b7d000000)]
  0x00000212bbd94800 JavaThread "Cache worker for journal cache (C:\Users\Admin\.gradle\caches\journal-1)" [_thread_blocked, id=11380, stack(0x0000005b7d100000,0x0000005b7d200000)]
  0x00000212bbd97000 JavaThread "File lock request listener" [_thread_in_native, id=8396, stack(0x0000005b7d200000,0x0000005b7d300000)]
  0x00000212bbd91800 JavaThread "Cache worker for file hash cache (C:\Users\Admin\.gradle\caches\7.3.3\fileHashes)" [_thread_blocked, id=5020, stack(0x0000005b7d300000,0x0000005b7d400000)]
  0x00000212bbd95800 JavaThread "Cache worker for file hash cache (C:\Users\Admin\Desktop\jana\cw77\.gradle\7.3.3\fileHashes)" [_thread_blocked, id=6460, stack(0x0000005b7d400000,0x0000005b7d500000)]

Other Threads:
  0x00000212bb239800 VMThread "VM Thread" [stack: 0x0000005b7b800000,0x0000005b7b900000] [id=2720]
  0x00000212bbd32800 WatcherThread [stack: 0x0000005b7c200000,0x0000005b7c300000] [id=11588]
  0x000002129f68d800 GCTaskThread "GC Thread#0" [stack: 0x0000005b7b300000,0x0000005b7b400000] [id=8308]
  0x00000212bca25800 GCTaskThread "GC Thread#1" [stack: 0x0000005b7c400000,0x0000005b7c500000] [id=4492]
  0x00000212bc7d0800 GCTaskThread "GC Thread#2" [stack: 0x0000005b7c500000,0x0000005b7c600000] [id=4036]
  0x00000212be300000 GCTaskThread "GC Thread#3" [stack: 0x0000005b7d000000,0x0000005b7d100000] [id=2340]
  0x00000212a1699800 ConcurrentGCThread "G1 Main Marker" [stack: 0x0000005b7b400000,0x0000005b7b500000] [id=2808]
  0x00000212a169a800 ConcurrentGCThread "G1 Conc#0" [stack: 0x0000005b7b500000,0x0000005b7b600000] [id=8272]
  0x00000212a172a000 ConcurrentGCThread "G1 Refine#0" [stack: 0x0000005b7b600000,0x0000005b7b700000] [id=9916]
  0x00000212a172b000 ConcurrentGCThread "G1 Young RemSet Sampling" [stack: 0x0000005b7b700000,0x0000005b7b800000] [id=7212]

Threads with active compile tasks:
C2 CompilerThread0   2626 2100       4       java.net.URLClassLoader$1::run (5 bytes)
C2 CompilerThread1   2626 2101   !   4       java.net.URLClassLoader$1::run (63 bytes)

VM state:not at safepoint (normal execution)

VM Mutex/Monitor currently owned by a thread: None

Heap address: 0x0000000080000000, size: 2048 MB, Compressed Oops mode: 32-bit
Narrow klass base: 0x0000000000000000, Narrow klass shift: 3
Compressed class space size: 1073741824 Address: 0x0000000100000000

Heap:
 garbage-first heap   total 157696K, used 65071K [0x0000000080000000, 0x0000000100000000)
  region size 1024K, 49 young (50176K), 1 survivors (1024K)
 Metaspace       used 25736K, capacity 26291K, committed 26368K, reserved 1073152K
  class space    used 3328K, capacity 3519K, committed 3584K, reserved 1048576K
Heap Regions: E=young(eden), S=young(survivor), O=old, HS=humongous(starts), HC=humongous(continues), CS=collection set, F=free, A=archive, TAMS=top-at-mark-start (previous, next)
|   0|0x0000000080000000, 0x0000000080100000, 0x0000000080100000|100%| O|  |TAMS 0x0000000080100000, 0x0000000080000000| Untracked 
|   1|0x0000000080100000, 0x0000000080200000, 0x0000000080200000|100%| O|  |TAMS 0x0000000080200000, 0x0000000080100000| Untracked 
|   2|0x0000000080200000, 0x0000000080300000, 0x0000000080300000|100%| O|  |TAMS 0x0000000080300000, 0x0000000080200000| Untracked 
|   3|0x0000000080300000, 0x0000000080400000, 0x0000000080400000|100%|HS|  |TAMS 0x0000000080400000, 0x0000000080300000| Complete 
|   4|0x0000000080400000, 0x0000000080500000, 0x0000000080500000|100%|HC|  |TAMS 0x0000000080500000, 0x0000000080400000| Complete 
|   5|0x0000000080500000, 0x0000000080600000, 0x0000000080600000|100%|HC|  |TAMS 0x0000000080600000, 0x0000000080500000| Complete 
|   6|0x0000000080600000, 0x0000000080700000, 0x0000000080700000|100%| O|  |TAMS 0x0000000080700000, 0x0000000080600000| Untracked 
|   7|0x0000000080700000, 0x0000000080800000, 0x0000000080800000|100%| O|  |TAMS 0x0000000080800000, 0x0000000080700000| Untracked 
|   8|0x0000000080800000, 0x0000000080900000, 0x0000000080900000|100%| O|  |TAMS 0x0000000080900000, 0x0000000080800000| Untracked 
|   9|0x0000000080900000, 0x0000000080a00000, 0x0000000080a00000|100%| O|  |TAMS 0x0000000080a00000, 0x0000000080900000| Untracked 
|  10|0x0000000080a00000, 0x0000000080b00000, 0x0000000080b00000|100%| O|  |TAMS 0x0000000080b00000, 0x0000000080a00000| Untracked 
|  11|0x0000000080b00000, 0x0000000080c00000, 0x0000000080c00000|100%| O|  |TAMS 0x0000000080c00000, 0x0000000080b00000| Untracked 
|  12|0x0000000080c00000, 0x0000000080d00000, 0x0000000080d00000|100%| O|  |TAMS 0x0000000080d00000, 0x0000000080c00000| Untracked 
|  13|0x0000000080d00000, 0x0000000080e00000, 0x0000000080e00000|100%| O|  |TAMS 0x0000000080e00000, 0x0000000080d00000| Untracked 
|  14|0x0000000080e00000, 0x0000000080f00000, 0x0000000080f00000|100%| O|  |TAMS 0x0000000080f00000, 0x0000000080e00000| Untracked 
|  15|0x0000000080f00000, 0x0000000080f8bc00, 0x0000000081000000| 54%| O|  |TAMS 0x0000000080f8bc00, 0x0000000080f00000| Untracked 
|  16|0x0000000081000000, 0x0000000081000000, 0x0000000081100000|  0%| F|  |TAMS 0x0000000081000000, 0x0000000081000000| Untracked 
|  17|0x0000000081100000, 0x0000000081100000, 0x0000000081200000|  0%| F|  |TAMS 0x0000000081100000, 0x0000000081100000| Untracked 
|  18|0x0000000081200000, 0x0000000081200000, 0x0000000081300000|  0%| F|  |TAMS 0x0000000081200000, 0x0000000081200000| Untracked 
|  19|0x0000000081300000, 0x0000000081300000, 0x0000000081400000|  0%| F|  |TAMS 0x0000000081300000, 0x0000000081300000| Untracked 
|  20|0x0000000081400000, 0x0000000081400000, 0x0000000081500000|  0%| F|  |TAMS 0x0000000081400000, 0x0000000081400000| Untracked 
|  21|0x0000000081500000, 0x0000000081500000, 0x0000000081600000|  0%| F|  |TAMS 0x0000000081500000, 0x0000000081500000| Untracked 
|  22|0x0000000081600000, 0x0000000081600000, 0x0000000081700000|  0%| F|  |TAMS 0x0000000081600000, 0x0000000081600000| Untracked 
|  23|0x0000000081700000, 0x0000000081700000, 0x0000000081800000|  0%| F|  |TAMS 0x0000000081700000, 0x0000000081700000| Untracked 
|  24|0x0000000081800000, 0x0000000081800000, 0x0000000081900000|  0%| F|  |TAMS 0x0000000081800000, 0x0000000081800000| Untracked 
|  25|0x0000000081900000, 0x0000000081900000, 0x0000000081a00000|  0%| F|  |TAMS 0x0000000081900000, 0x0000000081900000| Untracked 
|  26|0x0000000081a00000, 0x0000000081a00000, 0x0000000081b00000|  0%| F|  |TAMS 0x0000000081a00000, 0x0000000081a00000| Untracked 
|  27|0x0000000081b00000, 0x0000000081b00000, 0x0000000081c00000|  0%| F|  |TAMS 0x0000000081b00000, 0x0000000081b00000| Untracked 
|  28|0x0000000081c00000, 0x0000000081c00000, 0x0000000081d00000|  0%| F|  |TAMS 0x0000000081c00000, 0x0000000081c00000| Untracked 
|  29|0x0000000081d00000, 0x0000000081d00000, 0x0000000081e00000|  0%| F|  |TAMS 0x0000000081d00000, 0x0000000081d00000| Untracked 
|  30|0x0000000081e00000, 0x0000000081e00000, 0x0000000081f00000|  0%| F|  |TAMS 0x0000000081e00000, 0x0000000081e00000| Untracked 
|  31|0x0000000081f00000, 0x0000000081f00000, 0x0000000082000000|  0%| F|  |TAMS 0x0000000081f00000, 0x0000000081f00000| Untracked 
|  32|0x0000000082000000, 0x0000000082000000, 0x0000000082100000|  0%| F|  |TAMS 0x0000000082000000, 0x0000000082000000| Untracked 
|  33|0x0000000082100000, 0x0000000082100000, 0x0000000082200000|  0%| F|  |TAMS 0x0000000082100000, 0x0000000082100000| Untracked 
|  34|0x0000000082200000, 0x0000000082200000, 0x0000000082300000|  0%| F|  |TAMS 0x0000000082200000, 0x0000000082200000| Untracked 
|  35|0x0000000082300000, 0x0000000082300000, 0x0000000082400000|  0%| F|  |TAMS 0x0000000082300000, 0x0000000082300000| Untracked 
|  36|0x0000000082400000, 0x0000000082400000, 0x0000000082500000|  0%| F|  |TAMS 0x0000000082400000, 0x0000000082400000| Untracked 
|  37|0x0000000082500000, 0x0000000082500000, 0x0000000082600000|  0%| F|  |TAMS 0x0000000082500000, 0x0000000082500000| Untracked 
|  38|0x0000000082600000, 0x0000000082600000, 0x0000000082700000|  0%| F|  |TAMS 0x0000000082600000, 0x0000000082600000| Untracked 
|  39|0x0000000082700000, 0x0000000082700000, 0x0000000082800000|  0%| F|  |TAMS 0x0000000082700000, 0x0000000082700000| Untracked 
|  40|0x0000000082800000, 0x0000000082800000, 0x0000000082900000|  0%| F|  |TAMS 0x0000000082800000, 0x0000000082800000| Untracked 
|  41|0x0000000082900000, 0x0000000082900000, 0x0000000082a00000|  0%| F|  |TAMS 0x0000000082900000, 0x0000000082900000| Untracked 
|  42|0x0000000082a00000, 0x0000000082a00000, 0x0000000082b00000|  0%| F|  |TAMS 0x0000000082a00000, 0x0000000082a00000| Untracked 
|  43|0x0000000082b00000, 0x0000000082b00000, 0x0000000082c00000|  0%| F|  |TAMS 0x0000000082b00000, 0x0000000082b00000| Untracked 
|  44|0x0000000082c00000, 0x0000000082c00000, 0x0000000082d00000|  0%| F|  |TAMS 0x0000000082c00000, 0x0000000082c00000| Untracked 
|  45|0x0000000082d00000, 0x0000000082d00000, 0x0000000082e00000|  0%| F|  |TAMS 0x0000000082d00000, 0x0000000082d00000| Untracked 
|  46|0x0000000082e00000, 0x0000000082e00000, 0x0000000082f00000|  0%| F|  |TAMS 0x0000000082e00000, 0x0000000082e00000| Untracked 
|  47|0x0000000082f00000, 0x0000000082f00000, 0x0000000083000000|  0%| F|  |TAMS 0x0000000082f00000, 0x0000000082f00000| Untracked 
|  48|0x0000000083000000, 0x0000000083000000, 0x0000000083100000|  0%| F|  |TAMS 0x0000000083000000, 0x0000000083000000| Untracked 
|  49|0x0000000083100000, 0x0000000083100000, 0x0000000083200000|  0%| F|  |TAMS 0x0000000083100000, 0x0000000083100000| Untracked 
|  50|0x0000000083200000, 0x0000000083200000, 0x0000000083300000|  0%| F|  |TAMS 0x0000000083200000, 0x0000000083200000| Untracked 
|  51|0x0000000083300000, 0x0000000083300000, 0x0000000083400000|  0%| F|  |TAMS 0x0000000083300000, 0x0000000083300000| Untracked 
|  52|0x0000000083400000, 0x0000000083400000, 0x0000000083500000|  0%| F|  |TAMS 0x0000000083400000, 0x0000000083400000| Untracked 
|  53|0x0000000083500000, 0x0000000083500000, 0x0000000083600000|  0%| F|  |TAMS 0x0000000083500000, 0x0000000083500000| Untracked 
|  54|0x0000000083600000, 0x0000000083600000, 0x0000000083700000|  0%| F|  |TAMS 0x0000000083600000, 0x0000000083600000| Untracked 
|  55|0x0000000083700000, 0x0000000083700000, 0x0000000083800000|  0%| F|  |TAMS 0x0000000083700000, 0x0000000083700000| Untracked 
|  56|0x0000000083800000, 0x0000000083800000, 0x0000000083900000|  0%| F|  |TAMS 0x0000000083800000, 0x0000000083800000| Untracked 
|  57|0x0000000083900000, 0x0000000083900000, 0x0000000083a00000|  0%| F|  |TAMS 0x0000000083900000, 0x0000000083900000| Untracked 
|  58|0x0000000083a00000, 0x0000000083a00000, 0x0000000083b00000|  0%| F|  |TAMS 0x0000000083a00000, 0x0000000083a00000| Untracked 
|  59|0x0000000083b00000, 0x0000000083b00000, 0x0000000083c00000|  0%| F|  |TAMS 0x0000000083b00000, 0x0000000083b00000| Untracked 
|  60|0x0000000083c00000, 0x0000000083c00000, 0x0000000083d00000|  0%| F|  |TAMS 0x0000000083c00000, 0x0000000083c00000| Untracked 
|  61|0x0000000083d00000, 0x0000000083d00000, 0x0000000083e00000|  0%| F|  |TAMS 0x0000000083d00000, 0x0000000083d00000| Untracked 
|  62|0x0000000083e00000, 0x0000000083e00000, 0x0000000083f00000|  0%| F|  |TAMS 0x0000000083e00000, 0x0000000083e00000| Untracked 
|  63|0x0000000083f00000, 0x0000000083f00000, 0x0000000084000000|  0%| F|  |TAMS 0x0000000083f00000, 0x0000000083f00000| Untracked 
|  64|0x0000000084000000, 0x0000000084000000, 0x0000000084100000|  0%| F|  |TAMS 0x0000000084000000, 0x0000000084000000| Untracked 
|  65|0x0000000084100000, 0x0000000084100000, 0x0000000084200000|  0%| F|  |TAMS 0x0000000084100000, 0x0000000084100000| Untracked 
|  66|0x0000000084200000, 0x0000000084200000, 0x0000000084300000|  0%| F|  |TAMS 0x0000000084200000, 0x0000000084200000| Untracked 
|  67|0x0000000084300000, 0x0000000084300000, 0x0000000084400000|  0%| F|  |TAMS 0x0000000084300000, 0x0000000084300000| Untracked 
|  68|0x0000000084400000, 0x0000000084400000, 0x0000000084500000|  0%| F|  |TAMS 0x0000000084400000, 0x0000000084400000| Untracked 
|  69|0x0000000084500000, 0x0000000084500000, 0x0000000084600000|  0%| F|  |TAMS 0x0000000084500000, 0x0000000084500000| Untracked 
|  70|0x0000000084600000, 0x0000000084600000, 0x0000000084700000|  0%| F|  |TAMS 0x0000000084600000, 0x0000000084600000| Untracked 
|  71|0x0000000084700000, 0x0000000084700000, 0x0000000084800000|  0%| F|  |TAMS 0x0000000084700000, 0x0000000084700000| Untracked 
|  72|0x0000000084800000, 0x0000000084800000, 0x0000000084900000|  0%| F|  |TAMS 0x0000000084800000, 0x0000000084800000| Untracked 
|  73|0x0000000084900000, 0x0000000084900000, 0x0000000084a00000|  0%| F|  |TAMS 0x0000000084900000, 0x0000000084900000| Untracked 
|  74|0x0000000084a00000, 0x0000000084a00000, 0x0000000084b00000|  0%| F|  |TAMS 0x0000000084a00000, 0x0000000084a00000| Untracked 
|  75|0x0000000084b00000, 0x0000000084b00000, 0x0000000084c00000|  0%| F|  |TAMS 0x0000000084b00000, 0x0000000084b00000| Untracked 
|  76|0x0000000084c00000, 0x0000000084c00000, 0x0000000084d00000|  0%| F|  |TAMS 0x0000000084c00000, 0x0000000084c00000| Untracked 
|  77|0x0000000084d00000, 0x0000000084d00000, 0x0000000084e00000|  0%| F|  |TAMS 0x0000000084d00000, 0x0000000084d00000| Untracked 
|  78|0x0000000084e00000, 0x0000000084e00000, 0x0000000084f00000|  0%| F|  |TAMS 0x0000000084e00000, 0x0000000084e00000| Untracked 
|  79|0x0000000084f00000, 0x0000000084f00000, 0x0000000085000000|  0%| F|  |TAMS 0x0000000084f00000, 0x0000000084f00000| Untracked 
|  80|0x0000000085000000, 0x0000000085000000, 0x0000000085100000|  0%| F|  |TAMS 0x0000000085000000, 0x0000000085000000| Untracked 
|  81|0x0000000085100000, 0x0000000085100000, 0x0000000085200000|  0%| F|  |TAMS 0x0000000085100000, 0x0000000085100000| Untracked 
|  82|0x0000000085200000, 0x0000000085200000, 0x0000000085300000|  0%| F|  |TAMS 0x0000000085200000, 0x0000000085200000| Untracked 
|  83|0x0000000085300000, 0x0000000085300000, 0x0000000085400000|  0%| F|  |TAMS 0x0000000085300000, 0x0000000085300000| Untracked 
|  84|0x0000000085400000, 0x0000000085400000, 0x0000000085500000|  0%| F|  |TAMS 0x0000000085400000, 0x0000000085400000| Untracked 
|  85|0x0000000085500000, 0x0000000085500000, 0x0000000085600000|  0%| F|  |TAMS 0x0000000085500000, 0x0000000085500000| Untracked 
|  86|0x0000000085600000, 0x0000000085600000, 0x0000000085700000|  0%| F|  |TAMS 0x0000000085600000, 0x0000000085600000| Untracked 
|  87|0x0000000085700000, 0x0000000085700000, 0x0000000085800000|  0%| F|  |TAMS 0x0000000085700000, 0x0000000085700000| Untracked 
|  88|0x0000000085800000, 0x0000000085800000, 0x0000000085900000|  0%| F|  |TAMS 0x0000000085800000, 0x0000000085800000| Untracked 
|  89|0x0000000085900000, 0x0000000085900000, 0x0000000085a00000|  0%| F|  |TAMS 0x0000000085900000, 0x0000000085900000| Untracked 
|  90|0x0000000085a00000, 0x0000000085a00000, 0x0000000085b00000|  0%| F|  |TAMS 0x0000000085a00000, 0x0000000085a00000| Untracked 
|  91|0x0000000085b00000, 0x0000000085b00000, 0x0000000085c00000|  0%| F|  |TAMS 0x0000000085b00000, 0x0000000085b00000| Untracked 
|  92|0x0000000085c00000, 0x0000000085c00000, 0x0000000085d00000|  0%| F|  |TAMS 0x0000000085c00000, 0x0000000085c00000| Untracked 
|  93|0x0000000085d00000, 0x0000000085d00000, 0x0000000085e00000|  0%| F|  |TAMS 0x0000000085d00000, 0x0000000085d00000| Untracked 
|  94|0x0000000085e00000, 0x0000000085e00000, 0x0000000085f00000|  0%| F|  |TAMS 0x0000000085e00000, 0x0000000085e00000| Untracked 
|  95|0x0000000085f00000, 0x0000000085f00000, 0x0000000086000000|  0%| F|  |TAMS 0x0000000085f00000, 0x0000000085f00000| Untracked 
|  96|0x0000000086000000, 0x0000000086000000, 0x0000000086100000|  0%| F|  |TAMS 0x0000000086000000, 0x0000000086000000| Untracked 
|  97|0x0000000086100000, 0x0000000086100000, 0x0000000086200000|  0%| F|  |TAMS 0x0000000086100000, 0x0000000086100000| Untracked 
|  98|0x0000000086200000, 0x0000000086200000, 0x0000000086300000|  0%| F|  |TAMS 0x0000000086200000, 0x0000000086200000| Untracked 
|  99|0x0000000086300000, 0x0000000086300000, 0x0000000086400000|  0%| F|  |TAMS 0x0000000086300000, 0x0000000086300000| Untracked 
| 100|0x0000000086400000, 0x0000000086500000, 0x0000000086500000|100%| S|CS|TAMS 0x0000000086400000, 0x0000000086400000| Complete 
| 101|0x0000000086500000, 0x0000000086500000, 0x0000000086600000|  0%| F|  |TAMS 0x0000000086500000, 0x0000000086500000| Untracked 
| 102|0x0000000086600000, 0x0000000086600000, 0x0000000086700000|  0%| F|  |TAMS 0x0000000086600000, 0x0000000086600000| Untracked 
| 103|0x0000000086700000, 0x0000000086700000, 0x0000000086800000|  0%| F|  |TAMS 0x0000000086700000, 0x0000000086700000| Untracked 
| 104|0x0000000086800000, 0x0000000086800000, 0x0000000086900000|  0%| F|  |TAMS 0x0000000086800000, 0x0000000086800000| Untracked 
| 105|0x0000000086900000, 0x0000000086900000, 0x0000000086a00000|  0%| F|  |TAMS 0x0000000086900000, 0x0000000086900000| Untracked 
| 106|0x0000000086a00000, 0x0000000086b00000, 0x0000000086b00000|100%| E|  |TAMS 0x0000000086a00000, 0x0000000086a00000| Complete 
| 107|0x0000000086b00000, 0x0000000086c00000, 0x0000000086c00000|100%| E|CS|TAMS 0x0000000086b00000, 0x0000000086b00000| Complete 
| 108|0x0000000086c00000, 0x0000000086d00000, 0x0000000086d00000|100%| E|CS|TAMS 0x0000000086c00000, 0x0000000086c00000| Complete 
| 109|0x0000000086d00000, 0x0000000086e00000, 0x0000000086e00000|100%| E|CS|TAMS 0x0000000086d00000, 0x0000000086d00000| Complete 
| 110|0x0000000086e00000, 0x0000000086f00000, 0x0000000086f00000|100%| E|CS|TAMS 0x0000000086e00000, 0x0000000086e00000| Complete 
| 111|0x0000000086f00000, 0x0000000087000000, 0x0000000087000000|100%| E|CS|TAMS 0x0000000086f00000, 0x0000000086f00000| Complete 
| 112|0x0000000087000000, 0x0000000087100000, 0x0000000087100000|100%| E|CS|TAMS 0x0000000087000000, 0x0000000087000000| Complete 
| 113|0x0000000087100000, 0x0000000087200000, 0x0000000087200000|100%| E|CS|TAMS 0x0000000087100000, 0x0000000087100000| Complete 
| 114|0x0000000087200000, 0x0000000087300000, 0x0000000087300000|100%| E|CS|TAMS 0x0000000087200000, 0x0000000087200000| Complete 
| 115|0x0000000087300000, 0x0000000087400000, 0x0000000087400000|100%| E|CS|TAMS 0x0000000087300000, 0x0000000087300000| Complete 
| 116|0x0000000087400000, 0x0000000087500000, 0x0000000087500000|100%| E|CS|TAMS 0x0000000087400000, 0x0000000087400000| Complete 
| 117|0x0000000087500000, 0x0000000087600000, 0x0000000087600000|100%| E|CS|TAMS 0x0000000087500000, 0x0000000087500000| Complete 
| 118|0x0000000087600000, 0x0000000087700000, 0x0000000087700000|100%| E|CS|TAMS 0x0000000087600000, 0x0000000087600000| Complete 
| 119|0x0000000087700000, 0x0000000087800000, 0x0000000087800000|100%| E|CS|TAMS 0x0000000087700000, 0x0000000087700000| Complete 
| 120|0x0000000087800000, 0x0000000087900000, 0x0000000087900000|100%| E|CS|TAMS 0x0000000087800000, 0x0000000087800000| Complete 
| 121|0x0000000087900000, 0x0000000087a00000, 0x0000000087a00000|100%| E|CS|TAMS 0x0000000087900000, 0x0000000087900000| Complete 
| 122|0x0000000087a00000, 0x0000000087b00000, 0x0000000087b00000|100%| E|CS|TAMS 0x0000000087a00000, 0x0000000087a00000| Complete 
| 123|0x0000000087b00000, 0x0000000087c00000, 0x0000000087c00000|100%| E|CS|TAMS 0x0000000087b00000, 0x0000000087b00000| Complete 
| 124|0x0000000087c00000, 0x0000000087d00000, 0x0000000087d00000|100%| E|CS|TAMS 0x0000000087c00000, 0x0000000087c00000| Complete 
| 125|0x0000000087d00000, 0x0000000087e00000, 0x0000000087e00000|100%| E|CS|TAMS 0x0000000087d00000, 0x0000000087d00000| Complete 
| 126|0x0000000087e00000, 0x0000000087f00000, 0x0000000087f00000|100%| E|CS|TAMS 0x0000000087e00000, 0x0000000087e00000| Complete 
| 127|0x0000000087f00000, 0x0000000088000000, 0x0000000088000000|100%| E|CS|TAMS 0x0000000087f00000, 0x0000000087f00000| Complete 
| 128|0x0000000088000000, 0x0000000088100000, 0x0000000088100000|100%| E|CS|TAMS 0x0000000088000000, 0x0000000088000000| Complete 
| 129|0x0000000088100000, 0x0000000088200000, 0x0000000088200000|100%| E|CS|TAMS 0x0000000088100000, 0x0000000088100000| Complete 
| 130|0x0000000088200000, 0x0000000088300000, 0x0000000088300000|100%| E|CS|TAMS 0x0000000088200000, 0x0000000088200000| Complete 
| 131|0x0000000088300000, 0x0000000088400000, 0x0000000088400000|100%| E|CS|TAMS 0x0000000088300000, 0x0000000088300000| Complete 
| 132|0x0000000088400000, 0x0000000088500000, 0x0000000088500000|100%| E|CS|TAMS 0x0000000088400000, 0x0000000088400000| Complete 
| 133|0x0000000088500000, 0x0000000088600000, 0x0000000088600000|100%| E|CS|TAMS 0x0000000088500000, 0x0000000088500000| Complete 
| 134|0x0000000088600000, 0x0000000088700000, 0x0000000088700000|100%| E|CS|TAMS 0x0000000088600000, 0x0000000088600000| Complete 
| 135|0x0000000088700000, 0x0000000088800000, 0x0000000088800000|100%| E|CS|TAMS 0x0000000088700000, 0x0000000088700000| Complete 
| 136|0x0000000088800000, 0x0000000088900000, 0x0000000088900000|100%| E|CS|TAMS 0x0000000088800000, 0x0000000088800000| Complete 
| 137|0x0000000088900000, 0x0000000088a00000, 0x0000000088a00000|100%| E|CS|TAMS 0x0000000088900000, 0x0000000088900000| Complete 
| 138|0x0000000088a00000, 0x0000000088b00000, 0x0000000088b00000|100%| E|CS|TAMS 0x0000000088a00000, 0x0000000088a00000| Complete 
| 139|0x0000000088b00000, 0x0000000088c00000, 0x0000000088c00000|100%| E|CS|TAMS 0x0000000088b00000, 0x0000000088b00000| Complete 
| 140|0x0000000088c00000, 0x0000000088d00000, 0x0000000088d00000|100%| E|CS|TAMS 0x0000000088c00000, 0x0000000088c00000| Complete 
| 141|0x0000000088d00000, 0x0000000088e00000, 0x0000000088e00000|100%| E|CS|TAMS 0x0000000088d00000, 0x0000000088d00000| Complete 
| 142|0x0000000088e00000, 0x0000000088f00000, 0x0000000088f00000|100%| E|CS|TAMS 0x0000000088e00000, 0x0000000088e00000| Complete 
| 143|0x0000000088f00000, 0x0000000089000000, 0x0000000089000000|100%| E|CS|TAMS 0x0000000088f00000, 0x0000000088f00000| Complete 
| 144|0x0000000089000000, 0x0000000089100000, 0x0000000089100000|100%| E|CS|TAMS 0x0000000089000000, 0x0000000089000000| Complete 
| 145|0x0000000089100000, 0x0000000089200000, 0x0000000089200000|100%| E|CS|TAMS 0x0000000089100000, 0x0000000089100000| Complete 
| 146|0x0000000089200000, 0x0000000089300000, 0x0000000089300000|100%| E|CS|TAMS 0x0000000089200000, 0x0000000089200000| Complete 
| 147|0x0000000089300000, 0x0000000089400000, 0x0000000089400000|100%| E|CS|TAMS 0x0000000089300000, 0x0000000089300000| Complete 
| 148|0x0000000089400000, 0x0000000089500000, 0x0000000089500000|100%| E|CS|TAMS 0x0000000089400000, 0x0000000089400000| Complete 
| 149|0x0000000089500000, 0x0000000089600000, 0x0000000089600000|100%| E|CS|TAMS 0x0000000089500000, 0x0000000089500000| Complete 
| 150|0x0000000089600000, 0x0000000089700000, 0x0000000089700000|100%| E|CS|TAMS 0x0000000089600000, 0x0000000089600000| Complete 
| 151|0x0000000089700000, 0x0000000089800000, 0x0000000089800000|100%| E|CS|TAMS 0x0000000089700000, 0x0000000089700000| Complete 
| 152|0x0000000089800000, 0x0000000089900000, 0x0000000089900000|100%| E|CS|TAMS 0x0000000089800000, 0x0000000089800000| Complete 
| 153|0x0000000089900000, 0x0000000089a00000, 0x0000000089a00000|100%| E|CS|TAMS 0x0000000089900000, 0x0000000089900000| Complete 

Card table byte_map: [0x00000212b4560000,0x00000212b4960000] _byte_map_base: 0x00000212b4160000

Marking Bits (Prev, Next): (CMBitMap*) 0x00000212a1690c50, (CMBitMap*) 0x00000212a1690c18
 Prev Bits: [0x00000212b6d60000, 0x00000212b8d60000)
 Next Bits: [0x00000212b4d60000, 0x00000212b6d60000)

Polling page: 0x000002129f530000

Metaspace:

Usage:
  Non-class:     22.24 MB capacity,    21.90 MB ( 98%) used,   296.91 KB (  1%) free+waste,    44.94 KB ( <1%) overhead. 
      Class:      3.44 MB capacity,     3.25 MB ( 95%) used,   164.81 KB (  5%) free+waste,    22.25 KB ( <1%) overhead. 
       Both:     25.67 MB capacity,    25.16 MB ( 98%) used,   461.73 KB (  2%) free+waste,    67.19 KB ( <1%) overhead. 

Virtual space:
  Non-class space:       24.00 MB reserved,      22.25 MB ( 93%) committed 
      Class space:        1.00 GB reserved,       3.50 MB ( <1%) committed 
             Both:        1.02 GB reserved,      25.75 MB (  2%) committed 

Chunk freelists:
   Non-Class:  12.00 KB
       Class:  1.00 KB
        Both:  13.00 KB

MaxMetaspaceSize: 17179869184.00 GB
CompressedClassSpaceSize: 1.00 GB
Initial GC threshold: 20.80 MB
Current GC threshold: 35.00 MB
CDS: off

CodeHeap 'non-profiled nmethods': size=120064Kb used=1114Kb max_used=1114Kb free=118949Kb
 bounds [0x00000212acc20000, 0x00000212ace90000, 0x00000212b4160000]
CodeHeap 'profiled nmethods': size=120000Kb used=4625Kb max_used=4625Kb free=115374Kb
 bounds [0x00000212a56f0000, 0x00000212a5b80000, 0x00000212acc20000]
CodeHeap 'non-nmethods': size=5696Kb used=1228Kb max_used=1255Kb free=4468Kb
 bounds [0x00000212a5160000, 0x00000212a53d0000, 0x00000212a56f0000]
 total_blobs=2686 nmethods=2187 adapters=411
 compilation: enabled
              stopped_count=0, restarted_count=0
 full_count=0

Compilation events (20 events):
Event: 2.587 Thread 0x00000212bb26b000 2182       3       java.util.concurrent.locks.AbstractOwnableSynchronizer::<init> (5 bytes)
Event: 2.587 Thread 0x00000212bb26b000 nmethod 2182 0x00000212a5b68b90 code [0x00000212a5b68d40, 0x00000212a5b68e98]
Event: 2.590 Thread 0x00000212bb26b000 2183       3       java.util.concurrent.locks.ReentrantLock$Sync::<init> (5 bytes)
Event: 2.590 Thread 0x00000212bb26b000 nmethod 2183 0x00000212a5b68f90 code [0x00000212a5b69160, 0x00000212a5b69378]
Event: 2.590 Thread 0x00000212bb26b000 2184       3       java.util.concurrent.locks.ReentrantLock$NonfairSync::<init> (5 bytes)
Event: 2.590 Thread 0x00000212bb26b000 nmethod 2184 0x00000212a5b69490 code [0x00000212a5b69660, 0x00000212a5b698d8]
Event: 2.593 Thread 0x00000212bb26b000 2185       3       org.gradle.internal.service.DefaultServiceRegistry$OwnServices::instanceRealized (209 bytes)
Event: 2.595 Thread 0x00000212bb26b000 nmethod 2185 0x00000212a5b69a10 code [0x00000212a5b69fa0, 0x00000212a5b6cdc8]
Event: 2.599 Thread 0x00000212bb26b000 2186       3       org.gradle.internal.instantiation.generator.AbstractClassGenerator$ClassGenerationHandler::visitInstanceMethod (1 bytes)
Event: 2.600 Thread 0x00000212bb26b000 nmethod 2186 0x00000212a5b6dd90 code [0x00000212a5b6df40, 0x00000212a5b6e038]
Event: 2.600 Thread 0x00000212bb26b000 2187       3       org.objectweb.asm.Label::resolve (219 bytes)
Event: 2.600 Thread 0x00000212bb26b000 nmethod 2187 0x00000212a5b6e110 code [0x00000212a5b6e300, 0x00000212a5b6e7f8]
Event: 2.600 Thread 0x00000212bb26b000 2189       3       org.objectweb.asm.SymbolTable::addConstantUtf8Reference (101 bytes)
Event: 2.601 Thread 0x00000212bb26b000 nmethod 2189 0x00000212a5b6eb10 code [0x00000212a5b6ed40, 0x00000212a5b6f3b8]
Event: 2.601 Thread 0x00000212bb26b000 2190       3       org.objectweb.asm.SymbolTable::addConstantMemberReference (147 bytes)
Event: 2.602 Thread 0x00000212bb26b000 nmethod 2190 0x00000212a5b6f710 code [0x00000212a5b6f9a0, 0x00000212a5b702c8]
Event: 2.602 Thread 0x00000212bb26b000 2188       3       org.objectweb.asm.Frame::merge (322 bytes)
Event: 2.602 Thread 0x00000212bb26b000 nmethod 2188 0x00000212a5b70890 code [0x00000212a5b70ac0, 0x00000212a5b713c8]
Event: 2.602 Thread 0x00000212bb26b000 2191       3       org.objectweb.asm.Frame::getLocal (46 bytes)
Event: 2.602 Thread 0x00000212bb26b000 nmethod 2191 0x00000212a5b71610 code [0x00000212a5b717c0, 0x00000212a5b719b8]

GC Heap History (10 events):
Event: 0.398 GC heap before
{Heap before GC invocations=0 (full 0):
 garbage-first heap   total 131072K, used 20480K [0x0000000080000000, 0x0000000100000000)
  region size 1024K, 14 young (14336K), 0 survivors (0K)
 Metaspace       used 6733K, capacity 6925K, committed 7168K, reserved 1056768K
  class space    used 582K, capacity 650K, committed 768K, reserved 1048576K
}
Event: 0.403 GC heap after
{Heap after GC invocations=1 (full 0):
 garbage-first heap   total 131072K, used 7797K [0x0000000080000000, 0x0000000100000000)
  region size 1024K, 2 young (2048K), 2 survivors (2048K)
 Metaspace       used 6733K, capacity 6925K, committed 7168K, reserved 1056768K
  class space    used 582K, capacity 650K, committed 768K, reserved 1048576K
}
Event: 0.675 GC heap before
{Heap before GC invocations=1 (full 0):
 garbage-first heap   total 131072K, used 20085K [0x0000000080000000, 0x0000000100000000)
  region size 1024K, 14 young (14336K), 2 survivors (2048K)
 Metaspace       used 9874K, capacity 10118K, committed 10368K, reserved 1058816K
  class space    used 1027K, capacity 1102K, committed 1152K, reserved 1048576K
}
Event: 0.678 GC heap after
{Heap after GC invocations=2 (full 0):
 garbage-first heap   total 131072K, used 9334K [0x0000000080000000, 0x0000000100000000)
  region size 1024K, 2 young (2048K), 2 survivors (2048K)
 Metaspace       used 9874K, capacity 10118K, committed 10368K, reserved 1058816K
  class space    used 1027K, capacity 1102K, committed 1152K, reserved 1048576K
}
Event: 0.956 GC heap before
{Heap before GC invocations=2 (full 0):
 garbage-first heap   total 131072K, used 39030K [0x0000000080000000, 0x0000000100000000)
  region size 1024K, 31 young (31744K), 2 survivors (2048K)
 Metaspace       used 10846K, capacity 11073K, committed 11264K, reserved 1058816K
  class space    used 1130K, capacity 1207K, committed 1280K, reserved 1048576K
}
Event: 0.959 GC heap after
{Heap after GC invocations=3 (full 0):
 garbage-first heap   total 131072K, used 11441K [0x0000000080000000, 0x0000000100000000)
  region size 1024K, 3 young (3072K), 3 survivors (3072K)
 Metaspace       used 10846K, capacity 11073K, committed 11264K, reserved 1058816K
  class space    used 1130K, capacity 1207K, committed 1280K, reserved 1048576K
}
Event: 1.876 GC heap before
{Heap before GC invocations=3 (full 0):
 garbage-first heap   total 131072K, used 55473K [0x0000000080000000, 0x0000000100000000)
  region size 1024K, 46 young (47104K), 3 survivors (3072K)
 Metaspace       used 17700K, capacity 18099K, committed 18432K, reserved 1064960K
  class space    used 2091K, capacity 2209K, committed 2304K, reserved 1048576K
}
Event: 1.884 GC heap after
{Heap after GC invocations=4 (full 0):
 garbage-first heap   total 131072K, used 15825K [0x0000000080000000, 0x0000000100000000)
  region size 1024K, 6 young (6144K), 6 survivors (6144K)
 Metaspace       used 17700K, capacity 18099K, committed 18432K, reserved 1064960K
  class space    used 2091K, capacity 2209K, committed 2304K, reserved 1048576K
}
Event: 2.129 GC heap before
{Heap before GC invocations=4 (full 0):
 garbage-first heap   total 131072K, used 42449K [0x0000000080000000, 0x0000000100000000)
  region size 1024K, 33 young (33792K), 6 survivors (6144K)
 Metaspace       used 20723K, capacity 21135K, committed 21248K, reserved 1067008K
  class space    used 2544K, capacity 2710K, committed 2816K, reserved 1048576K
}
Event: 2.136 GC heap after
{Heap after GC invocations=5 (full 0):
 garbage-first heap   total 157696K, used 16943K [0x0000000080000000, 0x0000000100000000)
  region size 1024K, 1 young (1024K), 1 survivors (1024K)
 Metaspace       used 20723K, capacity 21135K, committed 21248K, reserved 1067008K
  class space    used 2544K, capacity 2710K, committed 2816K, reserved 1048576K
}

Deoptimization events (20 events):
Event: 2.116 Thread 0x00000212bcee2000 DEOPT PACKING pc=0x00000212acc92b74 sp=0x0000005b7ccfad70
Event: 2.116 Thread 0x00000212bcee2000 DEOPT UNPACKING pc=0x00000212a51aa1af sp=0x0000005b7ccfad08 mode 2
Event: 2.117 Thread 0x00000212bcee2000 Uncommon trap: trap_request=0xffffff4d fr.pc=0x00000212acc9a8f8 relative=0x00000000000005b8
Event: 2.117 Thread 0x00000212bcee2000 Uncommon trap: reason=unstable_if action=reinterpret pc=0x00000212acc9a8f8 method=java.io.File.getName()Ljava/lang/String; @ 16 c2
Event: 2.117 Thread 0x00000212bcee2000 DEOPT PACKING pc=0x00000212acc9a8f8 sp=0x0000005b7ccfb740
Event: 2.117 Thread 0x00000212bcee2000 DEOPT UNPACKING pc=0x00000212a51aa1af sp=0x0000005b7ccfb710 mode 2
Event: 2.117 Thread 0x00000212bcee2000 Uncommon trap: trap_request=0xffffff4d fr.pc=0x00000212acc9d790 relative=0x0000000000000450
Event: 2.117 Thread 0x00000212bcee2000 Uncommon trap: reason=unstable_if action=reinterpret pc=0x00000212acc9d790 method=java.lang.String.substring(I)Ljava/lang/String; @ 34 c2
Event: 2.117 Thread 0x00000212bcee2000 DEOPT PACKING pc=0x00000212acc9d790 sp=0x0000005b7ccfb6c0
Event: 2.117 Thread 0x00000212bcee2000 DEOPT UNPACKING pc=0x00000212a51aa1af sp=0x0000005b7ccfb698 mode 2
Event: 2.213 Thread 0x00000212bcee2000 Uncommon trap: trap_request=0xffffff4d fr.pc=0x00000212accfdcb0 relative=0x00000000000003b0
Event: 2.213 Thread 0x00000212bcee2000 Uncommon trap: reason=unstable_if action=reinterpret pc=0x00000212accfdcb0 method=jdk.internal.org.objectweb.asm.Type.getArgumentsAndReturnSizes(Ljava/lang/String;)I @ 88 c2
Event: 2.213 Thread 0x00000212bcee2000 DEOPT PACKING pc=0x00000212accfdcb0 sp=0x0000005b7ccf9cb0
Event: 2.213 Thread 0x00000212bcee2000 DEOPT UNPACKING pc=0x00000212a51aa1af sp=0x0000005b7ccf9c38 mode 2
Event: 2.393 Thread 0x00000212bcee2000 Uncommon trap: trap_request=0xffffff4d fr.pc=0x00000212accaac7c relative=0x000000000000023c
Event: 2.393 Thread 0x00000212bcee2000 Uncommon trap: reason=unstable_if action=reinterpret pc=0x00000212accaac7c method=java.util.concurrent.ConcurrentHashMap.get(Ljava/lang/Object;)Ljava/lang/Object; @ 76 c2
Event: 2.393 Thread 0x00000212bcee2000 DEOPT PACKING pc=0x00000212accaac7c sp=0x0000005b7ccf9ce0
Event: 2.393 Thread 0x00000212bcee2000 DEOPT UNPACKING pc=0x00000212a51aa1af sp=0x0000005b7ccf9c48 mode 2
Event: 2.480 Thread 0x00000212bcee2000 DEOPT PACKING pc=0x00000212a57abacc sp=0x0000005b7ccfaf40
Event: 2.480 Thread 0x00000212bcee2000 DEOPT UNPACKING pc=0x00000212a51aa95e sp=0x0000005b7ccfa4e0 mode 0

Classes redefined (0 events):
No events

Internal exceptions (20 events):
Event: 1.215 Thread 0x00000212a1653800 Exception <a 'java/lang/NoSuchMethodError'{0x0000000086ab3bb8}: 'java.lang.Object java.lang.invoke.DirectMethodHandle$Holder.invokeStaticInit(java.lang.Object, java.lang.Object, java.lang.Object)'> (0x0000000086ab3bb8) thrown at [./src/hotspot/share/interpreter/linkResolver.cpp, line 773]
Event: 1.349 Thread 0x00000212a1653800 Exception <a 'java/lang/NoSuchMethodError'{0x0000000086338a58}: 'java.lang.Object java.lang.invoke.DirectMethodHandle$Holder.invokeStaticInit(java.lang.Object, int, int, int, int)'> (0x0000000086338a58) thrown at [./src/hotspot/share/interpreter/linkResolver.cpp, line 773]
Event: 1.494 Thread 0x00000212a1653800 Exception <a 'java/lang/NoSuchMethodError'{0x000000008621d3d8}: 'java.lang.Object java.lang.invoke.DirectMethodHandle$Holder.invokeStaticInit(java.lang.Object, java.lang.Object, int, int, int, int)'> (0x000000008621d3d8) thrown at [./src/hotspot/share/interpreter/linkResolver.cpp, line 773]
Event: 1.718 Thread 0x00000212a1653800 Exception <a 'java/io/IOException'{0x00000000861fac78}> (0x00000000861fac78) thrown at [./src/hotspot/share/prims/jni.cpp, line 615]
Event: 1.814 Thread 0x00000212bcee2000 Exception <a 'java/lang/NoSuchMethodError'{0x00000000858c8350}: 'long java.lang.invoke.DirectMethodHandle$Holder.invokeInterface(java.lang.Object, java.lang.Object)'> (0x00000000858c8350) thrown at [./src/hotspot/share/interpreter/linkResolver.cpp, line 773]
Event: 1.815 Thread 0x00000212bcee2000 Exception <a 'java/lang/NoSuchMethodError'{0x00000000858d53f0}: 'void java.lang.invoke.DelegatingMethodHandle$Holder.reinvoke_L(java.lang.Object, java.lang.Object, java.lang.Object, java.lang.Object, java.lang.Object, java.lang.Object, java.lang.Object)'> (0x00000000858d53f0) thrown at [./src/hotspot/share/interpreter/linkResolver.cpp, line 773]
Event: 2.048 Thread 0x00000212bcee2000 Exception <a 'java/lang/NoSuchMethodError'{0x0000000086a0f958}: 'void java.lang.invoke.DirectMethodHandle$Holder.invokeStaticInit(java.lang.Object)'> (0x0000000086a0f958) thrown at [./src/hotspot/share/interpreter/linkResolver.cpp, line 773]
Event: 2.058 Thread 0x00000212bcee2000 Exception <a 'java/lang/NoSuchMethodError'{0x0000000086af2690}: 'java.lang.Object java.lang.invoke.DirectMethodHandle$Holder.invokeStatic(java.lang.Object, java.lang.Object, java.lang.Object, int)'> (0x0000000086af2690) thrown at [./src/hotspot/share/interpreter/linkResolver.cpp, line 773]
Event: 2.058 Thread 0x00000212bcee2000 Exception <a 'java/lang/NoSuchMethodError'{0x0000000086af6da8}: 'java.lang.Object java.lang.invoke.DirectMethodHandle$Holder.invokeSpecial(java.lang.Object, java.lang.Object, java.lang.Object, java.lang.Object, int)'> (0x0000000086af6da8) thrown at [./src/hotspot/share/interpreter/linkResolver.cpp, line 773]
Event: 2.059 Thread 0x00000212bcee2000 Exception <a 'java/lang/NoSuchMethodError'{0x0000000086aface0}: 'java.lang.Object java.lang.invoke.Invokers$Holder.linkToTargetMethod(java.lang.Object, java.lang.Object, int, java.lang.Object)'> (0x0000000086aface0) thrown at [./src/hotspot/share/interpreter/linkResolver.cpp, line 773]
Event: 2.165 Thread 0x00000212bcee2000 Exception <a 'java/lang/NoSuchMethodError'{0x00000000898cdba0}: 'int java.lang.invoke.DirectMethodHandle$Holder.invokeSpecialIFC(java.lang.Object, java.lang.Object, java.lang.Object, java.lang.Object)'> (0x00000000898cdba0) thrown at [./src/hotspot/share/interpreter/linkResolver.cpp, line 773]
Event: 2.167 Thread 0x00000212bcee2000 Exception <a 'java/lang/NoSuchMethodError'{0x00000000898dbb58}: 'java.lang.Object java.lang.invoke.DirectMethodHandle$Holder.invokeInterface(java.lang.Object, java.lang.Object, java.lang.Object)'> (0x00000000898dbb58) thrown at [./src/hotspot/share/interpreter/linkResolver.cpp, line 773]
Event: 2.167 Thread 0x00000212bcee2000 Exception <a 'java/lang/IncompatibleClassChangeError'{0x00000000898df030}: Found class java.lang.Object, but interface was expected> (0x00000000898df030) thrown at [./src/hotspot/share/interpreter/linkResolver.cpp, line 839]
Event: 2.281 Thread 0x00000212bcee2000 Exception <a 'java/lang/NoSuchMethodError'{0x0000000088ca4cd8}: 'java.lang.Object java.lang.invoke.DirectMethodHandle$Holder.invokeSpecial(java.lang.Object, java.lang.Object, java.lang.Object, java.lang.Object, java.lang.Object, java.lang.Object, java.lang.Object, java.lang.Object, java.lang.Object)'> (0x0000000088ca4cd8) thrown at [./src/hotspot/share/interpreter/linkResolver.cpp, line 773]
Event: 2.345 Thread 0x00000212bcee2000 Exception <a 'java/lang/NoSuchMethodError'{0x0000000088280310}: 'java.lang.Object java.lang.invoke.DirectMethodHandle$Holder.invokeVirtual(java.lang.Object, java.lang.Object, java.lang.Object, java.lang.Object)'> (0x0000000088280310) thrown at [./src/hotspot/share/interpreter/linkResolver.cpp, line 773]
Event: 2.421 Thread 0x00000212bcee2000 Exception <a 'java/lang/NoSuchMethodError'{0x0000000087b45ce0}: 'void java.lang.invoke.DirectMethodHandle$Holder.invokeSpecial(java.lang.Object, java.lang.Object, java.lang.Object, java.lang.Object, java.lang.Object, java.lang.Object)'> (0x0000000087b45ce0) thrown at [./src/hotspot/share/interpreter/linkResolver.cpp, line 773]
Event: 2.433 Thread 0x00000212bcee2000 Exception <a 'java/lang/NoSuchMethodError'{0x0000000087bb4588}: 'void java.lang.invoke.DirectMethodHandle$Holder.invokeSpecial(java.lang.Object, java.lang.Object, java.lang.Object, java.lang.Object, java.lang.Object, java.lang.Object, java.lang.Object)'> (0x0000000087bb4588) thrown at [./src/hotspot/share/interpreter/linkResolver.cpp, line 773]
Event: 2.434 Thread 0x00000212bcee2000 Exception <a 'java/lang/NoSuchMethodError'{0x0000000087bbca78}: 'java.lang.Object java.lang.invoke.Invokers$Holder.linkToTargetMethod(java.lang.Object, java.lang.Object, java.lang.Object, java.lang.Object, java.lang.Object, java.lang.Object)'> (0x0000000087bbca78) thrown at [./src/hotspot/share/interpreter/linkResolver.cpp, line 773]
Event: 2.512 Thread 0x00000212bcee2000 Exception <a 'java/lang/NoSuchMethodError'{0x00000000871539b8}: 'int java.lang.invoke.DirectMethodHandle$Holder.invokeStaticInit(java.lang.Object, java.lang.Object, java.lang.Object)'> (0x00000000871539b8) thrown at [./src/hotspot/share/interpreter/linkResolver.cpp, line 773]
Event: 2.596 Thread 0x00000212bcee2000 Exception <a 'java/lang/NoSuchMethodError'{0x0000000086c85a38}: 'void java.lang.invoke.DirectMethodHandle$Holder.invokeStaticInit(java.lang.Object, java.lang.Object)'> (0x0000000086c85a38) thrown at [./src/hotspot/share/interpreter/linkResolver.cpp, line 773]

Events (20 events):
Event: 2.607 loading class org/gradle/configuration/ScriptPluginFactorySelector
Event: 2.607 loading class org/gradle/configuration/ScriptPluginFactorySelector done
Event: 2.607 loading class org/gradle/configuration/ScriptPluginFactorySelector$ProviderInstantiator
Event: 2.607 loading class org/gradle/configuration/ScriptPluginFactorySelector$ProviderInstantiator done
Event: 2.607 loading class org/gradle/configuration/ScriptPluginFactorySelector$1
Event: 2.607 loading class org/gradle/configuration/ScriptPluginFactorySelector$1 done
Event: 2.607 loading class org/gradle/api/internal/initialization/DefaultScriptClassPathResolver
Event: 2.607 loading class org/gradle/api/internal/initialization/DefaultScriptClassPathResolver done
Event: 2.608 loading class org/gradle/api/internal/initialization/DefaultScriptHandlerFactory
Event: 2.608 loading class org/gradle/api/internal/initialization/DefaultScriptHandlerFactory done
Event: 2.608 loading class org/gradle/api/internal/initialization/ScriptHandlerInternal
Event: 2.608 loading class org/gradle/api/internal/initialization/ScriptHandlerInternal done
Event: 2.608 loading class org/gradle/api/initialization/dsl/ScriptHandler
Event: 2.608 loading class org/gradle/api/initialization/dsl/ScriptHandler done
Event: 2.608 loading class org/gradle/api/internal/artifacts/dsl/dependencies/UnknownProjectFinder
Event: 2.608 loading class org/gradle/api/internal/artifacts/dsl/dependencies/UnknownProjectFinder done
Event: 2.608 loading class org/gradle/api/UnknownProjectException
Event: 2.608 loading class org/gradle/api/UnknownProjectException done
Event: 2.608 loading class org/gradle/internal/resource/DefaultTextFileResourceLoader
Event: 2.608 loading class org/gradle/internal/resource/DefaultTextFileResourceLoader done


Dynamic libraries:
0x00007ff6f9250000 - 0x00007ff6f925a000 	C:\Program Files\Android\Android Studio\jre\bin\java.exe
0x00007ff80e940000 - 0x00007ff80eb49000 	C:\Windows\SYSTEM32\ntdll.dll
0x00007ff80d0b0000 - 0x00007ff80d16d000 	C:\Windows\System32\KERNEL32.DLL
0x00007ff80bff0000 - 0x00007ff80c364000 	C:\Windows\System32\KERNELBASE.dll
0x00007ff80be30000 - 0x00007ff80bf41000 	C:\Windows\System32\ucrtbase.dll
0x00007fffdefa0000 - 0x00007fffdefb7000 	C:\Program Files\Android\Android Studio\jre\bin\VCRUNTIME140.dll
0x00007fffdefc0000 - 0x00007fffdefd9000 	C:\Program Files\Android\Android Studio\jre\bin\jli.dll
0x00007ff80e570000 - 0x00007ff80e71c000 	C:\Windows\System32\USER32.dll
0x00007ff80bfc0000 - 0x00007ff80bfe6000 	C:\Windows\System32\win32u.dll
0x00007fffe6d70000 - 0x00007fffe7015000 	C:\Windows\WinSxS\amd64_microsoft.windows.common-controls_6595b64144ccf1df_6.0.22000.120_none_9d947278b86cc467\COMCTL32.dll
0x00007ff80de70000 - 0x00007ff80de99000 	C:\Windows\System32\GDI32.dll
0x00007ff80dc50000 - 0x00007ff80dcf3000 	C:\Windows\System32\msvcrt.dll
0x00007ff80c370000 - 0x00007ff80c482000 	C:\Windows\System32\gdi32full.dll
0x00007ff80c510000 - 0x00007ff80c5ad000 	C:\Windows\System32\msvcp_win.dll
0x00007ff80ddb0000 - 0x00007ff80dde1000 	C:\Windows\System32\IMM32.DLL
0x00007fff85e30000 - 0x00007fff85ecd000 	C:\Program Files\Android\Android Studio\jre\bin\msvcp140.dll
0x00007fff99bb0000 - 0x00007fff9a695000 	C:\Program Files\Android\Android Studio\jre\bin\server\jvm.dll
0x00007ff80d350000 - 0x00007ff80d3fe000 	C:\Windows\System32\ADVAPI32.dll
0x00007ff80e0a0000 - 0x00007ff80e13e000 	C:\Windows\System32\sechost.dll
0x00007ff80e720000 - 0x00007ff80e840000 	C:\Windows\System32\RPCRT4.dll
0x00007ff80c7e0000 - 0x00007ff80c7e8000 	C:\Windows\System32\PSAPI.DLL
0x00007fffe7d90000 - 0x00007fffe7d99000 	C:\Windows\SYSTEM32\WSOCK32.dll
0x00007ff802a90000 - 0x00007ff802ac3000 	C:\Windows\SYSTEM32\WINMM.dll
0x00007ff80e150000 - 0x00007ff80e1bf000 	C:\Windows\System32\WS2_32.dll
0x00007ffff9750000 - 0x00007ffff975a000 	C:\Windows\SYSTEM32\VERSION.dll
0x00007ff80a0a0000 - 0x00007ff80a0b8000 	C:\Windows\SYSTEM32\kernel.appcore.dll
0x00007fffe7d70000 - 0x00007fffe7d81000 	C:\Program Files\Android\Android Studio\jre\bin\verify.dll
0x00007ff8040b0000 - 0x00007ff8042d1000 	C:\Windows\SYSTEM32\DBGHELP.DLL
0x00007ffff7220000 - 0x00007ffff7251000 	C:\Windows\SYSTEM32\dbgcore.DLL
0x00007ff80c490000 - 0x00007ff80c50f000 	C:\Windows\System32\bcryptPrimitives.dll
0x00007fffe7d40000 - 0x00007fffe7d69000 	C:\Program Files\Android\Android Studio\jre\bin\java.dll
0x00007fffe7d30000 - 0x00007fffe7d3b000 	C:\Program Files\Android\Android Studio\jre\bin\jimage.dll
0x00007fffe7d10000 - 0x00007fffe7d28000 	C:\Program Files\Android\Android Studio\jre\bin\zip.dll
0x00007ff80d400000 - 0x00007ff80dbae000 	C:\Windows\System32\SHELL32.dll
0x00007ff80a0c0000 - 0x00007ff80a927000 	C:\Windows\SYSTEM32\windows.storage.dll
0x00007ff80e1c0000 - 0x00007ff80e538000 	C:\Windows\System32\combase.dll
0x00007ff809f30000 - 0x00007ff80a096000 	C:\Windows\SYSTEM32\wintypes.dll
0x00007ff80d260000 - 0x00007ff80d34a000 	C:\Windows\System32\SHCORE.dll
0x00007ff80d170000 - 0x00007ff80d1cd000 	C:\Windows\System32\shlwapi.dll
0x00007ff80bd60000 - 0x00007ff80bd81000 	C:\Windows\SYSTEM32\profapi.dll
0x00007fffe6be0000 - 0x00007fffe6bfa000 	C:\Program Files\Android\Android Studio\jre\bin\net.dll
0x00007ff800850000 - 0x00007ff80095c000 	C:\Windows\SYSTEM32\WINHTTP.dll
0x00007ff80b450000 - 0x00007ff80b4b7000 	C:\Windows\system32\mswsock.dll
0x00007fffe6bc0000 - 0x00007fffe6bd4000 	C:\Program Files\Android\Android Studio\jre\bin\nio.dll
0x00007fffaaa00000 - 0x00007fffaaa27000 	C:\Users\Admin\.gradle\native\e1d6ef7f7dcc3fd88c89a11ec53ec762bb8ba0a96d01ffa2cd45eb1d1d8dd5c5\windows-amd64\native-platform.dll
0x00007fff85540000 - 0x00007fff85684000 	C:\Users\Admin\.gradle\native\5664cfc778a61ccfe75a443a1ab52a65af34e5dc3c78e0209fed803814484fcb\windows-amd64\native-platform-file-events.dll
0x00007fffe7d00000 - 0x00007fffe7d0a000 	C:\Program Files\Android\Android Studio\jre\bin\management.dll
0x00007fffe73f0000 - 0x00007fffe73fd000 	C:\Program Files\Android\Android Studio\jre\bin\management_ext.dll
0x00007ff80b690000 - 0x00007ff80b6a8000 	C:\Windows\SYSTEM32\CRYPTSP.dll
0x00007ff80b0a0000 - 0x00007ff80b0d5000 	C:\Windows\system32\rsaenh.dll
0x00007ff80b540000 - 0x00007ff80b569000 	C:\Windows\SYSTEM32\USERENV.dll
0x00007ff80b810000 - 0x00007ff80b837000 	C:\Windows\SYSTEM32\bcrypt.dll
0x00007ff80b6b0000 - 0x00007ff80b6bc000 	C:\Windows\SYSTEM32\CRYPTBASE.dll
0x00007ff80abf0000 - 0x00007ff80ac1d000 	C:\Windows\SYSTEM32\IPHLPAPI.DLL
0x00007ff80e140000 - 0x00007ff80e149000 	C:\Windows\System32\NSI.dll
0x00007ff8009e0000 - 0x00007ff8009f9000 	C:\Windows\SYSTEM32\dhcpcsvc6.DLL
0x00007ff800dc0000 - 0x00007ff800dde000 	C:\Windows\SYSTEM32\dhcpcsvc.DLL
0x00007ff80ac60000 - 0x00007ff80ad47000 	C:\Windows\SYSTEM32\DNSAPI.dll

dbghelp: loaded successfully - version: 4.0.5 - missing functions: none
symbol engine: initialized successfully - sym options: 0x614 - pdb path: .;C:\Program Files\Android\Android Studio\jre\bin;C:\Windows\SYSTEM32;C:\Windows\WinSxS\amd64_microsoft.windows.common-controls_6595b64144ccf1df_6.0.22000.120_none_9d947278b86cc467;C:\Program Files\Android\Android Studio\jre\bin\server;C:\Users\Admin\.gradle\native\e1d6ef7f7dcc3fd88c89a11ec53ec762bb8ba0a96d01ffa2cd45eb1d1d8dd5c5\windows-amd64;C:\Users\Admin\.gradle\native\5664cfc778a61ccfe75a443a1ab52a65af34e5dc3c78e0209fed803814484fcb\windows-amd64

VM Arguments:
jvm_args: --add-opens=java.base/java.util=ALL-UNNAMED --add-opens=java.base/java.lang=ALL-UNNAMED --add-opens=java.base/java.lang.invoke=ALL-UNNAMED --add-opens=java.base/java.util=ALL-UNNAMED --add-opens=java.prefs/java.util.prefs=ALL-UNNAMED --add-opens=java.prefs/java.util.prefs=ALL-UNNAMED --add-opens=java.base/java.nio.charset=ALL-UNNAMED --add-opens=java.base/java.net=ALL-UNNAMED --add-opens=java.base/java.util.concurrent.atomic=ALL-UNNAMED -Xmx2048m -Dfile.encoding=UTF-8 -Duser.country=US -Duser.language=en -Duser.variant 
java_command: org.gradle.launcher.daemon.bootstrap.GradleDaemon 7.3.3
java_class_path (initial): C:\Users\Admin\.gradle\wrapper\dists\gradle-7.3.3-bin\6a41zxkdtcxs8rphpq6y0069z\gradle-7.3.3\lib\gradle-launcher-7.3.3.jar
Launcher Type: SUN_STANDARD

[Global flags]
     intx CICompilerCount                          = 3                                         {product} {ergonomic}
     uint ConcGCThreads                            = 1                                         {product} {ergonomic}
     uint G1ConcRefinementThreads                  = 4                                         {product} {ergonomic}
   size_t G1HeapRegionSize                         = 1048576                                   {product} {ergonomic}
    uintx GCDrainStackTargetSize                   = 64                                        {product} {ergonomic}
   size_t InitialHeapSize                          = 134217728                                 {product} {ergonomic}
   size_t MarkStackSize                            = 4194304                                   {product} {ergonomic}
   size_t MaxHeapSize                              = 2147483648                                {product} {command line}
   size_t MaxNewSize                               = 1287651328                                {product} {ergonomic}
   size_t MinHeapDeltaBytes                        = 1048576                                   {product} {ergonomic}
    uintx NonNMethodCodeHeapSize                   = 5830732                                {pd product} {ergonomic}
    uintx NonProfiledCodeHeapSize                  = 122913754                              {pd product} {ergonomic}
    uintx ProfiledCodeHeapSize                     = 122913754                              {pd product} {ergonomic}
    uintx ReservedCodeCacheSize                    = 251658240                              {pd product} {ergonomic}
     bool SegmentedCodeCache                       = true                                      {product} {ergonomic}
     bool UseCompressedClassPointers               = true                                 {lp64_product} {ergonomic}
     bool UseCompressedOops                        = true                                 {lp64_product} {ergonomic}
     bool UseG1GC                                  = true                                      {product} {ergonomic}
     bool UseLargePagesIndividualAllocation        = false                                  {pd product} {ergonomic}

Logging:
Log output configuration:
 #0: stdout all=warning uptime,level,tags
 #1: stderr all=off uptime,level,tags

Environment Variables:
PATH=C:\Program Files\Common Files\Oracle\Java\javapath;C:\Program Files (x86)\Common Files\Oracle\Java\javapath;C:\Windows\system32;C:\Windows;C:\Windows\System32\Wbem;C:\Windows\System32\WindowsPowerShell\v1.0\;C:\Windows\System32\OpenSSH\;C:\Program Files (x86)\Intel\Intel(R) Management Engine Components\DAL;C:\Program Files\Intel\Intel(R) Management Engine Components\DAL;C:\Program Files\Git\cmd;C:\Users\Admin\AppData\Local\Microsoft\WindowsApps;C:\Users\Admin\AppData\Local\Programs\Microsoft VS Code\bin;C:\Users\Admin\AppData\Local\atom\bin;C:\Users\Admin\AppData\Local\GitHubDesktop\bin
USERNAME=Admin
OS=Windows_NT
PROCESSOR_IDENTIFIER=Intel64 Family 6 Model 78 Stepping 3, GenuineIntel



---------------  S Y S T E M  ---------------

OS: Windows 10 , 64 bit Build 22000 (10.0.22000.434)
OS uptime: 0 days 14:55 hours

CPU:total 4 (initial active 4) (2 cores per cpu, 2 threads per core) family 6 model 78 stepping 3 microcode 0xd6, cmov, cx8, fxsr, mmx, sse, sse2, sse3, ssse3, sse4.1, sse4.2, popcnt, avx, avx2, aes, clmul, erms, rtm, 3dnowpref, lzcnt, ht, tsc, tscinvbit, bmi1, bmi2, adx, fma

Memory: 4k page, system-wide physical 8072M (851M free)
TotalPageFile size 8072M (AvailPageFile size 5M)
current process WorkingSet (physical memory assigned to process): 213M, peak: 213M
current process commit charge ("private bytes"): 305M, peak: 306M

vm_info: OpenJDK 64-Bit Server VM (11.0.12+7-b1504.28-7817840) for windows-amd64 JRE (11.0.12+7-b1504.28-7817840), built on Oct 13 2021 22:12:33 by "builder" with MS VC++ 14.0 (VS2015)

END.
