#
# There is insufficient memory for the Java Runtime Environment to continue.
# Native memory allocation (malloc) failed to allocate 2269456 bytes for Chunk::new
# Possible reasons:
#   The system is out of physical RAM or swap space
#   The process is running with CompressedOops enabled, and the Java Heap may be blocking the growth of the native heap
# Possible solutions:
#   Reduce memory load on the system
#   Increase physical memory or swap space
#   Check if swap backing store is full
#   Decrease Java heap size (-Xmx/-Xms)
#   Decrease number of Java threads
#   Decrease Java thread stack sizes (-Xss)
#   Set larger code cache with -XX:ReservedCodeCacheSize=
#   JVM is running with Unscaled Compressed Oops mode in which the Java heap is
#     placed in the first 4GB address space. The Java Heap base address is the
#     maximum limit for the native heap growth. Please use -XX:HeapBaseMinAddress
#     to set the Java Heap base and to place the Java Heap above 4GB virtual address.
# This output file may be truncated or incomplete.
#
#  Out of Memory Error (./src/hotspot/share/memory/arena.cpp:197), pid=8868, tid=2432
#
# JRE version: OpenJDK Runtime Environment (11.0.12+7) (build 11.0.12+7-b1504.28-7817840)
# Java VM: OpenJDK 64-Bit Server VM (11.0.12+7-b1504.28-7817840, mixed mode, tiered, compressed oops, g1 gc, windows-amd64)
# No core dump will be written. Minidumps are not enabled by default on client versions of Windows
#

---------------  S U M M A R Y ------------

Command Line: --add-opens=java.base/java.util=ALL-UNNAMED --add-opens=java.base/java.lang=ALL-UNNAMED --add-opens=java.base/java.lang.invoke=ALL-UNNAMED --add-opens=java.base/java.util=ALL-UNNAMED --add-opens=java.prefs/java.util.prefs=ALL-UNNAMED --add-opens=java.prefs/java.util.prefs=ALL-UNNAMED --add-opens=java.base/java.nio.charset=ALL-UNNAMED --add-opens=java.base/java.net=ALL-UNNAMED --add-opens=java.base/java.util.concurrent.atomic=ALL-UNNAMED -Xmx2048m -Dfile.encoding=UTF-8 -Duser.country=US -Duser.language=en -Duser.variant org.gradle.launcher.daemon.bootstrap.GradleDaemon 7.3.3

Host: Intel(R) Core(TM) i7-6600U CPU @ 2.60GHz, 4 cores, 7G,  Windows 10 , 64 bit Build 22000 (10.0.22000.434)
Time: Thu Aug 18 07:10:28 2022 Egypt Standard Time elapsed time: 8.847442 seconds (0d 0h 0m 8s)

---------------  T H R E A D  ---------------

Current thread (0x000002d27cdc3800):  JavaThread "C2 CompilerThread1" daemon [_thread_in_native, id=2432, stack(0x000000edbe100000,0x000000edbe200000)]


Current CompileTask:
C2:   8847 6961       4       java.lang.Class::annotationData (44 bytes)

Stack: [0x000000edbe100000,0x000000edbe200000]
Native frames: (J=compiled Java code, j=interpreted, Vv=VM code, C=native code)
V  [jvm.dll+0x5fbcea]
V  [jvm.dll+0x731905]
V  [jvm.dll+0x732f1d]
V  [jvm.dll+0x7335d3]
V  [jvm.dll+0x247bf8]
V  [jvm.dll+0xc018c]
V  [jvm.dll+0xc06cc]
V  [jvm.dll+0x35b31d]
V  [jvm.dll+0x328803]
V  [jvm.dll+0x327cfa]
V  [jvm.dll+0x200602]
V  [jvm.dll+0x1ff794]
V  [jvm.dll+0x18868c]
V  [jvm.dll+0x20e0d7]
V  [jvm.dll+0x20c901]
V  [jvm.dll+0x6f9b7f]
V  [jvm.dll+0x6f26a5]
V  [jvm.dll+0x5fabf6]
C  [ucrtbase.dll+0x26c0c]
C  [KERNEL32.DLL+0x154e0]
C  [ntdll.dll+0x485b]


---------------  P R O C E S S  ---------------

Threads class SMR info:
_java_thread_list=0x000002d20f9b1610, length=79, elements={
0x000002d26f6c2800, 0x000002d27c1f1800, 0x000002d27c1fc800, 0x000002d27cb92800,
0x000002d27c211000, 0x000002d27c212000, 0x000002d27c21d000, 0x000002d27c221800,
0x000002d27c225000, 0x000002d27cce6800, 0x000002d27cdc3800, 0x000002d27d937800,
0x000002d20f374000, 0x000002d27e71e800, 0x000002d27e320000, 0x000002d27f088000,
0x000002d27df7e000, 0x000002d27ec8e000, 0x000002d27de02800, 0x000002d20f585800,
0x000002d27ec4e000, 0x000002d27ec4a800, 0x000002d27ec4b800, 0x000002d27ec51000,
0x000002d27ec4e800, 0x000002d27ec4f800, 0x000002d27ec50800, 0x000002d27ec4c000,
0x000002d27ec4d000, 0x000002d27ece5800, 0x000002d27ece6800, 0x000002d27ece2800,
0x000002d27ece3000, 0x000002d27ece7000, 0x000002d27ece9000, 0x000002d27ece4800,
0x000002d27ecee800, 0x000002d27eced000, 0x000002d27eced800, 0x000002d27ecef800,
0x000002d27ecf0000, 0x000002d27ecea800, 0x000002d27ecf1000, 0x000002d27eceb800,
0x000002d27ecec000, 0x000002d27daa9800, 0x000002d27daa6000, 0x000002d27daaa000,
0x000002d27daab000, 0x000002d27daa8800, 0x000002d27daa7000, 0x000002d27daac000,
0x000002d27daac800, 0x000002d27daa7800, 0x000002d27db3f000, 0x000002d27db43800,
0x000002d27db41800, 0x000002d27db44000, 0x000002d27db3e800, 0x000002d27db46000,
0x000002d27db40000, 0x000002d27db41000, 0x000002d27db48000, 0x000002d27db46800,
0x000002d27db45000, 0x000002d27db47800, 0x000002d27db42800, 0x000002d27db49000,
0x000002d27db4a000, 0x000002d27db4a800, 0x000002d27db4b800, 0x000002d27db4d000,
0x000002d27db4c800, 0x000002d27db2e000, 0x000002d27db2f800, 0x000002d27db34800,
0x000002d27db30800, 0x000002d27db34000, 0x000002d27db2f000
}

Java Threads: ( => current thread )
  0x000002d26f6c2800 JavaThread "main" [_thread_blocked, id=8240, stack(0x000000edbd000000,0x000000edbd100000)]
  0x000002d27c1f1800 JavaThread "Reference Handler" daemon [_thread_blocked, id=9468, stack(0x000000edbd700000,0x000000edbd800000)]
  0x000002d27c1fc800 JavaThread "Finalizer" daemon [_thread_blocked, id=8952, stack(0x000000edbd800000,0x000000edbd900000)]
  0x000002d27cb92800 JavaThread "Signal Dispatcher" daemon [_thread_blocked, id=1456, stack(0x000000edbd900000,0x000000edbda00000)]
  0x000002d27c211000 JavaThread "Attach Listener" daemon [_thread_blocked, id=1708, stack(0x000000edbda00000,0x000000edbdb00000)]
  0x000002d27c212000 JavaThread "Service Thread" daemon [_thread_blocked, id=10148, stack(0x000000edbdb00000,0x000000edbdc00000)]
  0x000002d27c21d000 JavaThread "C2 CompilerThread0" daemon [_thread_in_native, id=9668, stack(0x000000edbdc00000,0x000000edbdd00000)]
  0x000002d27c221800 JavaThread "C1 CompilerThread0" daemon [_thread_blocked, id=9496, stack(0x000000edbdd00000,0x000000edbde00000)]
  0x000002d27c225000 JavaThread "Sweeper thread" daemon [_thread_blocked, id=3160, stack(0x000000edbde00000,0x000000edbdf00000)]
  0x000002d27cce6800 JavaThread "Common-Cleaner" daemon [_thread_blocked, id=1296, stack(0x000000edbdf00000,0x000000edbe000000)]
=>0x000002d27cdc3800 JavaThread "C2 CompilerThread1" daemon [_thread_in_native, id=2432, stack(0x000000edbe100000,0x000000edbe200000)]
  0x000002d27d937800 JavaThread "Daemon health stats" [_thread_blocked, id=9372, stack(0x000000edbe400000,0x000000edbe500000)]
  0x000002d20f374000 JavaThread "Incoming local TCP Connector on port 50899" [_thread_in_native, id=2576, stack(0x000000edbe500000,0x000000edbe600000)]
  0x000002d27e71e800 JavaThread "Daemon periodic checks" [_thread_blocked, id=7788, stack(0x000000edbe600000,0x000000edbe700000)]
  0x000002d27e320000 JavaThread "Daemon" [_thread_blocked, id=7360, stack(0x000000edbe700000,0x000000edbe800000)]
  0x000002d27f088000 JavaThread "Handler for socket connection from /127.0.0.1:50899 to /127.0.0.1:50900" [_thread_in_native, id=2728, stack(0x000000edbe800000,0x000000edbe900000)]
  0x000002d27df7e000 JavaThread "Cancel handler" [_thread_blocked, id=3616, stack(0x000000edbe900000,0x000000edbea00000)]
  0x000002d27ec8e000 JavaThread "Daemon worker" [_thread_in_vm, id=6072, stack(0x000000edbea00000,0x000000edbeb00000)]
  0x000002d27de02800 JavaThread "Asynchronous log dispatcher for DefaultDaemonConnection: socket connection from /127.0.0.1:50899 to /127.0.0.1:50900" [_thread_blocked, id=7980, stack(0x000000edbeb00000,0x000000edbec00000)]
  0x000002d20f585800 JavaThread "Stdin handler" [_thread_blocked, id=9804, stack(0x000000edbec00000,0x000000edbed00000)]
  0x000002d27ec4e000 JavaThread "Daemon client event forwarder" [_thread_blocked, id=928, stack(0x000000edbed00000,0x000000edbee00000)]
  0x000002d27ec4a800 JavaThread "Cache worker for journal cache (C:\Users\Admin\.gradle\caches\journal-1)" [_thread_blocked, id=4648, stack(0x000000edbef00000,0x000000edbf000000)]
  0x000002d27ec4b800 JavaThread "File lock request listener" [_thread_in_native, id=3964, stack(0x000000edbf000000,0x000000edbf100000)]
  0x000002d27ec51000 JavaThread "Cache worker for file hash cache (C:\Users\Admin\.gradle\caches\7.3.3\fileHashes)" [_thread_blocked, id=3436, stack(0x000000edbf100000,0x000000edbf200000)]
  0x000002d27ec4e800 JavaThread "Cache worker for file hash cache (C:\Users\Admin\Desktop\jana\cw77\.gradle\7.3.3\fileHashes)" [_thread_blocked, id=7948, stack(0x000000edbf200000,0x000000edbf300000)]
  0x000002d27ec4f800 JavaThread "File watcher server" daemon [_thread_in_native, id=10168, stack(0x000000edbf300000,0x000000edbf400000)]
  0x000002d27ec50800 JavaThread "File watcher consumer" daemon [_thread_blocked, id=3368, stack(0x000000edbf400000,0x000000edbf500000)]
  0x000002d27ec4c000 JavaThread "Cache worker for checksums cache (C:\Users\Admin\Desktop\jana\cw77\.gradle\7.3.3\checksums)" [_thread_blocked, id=1364, stack(0x000000edbf500000,0x000000edbf600000)]
  0x000002d27ec4d000 JavaThread "Cache worker for cache directory md-supplier (C:\Users\Admin\.gradle\caches\7.3.3\md-supplier)" [_thread_blocked, id=5292, stack(0x000000edbf600000,0x000000edbf700000)]
  0x000002d27ece5800 JavaThread "Cache worker for cache directory md-rule (C:\Users\Admin\.gradle\caches\7.3.3\md-rule)" [_thread_blocked, id=7712, stack(0x000000edbf700000,0x000000edbf800000)]
  0x000002d27ece6800 JavaThread "Cache worker for execution history cache (C:\Users\Admin\.gradle\caches\7.3.3\executionHistory)" [_thread_blocked, id=9320, stack(0x000000edbf800000,0x000000edbf900000)]
  0x000002d27ece2800 JavaThread "jar transforms" [_thread_blocked, id=1768, stack(0x000000edbf900000,0x000000edbfa00000)]
  0x000002d27ece3000 JavaThread "Cache worker for file content cache (C:\Users\Admin\.gradle\caches\7.3.3\fileContent)" [_thread_blocked, id=5996, stack(0x000000edbfa00000,0x000000edbfb00000)]
  0x000002d27ece7000 JavaThread "jar transforms Thread 2" [_thread_blocked, id=4176, stack(0x000000edbfb00000,0x000000edbfc00000)]
  0x000002d27ece9000 JavaThread "Cache worker for dependencies-accessors (C:\Users\Admin\Desktop\jana\cw77\.gradle\7.3.3\dependencies-accessors)" [_thread_blocked, id=8764, stack(0x000000edbfc00000,0x000000edbfd00000)]
  0x000002d27ece4800 JavaThread "jar transforms Thread 3" [_thread_blocked, id=9352, stack(0x000000edbfd00000,0x000000edbfe00000)]
  0x000002d27ecee800 JavaThread "Cache worker for Build Output Cleanup Cache (C:\Users\Admin\Desktop\jana\cw77\.gradle\buildOutputCleanup)" [_thread_blocked, id=4416, stack(0x000000edbfe00000,0x000000edbff00000)]
  0x000002d27eced000 JavaThread "Unconstrained build operations" [_thread_blocked, id=3032, stack(0x000000edbff00000,0x000000edc0000000)]
  0x000002d27eced800 JavaThread "Unconstrained build operations Thread 2" [_thread_blocked, id=848, stack(0x000000edc0000000,0x000000edc0100000)]
  0x000002d27ecef800 JavaThread "Unconstrained build operations Thread 3" [_thread_blocked, id=8256, stack(0x000000edc0100000,0x000000edc0200000)]
  0x000002d27ecf0000 JavaThread "Unconstrained build operations Thread 4" [_thread_blocked, id=9688, stack(0x000000edc0200000,0x000000edc0300000)]
  0x000002d27ecea800 JavaThread "Unconstrained build operations Thread 5" [_thread_blocked, id=10164, stack(0x000000edc0300000,0x000000edc0400000)]
  0x000002d27ecf1000 JavaThread "Unconstrained build operations Thread 6" [_thread_blocked, id=2368, stack(0x000000edc0400000,0x000000edc0500000)]
  0x000002d27eceb800 JavaThread "Unconstrained build operations Thread 7" [_thread_blocked, id=2396, stack(0x000000edc0500000,0x000000edc0600000)]
  0x000002d27ecec000 JavaThread "Unconstrained build operations Thread 8" [_thread_blocked, id=4000, stack(0x000000edc0600000,0x000000edc0700000)]
  0x000002d27daa9800 JavaThread "Unconstrained build operations Thread 9" [_thread_blocked, id=3832, stack(0x000000edc0700000,0x000000edc0800000)]
  0x000002d27daa6000 JavaThread "Unconstrained build operations Thread 10" [_thread_blocked, id=5296, stack(0x000000edc0800000,0x000000edc0900000)]
  0x000002d27daaa000 JavaThread "Unconstrained build operations Thread 11" [_thread_blocked, id=4004, stack(0x000000edc0900000,0x000000edc0a00000)]
  0x000002d27daab000 JavaThread "Unconstrained build operations Thread 12" [_thread_blocked, id=4740, stack(0x000000edc0a00000,0x000000edc0b00000)]
  0x000002d27daa8800 JavaThread "Unconstrained build operations Thread 13" [_thread_blocked, id=9596, stack(0x000000edc0b00000,0x000000edc0c00000)]
  0x000002d27daa7000 JavaThread "Unconstrained build operations Thread 14" [_thread_blocked, id=5844, stack(0x000000edc0c00000,0x000000edc0d00000)]
  0x000002d27daac000 JavaThread "Unconstrained build operations Thread 15" [_thread_blocked, id=5920, stack(0x000000edc0d00000,0x000000edc0e00000)]
  0x000002d27daac800 JavaThread "Unconstrained build operations Thread 16" [_thread_blocked, id=4708, stack(0x000000edc0e00000,0x000000edc0f00000)]
  0x000002d27daa7800 JavaThread "Unconstrained build operations Thread 17" [_thread_blocked, id=8340, stack(0x000000edc0f00000,0x000000edc1000000)]
  0x000002d27db3f000 JavaThread "Unconstrained build operations Thread 18" [_thread_blocked, id=8072, stack(0x000000edc1000000,0x000000edc1100000)]
  0x000002d27db43800 JavaThread "Unconstrained build operations Thread 19" [_thread_blocked, id=9400, stack(0x000000edc1100000,0x000000edc1200000)]
  0x000002d27db41800 JavaThread "Unconstrained build operations Thread 20" [_thread_blocked, id=380, stack(0x000000edc1200000,0x000000edc1300000)]
  0x000002d27db44000 JavaThread "Unconstrained build operations Thread 21" [_thread_blocked, id=9340, stack(0x000000edc1300000,0x000000edc1400000)]
  0x000002d27db3e800 JavaThread "Unconstrained build operations Thread 22" [_thread_blocked, id=1160, stack(0x000000edc1400000,0x000000edc1500000)]
  0x000002d27db46000 JavaThread "Unconstrained build operations Thread 23" [_thread_blocked, id=9332, stack(0x000000edc1500000,0x000000edc1600000)]
  0x000002d27db40000 JavaThread "Unconstrained build operations Thread 24" [_thread_blocked, id=3468, stack(0x000000edc1600000,0x000000edc1700000)]
  0x000002d27db41000 JavaThread "Unconstrained build operations Thread 25" [_thread_blocked, id=8572, stack(0x000000edc1700000,0x000000edc1800000)]
  0x000002d27db48000 JavaThread "Unconstrained build operations Thread 26" [_thread_blocked, id=8448, stack(0x000000edc1800000,0x000000edc1900000)]
  0x000002d27db46800 JavaThread "Unconstrained build operations Thread 27" [_thread_blocked, id=3472, stack(0x000000edc1900000,0x000000edc1a00000)]
  0x000002d27db45000 JavaThread "Unconstrained build operations Thread 28" [_thread_blocked, id=7924, stack(0x000000edc1a00000,0x000000edc1b00000)]
  0x000002d27db47800 JavaThread "Unconstrained build operations Thread 29" [_thread_blocked, id=6132, stack(0x000000edc1b00000,0x000000edc1c00000)]
  0x000002d27db42800 JavaThread "Unconstrained build operations Thread 30" [_thread_blocked, id=2628, stack(0x000000edc1c00000,0x000000edc1d00000)]
  0x000002d27db49000 JavaThread "Unconstrained build operations Thread 31" [_thread_blocked, id=9268, stack(0x000000edc1d00000,0x000000edc1e00000)]
  0x000002d27db4a000 JavaThread "Unconstrained build operations Thread 32" [_thread_blocked, id=3840, stack(0x000000edc1e00000,0x000000edc1f00000)]
  0x000002d27db4a800 JavaThread "Unconstrained build operations Thread 33" [_thread_blocked, id=8484, stack(0x000000edc1f00000,0x000000edc2000000)]
  0x000002d27db4b800 JavaThread "Unconstrained build operations Thread 34" [_thread_blocked, id=8432, stack(0x000000edc2000000,0x000000edc2100000)]
  0x000002d27db4d000 JavaThread "Unconstrained build operations Thread 35" [_thread_blocked, id=8196, stack(0x000000edc2100000,0x000000edc2200000)]
  0x000002d27db4c800 JavaThread "Unconstrained build operations Thread 36" [_thread_blocked, id=5520, stack(0x000000edc2200000,0x000000edc2300000)]
  0x000002d27db2e000 JavaThread "Unconstrained build operations Thread 37" [_thread_blocked, id=2996, stack(0x000000edc2300000,0x000000edc2400000)]
  0x000002d27db2f800 JavaThread "Unconstrained build operations Thread 38" [_thread_blocked, id=1808, stack(0x000000edc2400000,0x000000edc2500000)]
  0x000002d27db34800 JavaThread "Unconstrained build operations Thread 39" [_thread_blocked, id=1892, stack(0x000000edc2500000,0x000000edc2600000)]
  0x000002d27db30800 JavaThread "Unconstrained build operations Thread 40" [_thread_blocked, id=4256, stack(0x000000edc2600000,0x000000edc2700000)]
  0x000002d27db34000 JavaThread "jar transforms Thread 4" [_thread_blocked, id=9432, stack(0x000000edc2700000,0x000000edc2800000)]
  0x000002d27db2f000 JavaThread "Memory manager" [_thread_blocked, id=3484, stack(0x000000edc2800000,0x000000edc2900000)]

Other Threads:
  0x000002d27c1ec000 VMThread "VM Thread" [stack: 0x000000edbd600000,0x000000edbd700000] [id=6384]
  0x000002d27cd14800 WatcherThread [stack: 0x000000edbe000000,0x000000edbe100000] [id=8568]
  0x000002d26f6d6800 GCTaskThread "GC Thread#0" [stack: 0x000000edbd100000,0x000000edbd200000] [id=2548]
  0x000002d27d973800 GCTaskThread "GC Thread#1" [stack: 0x000000edbe200000,0x000000edbe300000] [id=9896]
  0x000002d27d519800 GCTaskThread "GC Thread#2" [stack: 0x000000edbe300000,0x000000edbe400000] [id=1436]
  0x000002d27f0ca800 GCTaskThread "GC Thread#3" [stack: 0x000000edbee00000,0x000000edbef00000] [id=9956]
  0x000002d26f709000 ConcurrentGCThread "G1 Main Marker" [stack: 0x000000edbd200000,0x000000edbd300000] [id=6264]
  0x000002d26f70a000 ConcurrentGCThread "G1 Conc#0" [stack: 0x000000edbd300000,0x000000edbd400000] [id=1368]
  0x000002d26f79d000 ConcurrentGCThread "G1 Refine#0" [stack: 0x000000edbd400000,0x000000edbd500000] [id=3056]
  0x000002d26f79e800 ConcurrentGCThread "G1 Young RemSet Sampling" [stack: 0x000000edbd500000,0x000000edbd600000] [id=3640]

Threads with active compile tasks:
C2 CompilerThread0   8863 6795 %     4       org.gradle.internal.instantiation.generator.AbstractClassGenerator::inspectType @ 107 (560 bytes)
C2 CompilerThread1   8863 6961       4       java.lang.Class::annotationData (44 bytes)

VM state:not at safepoint (normal execution)

VM Mutex/Monitor currently owned by a thread: None

Heap address: 0x0000000080000000, size: 2048 MB, Compressed Oops mode: 32-bit
Narrow klass base: 0x0000000000000000, Narrow klass shift: 3
Compressed class space size: 1073741824 Address: 0x0000000100000000

Heap:
 garbage-first heap   total 189440K, used 114466K [0x0000000080000000, 0x0000000100000000)
  region size 1024K, 71 young (72704K), 12 survivors (12288K)
 Metaspace       used 75253K, capacity 76972K, committed 77048K, reserved 1116160K
  class space    used 9778K, capacity 10456K, committed 10488K, reserved 1048576K
Heap Regions: E=young(eden), S=young(survivor), O=old, HS=humongous(starts), HC=humongous(continues), CS=collection set, F=free, A=archive, TAMS=top-at-mark-start (previous, next)
|   0|0x0000000080000000, 0x0000000080100000, 0x0000000080100000|100%| O|  |TAMS 0x0000000080100000, 0x0000000080000000| Untracked 
|   1|0x0000000080100000, 0x0000000080200000, 0x0000000080200000|100%| O|  |TAMS 0x0000000080200000, 0x0000000080100000| Untracked 
|   2|0x0000000080200000, 0x0000000080300000, 0x0000000080300000|100%| O|  |TAMS 0x0000000080300000, 0x0000000080200000| Untracked 
|   3|0x0000000080300000, 0x0000000080400000, 0x0000000080400000|100%|HS|  |TAMS 0x0000000080400000, 0x0000000080300000| Complete 
|   4|0x0000000080400000, 0x0000000080500000, 0x0000000080500000|100%|HC|  |TAMS 0x0000000080500000, 0x0000000080400000| Complete 
|   5|0x0000000080500000, 0x0000000080600000, 0x0000000080600000|100%|HC|  |TAMS 0x0000000080600000, 0x0000000080500000| Complete 
|   6|0x0000000080600000, 0x0000000080700000, 0x0000000080700000|100%| O|  |TAMS 0x0000000080700000, 0x0000000080600000| Untracked 
|   7|0x0000000080700000, 0x0000000080800000, 0x0000000080800000|100%| O|  |TAMS 0x0000000080800000, 0x0000000080700000| Untracked 
|   8|0x0000000080800000, 0x0000000080900000, 0x0000000080900000|100%| O|  |TAMS 0x0000000080900000, 0x0000000080800000| Untracked 
|   9|0x0000000080900000, 0x0000000080a00000, 0x0000000080a00000|100%| O|  |TAMS 0x0000000080a00000, 0x0000000080900000| Untracked 
|  10|0x0000000080a00000, 0x0000000080b00000, 0x0000000080b00000|100%| O|  |TAMS 0x0000000080b00000, 0x0000000080a00000| Untracked 
|  11|0x0000000080b00000, 0x0000000080c00000, 0x0000000080c00000|100%| O|  |TAMS 0x0000000080c00000, 0x0000000080b00000| Untracked 
|  12|0x0000000080c00000, 0x0000000080d00000, 0x0000000080d00000|100%| O|  |TAMS 0x0000000080d00000, 0x0000000080c00000| Untracked 
|  13|0x0000000080d00000, 0x0000000080e00000, 0x0000000080e00000|100%| O|  |TAMS 0x0000000080e00000, 0x0000000080d00000| Untracked 
|  14|0x0000000080e00000, 0x0000000080f00000, 0x0000000080f00000|100%| O|  |TAMS 0x0000000080f00000, 0x0000000080e00000| Untracked 
|  15|0x0000000080f00000, 0x0000000081000000, 0x0000000081000000|100%| O|  |TAMS 0x0000000081000000, 0x0000000080f00000| Untracked 
|  16|0x0000000081000000, 0x0000000081100000, 0x0000000081100000|100%|HS|  |TAMS 0x0000000081100000, 0x0000000081000000| Complete 
|  17|0x0000000081100000, 0x0000000081200000, 0x0000000081200000|100%| O|  |TAMS 0x0000000081200000, 0x0000000081100000| Untracked 
|  18|0x0000000081200000, 0x0000000081300000, 0x0000000081300000|100%| O|  |TAMS 0x0000000081300000, 0x0000000081200000| Untracked 
|  19|0x0000000081300000, 0x0000000081400000, 0x0000000081400000|100%| O|  |TAMS 0x0000000081400000, 0x0000000081300000| Untracked 
|  20|0x0000000081400000, 0x0000000081500000, 0x0000000081500000|100%| O|  |TAMS 0x0000000081500000, 0x0000000081400000| Untracked 
|  21|0x0000000081500000, 0x0000000081600000, 0x0000000081600000|100%| O|  |TAMS 0x0000000081600000, 0x0000000081500000| Untracked 
|  22|0x0000000081600000, 0x0000000081700000, 0x0000000081700000|100%| O|  |TAMS 0x0000000081700000, 0x0000000081600000| Untracked 
|  23|0x0000000081700000, 0x0000000081800000, 0x0000000081800000|100%| O|  |TAMS 0x0000000081800000, 0x0000000081700000| Untracked 
|  24|0x0000000081800000, 0x0000000081900000, 0x0000000081900000|100%|HS|  |TAMS 0x0000000081900000, 0x0000000081800000| Complete 
|  25|0x0000000081900000, 0x0000000081a00000, 0x0000000081a00000|100%|HS|  |TAMS 0x0000000081a00000, 0x0000000081900000| Complete 
|  26|0x0000000081a00000, 0x0000000081b00000, 0x0000000081b00000|100%|HC|  |TAMS 0x0000000081b00000, 0x0000000081a00000| Complete 
|  27|0x0000000081b00000, 0x0000000081c00000, 0x0000000081c00000|100%| O|  |TAMS 0x0000000081c00000, 0x0000000081b00000| Untracked 
|  28|0x0000000081c00000, 0x0000000081d00000, 0x0000000081d00000|100%| O|  |TAMS 0x0000000081d00000, 0x0000000081c00000| Untracked 
|  29|0x0000000081d00000, 0x0000000081e00000, 0x0000000081e00000|100%| O|  |TAMS 0x0000000081d00000, 0x0000000081d00000| Untracked 
|  30|0x0000000081e00000, 0x0000000081f00000, 0x0000000081f00000|100%| O|  |TAMS 0x0000000081e00000, 0x0000000081e00000| Untracked 
|  31|0x0000000081f00000, 0x0000000082000000, 0x0000000082000000|100%| O|  |TAMS 0x0000000081f00000, 0x0000000081f00000| Untracked 
|  32|0x0000000082000000, 0x0000000082100000, 0x0000000082100000|100%| O|  |TAMS 0x0000000082000000, 0x0000000082000000| Untracked 
|  33|0x0000000082100000, 0x0000000082200000, 0x0000000082200000|100%| O|  |TAMS 0x0000000082100000, 0x0000000082100000| Untracked 
|  34|0x0000000082200000, 0x0000000082300000, 0x0000000082300000|100%| O|  |TAMS 0x0000000082200000, 0x0000000082200000| Untracked 
|  35|0x0000000082300000, 0x0000000082400000, 0x0000000082400000|100%| O|  |TAMS 0x0000000082300000, 0x0000000082300000| Untracked 
|  36|0x0000000082400000, 0x0000000082500000, 0x0000000082500000|100%| O|  |TAMS 0x0000000082400000, 0x0000000082400000| Untracked 
|  37|0x0000000082500000, 0x0000000082600000, 0x0000000082600000|100%| O|  |TAMS 0x0000000082500000, 0x0000000082500000| Untracked 
|  38|0x0000000082600000, 0x0000000082700000, 0x0000000082700000|100%| O|  |TAMS 0x0000000082600000, 0x0000000082600000| Untracked 
|  39|0x0000000082700000, 0x0000000082800000, 0x0000000082800000|100%| O|  |TAMS 0x0000000082700000, 0x0000000082700000| Untracked 
|  40|0x0000000082800000, 0x0000000082900000, 0x0000000082900000|100%| O|  |TAMS 0x0000000082800000, 0x0000000082800000| Untracked 
|  41|0x0000000082900000, 0x0000000082a00000, 0x0000000082a00000|100%| O|  |TAMS 0x0000000082900000, 0x0000000082900000| Untracked 
|  42|0x0000000082a00000, 0x0000000082a1fa00, 0x0000000082b00000| 12%| O|  |TAMS 0x0000000082a00000, 0x0000000082a00000| Untracked 
|  43|0x0000000082b00000, 0x0000000082b00000, 0x0000000082c00000|  0%| F|  |TAMS 0x0000000082b00000, 0x0000000082b00000| Untracked 
|  44|0x0000000082c00000, 0x0000000082c00000, 0x0000000082d00000|  0%| F|  |TAMS 0x0000000082c00000, 0x0000000082c00000| Untracked 
|  45|0x0000000082d00000, 0x0000000082d00000, 0x0000000082e00000|  0%| F|  |TAMS 0x0000000082d00000, 0x0000000082d00000| Untracked 
|  46|0x0000000082e00000, 0x0000000082e00000, 0x0000000082f00000|  0%| F|  |TAMS 0x0000000082e00000, 0x0000000082e00000| Untracked 
|  47|0x0000000082f00000, 0x0000000082f00000, 0x0000000083000000|  0%| F|  |TAMS 0x0000000082f00000, 0x0000000082f00000| Untracked 
|  48|0x0000000083000000, 0x0000000083000000, 0x0000000083100000|  0%| F|  |TAMS 0x0000000083000000, 0x0000000083000000| Untracked 
|  49|0x0000000083100000, 0x0000000083100000, 0x0000000083200000|  0%| F|  |TAMS 0x0000000083100000, 0x0000000083100000| Untracked 
|  50|0x0000000083200000, 0x0000000083200000, 0x0000000083300000|  0%| F|  |TAMS 0x0000000083200000, 0x0000000083200000| Untracked 
|  51|0x0000000083300000, 0x0000000083300000, 0x0000000083400000|  0%| F|  |TAMS 0x0000000083300000, 0x0000000083300000| Untracked 
|  52|0x0000000083400000, 0x0000000083400000, 0x0000000083500000|  0%| F|  |TAMS 0x0000000083400000, 0x0000000083400000| Untracked 
|  53|0x0000000083500000, 0x0000000083500000, 0x0000000083600000|  0%| F|  |TAMS 0x0000000083500000, 0x0000000083500000| Untracked 
|  54|0x0000000083600000, 0x0000000083600000, 0x0000000083700000|  0%| F|  |TAMS 0x0000000083600000, 0x0000000083600000| Untracked 
|  55|0x0000000083700000, 0x0000000083700000, 0x0000000083800000|  0%| F|  |TAMS 0x0000000083700000, 0x0000000083700000| Untracked 
|  56|0x0000000083800000, 0x0000000083800000, 0x0000000083900000|  0%| F|  |TAMS 0x0000000083800000, 0x0000000083800000| Untracked 
|  57|0x0000000083900000, 0x0000000083900000, 0x0000000083a00000|  0%| F|  |TAMS 0x0000000083900000, 0x0000000083900000| Untracked 
|  58|0x0000000083a00000, 0x0000000083a00000, 0x0000000083b00000|  0%| F|  |TAMS 0x0000000083a00000, 0x0000000083a00000| Untracked 
|  59|0x0000000083b00000, 0x0000000083b00000, 0x0000000083c00000|  0%| F|  |TAMS 0x0000000083b00000, 0x0000000083b00000| Untracked 
|  60|0x0000000083c00000, 0x0000000083c00000, 0x0000000083d00000|  0%| F|  |TAMS 0x0000000083c00000, 0x0000000083c00000| Untracked 
|  61|0x0000000083d00000, 0x0000000083d00000, 0x0000000083e00000|  0%| F|  |TAMS 0x0000000083d00000, 0x0000000083d00000| Untracked 
|  62|0x0000000083e00000, 0x0000000083e00000, 0x0000000083f00000|  0%| F|  |TAMS 0x0000000083e00000, 0x0000000083e00000| Untracked 
|  63|0x0000000083f00000, 0x0000000083f00000, 0x0000000084000000|  0%| F|  |TAMS 0x0000000083f00000, 0x0000000083f00000| Untracked 
|  64|0x0000000084000000, 0x0000000084000000, 0x0000000084100000|  0%| F|  |TAMS 0x0000000084000000, 0x0000000084000000| Untracked 
|  65|0x0000000084100000, 0x0000000084100000, 0x0000000084200000|  0%| F|  |TAMS 0x0000000084100000, 0x0000000084100000| Untracked 
|  66|0x0000000084200000, 0x0000000084200000, 0x0000000084300000|  0%| F|  |TAMS 0x0000000084200000, 0x0000000084200000| Untracked 
|  67|0x0000000084300000, 0x0000000084300000, 0x0000000084400000|  0%| F|  |TAMS 0x0000000084300000, 0x0000000084300000| Untracked 
|  68|0x0000000084400000, 0x0000000084400000, 0x0000000084500000|  0%| F|  |TAMS 0x0000000084400000, 0x0000000084400000| Untracked 
|  69|0x0000000084500000, 0x0000000084500000, 0x0000000084600000|  0%| F|  |TAMS 0x0000000084500000, 0x0000000084500000| Untracked 
|  70|0x0000000084600000, 0x0000000084600000, 0x0000000084700000|  0%| F|  |TAMS 0x0000000084600000, 0x0000000084600000| Untracked 
|  71|0x0000000084700000, 0x0000000084700000, 0x0000000084800000|  0%| F|  |TAMS 0x0000000084700000, 0x0000000084700000| Untracked 
|  72|0x0000000084800000, 0x0000000084800000, 0x0000000084900000|  0%| F|  |TAMS 0x0000000084800000, 0x0000000084800000| Untracked 
|  73|0x0000000084900000, 0x0000000084900000, 0x0000000084a00000|  0%| F|  |TAMS 0x0000000084900000, 0x0000000084900000| Untracked 
|  74|0x0000000084a00000, 0x0000000084a00000, 0x0000000084b00000|  0%| F|  |TAMS 0x0000000084a00000, 0x0000000084a00000| Untracked 
|  75|0x0000000084b00000, 0x0000000084b00000, 0x0000000084c00000|  0%| F|  |TAMS 0x0000000084b00000, 0x0000000084b00000| Untracked 
|  76|0x0000000084c00000, 0x0000000084c00000, 0x0000000084d00000|  0%| F|  |TAMS 0x0000000084c00000, 0x0000000084c00000| Untracked 
|  77|0x0000000084d00000, 0x0000000084d00000, 0x0000000084e00000|  0%| F|  |TAMS 0x0000000084d00000, 0x0000000084d00000| Untracked 
|  78|0x0000000084e00000, 0x0000000084ea8f80, 0x0000000084f00000| 66%| S|CS|TAMS 0x0000000084e00000, 0x0000000084e00000| Complete 
|  79|0x0000000084f00000, 0x0000000085000000, 0x0000000085000000|100%| S|CS|TAMS 0x0000000084f00000, 0x0000000084f00000| Complete 
|  80|0x0000000085000000, 0x0000000085100000, 0x0000000085100000|100%| S|CS|TAMS 0x0000000085000000, 0x0000000085000000| Complete 
|  81|0x0000000085100000, 0x0000000085200000, 0x0000000085200000|100%| S|CS|TAMS 0x0000000085100000, 0x0000000085100000| Complete 
|  82|0x0000000085200000, 0x0000000085300000, 0x0000000085300000|100%| S|CS|TAMS 0x0000000085200000, 0x0000000085200000| Complete 
|  83|0x0000000085300000, 0x0000000085400000, 0x0000000085400000|100%| S|CS|TAMS 0x0000000085300000, 0x0000000085300000| Complete 
|  84|0x0000000085400000, 0x0000000085500000, 0x0000000085500000|100%| S|CS|TAMS 0x0000000085400000, 0x0000000085400000| Complete 
|  85|0x0000000085500000, 0x0000000085600000, 0x0000000085600000|100%| S|CS|TAMS 0x0000000085500000, 0x0000000085500000| Complete 
|  86|0x0000000085600000, 0x0000000085600000, 0x0000000085700000|  0%| F|  |TAMS 0x0000000085600000, 0x0000000085600000| Untracked 
|  87|0x0000000085700000, 0x0000000085700000, 0x0000000085800000|  0%| F|  |TAMS 0x0000000085700000, 0x0000000085700000| Untracked 
|  88|0x0000000085800000, 0x0000000085800000, 0x0000000085900000|  0%| F|  |TAMS 0x0000000085800000, 0x0000000085800000| Untracked 
|  89|0x0000000085900000, 0x0000000085900000, 0x0000000085a00000|  0%| F|  |TAMS 0x0000000085900000, 0x0000000085900000| Untracked 
|  90|0x0000000085a00000, 0x0000000085a00000, 0x0000000085b00000|  0%| F|  |TAMS 0x0000000085a00000, 0x0000000085a00000| Untracked 
|  91|0x0000000085b00000, 0x0000000085b00000, 0x0000000085c00000|  0%| F|  |TAMS 0x0000000085b00000, 0x0000000085b00000| Untracked 
|  92|0x0000000085c00000, 0x0000000085c00000, 0x0000000085d00000|  0%| F|  |TAMS 0x0000000085c00000, 0x0000000085c00000| Untracked 
|  93|0x0000000085d00000, 0x0000000085e00000, 0x0000000085e00000|100%| S|CS|TAMS 0x0000000085d00000, 0x0000000085d00000| Complete 
|  94|0x0000000085e00000, 0x0000000085f00000, 0x0000000085f00000|100%| S|CS|TAMS 0x0000000085e00000, 0x0000000085e00000| Complete 
|  95|0x0000000085f00000, 0x0000000086000000, 0x0000000086000000|100%| S|CS|TAMS 0x0000000085f00000, 0x0000000085f00000| Complete 
|  96|0x0000000086000000, 0x0000000086100000, 0x0000000086100000|100%| S|CS|TAMS 0x0000000086000000, 0x0000000086000000| Complete 
|  97|0x0000000086100000, 0x0000000086100000, 0x0000000086200000|  0%| F|  |TAMS 0x0000000086100000, 0x0000000086100000| Untracked 
|  98|0x0000000086200000, 0x0000000086200000, 0x0000000086300000|  0%| F|  |TAMS 0x0000000086200000, 0x0000000086200000| Untracked 
|  99|0x0000000086300000, 0x0000000086300000, 0x0000000086400000|  0%| F|  |TAMS 0x0000000086300000, 0x0000000086300000| Untracked 
| 100|0x0000000086400000, 0x0000000086400000, 0x0000000086500000|  0%| F|  |TAMS 0x0000000086400000, 0x0000000086400000| Untracked 
| 101|0x0000000086500000, 0x0000000086500000, 0x0000000086600000|  0%| F|  |TAMS 0x0000000086500000, 0x0000000086500000| Untracked 
| 102|0x0000000086600000, 0x0000000086600000, 0x0000000086700000|  0%| F|  |TAMS 0x0000000086600000, 0x0000000086600000| Untracked 
| 103|0x0000000086700000, 0x0000000086700000, 0x0000000086800000|  0%| F|  |TAMS 0x0000000086700000, 0x0000000086700000| Untracked 
| 104|0x0000000086800000, 0x0000000086800000, 0x0000000086900000|  0%| F|  |TAMS 0x0000000086800000, 0x0000000086800000| Untracked 
| 105|0x0000000086900000, 0x0000000086900000, 0x0000000086a00000|  0%| F|  |TAMS 0x0000000086900000, 0x0000000086900000| Untracked 
| 106|0x0000000086a00000, 0x0000000086a00000, 0x0000000086b00000|  0%| F|  |TAMS 0x0000000086a00000, 0x0000000086a00000| Untracked 
| 107|0x0000000086b00000, 0x0000000086b00000, 0x0000000086c00000|  0%| F|  |TAMS 0x0000000086b00000, 0x0000000086b00000| Untracked 
| 108|0x0000000086c00000, 0x0000000086c00000, 0x0000000086d00000|  0%| F|  |TAMS 0x0000000086c00000, 0x0000000086c00000| Untracked 
| 109|0x0000000086d00000, 0x0000000086d00000, 0x0000000086e00000|  0%| F|  |TAMS 0x0000000086d00000, 0x0000000086d00000| Untracked 
| 110|0x0000000086e00000, 0x0000000086e00000, 0x0000000086f00000|  0%| F|  |TAMS 0x0000000086e00000, 0x0000000086e00000| Untracked 
| 111|0x0000000086f00000, 0x0000000086f00000, 0x0000000087000000|  0%| F|  |TAMS 0x0000000086f00000, 0x0000000086f00000| Untracked 
| 112|0x0000000087000000, 0x0000000087000000, 0x0000000087100000|  0%| F|  |TAMS 0x0000000087000000, 0x0000000087000000| Untracked 
| 113|0x0000000087100000, 0x0000000087100000, 0x0000000087200000|  0%| F|  |TAMS 0x0000000087100000, 0x0000000087100000| Untracked 
| 114|0x0000000087200000, 0x0000000087200000, 0x0000000087300000|  0%| F|  |TAMS 0x0000000087200000, 0x0000000087200000| Untracked 
| 115|0x0000000087300000, 0x0000000087300000, 0x0000000087400000|  0%| F|  |TAMS 0x0000000087300000, 0x0000000087300000| Untracked 
| 116|0x0000000087400000, 0x0000000087400000, 0x0000000087500000|  0%| F|  |TAMS 0x0000000087400000, 0x0000000087400000| Untracked 
| 117|0x0000000087500000, 0x0000000087500000, 0x0000000087600000|  0%| F|  |TAMS 0x0000000087500000, 0x0000000087500000| Untracked 
| 118|0x0000000087600000, 0x0000000087600000, 0x0000000087700000|  0%| F|  |TAMS 0x0000000087600000, 0x0000000087600000| Untracked 
| 119|0x0000000087700000, 0x0000000087700000, 0x0000000087800000|  0%| F|  |TAMS 0x0000000087700000, 0x0000000087700000| Untracked 
| 120|0x0000000087800000, 0x0000000087800000, 0x0000000087900000|  0%| F|  |TAMS 0x0000000087800000, 0x0000000087800000| Untracked 
| 121|0x0000000087900000, 0x0000000087900000, 0x0000000087a00000|  0%| F|  |TAMS 0x0000000087900000, 0x0000000087900000| Untracked 
| 122|0x0000000087a00000, 0x0000000087a00000, 0x0000000087b00000|  0%| F|  |TAMS 0x0000000087a00000, 0x0000000087a00000| Untracked 
| 123|0x0000000087b00000, 0x0000000087b00000, 0x0000000087c00000|  0%| F|  |TAMS 0x0000000087b00000, 0x0000000087b00000| Untracked 
| 124|0x0000000087c00000, 0x0000000087c00000, 0x0000000087d00000|  0%| F|  |TAMS 0x0000000087c00000, 0x0000000087c00000| Untracked 
| 125|0x0000000087d00000, 0x0000000087d00000, 0x0000000087e00000|  0%| F|  |TAMS 0x0000000087d00000, 0x0000000087d00000| Untracked 
| 126|0x0000000087e00000, 0x0000000087e80800, 0x0000000087f00000| 50%| E|  |TAMS 0x0000000087e00000, 0x0000000087e00000| Complete 
| 127|0x0000000087f00000, 0x0000000088000000, 0x0000000088000000|100%| E|CS|TAMS 0x0000000087f00000, 0x0000000087f00000| Complete 
| 128|0x0000000088000000, 0x0000000088100000, 0x0000000088100000|100%| E|CS|TAMS 0x0000000088000000, 0x0000000088000000| Complete 
| 129|0x0000000088100000, 0x0000000088200000, 0x0000000088200000|100%| E|CS|TAMS 0x0000000088100000, 0x0000000088100000| Complete 
| 130|0x0000000088200000, 0x0000000088300000, 0x0000000088300000|100%| E|CS|TAMS 0x0000000088200000, 0x0000000088200000| Complete 
| 131|0x0000000088300000, 0x0000000088400000, 0x0000000088400000|100%| E|CS|TAMS 0x0000000088300000, 0x0000000088300000| Complete 
| 132|0x0000000088400000, 0x0000000088500000, 0x0000000088500000|100%| E|CS|TAMS 0x0000000088400000, 0x0000000088400000| Complete 
| 133|0x0000000088500000, 0x0000000088600000, 0x0000000088600000|100%| E|CS|TAMS 0x0000000088500000, 0x0000000088500000| Complete 
| 134|0x0000000088600000, 0x0000000088700000, 0x0000000088700000|100%| E|CS|TAMS 0x0000000088600000, 0x0000000088600000| Complete 
| 135|0x0000000088700000, 0x0000000088800000, 0x0000000088800000|100%| E|CS|TAMS 0x0000000088700000, 0x0000000088700000| Complete 
| 136|0x0000000088800000, 0x0000000088900000, 0x0000000088900000|100%| E|CS|TAMS 0x0000000088800000, 0x0000000088800000| Complete 
| 137|0x0000000088900000, 0x0000000088a00000, 0x0000000088a00000|100%| E|CS|TAMS 0x0000000088900000, 0x0000000088900000| Complete 
| 138|0x0000000088a00000, 0x0000000088b00000, 0x0000000088b00000|100%| E|CS|TAMS 0x0000000088a00000, 0x0000000088a00000| Complete 
| 139|0x0000000088b00000, 0x0000000088c00000, 0x0000000088c00000|100%| E|CS|TAMS 0x0000000088b00000, 0x0000000088b00000| Complete 
| 140|0x0000000088c00000, 0x0000000088d00000, 0x0000000088d00000|100%| E|CS|TAMS 0x0000000088c00000, 0x0000000088c00000| Complete 
| 141|0x0000000088d00000, 0x0000000088e00000, 0x0000000088e00000|100%| E|CS|TAMS 0x0000000088d00000, 0x0000000088d00000| Complete 
| 142|0x0000000088e00000, 0x0000000088f00000, 0x0000000088f00000|100%| E|CS|TAMS 0x0000000088e00000, 0x0000000088e00000| Complete 
| 143|0x0000000088f00000, 0x0000000089000000, 0x0000000089000000|100%| E|CS|TAMS 0x0000000088f00000, 0x0000000088f00000| Complete 
| 144|0x0000000089000000, 0x0000000089100000, 0x0000000089100000|100%| E|CS|TAMS 0x0000000089000000, 0x0000000089000000| Complete 
| 145|0x0000000089100000, 0x0000000089200000, 0x0000000089200000|100%| E|CS|TAMS 0x0000000089100000, 0x0000000089100000| Complete 
| 146|0x0000000089200000, 0x0000000089300000, 0x0000000089300000|100%| E|CS|TAMS 0x0000000089200000, 0x0000000089200000| Complete 
| 147|0x0000000089300000, 0x0000000089400000, 0x0000000089400000|100%| E|CS|TAMS 0x0000000089300000, 0x0000000089300000| Complete 
| 148|0x0000000089400000, 0x0000000089500000, 0x0000000089500000|100%| E|CS|TAMS 0x0000000089400000, 0x0000000089400000| Complete 
| 149|0x0000000089500000, 0x0000000089600000, 0x0000000089600000|100%| E|CS|TAMS 0x0000000089500000, 0x0000000089500000| Complete 
| 150|0x0000000089600000, 0x0000000089700000, 0x0000000089700000|100%| E|CS|TAMS 0x0000000089600000, 0x0000000089600000| Complete 
| 151|0x0000000089700000, 0x0000000089800000, 0x0000000089800000|100%| E|CS|TAMS 0x0000000089700000, 0x0000000089700000| Complete 
| 152|0x0000000089800000, 0x0000000089900000, 0x0000000089900000|100%| E|CS|TAMS 0x0000000089800000, 0x0000000089800000| Complete 
| 153|0x0000000089900000, 0x0000000089a00000, 0x0000000089a00000|100%| E|CS|TAMS 0x0000000089900000, 0x0000000089900000| Complete 
| 154|0x0000000089a00000, 0x0000000089b00000, 0x0000000089b00000|100%| E|CS|TAMS 0x0000000089a00000, 0x0000000089a00000| Complete 
| 155|0x0000000089b00000, 0x0000000089c00000, 0x0000000089c00000|100%| E|CS|TAMS 0x0000000089b00000, 0x0000000089b00000| Complete 
| 156|0x0000000089c00000, 0x0000000089d00000, 0x0000000089d00000|100%| E|CS|TAMS 0x0000000089c00000, 0x0000000089c00000| Complete 
| 157|0x0000000089d00000, 0x0000000089e00000, 0x0000000089e00000|100%| E|CS|TAMS 0x0000000089d00000, 0x0000000089d00000| Complete 
| 158|0x0000000089e00000, 0x0000000089f00000, 0x0000000089f00000|100%| E|CS|TAMS 0x0000000089e00000, 0x0000000089e00000| Complete 
| 159|0x0000000089f00000, 0x000000008a000000, 0x000000008a000000|100%| E|CS|TAMS 0x0000000089f00000, 0x0000000089f00000| Complete 
| 160|0x000000008a000000, 0x000000008a100000, 0x000000008a100000|100%| E|CS|TAMS 0x000000008a000000, 0x000000008a000000| Complete 
| 161|0x000000008a100000, 0x000000008a200000, 0x000000008a200000|100%| E|CS|TAMS 0x000000008a100000, 0x000000008a100000| Complete 
| 162|0x000000008a200000, 0x000000008a300000, 0x000000008a300000|100%| E|CS|TAMS 0x000000008a200000, 0x000000008a200000| Complete 
| 163|0x000000008a300000, 0x000000008a400000, 0x000000008a400000|100%| E|CS|TAMS 0x000000008a300000, 0x000000008a300000| Complete 
| 164|0x000000008a400000, 0x000000008a500000, 0x000000008a500000|100%| E|CS|TAMS 0x000000008a400000, 0x000000008a400000| Complete 
| 165|0x000000008a500000, 0x000000008a600000, 0x000000008a600000|100%| E|CS|TAMS 0x000000008a500000, 0x000000008a500000| Complete 
| 166|0x000000008a600000, 0x000000008a700000, 0x000000008a700000|100%| E|CS|TAMS 0x000000008a600000, 0x000000008a600000| Complete 
| 167|0x000000008a700000, 0x000000008a800000, 0x000000008a800000|100%| E|CS|TAMS 0x000000008a700000, 0x000000008a700000| Complete 
| 168|0x000000008a800000, 0x000000008a900000, 0x000000008a900000|100%| E|CS|TAMS 0x000000008a800000, 0x000000008a800000| Complete 
| 169|0x000000008a900000, 0x000000008aa00000, 0x000000008aa00000|100%| E|CS|TAMS 0x000000008a900000, 0x000000008a900000| Complete 
| 170|0x000000008aa00000, 0x000000008ab00000, 0x000000008ab00000|100%| E|CS|TAMS 0x000000008aa00000, 0x000000008aa00000| Complete 
| 171|0x000000008ab00000, 0x000000008ac00000, 0x000000008ac00000|100%| E|CS|TAMS 0x000000008ab00000, 0x000000008ab00000| Complete 
| 172|0x000000008ac00000, 0x000000008ad00000, 0x000000008ad00000|100%| E|CS|TAMS 0x000000008ac00000, 0x000000008ac00000| Complete 
| 173|0x000000008ad00000, 0x000000008ae00000, 0x000000008ae00000|100%| E|CS|TAMS 0x000000008ad00000, 0x000000008ad00000| Complete 
| 174|0x000000008ae00000, 0x000000008af00000, 0x000000008af00000|100%| E|CS|TAMS 0x000000008ae00000, 0x000000008ae00000| Complete 
| 175|0x000000008af00000, 0x000000008b000000, 0x000000008b000000|100%| E|CS|TAMS 0x000000008af00000, 0x000000008af00000| Complete 
| 176|0x000000008b000000, 0x000000008b100000, 0x000000008b100000|100%| E|CS|TAMS 0x000000008b000000, 0x000000008b000000| Complete 
| 177|0x000000008b100000, 0x000000008b200000, 0x000000008b200000|100%| E|CS|TAMS 0x000000008b100000, 0x000000008b100000| Complete 
| 178|0x000000008b200000, 0x000000008b300000, 0x000000008b300000|100%| E|CS|TAMS 0x000000008b200000, 0x000000008b200000| Complete 
| 179|0x000000008b300000, 0x000000008b400000, 0x000000008b400000|100%| E|CS|TAMS 0x000000008b300000, 0x000000008b300000| Complete 
| 180|0x000000008b400000, 0x000000008b500000, 0x000000008b500000|100%| E|CS|TAMS 0x000000008b400000, 0x000000008b400000| Complete 
| 181|0x000000008b500000, 0x000000008b600000, 0x000000008b600000|100%| E|CS|TAMS 0x000000008b500000, 0x000000008b500000| Complete 
| 182|0x000000008b600000, 0x000000008b700000, 0x000000008b700000|100%| E|CS|TAMS 0x000000008b600000, 0x000000008b600000| Complete 
| 183|0x000000008b700000, 0x000000008b800000, 0x000000008b800000|100%| E|CS|TAMS 0x000000008b700000, 0x000000008b700000| Complete 
| 184|0x000000008b800000, 0x000000008b900000, 0x000000008b900000|100%| E|CS|TAMS 0x000000008b800000, 0x000000008b800000| Complete 

Card table byte_map: [0x000002d2753f0000,0x000002d2757f0000] _byte_map_base: 0x000002d274ff0000

Marking Bits (Prev, Next): (CMBitMap*) 0x000002d26f700038, (CMBitMap*) 0x000002d26f700070
 Prev Bits: [0x000002d275bf0000, 0x000002d277bf0000)
 Next Bits: [0x000002d277bf0000, 0x000002d279bf0000)

Polling page: 0x000002d26f4a0000

Metaspace:

Usage:
  Non-class:     65.02 MB capacity,    63.97 MB ( 98%) used,   887.50 KB (  1%) free+waste,   189.25 KB ( <1%) overhead. 
      Class:     10.21 MB capacity,     9.56 MB ( 94%) used,   582.25 KB (  6%) free+waste,    87.88 KB ( <1%) overhead. 
       Both:     75.23 MB capacity,    73.52 MB ( 98%) used,     1.44 MB (  2%) free+waste,   277.13 KB ( <1%) overhead. 

Virtual space:
  Non-class space:       66.00 MB reserved,      65.25 MB ( 99%) committed 
      Class space:        1.00 GB reserved,      10.24 MB (  1%) committed 
             Both:        1.06 GB reserved,      75.49 MB (  7%) committed 

Chunk freelists:
   Non-Class:  44.00 KB
       Class:  8.00 KB
        Both:  52.00 KB

MaxMetaspaceSize: 17179869184.00 GB
CompressedClassSpaceSize: 1.00 GB
Initial GC threshold: 20.80 MB
Current GC threshold: 87.28 MB
CDS: off

CodeHeap 'non-profiled nmethods': size=120064Kb used=3975Kb max_used=3975Kb free=116088Kb
 bounds [0x000002d207ac0000, 0x000002d207eb0000, 0x000002d20f000000]
CodeHeap 'profiled nmethods': size=120000Kb used=15461Kb max_used=15461Kb free=104538Kb
 bounds [0x000002d200590000, 0x000002d2014b0000, 0x000002d207ac0000]
CodeHeap 'non-nmethods': size=5696Kb used=2356Kb max_used=2399Kb free=3339Kb
 bounds [0x000002d200000000, 0x000002d200270000, 0x000002d200590000]
 total_blobs=8050 nmethods=7186 adapters=776
 compilation: enabled
              stopped_count=0, restarted_count=0
 full_count=0

Compilation events (20 events):
Event: 8.841 Thread 0x000002d27c221800 7213       2       org.gradle.internal.service.scopes.ExecutionGlobalServices$$Lambda$240/0x0000000100405840::test (8 bytes)
Event: 8.841 Thread 0x000002d27c221800 nmethod 7213 0x000002d2014a5690 code [0x000002d2014a5840, 0x000002d2014a59c8]
Event: 8.841 Thread 0x000002d27c221800 7214       2       org.gradle.internal.service.scopes.ExecutionGlobalServices::lambda$createAnnotationMetadataStore$2 (7 bytes)
Event: 8.842 Thread 0x000002d27c221800 nmethod 7214 0x000002d2014a5b10 code [0x000002d2014a5d00, 0x000002d2014a5fd8]
Event: 8.842 Thread 0x000002d27c221800 7215       2       java.util.Spliterators$ArraySpliterator::tryAdvance (58 bytes)
Event: 8.842 Thread 0x000002d27c221800 nmethod 7215 0x000002d2014a6190 code [0x000002d2014a6360, 0x000002d2014a6598]
Event: 8.842 Thread 0x000002d27c221800 7216       2       com.google.common.collect.AbstractMapBasedMultimap$KeySet$1::next (26 bytes)
Event: 8.842 Thread 0x000002d27c221800 nmethod 7216 0x000002d2014a6710 code [0x000002d2014a68e0, 0x000002d2014a6ad8]
Event: 8.843 Thread 0x000002d27c221800 7218       2       org.gradle.internal.reflect.annotations.impl.DefaultTypeAnnotationMetadataStore::getOrCreateBuilder (24 bytes)
Event: 8.844 Thread 0x000002d27c221800 nmethod 7218 0x000002d2014a6b90 code [0x000002d2014a6d60, 0x000002d2014a6f78]
Event: 8.844 Thread 0x000002d27c221800 7221       2       com.google.common.collect.ImmutableSet::builderWithExpectedSize (16 bytes)
Event: 8.844 Thread 0x000002d27c221800 nmethod 7221 0x000002d2014a7110 code [0x000002d2014a72e0, 0x000002d2014a7538]
Event: 8.844 Thread 0x000002d27c221800 7219       2       org.gradle.internal.reflect.annotations.impl.DefaultTypeAnnotationMetadataStore$$Lambda$589/0x0000000100748440::get$Lambda (12 bytes)
Event: 8.844 Thread 0x000002d27c221800 nmethod 7219 0x000002d2014a7690 code [0x000002d2014a7840, 0x000002d2014a7af8]
Event: 8.844 Thread 0x000002d27c221800 7220       2       org.gradle.internal.reflect.annotations.impl.DefaultTypeAnnotationMetadataStore$$Lambda$589/0x0000000100748440::<init> (26 bytes)
Event: 8.844 Thread 0x000002d27c221800 nmethod 7220 0x000002d2014a7b90 code [0x000002d2014a7d40, 0x000002d2014a7fb8]
Event: 8.844 Thread 0x000002d27c221800 7222       1       org.gradle.api.internal.tasks.properties.bean.RuntimeBeanNode::getBean (5 bytes)
Event: 8.844 Thread 0x000002d27c221800 nmethod 7222 0x000002d207ea1990 code [0x000002d207ea1b40, 0x000002d207ea1bf8]
Event: 8.845 Thread 0x000002d27c221800 7223       2       java.lang.Class::asSubclass (22 bytes)
Event: 8.845 Thread 0x000002d27c221800 nmethod 7223 0x000002d2014a8090 code [0x000002d2014a8260, 0x000002d2014a8468]

GC Heap History (20 events):
Event: 0.925 GC heap before
{Heap before GC invocations=2 (full 0):
 garbage-first heap   total 131072K, used 39955K [0x0000000080000000, 0x0000000100000000)
  region size 1024K, 32 young (32768K), 2 survivors (2048K)
 Metaspace       used 10860K, capacity 11069K, committed 11264K, reserved 1058816K
  class space    used 1130K, capacity 1207K, committed 1280K, reserved 1048576K
}
Event: 0.928 GC heap after
{Heap after GC invocations=3 (full 0):
 garbage-first heap   total 131072K, used 11431K [0x0000000080000000, 0x0000000100000000)
  region size 1024K, 4 young (4096K), 4 survivors (4096K)
 Metaspace       used 10860K, capacity 11069K, committed 11264K, reserved 1058816K
  class space    used 1130K, capacity 1207K, committed 1280K, reserved 1048576K
}
Event: 1.879 GC heap before
{Heap before GC invocations=3 (full 0):
 garbage-first heap   total 131072K, used 60583K [0x0000000080000000, 0x0000000100000000)
  region size 1024K, 52 young (53248K), 4 survivors (4096K)
 Metaspace       used 18619K, capacity 19004K, committed 19328K, reserved 1067008K
  class space    used 2229K, capacity 2342K, committed 2432K, reserved 1048576K
}
Event: 1.887 GC heap after
{Heap after GC invocations=4 (full 0):
 garbage-first heap   total 131072K, used 16478K [0x0000000080000000, 0x0000000100000000)
  region size 1024K, 7 young (7168K), 7 survivors (7168K)
 Metaspace       used 18619K, capacity 19004K, committed 19328K, reserved 1067008K
  class space    used 2229K, capacity 2342K, committed 2432K, reserved 1048576K
}
Event: 2.048 GC heap before
{Heap before GC invocations=4 (full 0):
 garbage-first heap   total 131072K, used 36958K [0x0000000080000000, 0x0000000100000000)
  region size 1024K, 28 young (28672K), 7 survivors (7168K)
 Metaspace       used 20720K, capacity 21134K, committed 21248K, reserved 1067008K
  class space    used 2548K, capacity 2711K, committed 2816K, reserved 1048576K
}
Event: 2.056 GC heap after
{Heap after GC invocations=5 (full 0):
 garbage-first heap   total 157696K, used 17239K [0x0000000080000000, 0x0000000100000000)
  region size 1024K, 1 young (1024K), 1 survivors (1024K)
 Metaspace       used 20720K, capacity 21134K, committed 21248K, reserved 1067008K
  class space    used 2548K, capacity 2711K, committed 2816K, reserved 1048576K
}
Event: 2.656 GC heap before
{Heap before GC invocations=6 (full 0):
 garbage-first heap   total 157696K, used 76631K [0x0000000080000000, 0x0000000100000000)
  region size 1024K, 59 young (60416K), 1 survivors (1024K)
 Metaspace       used 26894K, capacity 27492K, committed 27648K, reserved 1073152K
  class space    used 3509K, capacity 3734K, committed 3840K, reserved 1048576K
}
Event: 2.663 GC heap after
{Heap after GC invocations=7 (full 0):
 garbage-first heap   total 157696K, used 19179K [0x0000000080000000, 0x0000000100000000)
  region size 1024K, 3 young (3072K), 3 survivors (3072K)
 Metaspace       used 26894K, capacity 27492K, committed 27648K, reserved 1073152K
  class space    used 3509K, capacity 3734K, committed 3840K, reserved 1048576K
}
Event: 3.525 GC heap before
{Heap before GC invocations=8 (full 0):
 garbage-first heap   total 157696K, used 85739K [0x0000000080000000, 0x0000000100000000)
  region size 1024K, 69 young (70656K), 3 survivors (3072K)
 Metaspace       used 36954K, capacity 37823K, committed 37888K, reserved 1081344K
  class space    used 4766K, capacity 5115K, committed 5120K, reserved 1048576K
}
Event: 3.535 GC heap after
{Heap after GC invocations=9 (full 0):
 garbage-first heap   total 157696K, used 23942K [0x0000000080000000, 0x0000000100000000)
  region size 1024K, 8 young (8192K), 8 survivors (8192K)
 Metaspace       used 36954K, capacity 37823K, committed 37888K, reserved 1081344K
  class space    used 4766K, capacity 5115K, committed 5120K, reserved 1048576K
}
Event: 4.256 GC heap before
{Heap before GC invocations=9 (full 0):
 garbage-first heap   total 157696K, used 98694K [0x0000000080000000, 0x0000000100000000)
  region size 1024K, 79 young (80896K), 8 survivors (8192K)
 Metaspace       used 41971K, capacity 42950K, committed 43264K, reserved 1087488K
  class space    used 5406K, capacity 5787K, committed 5888K, reserved 1048576K
}
Event: 4.270 GC heap after
{Heap after GC invocations=10 (full 0):
 garbage-first heap   total 157696K, used 28137K [0x0000000080000000, 0x0000000100000000)
  region size 1024K, 9 young (9216K), 9 survivors (9216K)
 Metaspace       used 41971K, capacity 42950K, committed 43264K, reserved 1087488K
  class space    used 5406K, capacity 5787K, committed 5888K, reserved 1048576K
}
Event: 4.658 GC heap before
{Heap before GC invocations=10 (full 0):
 garbage-first heap   total 157696K, used 67049K [0x0000000080000000, 0x0000000100000000)
  region size 1024K, 48 young (49152K), 9 survivors (9216K)
 Metaspace       used 45373K, capacity 46405K, committed 46464K, reserved 1089536K
  class space    used 5844K, capacity 6235K, committed 6272K, reserved 1048576K
}
Event: 4.672 GC heap after
{Heap after GC invocations=11 (full 0):
 garbage-first heap   total 189440K, used 29739K [0x0000000080000000, 0x0000000100000000)
  region size 1024K, 7 young (7168K), 7 survivors (7168K)
 Metaspace       used 45373K, capacity 46405K, committed 46464K, reserved 1089536K
  class space    used 5844K, capacity 6235K, committed 6272K, reserved 1048576K
}
Event: 5.884 GC heap before
{Heap before GC invocations=12 (full 0):
 garbage-first heap   total 189440K, used 129067K [0x0000000080000000, 0x0000000100000000)
  region size 1024K, 101 young (103424K), 7 survivors (7168K)
 Metaspace       used 51669K, capacity 52985K, committed 53240K, reserved 1095680K
  class space    used 6618K, capacity 7091K, committed 7160K, reserved 1048576K
}
Event: 5.902 GC heap after
{Heap after GC invocations=13 (full 0):
 garbage-first heap   total 189440K, used 43008K [0x0000000080000000, 0x0000000100000000)
  region size 1024K, 13 young (13312K), 13 survivors (13312K)
 Metaspace       used 51669K, capacity 52985K, committed 53240K, reserved 1095680K
  class space    used 6618K, capacity 7091K, committed 7160K, reserved 1048576K
}
Event: 7.168 GC heap before
{Heap before GC invocations=14 (full 0):
 garbage-first heap   total 189440K, used 136192K [0x0000000080000000, 0x0000000100000000)
  region size 1024K, 105 young (107520K), 13 survivors (13312K)
 Metaspace       used 64021K, capacity 65441K, committed 65528K, reserved 1105920K
  class space    used 8099K, capacity 8653K, committed 8696K, reserved 1048576K
}
Event: 7.187 GC heap after
{Heap after GC invocations=15 (full 0):
 garbage-first heap   total 189440K, used 49760K [0x0000000080000000, 0x0000000100000000)
  region size 1024K, 7 young (7168K), 7 survivors (7168K)
 Metaspace       used 64021K, capacity 65441K, committed 65528K, reserved 1105920K
  class space    used 8099K, capacity 8653K, committed 8696K, reserved 1048576K
}
Event: 8.093 GC heap before
{Heap before GC invocations=15 (full 0):
 garbage-first heap   total 189440K, used 140896K [0x0000000080000000, 0x0000000100000000)
  region size 1024K, 95 young (97280K), 7 survivors (7168K)
 Metaspace       used 70062K, capacity 71635K, committed 71928K, reserved 1112064K
  class space    used 9024K, capacity 9621K, committed 9720K, reserved 1048576K
}
Event: 8.106 GC heap after
{Heap after GC invocations=16 (full 0):
 garbage-first heap   total 189440K, used 55074K [0x0000000080000000, 0x0000000100000000)
  region size 1024K, 12 young (12288K), 12 survivors (12288K)
 Metaspace       used 70062K, capacity 71635K, committed 71928K, reserved 1112064K
  class space    used 9024K, capacity 9621K, committed 9720K, reserved 1048576K
}

Deoptimization events (20 events):
Event: 8.625 Thread 0x000002d27ec8e000 DEOPT PACKING pc=0x000002d2013fff38 sp=0x000000edbeaf95c0
Event: 8.625 Thread 0x000002d27ec8e000 DEOPT UNPACKING pc=0x000002d20004a95e sp=0x000000edbeaf8ac8 mode 0
Event: 8.650 Thread 0x000002d27ec8e000 Uncommon trap: trap_request=0xffffffde fr.pc=0x000002d207e2282c relative=0x0000000000002b0c
Event: 8.650 Thread 0x000002d27ec8e000 Uncommon trap: reason=class_check action=maybe_recompile pc=0x000002d207e2282c method=java.util.TreeMap.put(Ljava/lang/Object;Ljava/lang/Object;)Ljava/lang/Object; @ 127 c2
Event: 8.650 Thread 0x000002d27ec8e000 DEOPT PACKING pc=0x000002d207e2282c sp=0x000000edbeafad30
Event: 8.650 Thread 0x000002d27ec8e000 DEOPT UNPACKING pc=0x000002d20004a1af sp=0x000000edbeaface0 mode 2
Event: 8.687 Thread 0x000002d27ec8e000 DEOPT PACKING pc=0x000002d2011f3d27 sp=0x000000edbeaf7a30
Event: 8.687 Thread 0x000002d27ec8e000 DEOPT UNPACKING pc=0x000002d20004a95e sp=0x000000edbeaf6ee0 mode 0
Event: 8.692 Thread 0x000002d27ec8e000 Uncommon trap: trap_request=0xffffff4d fr.pc=0x000002d207d2fc7c relative=0x00000000000006fc
Event: 8.692 Thread 0x000002d27ec8e000 Uncommon trap: reason=unstable_if action=reinterpret pc=0x000002d207d2fc7c method=java.util.HashMap.putVal(ILjava/lang/Object;Ljava/lang/Object;ZZ)Ljava/lang/Object; @ 109 c2
Event: 8.692 Thread 0x000002d27ec8e000 DEOPT PACKING pc=0x000002d207d2fc7c sp=0x000000edbeaf77a0
Event: 8.692 Thread 0x000002d27ec8e000 DEOPT UNPACKING pc=0x000002d20004a1af sp=0x000000edbeaf76b8 mode 2
Event: 8.692 Thread 0x000002d27ec8e000 Uncommon trap: trap_request=0xffffff4d fr.pc=0x000002d207c31b68 relative=0x0000000000000668
Event: 8.692 Thread 0x000002d27ec8e000 Uncommon trap: reason=unstable_if action=reinterpret pc=0x000002d207c31b68 method=java.util.HashMap.putVal(ILjava/lang/Object;Ljava/lang/Object;ZZ)Ljava/lang/Object; @ 109 c2
Event: 8.692 Thread 0x000002d27ec8e000 DEOPT PACKING pc=0x000002d207c31b68 sp=0x000000edbeaf76f0
Event: 8.692 Thread 0x000002d27ec8e000 DEOPT UNPACKING pc=0x000002d20004a1af sp=0x000000edbeaf76a8 mode 2
Event: 8.795 Thread 0x000002d27ec8e000 DEOPT PACKING pc=0x000002d2013fff38 sp=0x000000edbeaf77f0
Event: 8.795 Thread 0x000002d27ec8e000 DEOPT UNPACKING pc=0x000002d20004a95e sp=0x000000edbeaf6cf8 mode 0
Event: 8.828 Thread 0x000002d27ec8e000 DEOPT PACKING pc=0x000002d2013fff38 sp=0x000000edbeaf7f30
Event: 8.828 Thread 0x000002d27ec8e000 DEOPT UNPACKING pc=0x000002d20004a95e sp=0x000000edbeaf7438 mode 0

Classes redefined (0 events):
No events

Internal exceptions (20 events):
Event: 7.692 Thread 0x000002d27ec8e000 Exception <a 'java/lang/ClassNotFoundException'{0x0000000087fa5798}: com/android/build/gradle/internal/CompileOptions$AgpDecorated_DecoratedBeanInfo> (0x0000000087fa5798) thrown at [./src/hotspot/share/classfile/systemDictionary.cpp, line 231]
Event: 7.692 Thread 0x000002d27ec8e000 Exception <a 'java/lang/ClassNotFoundException'{0x0000000087fc1198}: com/android/build/gradle/internal/CompileOptions$AgpDecoratedBeanInfo> (0x0000000087fc1198) thrown at [./src/hotspot/share/classfile/systemDictionary.cpp, line 231]
Event: 7.692 Thread 0x000002d27ec8e000 Exception <a 'java/lang/ClassNotFoundException'{0x0000000087fdad48}: com/android/build/gradle/internal/CompileOptionsBeanInfo> (0x0000000087fdad48) thrown at [./src/hotspot/share/classfile/systemDictionary.cpp, line 231]
Event: 7.693 Thread 0x000002d27ec8e000 Exception <a 'java/lang/ClassNotFoundException'{0x0000000087ff4ee8}: com/android/build/gradle/internal/CompileOptionsCustomizer> (0x0000000087ff4ee8) thrown at [./src/hotspot/share/classfile/systemDictionary.cpp, line 231]
Event: 7.693 Thread 0x000002d27ec8e000 Exception <a 'java/lang/ClassNotFoundException'{0x0000000087e1ca50}: com/android/build/gradle/internal/CompileOptions$AgpDecoratedCustomizer> (0x0000000087e1ca50) thrown at [./src/hotspot/share/classfile/systemDictionary.cpp, line 231]
Event: 7.694 Thread 0x000002d27ec8e000 Exception <a 'java/lang/ClassNotFoundException'{0x0000000087e47670}: com/android/build/gradle/internal/CompileOptions$AgpDecorated_DecoratedCustomizer> (0x0000000087e47670) thrown at [./src/hotspot/share/classfile/systemDictionary.cpp, line 231]
Event: 7.699 Thread 0x000002d27ec8e000 Exception <a 'java/lang/ClassNotFoundException'{0x0000000087d07678}: org/gradle/api/internal/artifacts/dsl/dependencies/DefaultDependencyHandler_DecoratedBeanInfo> (0x0000000087d07678) thrown at [./src/hotspot/share/classfile/systemDictionary.cpp, line 231]
Event: 7.700 Thread 0x000002d27ec8e000 Exception <a 'java/lang/ClassNotFoundException'{0x0000000087d50740}: org/gradle/api/internal/artifacts/dsl/dependencies/DefaultDependencyHandlerBeanInfo> (0x0000000087d50740) thrown at [./src/hotspot/share/classfile/systemDictionary.cpp, line 231]
Event: 7.701 Thread 0x000002d27ec8e000 Exception <a 'java/lang/ClassNotFoundException'{0x0000000087d99450}: org/gradle/api/internal/artifacts/dsl/dependencies/DefaultDependencyHandlerCustomizer> (0x0000000087d99450) thrown at [./src/hotspot/share/classfile/systemDictionary.cpp, line 231]
Event: 7.703 Thread 0x000002d27ec8e000 Exception <a 'java/lang/ClassNotFoundException'{0x0000000087c09780}: org/gradle/api/internal/artifacts/dsl/dependencies/DefaultDependencyHandler_DecoratedCustomizer> (0x0000000087c09780) thrown at [./src/hotspot/share/classfile/systemDictionary.cpp, line 231]
Event: 8.371 Thread 0x000002d27ec8e000 Exception <a 'java/lang/ClassNotFoundException'{0x000000008a660c70}: com/android/build/gradle/internal/api/ApkVariantOutputImpl_DecoratedBeanInfo> (0x000000008a660c70) thrown at [./src/hotspot/share/classfile/systemDictionary.cpp, line 231]
Event: 8.371 Thread 0x000002d27ec8e000 Exception <a 'java/lang/ClassNotFoundException'{0x000000008a67b4a0}: com/android/build/gradle/internal/api/ApkVariantOutputImplBeanInfo> (0x000000008a67b4a0) thrown at [./src/hotspot/share/classfile/systemDictionary.cpp, line 231]
Event: 8.372 Thread 0x000002d27ec8e000 Exception <a 'java/lang/ClassNotFoundException'{0x000000008a696780}: com/android/build/gradle/internal/api/BaseVariantOutputImplBeanInfo> (0x000000008a696780) thrown at [./src/hotspot/share/classfile/systemDictionary.cpp, line 231]
Event: 8.372 Thread 0x000002d27ec8e000 Exception <a 'java/lang/ClassNotFoundException'{0x000000008a6b1858}: com/android/build/gradle/internal/api/BaseVariantOutputImplCustomizer> (0x000000008a6b1858) thrown at [./src/hotspot/share/classfile/systemDictionary.cpp, line 231]
Event: 8.372 Thread 0x000002d27ec8e000 Exception <a 'java/lang/ClassNotFoundException'{0x000000008a6defc8}: com/android/build/gradle/internal/api/ApkVariantOutputImplCustomizer> (0x000000008a6defc8) thrown at [./src/hotspot/share/classfile/systemDictionary.cpp, line 231]
Event: 8.373 Thread 0x000002d27ec8e000 Exception <a 'java/lang/ClassNotFoundException'{0x000000008a509130}: com/android/build/gradle/internal/api/ApkVariantOutputImpl_DecoratedCustomizer> (0x000000008a509130) thrown at [./src/hotspot/share/classfile/systemDictionary.cpp, line 231]
Event: 8.382 Thread 0x000002d27ec8e000 Exception <a 'java/lang/NoClassDefFoundError'{0x000000008a474760}: org/jetbrains/kotlin/gradle/plugin/KotlinBasePluginWrapper> (0x000000008a474760) thrown at [./src/hotspot/share/classfile/systemDictionary.cpp, line 220]
Event: 8.428 Thread 0x000002d27ec8e000 Implicit null exception at 0x000002d207cf60af to 0x000002d207cf6828
Event: 8.428 Thread 0x000002d27ec8e000 Implicit null exception at 0x000002d207cfbf16 to 0x000002d207cfc68c
Event: 8.713 Thread 0x000002d27ec8e000 Exception <a 'java/lang/NoSuchMethodError'{0x0000000088a86050}: 'java.lang.Object java.lang.invoke.Invokers$Holder.linkToTargetMethod(java.lang.Object, int, java.lang.Object)'> (0x0000000088a86050) thrown at [./src/hotspot/share/interpreter/linkResolver.cpp, line 773]

Events (20 events):
Event: 8.801 loading class com/android/ide/common/resources/AndroidAaptIgnore
Event: 8.801 loading class com/android/ide/common/resources/AndroidAaptIgnore done
Event: 8.801 loading class com/android/ide/common/resources/NoOpResourcePreprocessor
Event: 8.801 loading class com/android/ide/common/resources/NoOpResourcePreprocessor done
Event: 8.802 loading class com/android/build/gradle/tasks/ExtractDeepLinksTask$CreationAction$configure$1
Event: 8.802 loading class com/android/build/gradle/tasks/ExtractDeepLinksTask$CreationAction$configure$1 done
Event: 8.802 loading class com/android/build/gradle/tasks/ExtractDeepLinksTask$CreationAction$configure$1$1
Event: 8.802 loading class com/android/build/gradle/tasks/ExtractDeepLinksTask$CreationAction$configure$1$1 done
Event: 8.805 loading class com/android/build/gradle/internal/tasks/featuresplit/PackagedDependenciesWriterTask$CreationAction$configure$1
Event: 8.805 loading class com/android/build/gradle/internal/tasks/featuresplit/PackagedDependenciesWriterTask$CreationAction$configure$1 done
Event: 8.806 loading class com/android/build/gradle/internal/tasks/featuresplit/PackagedDependenciesWriterTaskKt
Event: 8.806 loading class com/android/build/gradle/internal/tasks/featuresplit/PackagedDependenciesWriterTaskKt done
Event: 8.806 loading class com/android/build/gradle/internal/tasks/featuresplit/PackagedDependenciesWriterTaskKt$aarOrJarType$1
Event: 8.806 loading class com/android/build/gradle/internal/tasks/featuresplit/PackagedDependenciesWriterTaskKt$aarOrJarType$1 done
Event: 8.834 loading class com/android/build/gradle/tasks/MergeSourceSetFolders$MergeShaderSourceFoldersCreationAction$configure$assetDirFunction$1
Event: 8.834 loading class com/android/build/gradle/tasks/MergeSourceSetFolders$MergeShaderSourceFoldersCreationAction$configure$assetDirFunction$1 done
Event: 8.835 loading class com/android/build/gradle/tasks/MergeSourceSetFolders$MergeShaderSourceFoldersCreationAction$configure$1
Event: 8.835 loading class com/android/build/gradle/tasks/MergeSourceSetFolders$MergeShaderSourceFoldersCreationAction$configure$1 done
Event: 8.835 loading class com/android/build/gradle/tasks/MergeSourceSetFolders$MergeShaderSourceFoldersCreationAction$configure$2
Event: 8.835 loading class com/android/build/gradle/tasks/MergeSourceSetFolders$MergeShaderSourceFoldersCreationAction$configure$2 done


Dynamic libraries:
0x00007ff7cfa60000 - 0x00007ff7cfa6a000 	C:\Program Files\Android\Android Studio\jre\bin\java.exe
0x00007ffc5fb20000 - 0x00007ffc5fd29000 	C:\Windows\SYSTEM32\ntdll.dll
0x00007ffc5f350000 - 0x00007ffc5f40d000 	C:\Windows\System32\KERNEL32.DLL
0x00007ffc5d460000 - 0x00007ffc5d7d4000 	C:\Windows\System32\KERNELBASE.dll
0x00007ffc5d1d0000 - 0x00007ffc5d2e1000 	C:\Windows\System32\ucrtbase.dll
0x00007ffc35e80000 - 0x00007ffc35e97000 	C:\Program Files\Android\Android Studio\jre\bin\VCRUNTIME140.dll
0x00007ffc35dd0000 - 0x00007ffc35de9000 	C:\Program Files\Android\Android Studio\jre\bin\jli.dll
0x00007ffc5dbe0000 - 0x00007ffc5dd8c000 	C:\Windows\System32\USER32.dll
0x00007ffc5d850000 - 0x00007ffc5d876000 	C:\Windows\System32\win32u.dll
0x00007ffc5f580000 - 0x00007ffc5f5a9000 	C:\Windows\System32\GDI32.dll
0x00007ffc5d010000 - 0x00007ffc5d122000 	C:\Windows\System32\gdi32full.dll
0x00007ffc5d130000 - 0x00007ffc5d1cd000 	C:\Windows\System32\msvcp_win.dll
0x00007ffc30990000 - 0x00007ffc30c35000 	C:\Windows\WinSxS\amd64_microsoft.windows.common-controls_6595b64144ccf1df_6.0.22000.120_none_9d947278b86cc467\COMCTL32.dll
0x00007ffc5f2a0000 - 0x00007ffc5f343000 	C:\Windows\System32\msvcrt.dll
0x00007ffc5e830000 - 0x00007ffc5e861000 	C:\Windows\System32\IMM32.DLL
0x00007ffbedc30000 - 0x00007ffbedccd000 	C:\Program Files\Android\Android Studio\jre\bin\msvcp140.dll
0x00007ffc0e5d0000 - 0x00007ffc0f0b5000 	C:\Program Files\Android\Android Studio\jre\bin\server\jvm.dll
0x00007ffc5fa30000 - 0x00007ffc5fade000 	C:\Windows\System32\ADVAPI32.dll
0x00007ffc5e770000 - 0x00007ffc5e80e000 	C:\Windows\System32\sechost.dll
0x00007ffc5de20000 - 0x00007ffc5df40000 	C:\Windows\System32\RPCRT4.dll
0x00007ffc5e760000 - 0x00007ffc5e768000 	C:\Windows\System32\PSAPI.DLL
0x00007ffc52700000 - 0x00007ffc52733000 	C:\Windows\SYSTEM32\WINMM.dll
0x00007ffc56800000 - 0x00007ffc56809000 	C:\Windows\SYSTEM32\WSOCK32.dll
0x00007ffc5df40000 - 0x00007ffc5dfaf000 	C:\Windows\System32\WS2_32.dll
0x00007ffc4a910000 - 0x00007ffc4a91a000 	C:\Windows\SYSTEM32\VERSION.dll
0x00007ffc5baf0000 - 0x00007ffc5bb08000 	C:\Windows\SYSTEM32\kernel.appcore.dll
0x00007ffc567e0000 - 0x00007ffc567f1000 	C:\Program Files\Android\Android Studio\jre\bin\verify.dll
0x00007ffc56090000 - 0x00007ffc562b1000 	C:\Windows\SYSTEM32\DBGHELP.DLL
0x00007ffc48430000 - 0x00007ffc48461000 	C:\Windows\SYSTEM32\dbgcore.DLL
0x00007ffc5d880000 - 0x00007ffc5d8ff000 	C:\Windows\System32\bcryptPrimitives.dll
0x00007ffc567b0000 - 0x00007ffc567d9000 	C:\Program Files\Android\Android Studio\jre\bin\java.dll
0x00007ffc567a0000 - 0x00007ffc567ab000 	C:\Program Files\Android\Android Studio\jre\bin\jimage.dll
0x00007ffc3c5d0000 - 0x00007ffc3c5e8000 	C:\Program Files\Android\Android Studio\jre\bin\zip.dll
0x00007ffc5eaf0000 - 0x00007ffc5f29e000 	C:\Windows\System32\SHELL32.dll
0x00007ffc5b280000 - 0x00007ffc5bae7000 	C:\Windows\SYSTEM32\windows.storage.dll
0x00007ffc5e0a0000 - 0x00007ffc5e418000 	C:\Windows\System32\combase.dll
0x00007ffc5b110000 - 0x00007ffc5b276000 	C:\Windows\SYSTEM32\wintypes.dll
0x00007ffc5e420000 - 0x00007ffc5e50a000 	C:\Windows\System32\SHCORE.dll
0x00007ffc5d9c0000 - 0x00007ffc5da1d000 	C:\Windows\System32\shlwapi.dll
0x00007ffc5cf40000 - 0x00007ffc5cf61000 	C:\Windows\SYSTEM32\profapi.dll
0x00007ffc3c5b0000 - 0x00007ffc3c5ca000 	C:\Program Files\Android\Android Studio\jre\bin\net.dll
0x00007ffc50c90000 - 0x00007ffc50d9c000 	C:\Windows\SYSTEM32\WINHTTP.dll
0x00007ffc5c630000 - 0x00007ffc5c697000 	C:\Windows\system32\mswsock.dll
0x00007ffc3c590000 - 0x00007ffc3c5a4000 	C:\Program Files\Android\Android Studio\jre\bin\nio.dll
0x00007ffc35f90000 - 0x00007ffc35fb7000 	C:\Users\Admin\.gradle\native\e1d6ef7f7dcc3fd88c89a11ec53ec762bb8ba0a96d01ffa2cd45eb1d1d8dd5c5\windows-amd64\native-platform.dll
0x00007ffbebdc0000 - 0x00007ffbebf04000 	C:\Users\Admin\.gradle\native\5664cfc778a61ccfe75a443a1ab52a65af34e5dc3c78e0209fed803814484fcb\windows-amd64\native-platform-file-events.dll
0x00007ffc50ad0000 - 0x00007ffc50ada000 	C:\Program Files\Android\Android Studio\jre\bin\management.dll
0x00007ffc3c580000 - 0x00007ffc3c58d000 	C:\Program Files\Android\Android Studio\jre\bin\management_ext.dll
0x00007ffc5c870000 - 0x00007ffc5c888000 	C:\Windows\SYSTEM32\CRYPTSP.dll
0x00007ffc5c190000 - 0x00007ffc5c1c5000 	C:\Windows\system32\rsaenh.dll
0x00007ffc5c720000 - 0x00007ffc5c749000 	C:\Windows\SYSTEM32\USERENV.dll
0x00007ffc5c9f0000 - 0x00007ffc5ca17000 	C:\Windows\SYSTEM32\bcrypt.dll
0x00007ffc5c890000 - 0x00007ffc5c89c000 	C:\Windows\SYSTEM32\CRYPTBASE.dll
0x00007ffc5bd60000 - 0x00007ffc5bd8d000 	C:\Windows\SYSTEM32\IPHLPAPI.DLL
0x00007ffc5e6f0000 - 0x00007ffc5e6f9000 	C:\Windows\System32\NSI.dll
0x00007ffc50b60000 - 0x00007ffc50b79000 	C:\Windows\SYSTEM32\dhcpcsvc6.DLL
0x00007ffc50fc0000 - 0x00007ffc50fde000 	C:\Windows\SYSTEM32\dhcpcsvc.DLL
0x00007ffc5bdd0000 - 0x00007ffc5beb7000 	C:\Windows\SYSTEM32\DNSAPI.dll

dbghelp: loaded successfully - version: 4.0.5 - missing functions: none
symbol engine: initialized successfully - sym options: 0x614 - pdb path: .;C:\Program Files\Android\Android Studio\jre\bin;C:\Windows\SYSTEM32;C:\Windows\WinSxS\amd64_microsoft.windows.common-controls_6595b64144ccf1df_6.0.22000.120_none_9d947278b86cc467;C:\Program Files\Android\Android Studio\jre\bin\server;C:\Users\Admin\.gradle\native\e1d6ef7f7dcc3fd88c89a11ec53ec762bb8ba0a96d01ffa2cd45eb1d1d8dd5c5\windows-amd64;C:\Users\Admin\.gradle\native\5664cfc778a61ccfe75a443a1ab52a65af34e5dc3c78e0209fed803814484fcb\windows-amd64

VM Arguments:
jvm_args: --add-opens=java.base/java.util=ALL-UNNAMED --add-opens=java.base/java.lang=ALL-UNNAMED --add-opens=java.base/java.lang.invoke=ALL-UNNAMED --add-opens=java.base/java.util=ALL-UNNAMED --add-opens=java.prefs/java.util.prefs=ALL-UNNAMED --add-opens=java.prefs/java.util.prefs=ALL-UNNAMED --add-opens=java.base/java.nio.charset=ALL-UNNAMED --add-opens=java.base/java.net=ALL-UNNAMED --add-opens=java.base/java.util.concurrent.atomic=ALL-UNNAMED -Xmx2048m -Dfile.encoding=UTF-8 -Duser.country=US -Duser.language=en -Duser.variant 
java_command: org.gradle.launcher.daemon.bootstrap.GradleDaemon 7.3.3
java_class_path (initial): C:\Users\Admin\.gradle\wrapper\dists\gradle-7.3.3-bin\6a41zxkdtcxs8rphpq6y0069z\gradle-7.3.3\lib\gradle-launcher-7.3.3.jar
Launcher Type: SUN_STANDARD

[Global flags]
     intx CICompilerCount                          = 3                                         {product} {ergonomic}
     uint ConcGCThreads                            = 1                                         {product} {ergonomic}
     uint G1ConcRefinementThreads                  = 4                                         {product} {ergonomic}
   size_t G1HeapRegionSize                         = 1048576                                   {product} {ergonomic}
    uintx GCDrainStackTargetSize                   = 64                                        {product} {ergonomic}
   size_t InitialHeapSize                          = 134217728                                 {product} {ergonomic}
   size_t MarkStackSize                            = 4194304                                   {product} {ergonomic}
   size_t MaxHeapSize                              = 2147483648                                {product} {command line}
   size_t MaxNewSize                               = 1287651328                                {product} {ergonomic}
   size_t MinHeapDeltaBytes                        = 1048576                                   {product} {ergonomic}
    uintx NonNMethodCodeHeapSize                   = 5830732                                {pd product} {ergonomic}
    uintx NonProfiledCodeHeapSize                  = 122913754                              {pd product} {ergonomic}
    uintx ProfiledCodeHeapSize                     = 122913754                              {pd product} {ergonomic}
    uintx ReservedCodeCacheSize                    = 251658240                              {pd product} {ergonomic}
     bool SegmentedCodeCache                       = true                                      {product} {ergonomic}
     bool UseCompressedClassPointers               = true                                 {lp64_product} {ergonomic}
     bool UseCompressedOops                        = true                                 {lp64_product} {ergonomic}
     bool UseG1GC                                  = true                                      {product} {ergonomic}
     bool UseLargePagesIndividualAllocation        = false                                  {pd product} {ergonomic}

Logging:
Log output configuration:
 #0: stdout all=warning uptime,level,tags
 #1: stderr all=off uptime,level,tags

Environment Variables:
PATH=C:\Program Files\Common Files\Oracle\Java\javapath;C:\Program Files (x86)\Common Files\Oracle\Java\javapath;C:\Windows\system32;C:\Windows;C:\Windows\System32\Wbem;C:\Windows\System32\WindowsPowerShell\v1.0\;C:\Windows\System32\OpenSSH\;C:\Program Files (x86)\Intel\Intel(R) Management Engine Components\DAL;C:\Program Files\Intel\Intel(R) Management Engine Components\DAL;C:\Program Files\Git\cmd;C:\Users\Admin\AppData\Local\Microsoft\WindowsApps;C:\Users\Admin\AppData\Local\Programs\Microsoft VS Code\bin;C:\Users\Admin\AppData\Local\atom\bin;C:\Users\Admin\AppData\Local\GitHubDesktop\bin
USERNAME=Admin
OS=Windows_NT
PROCESSOR_IDENTIFIER=Intel64 Family 6 Model 78 Stepping 3, GenuineIntel



---------------  S Y S T E M  ---------------

OS: Windows 10 , 64 bit Build 22000 (10.0.22000.434)
OS uptime: 0 days 2:01 hours

CPU:total 4 (initial active 4) (2 cores per cpu, 2 threads per core) family 6 model 78 stepping 3 microcode 0xd6, cmov, cx8, fxsr, mmx, sse, sse2, sse3, ssse3, sse4.1, sse4.2, popcnt, avx, avx2, aes, clmul, erms, rtm, 3dnowpref, lzcnt, ht, tsc, tscinvbit, bmi1, bmi2, adx, fma

Memory: 4k page, system-wide physical 8072M (866M free)
TotalPageFile size 8072M (AvailPageFile size 8M)
current process WorkingSet (physical memory assigned to process): 380M, peak: 382M
current process commit charge ("private bytes"): 436M, peak: 440M

vm_info: OpenJDK 64-Bit Server VM (11.0.12+7-b1504.28-7817840) for windows-amd64 JRE (11.0.12+7-b1504.28-7817840), built on Oct 13 2021 22:12:33 by "builder" with MS VC++ 14.0 (VS2015)

END.
