#
# There is insufficient memory for the Java Runtime Environment to continue.
# Native memory allocation (mmap) failed to map 65536 bytes for Failed to commit area from 0x000001bcd7f60000 to 0x000001bcd7f70000 of length 65536.
# Possible reasons:
#   The system is out of physical RAM or swap space
#   The process is running with CompressedOops enabled, and the Java Heap may be blocking the growth of the native heap
# Possible solutions:
#   Reduce memory load on the system
#   Increase physical memory or swap space
#   Check if swap backing store is full
#   Decrease Java heap size (-Xmx/-Xms)
#   Decrease number of Java threads
#   Decrease Java thread stack sizes (-Xss)
#   Set larger code cache with -XX:ReservedCodeCacheSize=
#   JVM is running with Unscaled Compressed Oops mode in which the Java heap is
#     placed in the first 4GB address space. The Java Heap base address is the
#     maximum limit for the native heap growth. Please use -XX:HeapBaseMinAddress
#     to set the Java Heap base and to place the Java Heap above 4GB virtual address.
# This output file may be truncated or incomplete.
#
#  Out of Memory Error (./src/hotspot/os/windows/os_windows.cpp:3521), pid=6588, tid=8496
#
# JRE version: OpenJDK Runtime Environment (11.0.12+7) (build 11.0.12+7-b1504.28-7817840)
# Java VM: OpenJDK 64-Bit Server VM (11.0.12+7-b1504.28-7817840, mixed mode, tiered, compressed oops, g1 gc, windows-amd64)
# No core dump will be written. Minidumps are not enabled by default on client versions of Windows
#

---------------  S U M M A R Y ------------

Command Line: --add-opens=java.base/java.util=ALL-UNNAMED --add-opens=java.base/java.lang=ALL-UNNAMED --add-opens=java.base/java.lang.invoke=ALL-UNNAMED --add-opens=java.base/java.util=ALL-UNNAMED --add-opens=java.prefs/java.util.prefs=ALL-UNNAMED --add-opens=java.prefs/java.util.prefs=ALL-UNNAMED --add-opens=java.base/java.nio.charset=ALL-UNNAMED --add-opens=java.base/java.net=ALL-UNNAMED --add-opens=java.base/java.util.concurrent.atomic=ALL-UNNAMED -Xmx2048m -Dfile.encoding=UTF-8 -Duser.country=US -Duser.language=en -Duser.variant org.gradle.launcher.daemon.bootstrap.GradleDaemon 7.3.3

Host: Intel(R) Core(TM) i7-6600U CPU @ 2.60GHz, 4 cores, 7G,  Windows 10 , 64 bit Build 22000 (10.0.22000.434)
Time: Thu Aug 18 07:05:04 2022 Egypt Standard Time elapsed time: 14.852245 seconds (0d 0h 0m 14s)

---------------  T H R E A D  ---------------

Current thread (0x000001bcdc19a000):  VMThread "VM Thread" [stack: 0x00000009c2200000,0x00000009c2300000] [id=8496]

Stack: [0x00000009c2200000,0x00000009c2300000]
[error occurred during error reporting (printing stack bounds), id 0xc0000005, EXCEPTION_ACCESS_VIOLATION (0xc0000005) at pc=0x000001bcc594112d]

Native frames: (J=compiled Java code, j=interpreted, Vv=VM code, C=native code)
V  [jvm.dll+0x5fbcea]
V  [jvm.dll+0x731905]
V  [jvm.dll+0x732f1d]
V  [jvm.dll+0x733535]
V  [jvm.dll+0x7334eb]
V  [jvm.dll+0x5fb080]
V  [jvm.dll+0x5fb818]
C  [ntdll.dll+0xa86ef]
C  [ntdll.dll+0x35aea]
C  [ntdll.dll+0xa76fe]
C  0x000001bcc594112d

VM_Operation (0x00000009c80fcbf0): G1CollectForAllocation, mode: safepoint, requested by thread 0x000001bce6dae000


---------------  P R O C E S S  ---------------

Threads class SMR info:
_java_thread_list=0x000001bce6866800, length=90, elements={
0x000001bcc0682800, 0x000001bcdc1a0000, 0x000001bcdc1ab800, 0x000001bcdcb32800,
0x000001bcdc1bf000, 0x000001bcdc1c0000, 0x000001bcdc1c4000, 0x000001bcdc1c9800,
0x000001bcdc1cd000, 0x000001bcdcc63800, 0x000001bcdcf20800, 0x000001bcded45800,
0x000001bcde398000, 0x000001bcdfd44800, 0x000001bcdf397000, 0x000001bcde415800,
0x000001bcdee5d800, 0x000001bcde912800, 0x000001bcde477800, 0x000001bcdf662800,
0x000001bcdf5c9800, 0x000001bcdf5cc000, 0x000001bcdf5cc800, 0x000001bcdf5c8800,
0x000001bcdf5ca000, 0x000001bcdf5cf000, 0x000001bcdf5cb000, 0x000001bcdf5cd800,
0x000001bcdf5ce000, 0x000001bcdedcb000, 0x000001bcdedcf000, 0x000001bcdedca000,
0x000001bcdedcd800, 0x000001bcdedcc000, 0x000001bcdedd0800, 0x000001bcdedd1800,
0x000001bcdedd2800, 0x000001bcdedcc800, 0x000001bcdedd9000, 0x000001bcdedd3000,
0x000001bcdedd4000, 0x000001bcdedd4800, 0x000001bcdedd6800, 0x000001bcdedd5800,
0x000001bcdedd7000, 0x000001bcdedd8000, 0x000001bce2cd4800, 0x000001bce2cd3800,
0x000001bce2cd5800, 0x000001bce2ccf800, 0x000001bce2cd0800, 0x000001bce2cd3000,
0x000001bce2cd6000, 0x000001bce2cd7000, 0x000001bce2cd1800, 0x000001bce2cd8000,
0x000001bce2cd2000, 0x000001bce2cdb000, 0x000001bce2cdd800, 0x000001bce2cd8800,
0x000001bce2cdc000, 0x000001bce2cde800, 0x000001bce2cd9800, 0x000001bce2cda800,
0x000001bce2cdc800, 0x000001bcde4ad000, 0x000001bcde4aa800, 0x000001bcde4ae000,
0x000001bcde4ab800, 0x000001bcde4ac800, 0x000001bcde4b3000, 0x000001bcde4b3800,
0x000001bcde4b4800, 0x000001bcde4ae800, 0x000001bcde4b2000, 0x000001bcde4b5000,
0x000001bcde4af800, 0x000001bcde4b6000, 0x000001bcde4b0800, 0x000001bcde4b1000,
0x000001bcde4b8800, 0x000001bcde4b9800, 0x000001bcde4b7800, 0x000001bce6daf800,
0x000001bce6dae800, 0x000001bce6db0800, 0x000001bce6db2000, 0x000001bce6db1000,
0x000001bce6dae000, 0x000001bce6dad000
}

Java Threads: ( => current thread )
  0x000001bcc0682800 JavaThread "main" [_thread_blocked, id=7872, stack(0x00000009c1c00000,0x00000009c1d00000)]
  0x000001bcdc1a0000 JavaThread "Reference Handler" daemon [_thread_blocked, id=3776, stack(0x00000009c2300000,0x00000009c2400000)]
  0x000001bcdc1ab800 JavaThread "Finalizer" daemon [_thread_blocked, id=2736, stack(0x00000009c2400000,0x00000009c2500000)]
  0x000001bcdcb32800 JavaThread "Signal Dispatcher" daemon [_thread_blocked, id=9208, stack(0x00000009c2500000,0x00000009c2600000)]
  0x000001bcdc1bf000 JavaThread "Attach Listener" daemon [_thread_blocked, id=9556, stack(0x00000009c2600000,0x00000009c2700000)]
  0x000001bcdc1c0000 JavaThread "Service Thread" daemon [_thread_blocked, id=9796, stack(0x00000009c2700000,0x00000009c2800000)]
  0x000001bcdc1c4000 JavaThread "C2 CompilerThread0" daemon [_thread_in_native, id=8312, stack(0x00000009c2800000,0x00000009c2900000)]
  0x000001bcdc1c9800 JavaThread "C1 CompilerThread0" daemon [_thread_blocked, id=1828, stack(0x00000009c2900000,0x00000009c2a00000)]
  0x000001bcdc1cd000 JavaThread "Sweeper thread" daemon [_thread_blocked, id=4776, stack(0x00000009c2a00000,0x00000009c2b00000)]
  0x000001bcdcc63800 JavaThread "Common-Cleaner" daemon [_thread_blocked, id=5896, stack(0x00000009c2b00000,0x00000009c2c00000)]
  0x000001bcdcf20800 JavaThread "C2 CompilerThread1" daemon [_thread_blocked, id=4868, stack(0x00000009c2d00000,0x00000009c2e00000)]
  0x000001bcded45800 JavaThread "Daemon health stats" [_thread_blocked, id=7540, stack(0x00000009c3000000,0x00000009c3100000)]
  0x000001bcde398000 JavaThread "Incoming local TCP Connector on port 50709" [_thread_in_native, id=3132, stack(0x00000009c3100000,0x00000009c3200000)]
  0x000001bcdfd44800 JavaThread "Daemon periodic checks" [_thread_blocked, id=7500, stack(0x00000009c3200000,0x00000009c3300000)]
  0x000001bcdf397000 JavaThread "Daemon" [_thread_blocked, id=9232, stack(0x00000009c3300000,0x00000009c3400000)]
  0x000001bcde415800 JavaThread "Handler for socket connection from /127.0.0.1:50709 to /127.0.0.1:50710" [_thread_in_native, id=2892, stack(0x00000009c3400000,0x00000009c3500000)]
  0x000001bcdee5d800 JavaThread "Cancel handler" [_thread_blocked, id=9480, stack(0x00000009c3500000,0x00000009c3600000)]
  0x000001bcde912800 JavaThread "Daemon worker" [_thread_blocked, id=6188, stack(0x00000009c3600000,0x00000009c3700000)]
  0x000001bcde477800 JavaThread "Asynchronous log dispatcher for DefaultDaemonConnection: socket connection from /127.0.0.1:50709 to /127.0.0.1:50710" [_thread_blocked, id=7244, stack(0x00000009c3700000,0x00000009c3800000)]
  0x000001bcdf662800 JavaThread "Stdin handler" [_thread_blocked, id=8000, stack(0x00000009c3800000,0x00000009c3900000)]
  0x000001bcdf5c9800 JavaThread "Daemon client event forwarder" [_thread_blocked, id=2012, stack(0x00000009c3900000,0x00000009c3a00000)]
  0x000001bcdf5cc000 JavaThread "Cache worker for journal cache (C:\Users\Admin\.gradle\caches\journal-1)" [_thread_blocked, id=8776, stack(0x00000009c3b00000,0x00000009c3c00000)]
  0x000001bcdf5cc800 JavaThread "File lock request listener" [_thread_in_native, id=260, stack(0x00000009c3c00000,0x00000009c3d00000)]
  0x000001bcdf5c8800 JavaThread "Cache worker for file hash cache (C:\Users\Admin\.gradle\caches\7.3.3\fileHashes)" [_thread_blocked, id=7792, stack(0x00000009c3d00000,0x00000009c3e00000)]
  0x000001bcdf5ca000 JavaThread "Cache worker for file hash cache (C:\Users\Admin\Desktop\jana\cw77\.gradle\7.3.3\fileHashes)" [_thread_blocked, id=4896, stack(0x00000009c3e00000,0x00000009c3f00000)]
  0x000001bcdf5cf000 JavaThread "File watcher server" daemon [_thread_blocked, id=1848, stack(0x00000009c3f00000,0x00000009c4000000)]
  0x000001bcdf5cb000 JavaThread "File watcher consumer" daemon [_thread_blocked, id=6980, stack(0x00000009c4000000,0x00000009c4100000)]
  0x000001bcdf5cd800 JavaThread "Cache worker for checksums cache (C:\Users\Admin\Desktop\jana\cw77\.gradle\7.3.3\checksums)" [_thread_blocked, id=1816, stack(0x00000009c4100000,0x00000009c4200000)]
  0x000001bcdf5ce000 JavaThread "Cache worker for cache directory md-supplier (C:\Users\Admin\.gradle\caches\7.3.3\md-supplier)" [_thread_blocked, id=3960, stack(0x00000009c4200000,0x00000009c4300000)]
  0x000001bcdedcb000 JavaThread "Cache worker for cache directory md-rule (C:\Users\Admin\.gradle\caches\7.3.3\md-rule)" [_thread_blocked, id=1796, stack(0x00000009c4300000,0x00000009c4400000)]
  0x000001bcdedcf000 JavaThread "Cache worker for execution history cache (C:\Users\Admin\.gradle\caches\7.3.3\executionHistory)" [_thread_blocked, id=8052, stack(0x00000009c4400000,0x00000009c4500000)]
  0x000001bcdedca000 JavaThread "jar transforms" [_thread_blocked, id=6292, stack(0x00000009c4500000,0x00000009c4600000)]
  0x000001bcdedcd800 JavaThread "Cache worker for file content cache (C:\Users\Admin\.gradle\caches\7.3.3\fileContent)" [_thread_blocked, id=9476, stack(0x00000009c4600000,0x00000009c4700000)]
  0x000001bcdedcc000 JavaThread "jar transforms Thread 2" [_thread_blocked, id=6812, stack(0x00000009c4700000,0x00000009c4800000)]
  0x000001bcdedd0800 JavaThread "Cache worker for dependencies-accessors (C:\Users\Admin\Desktop\jana\cw77\.gradle\7.3.3\dependencies-accessors)" [_thread_blocked, id=4820, stack(0x00000009c4800000,0x00000009c4900000)]
  0x000001bcdedd1800 JavaThread "jar transforms Thread 3" [_thread_blocked, id=7236, stack(0x00000009c4900000,0x00000009c4a00000)]
  0x000001bcdedd2800 JavaThread "Cache worker for Build Output Cleanup Cache (C:\Users\Admin\Desktop\jana\cw77\.gradle\buildOutputCleanup)" [_thread_blocked, id=2172, stack(0x00000009c4a00000,0x00000009c4b00000)]
  0x000001bcdedcc800 JavaThread "Unconstrained build operations" [_thread_blocked, id=9032, stack(0x00000009c4b00000,0x00000009c4c00000)]
  0x000001bcdedd9000 JavaThread "Unconstrained build operations Thread 2" [_thread_blocked, id=10076, stack(0x00000009c4c00000,0x00000009c4d00000)]
  0x000001bcdedd3000 JavaThread "Unconstrained build operations Thread 3" [_thread_blocked, id=3184, stack(0x00000009c4d00000,0x00000009c4e00000)]
  0x000001bcdedd4000 JavaThread "Unconstrained build operations Thread 4" [_thread_blocked, id=5216, stack(0x00000009c4e00000,0x00000009c4f00000)]
  0x000001bcdedd4800 JavaThread "Unconstrained build operations Thread 5" [_thread_blocked, id=1404, stack(0x00000009c4f00000,0x00000009c5000000)]
  0x000001bcdedd6800 JavaThread "Unconstrained build operations Thread 6" [_thread_blocked, id=8500, stack(0x00000009c5000000,0x00000009c5100000)]
  0x000001bcdedd5800 JavaThread "Unconstrained build operations Thread 7" [_thread_blocked, id=2628, stack(0x00000009c5100000,0x00000009c5200000)]
  0x000001bcdedd7000 JavaThread "Unconstrained build operations Thread 8" [_thread_blocked, id=7988, stack(0x00000009c5200000,0x00000009c5300000)]
  0x000001bcdedd8000 JavaThread "Unconstrained build operations Thread 9" [_thread_blocked, id=5008, stack(0x00000009c5300000,0x00000009c5400000)]
  0x000001bce2cd4800 JavaThread "Unconstrained build operations Thread 10" [_thread_blocked, id=1924, stack(0x00000009c5400000,0x00000009c5500000)]
  0x000001bce2cd3800 JavaThread "Unconstrained build operations Thread 11" [_thread_blocked, id=9680, stack(0x00000009c5500000,0x00000009c5600000)]
  0x000001bce2cd5800 JavaThread "Unconstrained build operations Thread 12" [_thread_blocked, id=7104, stack(0x00000009c5600000,0x00000009c5700000)]
  0x000001bce2ccf800 JavaThread "Unconstrained build operations Thread 13" [_thread_blocked, id=1456, stack(0x00000009c5700000,0x00000009c5800000)]
  0x000001bce2cd0800 JavaThread "Unconstrained build operations Thread 14" [_thread_blocked, id=1892, stack(0x00000009c5800000,0x00000009c5900000)]
  0x000001bce2cd3000 JavaThread "Unconstrained build operations Thread 15" [_thread_blocked, id=8952, stack(0x00000009c5900000,0x00000009c5a00000)]
  0x000001bce2cd6000 JavaThread "Unconstrained build operations Thread 16" [_thread_blocked, id=3056, stack(0x00000009c5a00000,0x00000009c5b00000)]
  0x000001bce2cd7000 JavaThread "Unconstrained build operations Thread 17" [_thread_blocked, id=2284, stack(0x00000009c5b00000,0x00000009c5c00000)]
  0x000001bce2cd1800 JavaThread "Unconstrained build operations Thread 18" [_thread_blocked, id=10232, stack(0x00000009c5c00000,0x00000009c5d00000)]
  0x000001bce2cd8000 JavaThread "Unconstrained build operations Thread 19" [_thread_blocked, id=3272, stack(0x00000009c5d00000,0x00000009c5e00000)]
  0x000001bce2cd2000 JavaThread "Unconstrained build operations Thread 20" [_thread_blocked, id=2356, stack(0x00000009c5e00000,0x00000009c5f00000)]
  0x000001bce2cdb000 JavaThread "Unconstrained build operations Thread 21" [_thread_blocked, id=1188, stack(0x00000009c5f00000,0x00000009c6000000)]
  0x000001bce2cdd800 JavaThread "Unconstrained build operations Thread 22" [_thread_blocked, id=9228, stack(0x00000009c6000000,0x00000009c6100000)]
  0x000001bce2cd8800 JavaThread "Unconstrained build operations Thread 23" [_thread_blocked, id=7136, stack(0x00000009c6100000,0x00000009c6200000)]
  0x000001bce2cdc000 JavaThread "Unconstrained build operations Thread 24" [_thread_blocked, id=6512, stack(0x00000009c6200000,0x00000009c6300000)]
  0x000001bce2cde800 JavaThread "Unconstrained build operations Thread 25" [_thread_blocked, id=1388, stack(0x00000009c6300000,0x00000009c6400000)]
  0x000001bce2cd9800 JavaThread "Unconstrained build operations Thread 26" [_thread_blocked, id=2912, stack(0x00000009c6400000,0x00000009c6500000)]
  0x000001bce2cda800 JavaThread "Unconstrained build operations Thread 27" [_thread_blocked, id=1608, stack(0x00000009c6500000,0x00000009c6600000)]
  0x000001bce2cdc800 JavaThread "Unconstrained build operations Thread 28" [_thread_blocked, id=1028, stack(0x00000009c6600000,0x00000009c6700000)]
  0x000001bcde4ad000 JavaThread "Unconstrained build operations Thread 29" [_thread_blocked, id=7344, stack(0x00000009c6700000,0x00000009c6800000)]
  0x000001bcde4aa800 JavaThread "Unconstrained build operations Thread 30" [_thread_blocked, id=6612, stack(0x00000009c6800000,0x00000009c6900000)]
  0x000001bcde4ae000 JavaThread "Unconstrained build operations Thread 31" [_thread_blocked, id=3536, stack(0x00000009c6900000,0x00000009c6a00000)]
  0x000001bcde4ab800 JavaThread "Unconstrained build operations Thread 32" [_thread_blocked, id=4188, stack(0x00000009c6a00000,0x00000009c6b00000)]
  0x000001bcde4ac800 JavaThread "Unconstrained build operations Thread 33" [_thread_blocked, id=2184, stack(0x00000009c6b00000,0x00000009c6c00000)]
  0x000001bcde4b3000 JavaThread "Unconstrained build operations Thread 34" [_thread_blocked, id=8320, stack(0x00000009c6c00000,0x00000009c6d00000)]
  0x000001bcde4b3800 JavaThread "Unconstrained build operations Thread 35" [_thread_blocked, id=8932, stack(0x00000009c6d00000,0x00000009c6e00000)]
  0x000001bcde4b4800 JavaThread "Unconstrained build operations Thread 36" [_thread_blocked, id=9296, stack(0x00000009c6e00000,0x00000009c6f00000)]
  0x000001bcde4ae800 JavaThread "Unconstrained build operations Thread 37" [_thread_blocked, id=8280, stack(0x00000009c6f00000,0x00000009c7000000)]
  0x000001bcde4b2000 JavaThread "Unconstrained build operations Thread 38" [_thread_blocked, id=9820, stack(0x00000009c7000000,0x00000009c7100000)]
  0x000001bcde4b5000 JavaThread "Unconstrained build operations Thread 39" [_thread_blocked, id=2152, stack(0x00000009c7100000,0x00000009c7200000)]
  0x000001bcde4af800 JavaThread "Unconstrained build operations Thread 40" [_thread_blocked, id=8008, stack(0x00000009c7200000,0x00000009c7300000)]
  0x000001bcde4b6000 JavaThread "jar transforms Thread 4" [_thread_blocked, id=3780, stack(0x00000009c7300000,0x00000009c7400000)]
  0x000001bcde4b0800 JavaThread "Memory manager" [_thread_blocked, id=9124, stack(0x00000009c7400000,0x00000009c7500000)]
  0x000001bcde4b1000 JavaThread "build event listener" [_thread_blocked, id=2536, stack(0x00000009c7500000,0x00000009c7600000)]
  0x000001bcde4b8800 JavaThread "pool-3-thread-1" [_thread_blocked, id=5032, stack(0x00000009c7600000,0x00000009c7700000)]
  0x000001bcde4b9800 JavaThread "build event listener" [_thread_blocked, id=8908, stack(0x00000009c7700000,0x00000009c7800000)]
  0x000001bcde4b7800 JavaThread "Execution worker for ':'" [_thread_blocked, id=1948, stack(0x00000009c7800000,0x00000009c7900000)]
  0x000001bce6daf800 JavaThread "Execution worker for ':' Thread 2" [_thread_blocked, id=8904, stack(0x00000009c7900000,0x00000009c7a00000)]
  0x000001bce6dae800 JavaThread "Execution worker for ':' Thread 3" [_thread_blocked, id=3576, stack(0x00000009c7a00000,0x00000009c7b00000)]
  0x000001bce6db0800 JavaThread "Cache worker for execution history cache (C:\Users\Admin\Desktop\jana\cw77\.gradle\7.3.3\executionHistory)" [_thread_blocked, id=3640, stack(0x00000009c7b00000,0x00000009c7c00000)]
  0x000001bce6db2000 JavaThread "WorkerExecutor Queue" [_thread_blocked, id=3696, stack(0x00000009c7e00000,0x00000009c7f00000)]
  0x000001bce6db1000 JavaThread "WorkerExecutor Queue Thread 2" [_thread_blocked, id=8308, stack(0x00000009c7f00000,0x00000009c8000000)]
  0x000001bce6dae000 JavaThread "WorkerExecutor Queue Thread 3" [_thread_blocked, id=5200, stack(0x00000009c8000000,0x00000009c8100000)]
  0x000001bce6dad000 JavaThread "WorkerExecutor Queue Thread 4" [_thread_blocked, id=9440, stack(0x00000009c8100000,0x00000009c8200000)]

Other Threads:
=>0x000001bcdc19a000 VMThread "VM Thread" [stack: 0x00000009c2200000,0x00000009c2300000] [id=8496]
  0x000001bcdcc98800 WatcherThread [stack: 0x00000009c2c00000,0x00000009c2d00000] [id=1396]
  0x000001bcc0696800 GCTaskThread "GC Thread#0" [stack: 0x00000009c1d00000,0x00000009c1e00000] [id=2440]
  0x000001bcdd394000 GCTaskThread "GC Thread#1" [stack: 0x00000009c2e00000,0x00000009c2f00000] [id=10108]
  0x000001bcdd575000 GCTaskThread "GC Thread#2" [stack: 0x00000009c2f00000,0x00000009c3000000] [id=9500]
  0x000001bcdf440000 GCTaskThread "GC Thread#3" [stack: 0x00000009c3a00000,0x00000009c3b00000] [id=4976]
  0x000001bcc06c8800 ConcurrentGCThread "G1 Main Marker" [stack: 0x00000009c1e00000,0x00000009c1f00000] [id=8752]
  0x000001bcc06ca000 ConcurrentGCThread "G1 Conc#0" [stack: 0x00000009c1f00000,0x00000009c2000000] [id=2728]
  0x000001bcc075a800 ConcurrentGCThread "G1 Refine#0" [stack: 0x00000009c2000000,0x00000009c2100000] [id=9392]
  0x000001bcdcbdf800 ConcurrentGCThread "G1 Refine#1" [stack: 0x00000009c7c00000,0x00000009c7d00000] [id=5800]
  0x000001bce4a34000 ConcurrentGCThread "G1 Refine#2" [stack: 0x00000009c7d00000,0x00000009c7e00000] [id=3876]
  0x000001bcc075b800 ConcurrentGCThread "G1 Young RemSet Sampling" [stack: 0x00000009c2100000,0x00000009c2200000] [id=5004]

Threads with active compile tasks:
C2 CompilerThread0  14864 11077       4       com.android.aaptcompiler.ResourceUtilsKt::parseXmlAttributeName (310 bytes)
C2 CompilerThread1  14864 11154       4       com.android.aaptcompiler.ResourceUtilsKt::extractResourceName (330 bytes)

VM state:at safepoint (normal execution)

VM Mutex/Monitor currently owned by a thread:  ([mutex/lock_event])
[0x000001bcc067fd80] Threads_lock - owner thread: 0x000001bcdc19a000
[0x000001bcc067e430] Heap_lock - owner thread: 0x000001bce6dae000

Heap address: 0x0000000080000000, size: 2048 MB, Compressed Oops mode: 32-bit
Narrow klass base: 0x0000000000000000, Narrow klass shift: 3
Compressed class space size: 1073741824 Address: 0x0000000100000000

Heap:
 garbage-first heap   total 273408K, used 112640K [0x0000000080000000, 0x0000000100000000)
  region size 1024K, 8 young (8192K), 8 survivors (8192K)
 Metaspace       used 91231K, capacity 93329K, committed 93560K, reserved 1130496K
  class space    used 11512K, capacity 12340K, committed 12408K, reserved 1048576K
Heap Regions: E=young(eden), S=young(survivor), O=old, HS=humongous(starts), HC=humongous(continues), CS=collection set, F=free, A=archive, TAMS=top-at-mark-start (previous, next)
|   0|0x0000000080000000, 0x0000000080100000, 0x0000000080100000|100%| O|  |TAMS 0x0000000080100000, 0x0000000080000000| Untracked 
|   1|0x0000000080100000, 0x0000000080200000, 0x0000000080200000|100%| O|  |TAMS 0x0000000080200000, 0x0000000080100000| Untracked 
|   2|0x0000000080200000, 0x0000000080300000, 0x0000000080300000|100%| O|  |TAMS 0x0000000080300000, 0x0000000080200000| Untracked 
|   3|0x0000000080300000, 0x0000000080400000, 0x0000000080400000|100%|HS|  |TAMS 0x0000000080400000, 0x0000000080300000| Complete 
|   4|0x0000000080400000, 0x0000000080500000, 0x0000000080500000|100%|HC|  |TAMS 0x0000000080500000, 0x0000000080400000| Complete 
|   5|0x0000000080500000, 0x0000000080600000, 0x0000000080600000|100%|HC|  |TAMS 0x0000000080600000, 0x0000000080500000| Complete 
|   6|0x0000000080600000, 0x0000000080700000, 0x0000000080700000|100%| O|  |TAMS 0x0000000080700000, 0x0000000080600000| Untracked 
|   7|0x0000000080700000, 0x0000000080800000, 0x0000000080800000|100%| O|  |TAMS 0x0000000080800000, 0x0000000080700000| Untracked 
|   8|0x0000000080800000, 0x0000000080900000, 0x0000000080900000|100%| O|  |TAMS 0x0000000080900000, 0x0000000080800000| Untracked 
|   9|0x0000000080900000, 0x0000000080a00000, 0x0000000080a00000|100%| O|  |TAMS 0x0000000080a00000, 0x0000000080900000| Untracked 
|  10|0x0000000080a00000, 0x0000000080b00000, 0x0000000080b00000|100%| O|  |TAMS 0x0000000080b00000, 0x0000000080a00000| Untracked 
|  11|0x0000000080b00000, 0x0000000080c00000, 0x0000000080c00000|100%| O|  |TAMS 0x0000000080c00000, 0x0000000080b00000| Untracked 
|  12|0x0000000080c00000, 0x0000000080d00000, 0x0000000080d00000|100%| O|  |TAMS 0x0000000080d00000, 0x0000000080c00000| Untracked 
|  13|0x0000000080d00000, 0x0000000080e00000, 0x0000000080e00000|100%| O|  |TAMS 0x0000000080e00000, 0x0000000080d00000| Untracked 
|  14|0x0000000080e00000, 0x0000000080f00000, 0x0000000080f00000|100%| O|  |TAMS 0x0000000080f00000, 0x0000000080e00000| Untracked 
|  15|0x0000000080f00000, 0x0000000081000000, 0x0000000081000000|100%| O|  |TAMS 0x0000000081000000, 0x0000000080f00000| Complete 
|  16|0x0000000081000000, 0x0000000081100000, 0x0000000081100000|100%|HS|  |TAMS 0x0000000081100000, 0x0000000081000000| Complete 
|  17|0x0000000081100000, 0x0000000081200000, 0x0000000081200000|100%| O|  |TAMS 0x0000000081200000, 0x0000000081100000| Untracked 
|  18|0x0000000081200000, 0x0000000081300000, 0x0000000081300000|100%| O|  |TAMS 0x0000000081300000, 0x0000000081200000| Untracked 
|  19|0x0000000081300000, 0x0000000081400000, 0x0000000081400000|100%| O|  |TAMS 0x0000000081400000, 0x0000000081300000| Untracked 
|  20|0x0000000081400000, 0x0000000081500000, 0x0000000081500000|100%| O|  |TAMS 0x0000000081500000, 0x0000000081400000| Untracked 
|  21|0x0000000081500000, 0x0000000081600000, 0x0000000081600000|100%| O|  |TAMS 0x0000000081600000, 0x0000000081500000| Untracked 
|  22|0x0000000081600000, 0x0000000081700000, 0x0000000081700000|100%| O|  |TAMS 0x0000000081700000, 0x0000000081600000| Untracked 
|  23|0x0000000081700000, 0x0000000081800000, 0x0000000081800000|100%| O|  |TAMS 0x0000000081800000, 0x0000000081700000| Complete 
|  24|0x0000000081800000, 0x0000000081900000, 0x0000000081900000|100%|HS|  |TAMS 0x0000000081900000, 0x0000000081800000| Complete 
|  25|0x0000000081900000, 0x0000000081a00000, 0x0000000081a00000|100%|HS|  |TAMS 0x0000000081a00000, 0x0000000081900000| Complete 
|  26|0x0000000081a00000, 0x0000000081b00000, 0x0000000081b00000|100%|HC|  |TAMS 0x0000000081b00000, 0x0000000081a00000| Complete 
|  27|0x0000000081b00000, 0x0000000081c00000, 0x0000000081c00000|100%| O|  |TAMS 0x0000000081c00000, 0x0000000081b00000| Untracked 
|  28|0x0000000081c00000, 0x0000000081d00000, 0x0000000081d00000|100%| O|  |TAMS 0x0000000081d00000, 0x0000000081c00000| Complete 
|  29|0x0000000081d00000, 0x0000000081e00000, 0x0000000081e00000|100%| O|  |TAMS 0x0000000081e00000, 0x0000000081d00000| Untracked 
|  30|0x0000000081e00000, 0x0000000081f00000, 0x0000000081f00000|100%| O|  |TAMS 0x0000000081f00000, 0x0000000081e00000| Untracked 
|  31|0x0000000081f00000, 0x0000000082000000, 0x0000000082000000|100%| O|  |TAMS 0x0000000082000000, 0x0000000081f00000| Untracked 
|  32|0x0000000082000000, 0x0000000082100000, 0x0000000082100000|100%| O|  |TAMS 0x0000000082100000, 0x0000000082000000| Untracked 
|  33|0x0000000082100000, 0x0000000082200000, 0x0000000082200000|100%| O|  |TAMS 0x0000000082200000, 0x0000000082100000| Untracked 
|  34|0x0000000082200000, 0x0000000082300000, 0x0000000082300000|100%| O|  |TAMS 0x0000000082300000, 0x0000000082200000| Untracked 
|  35|0x0000000082300000, 0x0000000082400000, 0x0000000082400000|100%| O|  |TAMS 0x0000000082400000, 0x0000000082300000| Untracked 
|  36|0x0000000082400000, 0x0000000082500000, 0x0000000082500000|100%| O|  |TAMS 0x0000000082500000, 0x0000000082400000| Untracked 
|  37|0x0000000082500000, 0x0000000082600000, 0x0000000082600000|100%| O|  |TAMS 0x0000000082600000, 0x0000000082500000| Untracked 
|  38|0x0000000082600000, 0x0000000082700000, 0x0000000082700000|100%| O|  |TAMS 0x0000000082700000, 0x0000000082600000| Untracked 
|  39|0x0000000082700000, 0x0000000082800000, 0x0000000082800000|100%| O|  |TAMS 0x0000000082800000, 0x0000000082700000| Untracked 
|  40|0x0000000082800000, 0x0000000082900000, 0x0000000082900000|100%| O|  |TAMS 0x0000000082900000, 0x0000000082800000| Untracked 
|  41|0x0000000082900000, 0x0000000082a00000, 0x0000000082a00000|100%| O|  |TAMS 0x0000000082a00000, 0x0000000082900000| Complete 
|  42|0x0000000082a00000, 0x0000000082b00000, 0x0000000082b00000|100%| O|  |TAMS 0x0000000082b00000, 0x0000000082a00000| Untracked 
|  43|0x0000000082b00000, 0x0000000082c00000, 0x0000000082c00000|100%| O|  |TAMS 0x0000000082c00000, 0x0000000082b00000| Untracked 
|  44|0x0000000082c00000, 0x0000000082d00000, 0x0000000082d00000|100%| O|  |TAMS 0x0000000082d00000, 0x0000000082c00000| Untracked 
|  45|0x0000000082d00000, 0x0000000082e00000, 0x0000000082e00000|100%| O|  |TAMS 0x0000000082e00000, 0x0000000082d00000| Untracked 
|  46|0x0000000082e00000, 0x0000000082f00000, 0x0000000082f00000|100%| O|  |TAMS 0x0000000082f00000, 0x0000000082e00000| Untracked 
|  47|0x0000000082f00000, 0x0000000083000000, 0x0000000083000000|100%| O|  |TAMS 0x0000000083000000, 0x0000000082f00000| Untracked 
|  48|0x0000000083000000, 0x0000000083100000, 0x0000000083100000|100%| O|  |TAMS 0x0000000083100000, 0x0000000083000000| Untracked 
|  49|0x0000000083100000, 0x0000000083200000, 0x0000000083200000|100%| O|  |TAMS 0x0000000083200000, 0x0000000083100000| Untracked 
|  50|0x0000000083200000, 0x0000000083300000, 0x0000000083300000|100%| O|  |TAMS 0x0000000083300000, 0x0000000083200000| Untracked 
|  51|0x0000000083300000, 0x0000000083400000, 0x0000000083400000|100%| O|  |TAMS 0x0000000083400000, 0x0000000083300000| Untracked 
|  52|0x0000000083400000, 0x0000000083500000, 0x0000000083500000|100%| O|  |TAMS 0x0000000083500000, 0x0000000083400000| Complete 
|  53|0x0000000083500000, 0x0000000083600000, 0x0000000083600000|100%| O|  |TAMS 0x0000000083600000, 0x0000000083500000| Untracked 
|  54|0x0000000083600000, 0x0000000083700000, 0x0000000083700000|100%| O|  |TAMS 0x0000000083600000, 0x0000000083600000| Untracked 
|  55|0x0000000083700000, 0x0000000083800000, 0x0000000083800000|100%| O|  |TAMS 0x0000000083800000, 0x0000000083700000| Untracked 
|  56|0x0000000083800000, 0x0000000083900000, 0x0000000083900000|100%|HS|  |TAMS 0x0000000083900000, 0x0000000083800000| Complete 
|  57|0x0000000083900000, 0x0000000083a00000, 0x0000000083a00000|100%| O|  |TAMS 0x0000000083900000, 0x0000000083900000| Untracked 
|  58|0x0000000083a00000, 0x0000000083b00000, 0x0000000083b00000|100%| O|  |TAMS 0x0000000083a00000, 0x0000000083a00000| Untracked 
|  59|0x0000000083b00000, 0x0000000083c00000, 0x0000000083c00000|100%| O|  |TAMS 0x0000000083b00000, 0x0000000083b00000| Untracked 
|  60|0x0000000083c00000, 0x0000000083d00000, 0x0000000083d00000|100%| O|  |TAMS 0x0000000083c00000, 0x0000000083c00000| Untracked 
|  61|0x0000000083d00000, 0x0000000083e00000, 0x0000000083e00000|100%| O|  |TAMS 0x0000000083d00000, 0x0000000083d00000| Untracked 
|  62|0x0000000083e00000, 0x0000000083f00000, 0x0000000083f00000|100%| O|  |TAMS 0x0000000083e00000, 0x0000000083e00000| Untracked 
|  63|0x0000000083f00000, 0x0000000084000000, 0x0000000084000000|100%| O|  |TAMS 0x0000000083f00000, 0x0000000083f00000| Untracked 
|  64|0x0000000084000000, 0x0000000084000000, 0x0000000084100000|  0%| F|  |TAMS 0x0000000084000000, 0x0000000084000000| Untracked 
|  65|0x0000000084100000, 0x0000000084200000, 0x0000000084200000|100%| O|  |TAMS 0x0000000084200000, 0x0000000084100000| Untracked 
|  66|0x0000000084200000, 0x0000000084300000, 0x0000000084300000|100%| O|  |TAMS 0x0000000084300000, 0x0000000084200000| Untracked 
|  67|0x0000000084300000, 0x0000000084400000, 0x0000000084400000|100%| O|  |TAMS 0x0000000084400000, 0x0000000084300000| Untracked 
|  68|0x0000000084400000, 0x0000000084500000, 0x0000000084500000|100%| O|  |TAMS 0x0000000084500000, 0x0000000084400000| Untracked 
|  69|0x0000000084500000, 0x0000000084600000, 0x0000000084600000|100%| O|  |TAMS 0x0000000084600000, 0x0000000084500000| Untracked 
|  70|0x0000000084600000, 0x0000000084700000, 0x0000000084700000|100%| O|  |TAMS 0x0000000084700000, 0x0000000084600000| Untracked 
|  71|0x0000000084700000, 0x0000000084800000, 0x0000000084800000|100%| O|  |TAMS 0x0000000084800000, 0x0000000084700000| Untracked 
|  72|0x0000000084800000, 0x0000000084900000, 0x0000000084900000|100%| O|  |TAMS 0x0000000084900000, 0x0000000084800000| Untracked 
|  73|0x0000000084900000, 0x0000000084a00000, 0x0000000084a00000|100%| O|  |TAMS 0x0000000084a00000, 0x0000000084900000| Untracked 
|  74|0x0000000084a00000, 0x0000000084b00000, 0x0000000084b00000|100%| O|  |TAMS 0x0000000084b00000, 0x0000000084a00000| Complete 
|  75|0x0000000084b00000, 0x0000000084c00000, 0x0000000084c00000|100%| O|  |TAMS 0x0000000084c00000, 0x0000000084b00000| Untracked 
|  76|0x0000000084c00000, 0x0000000084d00000, 0x0000000084d00000|100%| O|  |TAMS 0x0000000084d00000, 0x0000000084c00000| Untracked 
|  77|0x0000000084d00000, 0x0000000084e00000, 0x0000000084e00000|100%| O|  |TAMS 0x0000000084e00000, 0x0000000084d00000| Complete 
|  78|0x0000000084e00000, 0x0000000084f00000, 0x0000000084f00000|100%| O|  |TAMS 0x0000000084f00000, 0x0000000084e00000| Complete 
|  79|0x0000000084f00000, 0x0000000085000000, 0x0000000085000000|100%| O|  |TAMS 0x0000000085000000, 0x0000000084f00000| Complete 
|  80|0x0000000085000000, 0x0000000085100000, 0x0000000085100000|100%| O|  |TAMS 0x0000000085100000, 0x0000000085000000| Complete 
|  81|0x0000000085100000, 0x0000000085200000, 0x0000000085200000|100%| O|  |TAMS 0x0000000085200000, 0x0000000085100000| Complete 
|  82|0x0000000085200000, 0x0000000085300000, 0x0000000085300000|100%| O|  |TAMS 0x0000000085300000, 0x0000000085200000| Complete 
|  83|0x0000000085300000, 0x0000000085400000, 0x0000000085400000|100%| O|  |TAMS 0x0000000085400000, 0x0000000085300000| Complete 
|  84|0x0000000085400000, 0x0000000085500000, 0x0000000085500000|100%| O|  |TAMS 0x0000000085500000, 0x0000000085400000| Complete 
|  85|0x0000000085500000, 0x0000000085600000, 0x0000000085600000|100%| O|  |TAMS 0x0000000085600000, 0x0000000085500000| Untracked 
|  86|0x0000000085600000, 0x0000000085700000, 0x0000000085700000|100%| O|  |TAMS 0x0000000085700000, 0x0000000085600000| Untracked 
|  87|0x0000000085700000, 0x0000000085800000, 0x0000000085800000|100%| O|  |TAMS 0x0000000085800000, 0x0000000085700000| Complete 
|  88|0x0000000085800000, 0x0000000085800000, 0x0000000085900000|  0%| F|  |TAMS 0x0000000085800000, 0x0000000085800000| Untracked 
|  89|0x0000000085900000, 0x0000000085900000, 0x0000000085a00000|  0%| F|  |TAMS 0x0000000085900000, 0x0000000085900000| Untracked 
|  90|0x0000000085a00000, 0x0000000085a00000, 0x0000000085b00000|  0%| F|  |TAMS 0x0000000085a00000, 0x0000000085a00000| Untracked 
|  91|0x0000000085b00000, 0x0000000085c00000, 0x0000000085c00000|100%| O|  |TAMS 0x0000000085c00000, 0x0000000085b00000| Untracked 
|  92|0x0000000085c00000, 0x0000000085c00000, 0x0000000085d00000|  0%| F|  |TAMS 0x0000000085c00000, 0x0000000085c00000| Untracked 
|  93|0x0000000085d00000, 0x0000000085d00000, 0x0000000085e00000|  0%| F|  |TAMS 0x0000000085d00000, 0x0000000085d00000| Untracked 
|  94|0x0000000085e00000, 0x0000000085e00000, 0x0000000085f00000|  0%| F|  |TAMS 0x0000000085e00000, 0x0000000085e00000| Untracked 
|  95|0x0000000085f00000, 0x0000000085f00000, 0x0000000086000000|  0%| F|  |TAMS 0x0000000085f00000, 0x0000000085f00000| Untracked 
|  96|0x0000000086000000, 0x0000000086000000, 0x0000000086100000|  0%| F|  |TAMS 0x0000000086000000, 0x0000000086000000| Untracked 
|  97|0x0000000086100000, 0x0000000086100000, 0x0000000086200000|  0%| F|  |TAMS 0x0000000086100000, 0x0000000086100000| Untracked 
|  98|0x0000000086200000, 0x0000000086200000, 0x0000000086300000|  0%| F|  |TAMS 0x0000000086200000, 0x0000000086200000| Untracked 
|  99|0x0000000086300000, 0x0000000086300000, 0x0000000086400000|  0%| F|  |TAMS 0x0000000086300000, 0x0000000086300000| Untracked 
| 100|0x0000000086400000, 0x0000000086400000, 0x0000000086500000|  0%| F|  |TAMS 0x0000000086400000, 0x0000000086400000| Untracked 
| 101|0x0000000086500000, 0x0000000086500000, 0x0000000086600000|  0%| F|  |TAMS 0x0000000086500000, 0x0000000086500000| Untracked 
| 102|0x0000000086600000, 0x0000000086600000, 0x0000000086700000|  0%| F|  |TAMS 0x0000000086600000, 0x0000000086600000| Untracked 
| 103|0x0000000086700000, 0x0000000086700000, 0x0000000086800000|  0%| F|  |TAMS 0x0000000086700000, 0x0000000086700000| Untracked 
| 104|0x0000000086800000, 0x0000000086800000, 0x0000000086900000|  0%| F|  |TAMS 0x0000000086800000, 0x0000000086800000| Untracked 
| 105|0x0000000086900000, 0x0000000086900000, 0x0000000086a00000|  0%| F|  |TAMS 0x0000000086900000, 0x0000000086900000| Untracked 
| 106|0x0000000086a00000, 0x0000000086a00000, 0x0000000086b00000|  0%| F|  |TAMS 0x0000000086a00000, 0x0000000086a00000| Untracked 
| 107|0x0000000086b00000, 0x0000000086b00000, 0x0000000086c00000|  0%| F|  |TAMS 0x0000000086b00000, 0x0000000086b00000| Untracked 
| 108|0x0000000086c00000, 0x0000000086d00000, 0x0000000086d00000|100%| O|  |TAMS 0x0000000086d00000, 0x0000000086c00000| Untracked 
| 109|0x0000000086d00000, 0x0000000086e00000, 0x0000000086e00000|100%| O|  |TAMS 0x0000000086e00000, 0x0000000086d00000| Untracked 
| 110|0x0000000086e00000, 0x0000000086f00000, 0x0000000086f00000|100%| O|  |TAMS 0x0000000086f00000, 0x0000000086e00000| Untracked 
| 111|0x0000000086f00000, 0x0000000087000000, 0x0000000087000000|100%| O|  |TAMS 0x0000000087000000, 0x0000000086f00000| Complete 
| 112|0x0000000087000000, 0x0000000087100000, 0x0000000087100000|100%| O|  |TAMS 0x0000000087100000, 0x0000000087000000| Untracked 
| 113|0x0000000087100000, 0x0000000087200000, 0x0000000087200000|100%| O|  |TAMS 0x0000000087200000, 0x0000000087100000| Complete 
| 114|0x0000000087200000, 0x0000000087300000, 0x0000000087300000|100%| O|  |TAMS 0x0000000087300000, 0x0000000087200000| Untracked 
| 115|0x0000000087300000, 0x0000000087400000, 0x0000000087400000|100%| O|  |TAMS 0x0000000087400000, 0x0000000087300000| Complete 
| 116|0x0000000087400000, 0x0000000087500000, 0x0000000087500000|100%| O|  |TAMS 0x0000000087500000, 0x0000000087400000| Complete 
| 117|0x0000000087500000, 0x0000000087600000, 0x0000000087600000|100%| O|  |TAMS 0x0000000087600000, 0x0000000087500000| Complete 
| 118|0x0000000087600000, 0x0000000087700000, 0x0000000087700000|100%| O|  |TAMS 0x0000000087700000, 0x0000000087600000| Complete 
| 119|0x0000000087700000, 0x0000000087800000, 0x0000000087800000|100%| O|  |TAMS 0x0000000087800000, 0x0000000087700000| Complete 
| 120|0x0000000087800000, 0x0000000087800000, 0x0000000087900000|  0%| F|  |TAMS 0x0000000087800000, 0x0000000087800000| Untracked 
| 121|0x0000000087900000, 0x0000000087900000, 0x0000000087a00000|  0%| F|  |TAMS 0x0000000087900000, 0x0000000087900000| Untracked 
| 122|0x0000000087a00000, 0x0000000087b00000, 0x0000000087b00000|100%| O|  |TAMS 0x0000000087b00000, 0x0000000087a00000| Complete 
| 123|0x0000000087b00000, 0x0000000087c00000, 0x0000000087c00000|100%| O|  |TAMS 0x0000000087b80000, 0x0000000087b00000| Untracked 
| 124|0x0000000087c00000, 0x0000000087c00000, 0x0000000087d00000|  0%| F|  |TAMS 0x0000000087c00000, 0x0000000087c00000| Untracked 
| 125|0x0000000087d00000, 0x0000000087d00000, 0x0000000087e00000|  0%| F|  |TAMS 0x0000000087d00000, 0x0000000087d00000| Untracked 
| 126|0x0000000087e00000, 0x0000000087e00000, 0x0000000087f00000|  0%| F|  |TAMS 0x0000000087e00000, 0x0000000087e00000| Untracked 
| 127|0x0000000087f00000, 0x0000000087f00000, 0x0000000088000000|  0%| F|  |TAMS 0x0000000087f00000, 0x0000000087f00000| Untracked 
| 128|0x0000000088000000, 0x0000000088000000, 0x0000000088100000|  0%| F|  |TAMS 0x0000000088000000, 0x0000000088000000| Untracked 
| 129|0x0000000088100000, 0x0000000088100000, 0x0000000088200000|  0%| F|  |TAMS 0x0000000088100000, 0x0000000088100000| Untracked 
| 130|0x0000000088200000, 0x0000000088200000, 0x0000000088300000|  0%| F|  |TAMS 0x0000000088200000, 0x0000000088200000| Untracked 
| 131|0x0000000088300000, 0x0000000088300000, 0x0000000088400000|  0%| F|  |TAMS 0x0000000088300000, 0x0000000088300000| Untracked 
| 132|0x0000000088400000, 0x0000000088400000, 0x0000000088500000|  0%| F|  |TAMS 0x0000000088400000, 0x0000000088400000| Untracked 
| 133|0x0000000088500000, 0x0000000088500000, 0x0000000088600000|  0%| F|  |TAMS 0x0000000088500000, 0x0000000088500000| Untracked 
| 134|0x0000000088600000, 0x0000000088600000, 0x0000000088700000|  0%| F|  |TAMS 0x0000000088600000, 0x0000000088600000| Untracked 
| 135|0x0000000088700000, 0x0000000088700000, 0x0000000088800000|  0%| F|  |TAMS 0x0000000088700000, 0x0000000088700000| Untracked 
| 136|0x0000000088800000, 0x0000000088800000, 0x0000000088900000|  0%| F|  |TAMS 0x0000000088800000, 0x0000000088800000| Untracked 
| 137|0x0000000088900000, 0x0000000088900000, 0x0000000088a00000|  0%| F|  |TAMS 0x0000000088900000, 0x0000000088900000| Untracked 
| 138|0x0000000088a00000, 0x0000000088a00000, 0x0000000088b00000|  0%| F|  |TAMS 0x0000000088a00000, 0x0000000088a00000| Untracked 
| 139|0x0000000088b00000, 0x0000000088b00000, 0x0000000088c00000|  0%| F|  |TAMS 0x0000000088b00000, 0x0000000088b00000| Untracked 
| 140|0x0000000088c00000, 0x0000000088c00000, 0x0000000088d00000|  0%| F|  |TAMS 0x0000000088c00000, 0x0000000088c00000| Untracked 
| 141|0x0000000088d00000, 0x0000000088d00000, 0x0000000088e00000|  0%| F|  |TAMS 0x0000000088d00000, 0x0000000088d00000| Untracked 
| 142|0x0000000088e00000, 0x0000000088e00000, 0x0000000088f00000|  0%| F|  |TAMS 0x0000000088e00000, 0x0000000088e00000| Untracked 
| 143|0x0000000088f00000, 0x0000000088f00000, 0x0000000089000000|  0%| F|  |TAMS 0x0000000088f00000, 0x0000000088f00000| Untracked 
| 144|0x0000000089000000, 0x0000000089000000, 0x0000000089100000|  0%| F|  |TAMS 0x0000000089000000, 0x0000000089000000| Untracked 
| 145|0x0000000089100000, 0x0000000089100000, 0x0000000089200000|  0%| F|  |TAMS 0x0000000089100000, 0x0000000089100000| Untracked 
| 146|0x0000000089200000, 0x0000000089200000, 0x0000000089300000|  0%| F|  |TAMS 0x0000000089200000, 0x0000000089200000| Untracked 
| 147|0x0000000089300000, 0x0000000089300000, 0x0000000089400000|  0%| F|  |TAMS 0x0000000089300000, 0x0000000089300000| Untracked 
| 148|0x0000000089400000, 0x0000000089400000, 0x0000000089500000|  0%| F|  |TAMS 0x0000000089400000, 0x0000000089400000| Untracked 
| 149|0x0000000089500000, 0x0000000089500000, 0x0000000089600000|  0%| F|  |TAMS 0x0000000089500000, 0x0000000089500000| Untracked 
| 150|0x0000000089600000, 0x0000000089600000, 0x0000000089700000|  0%| F|  |TAMS 0x0000000089600000, 0x0000000089600000| Untracked 
| 151|0x0000000089700000, 0x0000000089800000, 0x0000000089800000|100%| S|CS|TAMS 0x0000000089700000, 0x0000000089700000| Complete 
| 152|0x0000000089800000, 0x0000000089900000, 0x0000000089900000|100%| S|CS|TAMS 0x0000000089800000, 0x0000000089800000| Complete 
| 153|0x0000000089900000, 0x0000000089a00000, 0x0000000089a00000|100%| S|CS|TAMS 0x0000000089900000, 0x0000000089900000| Complete 
| 154|0x0000000089a00000, 0x0000000089b00000, 0x0000000089b00000|100%| S|CS|TAMS 0x0000000089a00000, 0x0000000089a00000| Complete 
| 155|0x0000000089b00000, 0x0000000089c00000, 0x0000000089c00000|100%| S|CS|TAMS 0x0000000089b00000, 0x0000000089b00000| Complete 
| 156|0x0000000089c00000, 0x0000000089d00000, 0x0000000089d00000|100%| S|CS|TAMS 0x0000000089c00000, 0x0000000089c00000| Complete 
| 157|0x0000000089d00000, 0x0000000089e00000, 0x0000000089e00000|100%| S|CS|TAMS 0x0000000089d00000, 0x0000000089d00000| Complete 
| 158|0x0000000089e00000, 0x0000000089f00000, 0x0000000089f00000|100%| S|CS|TAMS 0x0000000089e00000, 0x0000000089e00000| Complete 
| 159|0x0000000089f00000, 0x0000000089f00000, 0x000000008a000000|  0%| F|  |TAMS 0x0000000089f00000, 0x0000000089f00000| Untracked 
| 160|0x000000008a000000, 0x000000008a000000, 0x000000008a100000|  0%| F|  |TAMS 0x000000008a000000, 0x000000008a000000| Untracked 
| 161|0x000000008a100000, 0x000000008a100000, 0x000000008a200000|  0%| F|  |TAMS 0x000000008a100000, 0x000000008a100000| Untracked 
| 162|0x000000008a200000, 0x000000008a200000, 0x000000008a300000|  0%| F|  |TAMS 0x000000008a200000, 0x000000008a200000| Untracked 
| 163|0x000000008a300000, 0x000000008a300000, 0x000000008a400000|  0%| F|  |TAMS 0x000000008a300000, 0x000000008a300000| Untracked 
| 164|0x000000008a400000, 0x000000008a400000, 0x000000008a500000|  0%| F|  |TAMS 0x000000008a400000, 0x000000008a400000| Untracked 
| 165|0x000000008a500000, 0x000000008a500000, 0x000000008a600000|  0%| F|  |TAMS 0x000000008a500000, 0x000000008a500000| Untracked 
| 166|0x000000008a600000, 0x000000008a600000, 0x000000008a700000|  0%| F|  |TAMS 0x000000008a600000, 0x000000008a600000| Untracked 
| 167|0x000000008a700000, 0x000000008a700000, 0x000000008a800000|  0%| F|  |TAMS 0x000000008a700000, 0x000000008a700000| Untracked 
| 168|0x000000008a800000, 0x000000008a800000, 0x000000008a900000|  0%| F|  |TAMS 0x000000008a800000, 0x000000008a800000| Untracked 
| 169|0x000000008a900000, 0x000000008a900000, 0x000000008aa00000|  0%| F|  |TAMS 0x000000008a900000, 0x000000008a900000| Untracked 
| 170|0x000000008aa00000, 0x000000008aa00000, 0x000000008ab00000|  0%| F|  |TAMS 0x000000008aa00000, 0x000000008aa00000| Untracked 
| 171|0x000000008ab00000, 0x000000008ab00000, 0x000000008ac00000|  0%| F|  |TAMS 0x000000008ab00000, 0x000000008ab00000| Untracked 
| 172|0x000000008ac00000, 0x000000008ac00000, 0x000000008ad00000|  0%| F|  |TAMS 0x000000008ac00000, 0x000000008ac00000| Untracked 
| 173|0x000000008ad00000, 0x000000008ad00000, 0x000000008ae00000|  0%| F|  |TAMS 0x000000008ad00000, 0x000000008ad00000| Untracked 
| 174|0x000000008ae00000, 0x000000008ae00000, 0x000000008af00000|  0%| F|  |TAMS 0x000000008ae00000, 0x000000008ae00000| Untracked 
| 175|0x000000008af00000, 0x000000008af00000, 0x000000008b000000|  0%| F|  |TAMS 0x000000008af00000, 0x000000008af00000| Untracked 
| 176|0x000000008b000000, 0x000000008b000000, 0x000000008b100000|  0%| F|  |TAMS 0x000000008b000000, 0x000000008b000000| Untracked 
| 177|0x000000008b100000, 0x000000008b100000, 0x000000008b200000|  0%| F|  |TAMS 0x000000008b100000, 0x000000008b100000| Untracked 
| 178|0x000000008b200000, 0x000000008b200000, 0x000000008b300000|  0%| F|  |TAMS 0x000000008b200000, 0x000000008b200000| Untracked 
| 179|0x000000008b300000, 0x000000008b300000, 0x000000008b400000|  0%| F|  |TAMS 0x000000008b300000, 0x000000008b300000| Untracked 
| 180|0x000000008b400000, 0x000000008b400000, 0x000000008b500000|  0%| F|  |TAMS 0x000000008b400000, 0x000000008b400000| Untracked 
| 181|0x000000008b500000, 0x000000008b500000, 0x000000008b600000|  0%| F|  |TAMS 0x000000008b500000, 0x000000008b500000| Untracked 
| 182|0x000000008b600000, 0x000000008b600000, 0x000000008b700000|  0%| F|  |TAMS 0x000000008b600000, 0x000000008b600000| Untracked 
| 183|0x000000008b700000, 0x000000008b700000, 0x000000008b800000|  0%| F|  |TAMS 0x000000008b700000, 0x000000008b700000| Untracked 
| 184|0x000000008b800000, 0x000000008b800000, 0x000000008b900000|  0%| F|  |TAMS 0x000000008b800000, 0x000000008b800000| Untracked 
| 185|0x000000008b900000, 0x000000008b900000, 0x000000008ba00000|  0%| F|  |TAMS 0x000000008b900000, 0x000000008b900000| Untracked 
| 186|0x000000008ba00000, 0x000000008ba00000, 0x000000008bb00000|  0%| F|  |TAMS 0x000000008ba00000, 0x000000008ba00000| Untracked 
| 187|0x000000008bb00000, 0x000000008bb00000, 0x000000008bc00000|  0%| F|  |TAMS 0x000000008bb00000, 0x000000008bb00000| Untracked 
| 188|0x000000008bc00000, 0x000000008bc00000, 0x000000008bd00000|  0%| F|  |TAMS 0x000000008bc00000, 0x000000008bc00000| Untracked 
| 189|0x000000008bd00000, 0x000000008bd00000, 0x000000008be00000|  0%| F|  |TAMS 0x000000008bd00000, 0x000000008bd00000| Untracked 
| 190|0x000000008be00000, 0x000000008be00000, 0x000000008bf00000|  0%| F|  |TAMS 0x000000008be00000, 0x000000008be00000| Untracked 
| 191|0x000000008bf00000, 0x000000008bf00000, 0x000000008c000000|  0%| F|  |TAMS 0x000000008bf00000, 0x000000008bf00000| Untracked 
| 192|0x000000008c000000, 0x000000008c000000, 0x000000008c100000|  0%| F|  |TAMS 0x000000008c000000, 0x000000008c000000| Untracked 
| 193|0x000000008c100000, 0x000000008c100000, 0x000000008c200000|  0%| F|  |TAMS 0x000000008c100000, 0x000000008c100000| Untracked 
| 194|0x000000008c200000, 0x000000008c200000, 0x000000008c300000|  0%| F|  |TAMS 0x000000008c200000, 0x000000008c200000| Untracked 
| 195|0x000000008c300000, 0x000000008c300000, 0x000000008c400000|  0%| F|  |TAMS 0x000000008c300000, 0x000000008c300000| Untracked 
| 196|0x000000008c400000, 0x000000008c400000, 0x000000008c500000|  0%| F|  |TAMS 0x000000008c400000, 0x000000008c400000| Untracked 
| 197|0x000000008c500000, 0x000000008c500000, 0x000000008c600000|  0%| F|  |TAMS 0x000000008c500000, 0x000000008c500000| Untracked 
| 198|0x000000008c600000, 0x000000008c600000, 0x000000008c700000|  0%| F|  |TAMS 0x000000008c600000, 0x000000008c600000| Untracked 
| 199|0x000000008c700000, 0x000000008c700000, 0x000000008c800000|  0%| F|  |TAMS 0x000000008c700000, 0x000000008c700000| Untracked 
| 200|0x000000008c800000, 0x000000008c800000, 0x000000008c900000|  0%| F|  |TAMS 0x000000008c800000, 0x000000008c800000| Untracked 
| 201|0x000000008c900000, 0x000000008c900000, 0x000000008ca00000|  0%| F|  |TAMS 0x000000008c900000, 0x000000008c900000| Untracked 
| 202|0x000000008ca00000, 0x000000008ca00000, 0x000000008cb00000|  0%| F|  |TAMS 0x000000008ca00000, 0x000000008ca00000| Untracked 
| 203|0x000000008cb00000, 0x000000008cb00000, 0x000000008cc00000|  0%| F|  |TAMS 0x000000008cb00000, 0x000000008cb00000| Untracked 
| 204|0x000000008cc00000, 0x000000008cc00000, 0x000000008cd00000|  0%| F|  |TAMS 0x000000008cc00000, 0x000000008cc00000| Untracked 
| 205|0x000000008cd00000, 0x000000008cd00000, 0x000000008ce00000|  0%| F|  |TAMS 0x000000008cd00000, 0x000000008cd00000| Untracked 
| 206|0x000000008ce00000, 0x000000008ce00000, 0x000000008cf00000|  0%| F|  |TAMS 0x000000008ce00000, 0x000000008ce00000| Untracked 
| 207|0x000000008cf00000, 0x000000008cf00000, 0x000000008d000000|  0%| F|  |TAMS 0x000000008cf00000, 0x000000008cf00000| Untracked 
| 208|0x000000008d000000, 0x000000008d000000, 0x000000008d100000|  0%| F|  |TAMS 0x000000008d000000, 0x000000008d000000| Untracked 
| 209|0x000000008d100000, 0x000000008d100000, 0x000000008d200000|  0%| F|  |TAMS 0x000000008d100000, 0x000000008d100000| Untracked 
| 210|0x000000008d200000, 0x000000008d200000, 0x000000008d300000|  0%| F|  |TAMS 0x000000008d200000, 0x000000008d200000| Untracked 
| 211|0x000000008d300000, 0x000000008d300000, 0x000000008d400000|  0%| F|  |TAMS 0x000000008d300000, 0x000000008d300000| Untracked 
| 212|0x000000008d400000, 0x000000008d400000, 0x000000008d500000|  0%| F|  |TAMS 0x000000008d400000, 0x000000008d400000| Untracked 
| 213|0x000000008d500000, 0x000000008d500000, 0x000000008d600000|  0%| F|  |TAMS 0x000000008d500000, 0x000000008d500000| Untracked 
| 214|0x000000008d600000, 0x000000008d600000, 0x000000008d700000|  0%| F|  |TAMS 0x000000008d600000, 0x000000008d600000| Untracked 
| 215|0x000000008d700000, 0x000000008d700000, 0x000000008d800000|  0%| F|  |TAMS 0x000000008d700000, 0x000000008d700000| Untracked 
| 216|0x000000008d800000, 0x000000008d800000, 0x000000008d900000|  0%| F|  |TAMS 0x000000008d800000, 0x000000008d800000| Untracked 
| 217|0x000000008d900000, 0x000000008d900000, 0x000000008da00000|  0%| F|  |TAMS 0x000000008d900000, 0x000000008d900000| Untracked 
| 218|0x000000008da00000, 0x000000008da00000, 0x000000008db00000|  0%| F|  |TAMS 0x000000008da00000, 0x000000008da00000| Untracked 
| 219|0x000000008db00000, 0x000000008db00000, 0x000000008dc00000|  0%| F|  |TAMS 0x000000008db00000, 0x000000008db00000| Untracked 
| 220|0x000000008dc00000, 0x000000008dc00000, 0x000000008dd00000|  0%| F|  |TAMS 0x000000008dc00000, 0x000000008dc00000| Untracked 
| 221|0x000000008dd00000, 0x000000008dd00000, 0x000000008de00000|  0%| F|  |TAMS 0x000000008dd00000, 0x000000008dd00000| Untracked 

Card table byte_map: [0x000001bcd5360000,0x000001bcd5760000] _byte_map_base: 0x000001bcd4f60000

Marking Bits (Prev, Next): (CMBitMap*) 0x000001bcc06bff10, (CMBitMap*) 0x000001bcc06bfed8
 Prev Bits: [0x000001bcd7b60000, 0x000001bcd9b60000)
 Next Bits: [0x000001bcd5b60000, 0x000001bcd7b60000)

Polling page: 0x000001bcc04f0000

Metaspace:

Usage:
  Non-class:     79.09 MB capacity,    77.85 MB ( 98%) used,     1.00 MB (  1%) free+waste,   243.88 KB ( <1%) overhead. 
      Class:     12.05 MB capacity,    11.24 MB ( 93%) used,   716.95 KB (  6%) free+waste,   110.69 KB ( <1%) overhead. 
       Both:     91.14 MB capacity,    89.09 MB ( 98%) used,     1.70 MB (  2%) free+waste,   354.56 KB ( <1%) overhead. 

Virtual space:
  Non-class space:       80.00 MB reserved,      79.25 MB (>99%) committed 
      Class space:        1.00 GB reserved,      12.12 MB (  1%) committed 
             Both:        1.08 GB reserved,      91.37 MB (  8%) committed 

Chunk freelists:
   Non-Class:  163.00 KB
       Class:  44.00 KB
        Both:  207.00 KB

MaxMetaspaceSize: 17179869184.00 GB
CompressedClassSpaceSize: 1.00 GB
Initial GC threshold: 20.80 MB
Current GC threshold: 147.78 MB
CDS: off

CodeHeap 'non-profiled nmethods': size=120064Kb used=6101Kb max_used=6101Kb free=113962Kb
 bounds [0x000001bccd400000, 0x000001bccda00000, 0x000001bcd4940000]
CodeHeap 'profiled nmethods': size=120000Kb used=23813Kb max_used=23813Kb free=96187Kb
 bounds [0x000001bcc5ed0000, 0x000001bcc7620000, 0x000001bccd400000]
CodeHeap 'non-nmethods': size=5696Kb used=2377Kb max_used=2427Kb free=3318Kb
 bounds [0x000001bcc5940000, 0x000001bcc5bb0000, 0x000001bcc5ed0000]
 total_blobs=11976 nmethods=11084 adapters=804
 compilation: enabled
              stopped_count=0, restarted_count=0
 full_count=0

Compilation events (20 events):
Event: 14.811 Thread 0x000001bcdc1c9800 11196       2       com.android.aapt.Resources$Attribute$Symbol::getSerializedSize (124 bytes)
Event: 14.812 Thread 0x000001bcdc1c9800 nmethod 11196 0x000001bcc7609c90 code [0x000001bcc7609f80, 0x000001bcc760a8e8]
Event: 14.814 Thread 0x000001bcdc1c9800 11197       2       com.android.aapt.Resources$Primitive::getSerializedSize (393 bytes)
Event: 14.815 Thread 0x000001bcdc1c4000 nmethod 11074 0x000001bccd9f2a90 code [0x000001bccd9f2cc0, 0x000001bccd9f47f0]
Event: 14.815 Thread 0x000001bcdc1c9800 nmethod 11197 0x000001bcc760ae90 code [0x000001bcc760b1e0, 0x000001bcc760bce8]
Event: 14.815 Thread 0x000001bcdc1c4000 11077       4       com.android.aaptcompiler.ResourceUtilsKt::parseXmlAttributeName (310 bytes)
Event: 14.817 Thread 0x000001bcdc1c9800 11199       2       com.android.aapt.Resources$Id::getSerializedSize (31 bytes)
Event: 14.817 Thread 0x000001bcdc1c9800 nmethod 11199 0x000001bcc760c510 code [0x000001bcc760c6c0, 0x000001bcc760c808]
Event: 14.818 Thread 0x000001bcdc1c9800 11201       2       com.android.aapt.Resources$Style::getSerializedSize (108 bytes)
Event: 14.819 Thread 0x000001bcdc1c9800 nmethod 11201 0x000001bcc760c910 code [0x000001bcc760cb60, 0x000001bcc760cff8]
Event: 14.823 Thread 0x000001bcdc1c9800 11202       3       org.codehaus.stax2.ri.evt.CharactersEventImpl::isWhiteSpace (67 bytes)
Event: 14.824 Thread 0x000001bcdc1c9800 nmethod 11202 0x000001bcc760d310 code [0x000001bcc760d560, 0x000001bcc760de18]
Event: 14.826 Thread 0x000001bcdc1c9800 11203       1       com.android.aaptcompiler.buffer.BigBuffer::getSize (5 bytes)
Event: 14.826 Thread 0x000001bcdc1c9800 nmethod 11203 0x000001bccd9f5490 code [0x000001bccd9f5640, 0x000001bccd9f56f8]
Event: 14.827 Thread 0x000001bcdc1c9800 11204       2       org.slf4j.impl.StaticLoggerBinder::getSingleton (4 bytes)
Event: 14.827 Thread 0x000001bcdc1c9800 nmethod 11204 0x000001bcc760e210 code [0x000001bcc760e3c0, 0x000001bcc760e498]
Event: 14.828 Thread 0x000001bcdc1c9800 11205 %     3       com.android.aaptcompiler.ResourceUtilsKt::verifyJavaStringFormat @ 12 (473 bytes)
Event: 14.830 Thread 0x000001bcdc1c9800 nmethod 11205% 0x000001bcc760e510 code [0x000001bcc760e8c0, 0x000001bcc7610258]
Event: 14.831 Thread 0x000001bcdc1c9800 11206   !   2       org.slf4j.LoggerFactory::getILoggerFactory (103 bytes)
Event: 14.831 Thread 0x000001bcdc1c9800 nmethod 11206 0x000001bcc7610a90 code [0x000001bcc7610ca0, 0x000001bcc76111b8]

GC Heap History (20 events):
Event: 3.707 GC heap after
{Heap after GC invocations=9 (full 0):
 garbage-first heap   total 157696K, used 23616K [0x0000000080000000, 0x0000000100000000)
  region size 1024K, 8 young (8192K), 8 survivors (8192K)
 Metaspace       used 36983K, capacity 37888K, committed 38144K, reserved 1083392K
  class space    used 4766K, capacity 5115K, committed 5120K, reserved 1048576K
}
Event: 4.435 GC heap before
{Heap before GC invocations=9 (full 0):
 garbage-first heap   total 157696K, used 98368K [0x0000000080000000, 0x0000000100000000)
  region size 1024K, 78 young (79872K), 8 survivors (8192K)
 Metaspace       used 41861K, capacity 42848K, committed 42880K, reserved 1087488K
  class space    used 5383K, capacity 5753K, committed 5760K, reserved 1048576K
}
Event: 4.448 GC heap after
{Heap after GC invocations=10 (full 0):
 garbage-first heap   total 157696K, used 28069K [0x0000000080000000, 0x0000000100000000)
  region size 1024K, 9 young (9216K), 9 survivors (9216K)
 Metaspace       used 41861K, capacity 42848K, committed 42880K, reserved 1087488K
  class space    used 5383K, capacity 5753K, committed 5760K, reserved 1048576K
}
Event: 4.904 GC heap before
{Heap before GC invocations=10 (full 0):
 garbage-first heap   total 157696K, used 68005K [0x0000000080000000, 0x0000000100000000)
  region size 1024K, 49 young (50176K), 9 survivors (9216K)
 Metaspace       used 45404K, capacity 46405K, committed 46464K, reserved 1089536K
  class space    used 5843K, capacity 6235K, committed 6272K, reserved 1048576K
}
Event: 4.919 GC heap after
{Heap after GC invocations=11 (full 0):
 garbage-first heap   total 189440K, used 29123K [0x0000000080000000, 0x0000000100000000)
  region size 1024K, 6 young (6144K), 6 survivors (6144K)
 Metaspace       used 45404K, capacity 46405K, committed 46464K, reserved 1089536K
  class space    used 5843K, capacity 6235K, committed 6272K, reserved 1048576K
}
Event: 6.169 GC heap before
{Heap before GC invocations=12 (full 0):
 garbage-first heap   total 189440K, used 130499K [0x0000000080000000, 0x0000000100000000)
  region size 1024K, 102 young (104448K), 6 survivors (6144K)
 Metaspace       used 51779K, capacity 53148K, committed 53240K, reserved 1095680K
  class space    used 6635K, capacity 7124K, committed 7160K, reserved 1048576K
}
Event: 6.186 GC heap after
{Heap after GC invocations=13 (full 0):
 garbage-first heap   total 189440K, used 42841K [0x0000000080000000, 0x0000000100000000)
  region size 1024K, 13 young (13312K), 13 survivors (13312K)
 Metaspace       used 51779K, capacity 53148K, committed 53240K, reserved 1095680K
  class space    used 6635K, capacity 7124K, committed 7160K, reserved 1048576K
}
Event: 7.445 GC heap before
{Heap before GC invocations=14 (full 0):
 garbage-first heap   total 189440K, used 136025K [0x0000000080000000, 0x0000000100000000)
  region size 1024K, 105 young (107520K), 13 survivors (13312K)
 Metaspace       used 64106K, capacity 65609K, committed 65912K, reserved 1105920K
  class space    used 8112K, capacity 8688K, committed 8824K, reserved 1048576K
}
Event: 7.464 GC heap after
{Heap after GC invocations=15 (full 0):
 garbage-first heap   total 189440K, used 49361K [0x0000000080000000, 0x0000000100000000)
  region size 1024K, 7 young (7168K), 7 survivors (7168K)
 Metaspace       used 64106K, capacity 65609K, committed 65912K, reserved 1105920K
  class space    used 8112K, capacity 8688K, committed 8824K, reserved 1048576K
}
Event: 8.440 GC heap before
{Heap before GC invocations=15 (full 0):
 garbage-first heap   total 189440K, used 140497K [0x0000000080000000, 0x0000000100000000)
  region size 1024K, 96 young (98304K), 7 survivors (7168K)
 Metaspace       used 70360K, capacity 71964K, committed 72184K, reserved 1112064K
  class space    used 9095K, capacity 9687K, committed 9720K, reserved 1048576K
}
Event: 8.454 GC heap after
{Heap after GC invocations=16 (full 0):
 garbage-first heap   total 189440K, used 54676K [0x0000000080000000, 0x0000000100000000)
  region size 1024K, 12 young (12288K), 12 survivors (12288K)
 Metaspace       used 70360K, capacity 71964K, committed 72184K, reserved 1112064K
  class space    used 9095K, capacity 9687K, committed 9720K, reserved 1048576K
}
Event: 9.654 GC heap before
{Heap before GC invocations=16 (full 0):
 garbage-first heap   total 189440K, used 143764K [0x0000000080000000, 0x0000000100000000)
  region size 1024K, 99 young (101376K), 12 survivors (12288K)
 Metaspace       used 79303K, capacity 81157K, committed 81272K, reserved 1120256K
  class space    used 10343K, capacity 11028K, committed 11128K, reserved 1048576K
}
Event: 9.674 GC heap after
{Heap after GC invocations=17 (full 0):
 garbage-first heap   total 227328K, used 60903K [0x0000000080000000, 0x0000000100000000)
  region size 1024K, 12 young (12288K), 12 survivors (12288K)
 Metaspace       used 79303K, capacity 81157K, committed 81272K, reserved 1120256K
  class space    used 10343K, capacity 11028K, committed 11128K, reserved 1048576K
}
Event: 11.615 GC heap before
{Heap before GC invocations=17 (full 0):
 garbage-first heap   total 227328K, used 164327K [0x0000000080000000, 0x0000000100000000)
  region size 1024K, 114 young (116736K), 12 survivors (12288K)
 Metaspace       used 85368K, capacity 87545K, committed 87800K, reserved 1124352K
  class space    used 11074K, capacity 11908K, committed 12024K, reserved 1048576K
}
Event: 11.640 GC heap after
{Heap after GC invocations=18 (full 0):
 garbage-first heap   total 227328K, used 69588K [0x0000000080000000, 0x0000000100000000)
  region size 1024K, 15 young (15360K), 15 survivors (15360K)
 Metaspace       used 85368K, capacity 87545K, committed 87800K, reserved 1124352K
  class space    used 11074K, capacity 11908K, committed 12024K, reserved 1048576K
}
Event: 13.421 GC heap before
{Heap before GC invocations=18 (full 0):
 garbage-first heap   total 227328K, used 182228K [0x0000000080000000, 0x0000000100000000)
  region size 1024K, 115 young (117760K), 15 survivors (15360K)
 Metaspace       used 86356K, capacity 88488K, committed 88568K, reserved 1126400K
  class space    used 11138K, capacity 11945K, committed 12024K, reserved 1048576K
}
Event: 13.466 GC heap after
{Heap after GC invocations=19 (full 0):
 garbage-first heap   total 227328K, used 95232K [0x0000000080000000, 0x0000000100000000)
  region size 1024K, 15 young (15360K), 15 survivors (15360K)
 Metaspace       used 86356K, capacity 88488K, committed 88568K, reserved 1126400K
  class space    used 11138K, capacity 11945K, committed 12024K, reserved 1048576K
}
Event: 13.853 GC heap before
{Heap before GC invocations=19 (full 0):
 garbage-first heap   total 227328K, used 144384K [0x0000000080000000, 0x0000000100000000)
  region size 1024K, 49 young (50176K), 15 survivors (15360K)
 Metaspace       used 87419K, capacity 89550K, committed 89720K, reserved 1126400K
  class space    used 11227K, capacity 12030K, committed 12152K, reserved 1048576K
}
Event: 13.880 GC heap after
{Heap after GC invocations=20 (full 0):
 garbage-first heap   total 227328K, used 103424K [0x0000000080000000, 0x0000000100000000)
  region size 1024K, 8 young (8192K), 8 survivors (8192K)
 Metaspace       used 87419K, capacity 89550K, committed 89720K, reserved 1126400K
  class space    used 11227K, capacity 12030K, committed 12152K, reserved 1048576K
}
Event: 14.833 GC heap before
{Heap before GC invocations=21 (full 0):
 garbage-first heap   total 227328K, used 158720K [0x0000000080000000, 0x0000000100000000)
  region size 1024K, 63 young (64512K), 8 survivors (8192K)
 Metaspace       used 91231K, capacity 93329K, committed 93560K, reserved 1130496K
  class space    used 11512K, capacity 12340K, committed 12408K, reserved 1048576K
}

Deoptimization events (20 events):
Event: 14.636 Thread 0x000001bce6db2000 DEOPT PACKING pc=0x000001bcc74f0140 sp=0x00000009c7efd090
Event: 14.636 Thread 0x000001bce6db2000 DEOPT UNPACKING pc=0x000001bcc598a95e sp=0x00000009c7efc598 mode 0
Event: 14.639 Thread 0x000001bce6db2000 DEOPT PACKING pc=0x000001bcc74f0140 sp=0x00000009c7efcf50
Event: 14.639 Thread 0x000001bce6db2000 DEOPT UNPACKING pc=0x000001bcc598a95e sp=0x00000009c7efc458 mode 0
Event: 14.641 Thread 0x000001bce6db2000 DEOPT PACKING pc=0x000001bcc74f0140 sp=0x00000009c7efcf50
Event: 14.641 Thread 0x000001bce6db2000 DEOPT UNPACKING pc=0x000001bcc598a95e sp=0x00000009c7efc458 mode 0
Event: 14.646 Thread 0x000001bce6db2000 DEOPT PACKING pc=0x000001bcc74f0140 sp=0x00000009c7efcc80
Event: 14.646 Thread 0x000001bce6db2000 DEOPT UNPACKING pc=0x000001bcc598a95e sp=0x00000009c7efc188 mode 0
Event: 14.654 Thread 0x000001bce6db2000 DEOPT PACKING pc=0x000001bcc74f0140 sp=0x00000009c7efcf50
Event: 14.654 Thread 0x000001bce6db2000 DEOPT UNPACKING pc=0x000001bcc598a95e sp=0x00000009c7efc458 mode 0
Event: 14.659 Thread 0x000001bce6db2000 DEOPT PACKING pc=0x000001bcc74f0140 sp=0x00000009c7efd1d0
Event: 14.659 Thread 0x000001bce6db2000 DEOPT UNPACKING pc=0x000001bcc598a95e sp=0x00000009c7efc6d8 mode 0
Event: 14.661 Thread 0x000001bce6db2000 DEOPT PACKING pc=0x000001bcc74f0140 sp=0x00000009c7efcaf0
Event: 14.661 Thread 0x000001bce6db2000 DEOPT UNPACKING pc=0x000001bcc598a95e sp=0x00000009c7efbff8 mode 0
Event: 14.663 Thread 0x000001bce6db2000 DEOPT PACKING pc=0x000001bcc74f0140 sp=0x00000009c7efcc60
Event: 14.663 Thread 0x000001bce6db2000 DEOPT UNPACKING pc=0x000001bcc598a95e sp=0x00000009c7efc168 mode 0
Event: 14.665 Thread 0x000001bce6db2000 DEOPT PACKING pc=0x000001bcc74f0140 sp=0x00000009c7efcf50
Event: 14.665 Thread 0x000001bce6db2000 DEOPT UNPACKING pc=0x000001bcc598a95e sp=0x00000009c7efc458 mode 0
Event: 14.676 Thread 0x000001bce6db2000 DEOPT PACKING pc=0x000001bcc74f0140 sp=0x00000009c7efcd70
Event: 14.676 Thread 0x000001bce6db2000 DEOPT UNPACKING pc=0x000001bcc598a95e sp=0x00000009c7efc278 mode 0

Classes redefined (0 events):
No events

Internal exceptions (20 events):
Event: 10.101 Thread 0x000001bcde4b1000 Exception <a 'java/lang/NoSuchMethodError'{0x000000008c082b10}: <clinit>> (0x000000008c082b10) thrown at [./src/hotspot/share/prims/jni.cpp, line 1365]
Event: 10.106 Thread 0x000001bcde912800 Exception <a 'java/lang/IncompatibleClassChangeError'{0x000000008c2c7220}: Found class java.lang.Object, but interface was expected> (0x000000008c2c7220) thrown at [./src/hotspot/share/interpreter/linkResolver.cpp, line 839]
Event: 10.115 Thread 0x000001bcde4b1000 Exception <a 'java/lang/NoSuchMethodError'{0x000000008c0d47b8}: <clinit>> (0x000000008c0d47b8) thrown at [./src/hotspot/share/prims/jni.cpp, line 1365]
Event: 10.134 Thread 0x000001bcdf5c9800 Exception <a 'java/lang/NoSuchMethodError'{0x000000008bd03a90}: <clinit>> (0x000000008bd03a90) thrown at [./src/hotspot/share/prims/jni.cpp, line 1365]
Event: 10.137 Thread 0x000001bcde912800 Exception <a 'java/lang/NoSuchMethodError'{0x000000008be5b070}: 'java.lang.Object java.lang.invoke.DirectMethodHandle$Holder.invokeInterface(java.lang.Object, java.lang.Object, int)'> (0x000000008be5b070) thrown at [./src/hotspot/share/interpreter/linkResolver.cpp, line 773]
Event: 10.139 Thread 0x000001bcde912800 Exception <a 'java/lang/NoSuchMethodError'{0x000000008be704c8}: 'void java.lang.invoke.DirectMethodHandle$Holder.invokeStatic(java.lang.Object, java.lang.Object, java.lang.Object, int)'> (0x000000008be704c8) thrown at [./src/hotspot/share/interpreter/linkResolver.cpp, line 773]
Event: 10.206 Thread 0x000001bce6dae800 Implicit null exception at 0x000001bccd683f77 to 0x000001bccd68411c
Event: 10.215 Thread 0x000001bce6dae800 Exception <a 'java/lang/IncompatibleClassChangeError'{0x000000008bb39030}: Found class java.lang.Object, but interface was expected> (0x000000008bb39030) thrown at [./src/hotspot/share/interpreter/linkResolver.cpp, line 839]
Event: 10.259 Thread 0x000001bce6dae800 Exception <a 'java/lang/NoSuchMethodError'{0x000000008b9d74b0}: 'int java.lang.invoke.DirectMethodHandle$Holder.invokeStaticInit(java.lang.Object, java.lang.Object, java.lang.Object, java.lang.Object, java.lang.Object)'> (0x000000008b9d74b0) thrown at [./src/hotspot/share/interpreter/linkResolver.cpp, line 773]
Event: 10.465 Thread 0x000001bcde4b7800 Exception <a 'java/lang/NoSuchMethodError'{0x000000008b124a08}: 'void java.lang.invoke.DirectMethodHandle$Holder.invokeStatic(java.lang.Object, java.lang.Object, java.lang.Object, java.lang.Object, int, java.lang.Object, java.lang.Object)'> (0x000000008b124a08) thrown at [./src/hotspot/share/interpreter/linkResolver.cpp, line 773]
Event: 10.490 Thread 0x000001bce2cd5800 Exception <a 'java/lang/NoSuchMethodError'{0x000000008abb2cf8}: 'java.lang.Object java.lang.invoke.DirectMethodHandle$Holder.invokeSpecialIFC(java.lang.Object, java.lang.Object, java.lang.Object)'> (0x000000008abb2cf8) thrown at [./src/hotspot/share/interpreter/linkResolver.cpp, line 773]
Event: 10.490 Thread 0x000001bce2cd1800 Exception <a 'java/lang/NoSuchMethodError'{0x000000008ab7e908}: 'java.lang.Object java.lang.invoke.DirectMethodHandle$Holder.invokeSpecialIFC(java.lang.Object, java.lang.Object, java.lang.Object)'> (0x000000008ab7e908) thrown at [./src/hotspot/share/interpreter/linkResolver.cpp, line 773]
Event: 10.833 Thread 0x000001bcde4ad000 Implicit null exception at 0x000001bccd87b2db to 0x000001bccd87b36c
Event: 10.978 Thread 0x000001bcde4b7800 Implicit null exception at 0x000001bccd886140 to 0x000001bccd88679c
Event: 11.315 Thread 0x000001bcde4b7800 Exception <a 'java/lang/NoSuchMethodError'{0x00000000883a16e8}: 'void java.lang.invoke.DirectMethodHandle$Holder.invokeVirtual(java.lang.Object, java.lang.Object)'> (0x00000000883a16e8) thrown at [./src/hotspot/share/interpreter/linkResolver.cpp, line 773]
Event: 12.989 Thread 0x000001bcde4b7800 Implicit null exception at 0x000001bccd9509c7 to 0x000001bccd950abc
Event: 13.554 Thread 0x000001bcde4b7800 Implicit null exception at 0x000001bccd979558 to 0x000001bccd97e4a0
Event: 13.601 Thread 0x000001bcde4b7800 Exception <a 'java/lang/NoSuchMethodError'{0x000000008d8c5e70}: <clinit>> (0x000000008d8c5e70) thrown at [./src/hotspot/share/prims/jni.cpp, line 1365]
Event: 13.618 Thread 0x000001bcde4b7800 Exception <a 'java/lang/NoSuchMethodError'{0x000000008d69d900}: <clinit>> (0x000000008d69d900) thrown at [./src/hotspot/share/prims/jni.cpp, line 1365]
Event: 13.639 Thread 0x000001bcde4b7800 Exception <a 'java/lang/NoSuchMethodError'{0x000000008d310a20}: <clinit>> (0x000000008d310a20) thrown at [./src/hotspot/share/prims/jni.cpp, line 1365]

Events (20 events):
Event: 14.736 loading class com/android/aapt/Resources$Id$1 done
Event: 14.736 loading class com/android/aapt/Resources$Id$Builder
Event: 14.736 loading class com/android/aapt/Resources$Id$Builder done
Event: 14.768 loading class com/android/aapt/Resources$Primitive$EmptyType$1
Event: 14.768 loading class com/android/aapt/Resources$Primitive$EmptyType$1 done
Event: 14.768 loading class com/android/aapt/Resources$Primitive$EmptyType$Builder
Event: 14.768 loading class com/android/aapt/Resources$Primitive$EmptyType$Builder done
Event: 14.784 loading class com/android/aapt/Resources$Styleable$1
Event: 14.784 loading class com/android/aapt/Resources$Styleable$1 done
Event: 14.784 loading class com/android/aapt/Resources$Styleable$Builder
Event: 14.784 loading class com/android/aapt/Resources$Styleable$Builder done
Event: 14.785 loading class com/android/aapt/Resources$Styleable$Entry
Event: 14.785 loading class com/android/aapt/Resources$Styleable$Entry done
Event: 14.786 loading class com/android/aapt/Resources$Styleable$EntryOrBuilder
Event: 14.786 loading class com/android/aapt/Resources$Styleable$EntryOrBuilder done
Event: 14.787 loading class com/android/aapt/Resources$Styleable$Entry$1
Event: 14.787 loading class com/android/aapt/Resources$Styleable$Entry$1 done
Event: 14.788 loading class com/android/aapt/Resources$Styleable$Entry$Builder
Event: 14.788 loading class com/android/aapt/Resources$Styleable$Entry$Builder done
Event: 14.832 Executing VM operation: G1CollectForAllocation


Dynamic libraries:
0x00007ff7cfa60000 - 0x00007ff7cfa6a000 	C:\Program Files\Android\Android Studio\jre\bin\java.exe
0x00007ffc5fb20000 - 0x00007ffc5fd29000 	C:\Windows\SYSTEM32\ntdll.dll
0x00007ffc5f350000 - 0x00007ffc5f40d000 	C:\Windows\System32\KERNEL32.DLL
0x00007ffc5d460000 - 0x00007ffc5d7d4000 	C:\Windows\System32\KERNELBASE.dll
0x00007ffc5d1d0000 - 0x00007ffc5d2e1000 	C:\Windows\System32\ucrtbase.dll
0x00007ffc3c5f0000 - 0x00007ffc3c607000 	C:\Program Files\Android\Android Studio\jre\bin\VCRUNTIME140.dll
0x00007ffc2e4b0000 - 0x00007ffc2e4c9000 	C:\Program Files\Android\Android Studio\jre\bin\jli.dll
0x00007ffc5dbe0000 - 0x00007ffc5dd8c000 	C:\Windows\System32\USER32.dll
0x00007ffc5d850000 - 0x00007ffc5d876000 	C:\Windows\System32\win32u.dll
0x00007ffc30990000 - 0x00007ffc30c35000 	C:\Windows\WinSxS\amd64_microsoft.windows.common-controls_6595b64144ccf1df_6.0.22000.120_none_9d947278b86cc467\COMCTL32.dll
0x00007ffc5f580000 - 0x00007ffc5f5a9000 	C:\Windows\System32\GDI32.dll
0x00007ffc5d010000 - 0x00007ffc5d122000 	C:\Windows\System32\gdi32full.dll
0x00007ffc5f2a0000 - 0x00007ffc5f343000 	C:\Windows\System32\msvcrt.dll
0x00007ffc5d130000 - 0x00007ffc5d1cd000 	C:\Windows\System32\msvcp_win.dll
0x00007ffc5e830000 - 0x00007ffc5e861000 	C:\Windows\System32\IMM32.DLL
0x00007ffbeebf0000 - 0x00007ffbeec8d000 	C:\Program Files\Android\Android Studio\jre\bin\msvcp140.dll
0x00007ffc0e5d0000 - 0x00007ffc0f0b5000 	C:\Program Files\Android\Android Studio\jre\bin\server\jvm.dll
0x00007ffc5fa30000 - 0x00007ffc5fade000 	C:\Windows\System32\ADVAPI32.dll
0x00007ffc5e770000 - 0x00007ffc5e80e000 	C:\Windows\System32\sechost.dll
0x00007ffc5de20000 - 0x00007ffc5df40000 	C:\Windows\System32\RPCRT4.dll
0x00007ffc5e760000 - 0x00007ffc5e768000 	C:\Windows\System32\PSAPI.DLL
0x00007ffc52700000 - 0x00007ffc52733000 	C:\Windows\SYSTEM32\WINMM.dll
0x00007ffc56800000 - 0x00007ffc56809000 	C:\Windows\SYSTEM32\WSOCK32.dll
0x00007ffc4a910000 - 0x00007ffc4a91a000 	C:\Windows\SYSTEM32\VERSION.dll
0x00007ffc5df40000 - 0x00007ffc5dfaf000 	C:\Windows\System32\WS2_32.dll
0x00007ffc5baf0000 - 0x00007ffc5bb08000 	C:\Windows\SYSTEM32\kernel.appcore.dll
0x00007ffc567e0000 - 0x00007ffc567f1000 	C:\Program Files\Android\Android Studio\jre\bin\verify.dll
0x00007ffc56090000 - 0x00007ffc562b1000 	C:\Windows\SYSTEM32\DBGHELP.DLL
0x00007ffc48430000 - 0x00007ffc48461000 	C:\Windows\SYSTEM32\dbgcore.DLL
0x00007ffc5d880000 - 0x00007ffc5d8ff000 	C:\Windows\System32\bcryptPrimitives.dll
0x00007ffc567b0000 - 0x00007ffc567d9000 	C:\Program Files\Android\Android Studio\jre\bin\java.dll
0x00007ffc567a0000 - 0x00007ffc567ab000 	C:\Program Files\Android\Android Studio\jre\bin\jimage.dll
0x00007ffc3c5d0000 - 0x00007ffc3c5e8000 	C:\Program Files\Android\Android Studio\jre\bin\zip.dll
0x00007ffc5eaf0000 - 0x00007ffc5f29e000 	C:\Windows\System32\SHELL32.dll
0x00007ffc5b280000 - 0x00007ffc5bae7000 	C:\Windows\SYSTEM32\windows.storage.dll
0x00007ffc5e0a0000 - 0x00007ffc5e418000 	C:\Windows\System32\combase.dll
0x00007ffc5b110000 - 0x00007ffc5b276000 	C:\Windows\SYSTEM32\wintypes.dll
0x00007ffc5e420000 - 0x00007ffc5e50a000 	C:\Windows\System32\SHCORE.dll
0x00007ffc5d9c0000 - 0x00007ffc5da1d000 	C:\Windows\System32\shlwapi.dll
0x00007ffc5cf40000 - 0x00007ffc5cf61000 	C:\Windows\SYSTEM32\profapi.dll
0x00007ffc3c5b0000 - 0x00007ffc3c5ca000 	C:\Program Files\Android\Android Studio\jre\bin\net.dll
0x00007ffc50c90000 - 0x00007ffc50d9c000 	C:\Windows\SYSTEM32\WINHTTP.dll
0x00007ffc5c630000 - 0x00007ffc5c697000 	C:\Windows\system32\mswsock.dll
0x00007ffc3c590000 - 0x00007ffc3c5a4000 	C:\Program Files\Android\Android Studio\jre\bin\nio.dll
0x00007ffc35f90000 - 0x00007ffc35fb7000 	C:\Users\Admin\.gradle\native\e1d6ef7f7dcc3fd88c89a11ec53ec762bb8ba0a96d01ffa2cd45eb1d1d8dd5c5\windows-amd64\native-platform.dll
0x00007ffbeeaa0000 - 0x00007ffbeebe4000 	C:\Users\Admin\.gradle\native\5664cfc778a61ccfe75a443a1ab52a65af34e5dc3c78e0209fed803814484fcb\windows-amd64\native-platform-file-events.dll
0x00007ffc50ad0000 - 0x00007ffc50ada000 	C:\Program Files\Android\Android Studio\jre\bin\management.dll
0x00007ffc3c580000 - 0x00007ffc3c58d000 	C:\Program Files\Android\Android Studio\jre\bin\management_ext.dll
0x00007ffc5c870000 - 0x00007ffc5c888000 	C:\Windows\SYSTEM32\CRYPTSP.dll
0x00007ffc5c190000 - 0x00007ffc5c1c5000 	C:\Windows\system32\rsaenh.dll
0x00007ffc5c720000 - 0x00007ffc5c749000 	C:\Windows\SYSTEM32\USERENV.dll
0x00007ffc5c9f0000 - 0x00007ffc5ca17000 	C:\Windows\SYSTEM32\bcrypt.dll
0x00007ffc5c890000 - 0x00007ffc5c89c000 	C:\Windows\SYSTEM32\CRYPTBASE.dll
0x00007ffc5bd60000 - 0x00007ffc5bd8d000 	C:\Windows\SYSTEM32\IPHLPAPI.DLL
0x00007ffc5e6f0000 - 0x00007ffc5e6f9000 	C:\Windows\System32\NSI.dll
0x00007ffc50b60000 - 0x00007ffc50b79000 	C:\Windows\SYSTEM32\dhcpcsvc6.DLL
0x00007ffc50fc0000 - 0x00007ffc50fde000 	C:\Windows\SYSTEM32\dhcpcsvc.DLL
0x00007ffc5bdd0000 - 0x00007ffc5beb7000 	C:\Windows\SYSTEM32\DNSAPI.dll

dbghelp: loaded successfully - version: 4.0.5 - missing functions: none
symbol engine: initialized successfully - sym options: 0x614 - pdb path: .;C:\Program Files\Android\Android Studio\jre\bin;C:\Windows\SYSTEM32;C:\Windows\WinSxS\amd64_microsoft.windows.common-controls_6595b64144ccf1df_6.0.22000.120_none_9d947278b86cc467;C:\Program Files\Android\Android Studio\jre\bin\server;C:\Users\Admin\.gradle\native\e1d6ef7f7dcc3fd88c89a11ec53ec762bb8ba0a96d01ffa2cd45eb1d1d8dd5c5\windows-amd64;C:\Users\Admin\.gradle\native\5664cfc778a61ccfe75a443a1ab52a65af34e5dc3c78e0209fed803814484fcb\windows-amd64

VM Arguments:
jvm_args: --add-opens=java.base/java.util=ALL-UNNAMED --add-opens=java.base/java.lang=ALL-UNNAMED --add-opens=java.base/java.lang.invoke=ALL-UNNAMED --add-opens=java.base/java.util=ALL-UNNAMED --add-opens=java.prefs/java.util.prefs=ALL-UNNAMED --add-opens=java.prefs/java.util.prefs=ALL-UNNAMED --add-opens=java.base/java.nio.charset=ALL-UNNAMED --add-opens=java.base/java.net=ALL-UNNAMED --add-opens=java.base/java.util.concurrent.atomic=ALL-UNNAMED -Xmx2048m -Dfile.encoding=UTF-8 -Duser.country=US -Duser.language=en -Duser.variant 
java_command: org.gradle.launcher.daemon.bootstrap.GradleDaemon 7.3.3
java_class_path (initial): C:\Users\Admin\.gradle\wrapper\dists\gradle-7.3.3-bin\6a41zxkdtcxs8rphpq6y0069z\gradle-7.3.3\lib\gradle-launcher-7.3.3.jar
Launcher Type: SUN_STANDARD

[Global flags]
     intx CICompilerCount                          = 3                                         {product} {ergonomic}
     uint ConcGCThreads                            = 1                                         {product} {ergonomic}
     uint G1ConcRefinementThreads                  = 4                                         {product} {ergonomic}
   size_t G1HeapRegionSize                         = 1048576                                   {product} {ergonomic}
    uintx GCDrainStackTargetSize                   = 64                                        {product} {ergonomic}
   size_t InitialHeapSize                          = 134217728                                 {product} {ergonomic}
   size_t MarkStackSize                            = 4194304                                   {product} {ergonomic}
   size_t MaxHeapSize                              = 2147483648                                {product} {command line}
   size_t MaxNewSize                               = 1287651328                                {product} {ergonomic}
   size_t MinHeapDeltaBytes                        = 1048576                                   {product} {ergonomic}
    uintx NonNMethodCodeHeapSize                   = 5830732                                {pd product} {ergonomic}
    uintx NonProfiledCodeHeapSize                  = 122913754                              {pd product} {ergonomic}
    uintx ProfiledCodeHeapSize                     = 122913754                              {pd product} {ergonomic}
    uintx ReservedCodeCacheSize                    = 251658240                              {pd product} {ergonomic}
     bool SegmentedCodeCache                       = true                                      {product} {ergonomic}
     bool UseCompressedClassPointers               = true                                 {lp64_product} {ergonomic}
     bool UseCompressedOops                        = true                                 {lp64_product} {ergonomic}
     bool UseG1GC                                  = true                                      {product} {ergonomic}
     bool UseLargePagesIndividualAllocation        = false                                  {pd product} {ergonomic}

Logging:
Log output configuration:
 #0: stdout all=warning uptime,level,tags
 #1: stderr all=off uptime,level,tags

Environment Variables:
PATH=C:\Program Files\Common Files\Oracle\Java\javapath;C:\Program Files (x86)\Common Files\Oracle\Java\javapath;C:\Windows\system32;C:\Windows;C:\Windows\System32\Wbem;C:\Windows\System32\WindowsPowerShell\v1.0\;C:\Windows\System32\OpenSSH\;C:\Program Files (x86)\Intel\Intel(R) Management Engine Components\DAL;C:\Program Files\Intel\Intel(R) Management Engine Components\DAL;C:\Program Files\Git\cmd;C:\Users\Admin\AppData\Local\Microsoft\WindowsApps;C:\Users\Admin\AppData\Local\Programs\Microsoft VS Code\bin;C:\Users\Admin\AppData\Local\atom\bin;C:\Users\Admin\AppData\Local\GitHubDesktop\bin
USERNAME=Admin
OS=Windows_NT
PROCESSOR_IDENTIFIER=Intel64 Family 6 Model 78 Stepping 3, GenuineIntel



---------------  S Y S T E M  ---------------

OS: Windows 10 , 64 bit Build 22000 (10.0.22000.434)
OS uptime: 0 days 1:55 hours

CPU:total 4 (initial active 4) (2 cores per cpu, 2 threads per core) family 6 model 78 stepping 3 microcode 0xd6, cmov, cx8, fxsr, mmx, sse, sse2, sse3, ssse3, sse4.1, sse4.2, popcnt, avx, avx2, aes, clmul, erms, rtm, 3dnowpref, lzcnt, ht, tsc, tscinvbit, bmi1, bmi2, adx, fma

Memory: 4k page, system-wide physical 8072M (890M free)
TotalPageFile size 8072M (AvailPageFile size 4M)
current process WorkingSet (physical memory assigned to process): 497M, peak: 503M
current process commit charge ("private bytes"): 571M, peak: 571M

vm_info: OpenJDK 64-Bit Server VM (11.0.12+7-b1504.28-7817840) for windows-amd64 JRE (11.0.12+7-b1504.28-7817840), built on Oct 13 2021 22:12:33 by "builder" with MS VC++ 14.0 (VS2015)

END.
