#
# There is insufficient memory for the Java Runtime Environment to continue.
# Native memory allocation (malloc) failed to allocate 1815696 bytes for Chunk::new
# Possible reasons:
#   The system is out of physical RAM or swap space
#   The process is running with CompressedOops enabled, and the Java Heap may be blocking the growth of the native heap
# Possible solutions:
#   Reduce memory load on the system
#   Increase physical memory or swap space
#   Check if swap backing store is full
#   Decrease Java heap size (-Xmx/-Xms)
#   Decrease number of Java threads
#   Decrease Java thread stack sizes (-Xss)
#   Set larger code cache with -XX:ReservedCodeCacheSize=
#   JVM is running with Unscaled Compressed Oops mode in which the Java heap is
#     placed in the first 4GB address space. The Java Heap base address is the
#     maximum limit for the native heap growth. Please use -XX:HeapBaseMinAddress
#     to set the Java Heap base and to place the Java Heap above 4GB virtual address.
# This output file may be truncated or incomplete.
#
#  Out of Memory Error (./src/hotspot/share/memory/arena.cpp:197), pid=3436, tid=7796
#
# JRE version: OpenJDK Runtime Environment (11.0.12+7) (build 11.0.12+7-b1504.28-7817840)
# Java VM: OpenJDK 64-Bit Server VM (11.0.12+7-b1504.28-7817840, mixed mode, tiered, compressed oops, g1 gc, windows-amd64)
# No core dump will be written. Minidumps are not enabled by default on client versions of Windows
#

---------------  S U M M A R Y ------------

Command Line: --add-opens=java.base/java.util=ALL-UNNAMED --add-opens=java.base/java.lang=ALL-UNNAMED --add-opens=java.base/java.lang.invoke=ALL-UNNAMED --add-opens=java.base/java.util=ALL-UNNAMED --add-opens=java.prefs/java.util.prefs=ALL-UNNAMED --add-opens=java.prefs/java.util.prefs=ALL-UNNAMED --add-opens=java.base/java.nio.charset=ALL-UNNAMED --add-opens=java.base/java.net=ALL-UNNAMED --add-opens=java.base/java.util.concurrent.atomic=ALL-UNNAMED -Xmx2048m -Dfile.encoding=UTF-8 -Duser.country=US -Duser.language=en -Duser.variant org.gradle.launcher.daemon.bootstrap.GradleDaemon 7.3.3

Host: Intel(R) Core(TM) i7-6600U CPU @ 2.60GHz, 4 cores, 7G,  Windows 10 , 64 bit Build 22000 (10.0.22000.434)
Time: Thu Aug 18 07:04:29 2022 Egypt Standard Time elapsed time: 3861.220601 seconds (0d 1h 4m 21s)

---------------  T H R E A D  ---------------

Current thread (0x0000026f4d615800):  JavaThread "C2 CompilerThread0" daemon [_thread_in_native, id=7796, stack(0x000000ffa3f00000,0x000000ffa4000000)]


Current CompileTask:
C2:3861220 15446   !   4       java.io.ObjectOutputStream::writeObject0 (619 bytes)

Stack: [0x000000ffa3f00000,0x000000ffa4000000]
Native frames: (J=compiled Java code, j=interpreted, Vv=VM code, C=native code)
V  [jvm.dll+0x5fbcea]
V  [jvm.dll+0x731905]
V  [jvm.dll+0x732f1d]
V  [jvm.dll+0x7335d3]
V  [jvm.dll+0x247bf8]
V  [jvm.dll+0xc018c]
V  [jvm.dll+0xc06cc]
V  [jvm.dll+0x35b2db]
V  [jvm.dll+0x19cebc]
V  [jvm.dll+0x20070e]
V  [jvm.dll+0x1ff794]
V  [jvm.dll+0x18868c]
V  [jvm.dll+0x20e0d7]
V  [jvm.dll+0x20c901]
V  [jvm.dll+0x6f9b7f]
V  [jvm.dll+0x6f26a5]
V  [jvm.dll+0x5fabf6]
C  [ucrtbase.dll+0x26c0c]
C  [KERNEL32.DLL+0x154e0]
C  [ntdll.dll+0x485b]


---------------  P R O C E S S  ---------------

Threads class SMR info:
_java_thread_list=0x0000026f57884b10, length=93, elements={
0x0000026f339fd000, 0x0000026f4d5f2000, 0x0000026f4d5f3000, 0x0000026f4df82800,
0x0000026f4d60e000, 0x0000026f4d60f800, 0x0000026f4d615800, 0x0000026f4d61b000,
0x0000026f4d61d800, 0x0000026f4e0bb000, 0x0000026f4fed9800, 0x0000026f5005e800,
0x0000026f50fa0800, 0x0000026f50ae9000, 0x0000026f50aea000, 0x0000026f50ae8800,
0x0000026f50966800, 0x0000026f50967000, 0x0000026f50961800, 0x0000026f50968000,
0x0000026f50962000, 0x0000026f50964800, 0x0000026f50964000, 0x0000026f50970000,
0x0000026f54e7e800, 0x0000026f54e7f800, 0x0000026f57016000, 0x0000026f54056800,
0x0000026f57014800, 0x0000026f57013800, 0x0000026f57015000, 0x0000026f57010800,
0x0000026f57017000, 0x0000026f57011000, 0x0000026f57017800, 0x0000026f57012000,
0x0000026f57018800, 0x0000026f57012800, 0x0000026f5701d800, 0x0000026f5701b000,
0x0000026f5701c800, 0x0000026f5399f800, 0x0000026f5701e000, 0x0000026f57019800,
0x0000026f5701a000, 0x0000026f5701b800, 0x0000026f5701f000, 0x0000026f54057000,
0x0000026f54058000, 0x0000026f5405b000, 0x0000026f54055800, 0x0000026f54059000,
0x0000026f5405e800, 0x0000026f5405d800, 0x0000026f5405f800, 0x0000026f54059800,
0x0000026f54060000, 0x0000026f5405c000, 0x0000026f5405d000, 0x0000026f5405a800,
0x0000026f54061000, 0x0000026f54064000, 0x0000026f54062800, 0x0000026f54062000,
0x0000026f54063800, 0x0000026f54e81000, 0x0000026f54e83000, 0x0000026f54e7d000,
0x0000026f54e7e000, 0x0000026f54e86000, 0x0000026f54e82000, 0x0000026f54e88800,
0x0000026f54e89800, 0x0000026f54e84800, 0x0000026f54e87000, 0x0000026f54e85800,
0x0000026f54e83800, 0x0000026f54e8a000, 0x0000026f54e87800, 0x0000026f54e8b000,
0x0000026f54e8c000, 0x0000026f50968800, 0x0000026f50965800, 0x0000026f50963000,
0x0000026f50969800, 0x0000026f5096d800, 0x0000026f5096f000, 0x0000026f5096a800,
0x0000026f5096b000, 0x0000026f50aeb000, 0x0000026f53757000, 0x0000026f53755800,
0x0000026f53756800
}

Java Threads: ( => current thread )
  0x0000026f339fd000 JavaThread "main" [_thread_blocked, id=1784, stack(0x000000ffa3300000,0x000000ffa3400000)]
  0x0000026f4d5f2000 JavaThread "Reference Handler" daemon [_thread_blocked, id=8764, stack(0x000000ffa3a00000,0x000000ffa3b00000)]
  0x0000026f4d5f3000 JavaThread "Finalizer" daemon [_thread_blocked, id=3312, stack(0x000000ffa3b00000,0x000000ffa3c00000)]
  0x0000026f4df82800 JavaThread "Signal Dispatcher" daemon [_thread_blocked, id=1556, stack(0x000000ffa3c00000,0x000000ffa3d00000)]
  0x0000026f4d60e000 JavaThread "Attach Listener" daemon [_thread_blocked, id=6908, stack(0x000000ffa3d00000,0x000000ffa3e00000)]
  0x0000026f4d60f800 JavaThread "Service Thread" daemon [_thread_blocked, id=9764, stack(0x000000ffa3e00000,0x000000ffa3f00000)]
=>0x0000026f4d615800 JavaThread "C2 CompilerThread0" daemon [_thread_in_native, id=7796, stack(0x000000ffa3f00000,0x000000ffa4000000)]
  0x0000026f4d61b000 JavaThread "C1 CompilerThread0" daemon [_thread_in_vm, id=7120, stack(0x000000ffa4000000,0x000000ffa4100000)]
  0x0000026f4d61d800 JavaThread "Sweeper thread" daemon [_thread_blocked, id=8896, stack(0x000000ffa4100000,0x000000ffa4200000)]
  0x0000026f4e0bb000 JavaThread "Common-Cleaner" daemon [_thread_blocked, id=9072, stack(0x000000ffa4200000,0x000000ffa4300000)]
  0x0000026f4fed9800 JavaThread "Daemon health stats" [_thread_blocked, id=4072, stack(0x000000ffa4700000,0x000000ffa4800000)]
  0x0000026f5005e800 JavaThread "Incoming local TCP Connector on port 52073" [_thread_in_native, id=8240, stack(0x000000ffa4400000,0x000000ffa4500000)]
  0x0000026f50fa0800 JavaThread "Daemon periodic checks" [_thread_blocked, id=2232, stack(0x000000ffa4800000,0x000000ffa4900000)]
  0x0000026f50ae9000 JavaThread "Cache worker for journal cache (C:\Users\Admin\.gradle\caches\journal-1)" [_thread_blocked, id=3456, stack(0x000000ffa5200000,0x000000ffa5300000)]
  0x0000026f50aea000 JavaThread "File lock request listener" [_thread_in_native, id=2080, stack(0x000000ffa5300000,0x000000ffa5400000)]
  0x0000026f50ae8800 JavaThread "Cache worker for file hash cache (C:\Users\Admin\.gradle\caches\7.3.3\fileHashes)" [_thread_blocked, id=3152, stack(0x000000ffa5400000,0x000000ffa5500000)]
  0x0000026f50966800 JavaThread "File watcher server" daemon [_thread_in_native, id=9964, stack(0x000000ffa5600000,0x000000ffa5700000)]
  0x0000026f50967000 JavaThread "File watcher consumer" daemon [_thread_blocked, id=4428, stack(0x000000ffa5700000,0x000000ffa5800000)]
  0x0000026f50961800 JavaThread "jar transforms" [_thread_blocked, id=1688, stack(0x000000ffa5800000,0x000000ffa5900000)]
  0x0000026f50968000 JavaThread "jar transforms Thread 2" [_thread_blocked, id=3160, stack(0x000000ffa5900000,0x000000ffa5a00000)]
  0x0000026f50962000 JavaThread "jar transforms Thread 3" [_thread_blocked, id=8572, stack(0x000000ffa5a00000,0x000000ffa5b00000)]
  0x0000026f50964800 JavaThread "jar transforms Thread 4" [_thread_blocked, id=3368, stack(0x000000ffa5b00000,0x000000ffa5c00000)]
  0x0000026f50964000 JavaThread "Cache worker for execution history cache (C:\Users\Admin\.gradle\caches\7.3.3\executionHistory)" [_thread_blocked, id=5936, stack(0x000000ffa5f00000,0x000000ffa6000000)]
  0x0000026f50970000 JavaThread "Cache worker for file content cache (C:\Users\Admin\.gradle\caches\7.3.3\fileContent)" [_thread_blocked, id=7276, stack(0x000000ffa6000000,0x000000ffa6100000)]
  0x0000026f54e7e800 JavaThread "Memory manager" [_thread_blocked, id=5580, stack(0x000000ffa8b00000,0x000000ffa8c00000)]
  0x0000026f54e7f800 JavaThread "pool-3-thread-1" [_thread_blocked, id=7960, stack(0x000000ffa8d00000,0x000000ffa8e00000)]
  0x0000026f57016000 JavaThread "pool-6-thread-1" [_thread_blocked, id=9804, stack(0x000000ffa8a00000,0x000000ffa8b00000)]
  0x0000026f54056800 JavaThread "pool-9-thread-1" [_thread_blocked, id=9596, stack(0x000000ffa8800000,0x000000ffa8900000)]
  0x0000026f57014800 JavaThread "Daemon Thread 4" [_thread_blocked, id=6440, stack(0x000000ffa3000000,0x000000ffa3100000)]
  0x0000026f57013800 JavaThread "Handler for socket connection from /127.0.0.1:52073 to /127.0.0.1:50683" [_thread_in_native, id=10164, stack(0x000000ffa3100000,0x000000ffa3200000)]
  0x0000026f57015000 JavaThread "Cancel handler" [_thread_blocked, id=9268, stack(0x000000ffa3200000,0x000000ffa3300000)]
  0x0000026f57010800 JavaThread "Daemon worker Thread 4" [_thread_blocked, id=5908, stack(0x000000ffa4900000,0x000000ffa4a00000)]
  0x0000026f57017000 JavaThread "Asynchronous log dispatcher for DefaultDaemonConnection: socket connection from /127.0.0.1:52073 to /127.0.0.1:50683" [_thread_blocked, id=2700, stack(0x000000ffa4a00000,0x000000ffa4b00000)]
  0x0000026f57011000 JavaThread "Stdin handler" [_thread_blocked, id=4704, stack(0x000000ffa4b00000,0x000000ffa4c00000)]
  0x0000026f57017800 JavaThread "Daemon client event forwarder" [_thread_blocked, id=8484, stack(0x000000ffa4c00000,0x000000ffa4d00000)]
  0x0000026f57012000 JavaThread "Cache worker for file hash cache (C:\Users\Admin\Desktop\jana\cw77\.gradle\7.3.3\fileHashes)" [_thread_blocked, id=10100, stack(0x000000ffa4d00000,0x000000ffa4e00000)]
  0x0000026f57018800 JavaThread "Cache worker for checksums cache (C:\Users\Admin\Desktop\jana\cw77\.gradle\7.3.3\checksums)" [_thread_blocked, id=468, stack(0x000000ffa4e00000,0x000000ffa4f00000)]
  0x0000026f57012800 JavaThread "Cache worker for cache directory md-supplier (C:\Users\Admin\.gradle\caches\7.3.3\md-supplier)" [_thread_blocked, id=9332, stack(0x000000ffa4f00000,0x000000ffa5000000)]
  0x0000026f5701d800 JavaThread "Cache worker for cache directory md-rule (C:\Users\Admin\.gradle\caches\7.3.3\md-rule)" [_thread_blocked, id=6336, stack(0x000000ffa5000000,0x000000ffa5100000)]
  0x0000026f5701b000 JavaThread "Cache worker for dependencies-accessors (C:\Users\Admin\Desktop\jana\cw77\.gradle\7.3.3\dependencies-accessors)" [_thread_blocked, id=6664, stack(0x000000ffa5500000,0x000000ffa5600000)]
  0x0000026f5701c800 JavaThread "Cache worker for Build Output Cleanup Cache (C:\Users\Admin\Desktop\jana\cw77\.gradle\buildOutputCleanup)" [_thread_blocked, id=8980, stack(0x000000ffa5c00000,0x000000ffa5d00000)]
  0x0000026f5399f800 JavaThread "C2 CompilerThread1" daemon [_thread_in_native, id=9096, stack(0x000000ffa5d00000,0x000000ffa5e00000)]
  0x0000026f5701e000 JavaThread "Unconstrained build operations" [_thread_blocked, id=10036, stack(0x000000ffa5e00000,0x000000ffa5f00000)]
  0x0000026f57019800 JavaThread "Unconstrained build operations Thread 2" [_thread_blocked, id=5520, stack(0x000000ffa6100000,0x000000ffa6200000)]
  0x0000026f5701a000 JavaThread "Unconstrained build operations Thread 3" [_thread_blocked, id=8096, stack(0x000000ffa6200000,0x000000ffa6300000)]
  0x0000026f5701b800 JavaThread "Unconstrained build operations Thread 4" [_thread_blocked, id=2548, stack(0x000000ffa6300000,0x000000ffa6400000)]
  0x0000026f5701f000 JavaThread "Unconstrained build operations Thread 5" [_thread_blocked, id=3256, stack(0x000000ffa6400000,0x000000ffa6500000)]
  0x0000026f54057000 JavaThread "Unconstrained build operations Thread 6" [_thread_blocked, id=5996, stack(0x000000ffa6500000,0x000000ffa6600000)]
  0x0000026f54058000 JavaThread "Unconstrained build operations Thread 7" [_thread_blocked, id=9828, stack(0x000000ffa6600000,0x000000ffa6700000)]
  0x0000026f5405b000 JavaThread "Unconstrained build operations Thread 8" [_thread_blocked, id=6412, stack(0x000000ffa6700000,0x000000ffa6800000)]
  0x0000026f54055800 JavaThread "Unconstrained build operations Thread 9" [_thread_blocked, id=4424, stack(0x000000ffa6800000,0x000000ffa6900000)]
  0x0000026f54059000 JavaThread "Unconstrained build operations Thread 10" [_thread_blocked, id=5548, stack(0x000000ffa6900000,0x000000ffa6a00000)]
  0x0000026f5405e800 JavaThread "Unconstrained build operations Thread 11" [_thread_blocked, id=9724, stack(0x000000ffa6a00000,0x000000ffa6b00000)]
  0x0000026f5405d800 JavaThread "Unconstrained build operations Thread 12" [_thread_blocked, id=4400, stack(0x000000ffa6b00000,0x000000ffa6c00000)]
  0x0000026f5405f800 JavaThread "Unconstrained build operations Thread 13" [_thread_blocked, id=8624, stack(0x000000ffa6c00000,0x000000ffa6d00000)]
  0x0000026f54059800 JavaThread "Unconstrained build operations Thread 14" [_thread_blocked, id=9668, stack(0x000000ffa6d00000,0x000000ffa6e00000)]
  0x0000026f54060000 JavaThread "Unconstrained build operations Thread 15" [_thread_blocked, id=4412, stack(0x000000ffa6e00000,0x000000ffa6f00000)]
  0x0000026f5405c000 JavaThread "Unconstrained build operations Thread 16" [_thread_blocked, id=4088, stack(0x000000ffa6f00000,0x000000ffa7000000)]
  0x0000026f5405d000 JavaThread "Unconstrained build operations Thread 17" [_thread_blocked, id=6264, stack(0x000000ffa7000000,0x000000ffa7100000)]
  0x0000026f5405a800 JavaThread "Unconstrained build operations Thread 18" [_thread_blocked, id=2104, stack(0x000000ffa7100000,0x000000ffa7200000)]
  0x0000026f54061000 JavaThread "Unconstrained build operations Thread 19" [_thread_blocked, id=1368, stack(0x000000ffa7200000,0x000000ffa7300000)]
  0x0000026f54064000 JavaThread "Unconstrained build operations Thread 20" [_thread_blocked, id=9024, stack(0x000000ffa7300000,0x000000ffa7400000)]
  0x0000026f54062800 JavaThread "Unconstrained build operations Thread 21" [_thread_blocked, id=8340, stack(0x000000ffa7400000,0x000000ffa7500000)]
  0x0000026f54062000 JavaThread "Unconstrained build operations Thread 22" [_thread_blocked, id=9044, stack(0x000000ffa7500000,0x000000ffa7600000)]
  0x0000026f54063800 JavaThread "Unconstrained build operations Thread 23" [_thread_blocked, id=3720, stack(0x000000ffa7600000,0x000000ffa7700000)]
  0x0000026f54e81000 JavaThread "Unconstrained build operations Thread 24" [_thread_blocked, id=10168, stack(0x000000ffa7700000,0x000000ffa7800000)]
  0x0000026f54e83000 JavaThread "Unconstrained build operations Thread 25" [_thread_blocked, id=9256, stack(0x000000ffa7800000,0x000000ffa7900000)]
  0x0000026f54e7d000 JavaThread "Unconstrained build operations Thread 26" [_thread_blocked, id=6072, stack(0x000000ffa7900000,0x000000ffa7a00000)]
  0x0000026f54e7e000 JavaThread "Unconstrained build operations Thread 27" [_thread_blocked, id=1100, stack(0x000000ffa7a00000,0x000000ffa7b00000)]
  0x0000026f54e86000 JavaThread "Unconstrained build operations Thread 28" [_thread_blocked, id=6116, stack(0x000000ffa7b00000,0x000000ffa7c00000)]
  0x0000026f54e82000 JavaThread "Unconstrained build operations Thread 29" [_thread_blocked, id=6704, stack(0x000000ffa7c00000,0x000000ffa7d00000)]
  0x0000026f54e88800 JavaThread "Unconstrained build operations Thread 30" [_thread_blocked, id=8256, stack(0x000000ffa7d00000,0x000000ffa7e00000)]
  0x0000026f54e89800 JavaThread "Unconstrained build operations Thread 31" [_thread_blocked, id=8744, stack(0x000000ffa7e00000,0x000000ffa7f00000)]
  0x0000026f54e84800 JavaThread "Unconstrained build operations Thread 32" [_thread_blocked, id=7728, stack(0x000000ffa7f00000,0x000000ffa8000000)]
  0x0000026f54e87000 JavaThread "Unconstrained build operations Thread 33" [_thread_blocked, id=9080, stack(0x000000ffa8000000,0x000000ffa8100000)]
  0x0000026f54e85800 JavaThread "Unconstrained build operations Thread 34" [_thread_blocked, id=272, stack(0x000000ffa8100000,0x000000ffa8200000)]
  0x0000026f54e83800 JavaThread "Unconstrained build operations Thread 35" [_thread_blocked, id=5052, stack(0x000000ffa8200000,0x000000ffa8300000)]
  0x0000026f54e8a000 JavaThread "Unconstrained build operations Thread 36" [_thread_blocked, id=5296, stack(0x000000ffa8300000,0x000000ffa8400000)]
  0x0000026f54e87800 JavaThread "Unconstrained build operations Thread 37" [_thread_blocked, id=10116, stack(0x000000ffa8400000,0x000000ffa8500000)]
  0x0000026f54e8b000 JavaThread "Unconstrained build operations Thread 38" [_thread_blocked, id=2020, stack(0x000000ffa8500000,0x000000ffa8600000)]
  0x0000026f54e8c000 JavaThread "Unconstrained build operations Thread 39" [_thread_blocked, id=3140, stack(0x000000ffa8600000,0x000000ffa8700000)]
  0x0000026f50968800 JavaThread "Unconstrained build operations Thread 40" [_thread_blocked, id=10096, stack(0x000000ffa8700000,0x000000ffa8800000)]
  0x0000026f50965800 JavaThread "build event listener" [_thread_blocked, id=9936, stack(0x000000ffa8900000,0x000000ffa8a00000)]
  0x0000026f50963000 JavaThread "pool-12-thread-1" [_thread_blocked, id=7824, stack(0x000000ffa8c00000,0x000000ffa8d00000)]
  0x0000026f50969800 JavaThread "build event listener" [_thread_blocked, id=1276, stack(0x000000ffa8e00000,0x000000ffa8f00000)]
  0x0000026f5096d800 JavaThread "Execution worker for ':'" [_thread_blocked, id=8268, stack(0x000000ffa8f00000,0x000000ffa9000000)]
  0x0000026f5096f000 JavaThread "Execution worker for ':' Thread 2" [_thread_blocked, id=6024, stack(0x000000ffa9000000,0x000000ffa9100000)]
  0x0000026f5096a800 JavaThread "Execution worker for ':' Thread 3" [_thread_blocked, id=4740, stack(0x000000ffa9100000,0x000000ffa9200000)]
  0x0000026f5096b000 JavaThread "Cache worker for execution history cache (C:\Users\Admin\Desktop\jana\cw77\.gradle\7.3.3\executionHistory)" [_thread_blocked, id=4708, stack(0x000000ffa9200000,0x000000ffa9300000)]
  0x0000026f50aeb000 JavaThread "WorkerExecutor Queue" [_thread_blocked, id=7296, stack(0x000000ffa9300000,0x000000ffa9400000)]
  0x0000026f53757000 JavaThread "WorkerExecutor Queue Thread 2" [_thread_in_Java, id=5516, stack(0x000000ffa9400000,0x000000ffa9500000)]
  0x0000026f53755800 JavaThread "WorkerExecutor Queue Thread 3" [_thread_blocked, id=6588, stack(0x000000ffa9500000,0x000000ffa9600000)]
  0x0000026f53756800 JavaThread "WorkerExecutor Queue Thread 4" [_thread_blocked, id=3032, stack(0x000000ffa9600000,0x000000ffa9700000)]

Other Threads:
  0x0000026f4d5ec800 VMThread "VM Thread" [stack: 0x000000ffa3900000,0x000000ffa3a00000] [id=3020]
  0x0000026f4e0bd800 WatcherThread [stack: 0x000000ffa4300000,0x000000ffa4400000] [id=2620]
  0x0000026f33a18000 GCTaskThread "GC Thread#0" [stack: 0x000000ffa3400000,0x000000ffa3500000] [id=9444]
  0x0000026f4e848800 GCTaskThread "GC Thread#1" [stack: 0x000000ffa4500000,0x000000ffa4600000] [id=2060]
  0x0000026f4e33e800 GCTaskThread "GC Thread#2" [stack: 0x000000ffa4600000,0x000000ffa4700000] [id=932]
  0x0000026f50cd5800 GCTaskThread "GC Thread#3" [stack: 0x000000ffa5100000,0x000000ffa5200000] [id=9304]
  0x0000026f33a47800 ConcurrentGCThread "G1 Main Marker" [stack: 0x000000ffa3500000,0x000000ffa3600000] [id=9548]
  0x0000026f33a4a000 ConcurrentGCThread "G1 Conc#0" [stack: 0x000000ffa3600000,0x000000ffa3700000] [id=9008]
  0x0000026f33ada000 ConcurrentGCThread "G1 Refine#0" [stack: 0x000000ffa3700000,0x000000ffa3800000] [id=8328]
  0x0000026f33adb000 ConcurrentGCThread "G1 Young RemSet Sampling" [stack: 0x000000ffa3800000,0x000000ffa3900000] [id=7140]

Threads with active compile tasks:
C2 CompilerThread03861242 15446   !   4       java.io.ObjectOutputStream::writeObject0 (619 bytes)
C1 CompilerThread03861242 15775       2       com.android.aaptcompiler.XmlStringBuilder::getFlattenedXml (435 bytes)
C2 CompilerThread13861242 15504   !   4       java.io.ObjectInputStream::readSerialData (563 bytes)

VM state:not at safepoint (normal execution)

VM Mutex/Monitor currently owned by a thread:  ([mutex/lock_event])
[0x0000026f339f9160] SystemDictionary_lock - owner thread: 0x0000000000000000
[0x0000026f339fa090] CompiledIC_lock - owner thread: 0x0000000000000000

Heap address: 0x0000000080000000, size: 2048 MB, Compressed Oops mode: 32-bit
Narrow klass base: 0x0000000000000000, Narrow klass shift: 3
Compressed class space size: 1073741824 Address: 0x0000000100000000

Heap:
 garbage-first heap   total 227328K, used 196787K [0x0000000080000000, 0x0000000100000000)
  region size 1024K, 44 young (45056K), 6 survivors (6144K)
 Metaspace       used 108482K, capacity 111053K, committed 111948K, reserved 1146880K
  class space    used 13231K, capacity 14183K, committed 14412K, reserved 1048576K
Heap Regions: E=young(eden), S=young(survivor), O=old, HS=humongous(starts), HC=humongous(continues), CS=collection set, F=free, A=archive, TAMS=top-at-mark-start (previous, next)
|   0|0x0000000080000000, 0x0000000080100000, 0x0000000080100000|100%| O|  |TAMS 0x0000000080100000, 0x0000000080000000| Complete 
|   1|0x0000000080100000, 0x0000000080200000, 0x0000000080200000|100%| O|  |TAMS 0x0000000080200000, 0x0000000080100000| Untracked 
|   2|0x0000000080200000, 0x0000000080300000, 0x0000000080300000|100%| O|  |TAMS 0x0000000080300000, 0x0000000080200000| Complete 
|   3|0x0000000080300000, 0x0000000080400000, 0x0000000080400000|100%|HS|  |TAMS 0x0000000080400000, 0x0000000080300000| Complete 
|   4|0x0000000080400000, 0x0000000080500000, 0x0000000080500000|100%|HC|  |TAMS 0x0000000080500000, 0x0000000080400000| Complete 
|   5|0x0000000080500000, 0x0000000080600000, 0x0000000080600000|100%|HC|  |TAMS 0x0000000080600000, 0x0000000080500000| Complete 
|   6|0x0000000080600000, 0x0000000080700000, 0x0000000080700000|100%| O|  |TAMS 0x0000000080700000, 0x0000000080600000| Untracked 
|   7|0x0000000080700000, 0x0000000080800000, 0x0000000080800000|100%| O|  |TAMS 0x0000000080800000, 0x0000000080700000| Untracked 
|   8|0x0000000080800000, 0x0000000080900000, 0x0000000080900000|100%| O|  |TAMS 0x0000000080900000, 0x0000000080800000| Untracked 
|   9|0x0000000080900000, 0x0000000080a00000, 0x0000000080a00000|100%| O|  |TAMS 0x0000000080a00000, 0x0000000080900000| Untracked 
|  10|0x0000000080a00000, 0x0000000080b00000, 0x0000000080b00000|100%| O|  |TAMS 0x0000000080b00000, 0x0000000080a00000| Untracked 
|  11|0x0000000080b00000, 0x0000000080c00000, 0x0000000080c00000|100%| O|  |TAMS 0x0000000080c00000, 0x0000000080b00000| Complete 
|  12|0x0000000080c00000, 0x0000000080d00000, 0x0000000080d00000|100%| O|  |TAMS 0x0000000080d00000, 0x0000000080c00000| Untracked 
|  13|0x0000000080d00000, 0x0000000080e00000, 0x0000000080e00000|100%|HS|  |TAMS 0x0000000080e00000, 0x0000000080d00000| Complete 
|  14|0x0000000080e00000, 0x0000000080f00000, 0x0000000080f00000|100%|HC|  |TAMS 0x0000000080f00000, 0x0000000080e00000| Complete 
|  15|0x0000000080f00000, 0x0000000081000000, 0x0000000081000000|100%|HS|  |TAMS 0x0000000081000000, 0x0000000080f00000| Complete 
|  16|0x0000000081000000, 0x0000000081100000, 0x0000000081100000|100%|HC|  |TAMS 0x0000000081100000, 0x0000000081000000| Complete 
|  17|0x0000000081100000, 0x0000000081200000, 0x0000000081200000|100%|HC|  |TAMS 0x0000000081200000, 0x0000000081100000| Complete 
|  18|0x0000000081200000, 0x0000000081300000, 0x0000000081300000|100%|HS|  |TAMS 0x0000000081300000, 0x0000000081200000| Complete 
|  19|0x0000000081300000, 0x0000000081400000, 0x0000000081400000|100%|HS|  |TAMS 0x0000000081400000, 0x0000000081300000| Complete 
|  20|0x0000000081400000, 0x0000000081500000, 0x0000000081500000|100%|HC|  |TAMS 0x0000000081500000, 0x0000000081400000| Complete 
|  21|0x0000000081500000, 0x0000000081600000, 0x0000000081600000|100%|HC|  |TAMS 0x0000000081600000, 0x0000000081500000| Complete 
|  22|0x0000000081600000, 0x0000000081700000, 0x0000000081700000|100%|HC|  |TAMS 0x0000000081700000, 0x0000000081600000| Complete 
|  23|0x0000000081700000, 0x0000000081800000, 0x0000000081800000|100%| O|  |TAMS 0x0000000081800000, 0x0000000081700000| Untracked 
|  24|0x0000000081800000, 0x0000000081900000, 0x0000000081900000|100%| O|  |TAMS 0x0000000081900000, 0x0000000081800000| Untracked 
|  25|0x0000000081900000, 0x0000000081a00000, 0x0000000081a00000|100%| O|  |TAMS 0x0000000081a00000, 0x0000000081900000| Complete 
|  26|0x0000000081a00000, 0x0000000081b00000, 0x0000000081b00000|100%| O|  |TAMS 0x0000000081b00000, 0x0000000081a00000| Untracked 
|  27|0x0000000081b00000, 0x0000000081c00000, 0x0000000081c00000|100%| O|  |TAMS 0x0000000081c00000, 0x0000000081b00000| Untracked 
|  28|0x0000000081c00000, 0x0000000081d00000, 0x0000000081d00000|100%| O|  |TAMS 0x0000000081d00000, 0x0000000081c00000| Untracked 
|  29|0x0000000081d00000, 0x0000000081e00000, 0x0000000081e00000|100%| O|  |TAMS 0x0000000081e00000, 0x0000000081d00000| Untracked 
|  30|0x0000000081e00000, 0x0000000081f00000, 0x0000000081f00000|100%| O|  |TAMS 0x0000000081f00000, 0x0000000081e00000| Complete 
|  31|0x0000000081f00000, 0x0000000082000000, 0x0000000082000000|100%| O|  |TAMS 0x0000000082000000, 0x0000000081f00000| Complete 
|  32|0x0000000082000000, 0x0000000082100000, 0x0000000082100000|100%| O|  |TAMS 0x0000000082100000, 0x0000000082000000| Complete 
|  33|0x0000000082100000, 0x0000000082200000, 0x0000000082200000|100%| O|  |TAMS 0x0000000082200000, 0x0000000082100000| Complete 
|  34|0x0000000082200000, 0x0000000082300000, 0x0000000082300000|100%| O|  |TAMS 0x0000000082300000, 0x0000000082200000| Complete 
|  35|0x0000000082300000, 0x0000000082400000, 0x0000000082400000|100%|HS|  |TAMS 0x0000000082400000, 0x0000000082300000| Complete 
|  36|0x0000000082400000, 0x0000000082500000, 0x0000000082500000|100%|HS|  |TAMS 0x0000000082500000, 0x0000000082400000| Complete 
|  37|0x0000000082500000, 0x0000000082600000, 0x0000000082600000|100%|HC|  |TAMS 0x0000000082600000, 0x0000000082500000| Complete 
|  38|0x0000000082600000, 0x0000000082700000, 0x0000000082700000|100%|HC|  |TAMS 0x0000000082700000, 0x0000000082600000| Complete 
|  39|0x0000000082700000, 0x0000000082800000, 0x0000000082800000|100%|HS|  |TAMS 0x0000000082800000, 0x0000000082700000| Complete 
|  40|0x0000000082800000, 0x0000000082900000, 0x0000000082900000|100%|HC|  |TAMS 0x0000000082900000, 0x0000000082800000| Complete 
|  41|0x0000000082900000, 0x0000000082a00000, 0x0000000082a00000|100%|HC|  |TAMS 0x0000000082a00000, 0x0000000082900000| Complete 
|  42|0x0000000082a00000, 0x0000000082b00000, 0x0000000082b00000|100%|HC|  |TAMS 0x0000000082b00000, 0x0000000082a00000| Complete 
|  43|0x0000000082b00000, 0x0000000082c00000, 0x0000000082c00000|100%| O|  |TAMS 0x0000000082c00000, 0x0000000082b00000| Complete 
|  44|0x0000000082c00000, 0x0000000082d00000, 0x0000000082d00000|100%| O|  |TAMS 0x0000000082d00000, 0x0000000082c00000| Untracked 
|  45|0x0000000082d00000, 0x0000000082e00000, 0x0000000082e00000|100%| O|  |TAMS 0x0000000082e00000, 0x0000000082d00000| Complete 
|  46|0x0000000082e00000, 0x0000000082f00000, 0x0000000082f00000|100%| O|  |TAMS 0x0000000082f00000, 0x0000000082e00000| Untracked 
|  47|0x0000000082f00000, 0x0000000083000000, 0x0000000083000000|100%| O|  |TAMS 0x0000000083000000, 0x0000000082f00000| Complete 
|  48|0x0000000083000000, 0x0000000083100000, 0x0000000083100000|100%|HS|  |TAMS 0x0000000083100000, 0x0000000083000000| Complete 
|  49|0x0000000083100000, 0x0000000083200000, 0x0000000083200000|100%|HS|  |TAMS 0x0000000083200000, 0x0000000083100000| Complete 
|  50|0x0000000083200000, 0x0000000083300000, 0x0000000083300000|100%|HS|  |TAMS 0x0000000083300000, 0x0000000083200000| Complete 
|  51|0x0000000083300000, 0x0000000083400000, 0x0000000083400000|100%|HC|  |TAMS 0x0000000083400000, 0x0000000083300000| Complete 
|  52|0x0000000083400000, 0x0000000083500000, 0x0000000083500000|100%| O|  |TAMS 0x0000000083500000, 0x0000000083400000| Untracked 
|  53|0x0000000083500000, 0x0000000083600000, 0x0000000083600000|100%| O|  |TAMS 0x0000000083600000, 0x0000000083500000| Untracked 
|  54|0x0000000083600000, 0x0000000083700000, 0x0000000083700000|100%| O|  |TAMS 0x0000000083700000, 0x0000000083600000| Complete 
|  55|0x0000000083700000, 0x0000000083800000, 0x0000000083800000|100%|HS|  |TAMS 0x0000000083800000, 0x0000000083700000| Complete 
|  56|0x0000000083800000, 0x0000000083900000, 0x0000000083900000|100%| O|  |TAMS 0x0000000083900000, 0x0000000083800000| Complete 
|  57|0x0000000083900000, 0x0000000083a00000, 0x0000000083a00000|100%| O|  |TAMS 0x0000000083a00000, 0x0000000083900000| Complete 
|  58|0x0000000083a00000, 0x0000000083b00000, 0x0000000083b00000|100%| O|  |TAMS 0x0000000083b00000, 0x0000000083a00000| Untracked 
|  59|0x0000000083b00000, 0x0000000083c00000, 0x0000000083c00000|100%| O|  |TAMS 0x0000000083c00000, 0x0000000083b00000| Untracked 
|  60|0x0000000083c00000, 0x0000000083d00000, 0x0000000083d00000|100%| O|  |TAMS 0x0000000083d00000, 0x0000000083c00000| Untracked 
|  61|0x0000000083d00000, 0x0000000083e00000, 0x0000000083e00000|100%| O|  |TAMS 0x0000000083e00000, 0x0000000083d00000| Untracked 
|  62|0x0000000083e00000, 0x0000000083f00000, 0x0000000083f00000|100%| O|  |TAMS 0x0000000083f00000, 0x0000000083e00000| Complete 
|  63|0x0000000083f00000, 0x0000000084000000, 0x0000000084000000|100%| O|  |TAMS 0x0000000084000000, 0x0000000083f00000| Untracked 
|  64|0x0000000084000000, 0x0000000084100000, 0x0000000084100000|100%| O|  |TAMS 0x0000000084100000, 0x0000000084000000| Complete 
|  65|0x0000000084100000, 0x0000000084200000, 0x0000000084200000|100%| O|  |TAMS 0x0000000084200000, 0x0000000084100000| Complete 
|  66|0x0000000084200000, 0x0000000084300000, 0x0000000084300000|100%| O|  |TAMS 0x0000000084300000, 0x0000000084200000| Complete 
|  67|0x0000000084300000, 0x0000000084400000, 0x0000000084400000|100%|HS|  |TAMS 0x0000000084300000, 0x0000000084300000| Complete 
|  68|0x0000000084400000, 0x0000000084500000, 0x0000000084500000|100%| O|  |TAMS 0x0000000084500000, 0x0000000084400000| Untracked 
|  69|0x0000000084500000, 0x0000000084600000, 0x0000000084600000|100%|HS|  |TAMS 0x0000000084600000, 0x0000000084500000| Complete 
|  70|0x0000000084600000, 0x0000000084700000, 0x0000000084700000|100%|HC|  |TAMS 0x0000000084700000, 0x0000000084600000| Complete 
|  71|0x0000000084700000, 0x0000000084800000, 0x0000000084800000|100%|HS|  |TAMS 0x0000000084800000, 0x0000000084700000| Complete 
|  72|0x0000000084800000, 0x0000000084900000, 0x0000000084900000|100%|HC|  |TAMS 0x0000000084900000, 0x0000000084800000| Complete 
|  73|0x0000000084900000, 0x0000000084a00000, 0x0000000084a00000|100%|HC|  |TAMS 0x0000000084a00000, 0x0000000084900000| Complete 
|  74|0x0000000084a00000, 0x0000000084b00000, 0x0000000084b00000|100%|HS|  |TAMS 0x0000000084b00000, 0x0000000084a00000| Complete 
|  75|0x0000000084b00000, 0x0000000084c00000, 0x0000000084c00000|100%|HS|  |TAMS 0x0000000084c00000, 0x0000000084b00000| Complete 
|  76|0x0000000084c00000, 0x0000000084d00000, 0x0000000084d00000|100%|HC|  |TAMS 0x0000000084d00000, 0x0000000084c00000| Complete 
|  77|0x0000000084d00000, 0x0000000084e00000, 0x0000000084e00000|100%|HC|  |TAMS 0x0000000084e00000, 0x0000000084d00000| Complete 
|  78|0x0000000084e00000, 0x0000000084f00000, 0x0000000084f00000|100%|HC|  |TAMS 0x0000000084f00000, 0x0000000084e00000| Complete 
|  79|0x0000000084f00000, 0x0000000085000000, 0x0000000085000000|100%| O|  |TAMS 0x0000000085000000, 0x0000000084f00000| Complete 
|  80|0x0000000085000000, 0x0000000085100000, 0x0000000085100000|100%| O|  |TAMS 0x0000000085100000, 0x0000000085000000| Complete 
|  81|0x0000000085100000, 0x0000000085200000, 0x0000000085200000|100%| O|  |TAMS 0x0000000085200000, 0x0000000085100000| Complete 
|  82|0x0000000085200000, 0x0000000085300000, 0x0000000085300000|100%| O|  |TAMS 0x0000000085300000, 0x0000000085200000| Untracked 
|  83|0x0000000085300000, 0x0000000085400000, 0x0000000085400000|100%| O|  |TAMS 0x0000000085400000, 0x0000000085300000| Untracked 
|  84|0x0000000085400000, 0x0000000085500000, 0x0000000085500000|100%| O|  |TAMS 0x0000000085500000, 0x0000000085400000| Complete 
|  85|0x0000000085500000, 0x0000000085600000, 0x0000000085600000|100%| O|  |TAMS 0x0000000085600000, 0x0000000085500000| Complete 
|  86|0x0000000085600000, 0x0000000085700000, 0x0000000085700000|100%| O|  |TAMS 0x0000000085700000, 0x0000000085600000| Complete 
|  87|0x0000000085700000, 0x0000000085800000, 0x0000000085800000|100%| O|  |TAMS 0x0000000085800000, 0x0000000085700000| Untracked 
|  88|0x0000000085800000, 0x0000000085900000, 0x0000000085900000|100%| O|  |TAMS 0x0000000085900000, 0x0000000085800000| Untracked 
|  89|0x0000000085900000, 0x0000000085a00000, 0x0000000085a00000|100%| O|  |TAMS 0x0000000085a00000, 0x0000000085900000| Untracked 
|  90|0x0000000085a00000, 0x0000000085b00000, 0x0000000085b00000|100%| O|  |TAMS 0x0000000085b00000, 0x0000000085a00000| Untracked 
|  91|0x0000000085b00000, 0x0000000085c00000, 0x0000000085c00000|100%| O|  |TAMS 0x0000000085c00000, 0x0000000085b00000| Untracked 
|  92|0x0000000085c00000, 0x0000000085d00000, 0x0000000085d00000|100%| O|  |TAMS 0x0000000085d00000, 0x0000000085c00000| Untracked 
|  93|0x0000000085d00000, 0x0000000085e00000, 0x0000000085e00000|100%| O|  |TAMS 0x0000000085e00000, 0x0000000085d00000| Complete 
|  94|0x0000000085e00000, 0x0000000085f00000, 0x0000000085f00000|100%| O|  |TAMS 0x0000000085f00000, 0x0000000085e00000| Complete 
|  95|0x0000000085f00000, 0x0000000086000000, 0x0000000086000000|100%| O|  |TAMS 0x0000000086000000, 0x0000000085f00000| Untracked 
|  96|0x0000000086000000, 0x0000000086100000, 0x0000000086100000|100%| O|  |TAMS 0x0000000086100000, 0x0000000086000000| Complete 
|  97|0x0000000086100000, 0x0000000086200000, 0x0000000086200000|100%| O|  |TAMS 0x0000000086200000, 0x0000000086100000| Complete 
|  98|0x0000000086200000, 0x0000000086300000, 0x0000000086300000|100%| O|  |TAMS 0x0000000086300000, 0x0000000086200000| Untracked 
|  99|0x0000000086300000, 0x0000000086400000, 0x0000000086400000|100%| O|  |TAMS 0x0000000086400000, 0x0000000086300000| Complete 
| 100|0x0000000086400000, 0x0000000086500000, 0x0000000086500000|100%| O|  |TAMS 0x0000000086500000, 0x0000000086400000| Untracked 
| 101|0x0000000086500000, 0x0000000086600000, 0x0000000086600000|100%| O|  |TAMS 0x0000000086600000, 0x0000000086500000| Complete 
| 102|0x0000000086600000, 0x0000000086700000, 0x0000000086700000|100%| O|  |TAMS 0x0000000086700000, 0x0000000086600000| Complete 
| 103|0x0000000086700000, 0x0000000086800000, 0x0000000086800000|100%| O|  |TAMS 0x0000000086800000, 0x0000000086700000| Untracked 
| 104|0x0000000086800000, 0x0000000086900000, 0x0000000086900000|100%| O|  |TAMS 0x0000000086900000, 0x0000000086800000| Complete 
| 105|0x0000000086900000, 0x0000000086a00000, 0x0000000086a00000|100%| O|  |TAMS 0x0000000086a00000, 0x0000000086900000| Complete 
| 106|0x0000000086a00000, 0x0000000086b00000, 0x0000000086b00000|100%| O|  |TAMS 0x0000000086b00000, 0x0000000086a00000| Complete 
| 107|0x0000000086b00000, 0x0000000086c00000, 0x0000000086c00000|100%| O|  |TAMS 0x0000000086c00000, 0x0000000086b00000| Complete 
| 108|0x0000000086c00000, 0x0000000086ccba00, 0x0000000086d00000| 79%| O|  |TAMS 0x0000000086ccba00, 0x0000000086c00000| Untracked 
| 109|0x0000000086d00000, 0x0000000086d00000, 0x0000000086e00000|  0%| F|  |TAMS 0x0000000086d00000, 0x0000000086d00000| Untracked 
| 110|0x0000000086e00000, 0x0000000086f00000, 0x0000000086f00000|100%| O|  |TAMS 0x0000000086f00000, 0x0000000086e00000| Untracked 
| 111|0x0000000086f00000, 0x0000000087000000, 0x0000000087000000|100%| O|  |TAMS 0x0000000087000000, 0x0000000086f00000| Untracked 
| 112|0x0000000087000000, 0x0000000087100000, 0x0000000087100000|100%| O|  |TAMS 0x0000000087100000, 0x0000000087000000| Untracked 
| 113|0x0000000087100000, 0x0000000087200000, 0x0000000087200000|100%| O|  |TAMS 0x0000000087200000, 0x0000000087100000| Untracked 
| 114|0x0000000087200000, 0x0000000087300000, 0x0000000087300000|100%| O|  |TAMS 0x0000000087300000, 0x0000000087200000| Complete 
| 115|0x0000000087300000, 0x0000000087400000, 0x0000000087400000|100%| O|  |TAMS 0x0000000087400000, 0x0000000087300000| Untracked 
| 116|0x0000000087400000, 0x0000000087500000, 0x0000000087500000|100%| O|  |TAMS 0x0000000087500000, 0x0000000087400000| Untracked 
| 117|0x0000000087500000, 0x0000000087600000, 0x0000000087600000|100%| O|  |TAMS 0x0000000087600000, 0x0000000087500000| Untracked 
| 118|0x0000000087600000, 0x0000000087700000, 0x0000000087700000|100%| O|  |TAMS 0x0000000087700000, 0x0000000087600000| Untracked 
| 119|0x0000000087700000, 0x0000000087800000, 0x0000000087800000|100%| O|  |TAMS 0x0000000087800000, 0x0000000087700000| Untracked 
| 120|0x0000000087800000, 0x0000000087900000, 0x0000000087900000|100%| O|  |TAMS 0x0000000087900000, 0x0000000087800000| Untracked 
| 121|0x0000000087900000, 0x0000000087a00000, 0x0000000087a00000|100%| O|  |TAMS 0x0000000087a00000, 0x0000000087900000| Untracked 
| 122|0x0000000087a00000, 0x0000000087b00000, 0x0000000087b00000|100%| O|  |TAMS 0x0000000087b00000, 0x0000000087a00000| Untracked 
| 123|0x0000000087b00000, 0x0000000087c00000, 0x0000000087c00000|100%| O|  |TAMS 0x0000000087c00000, 0x0000000087b00000| Untracked 
| 124|0x0000000087c00000, 0x0000000087d00000, 0x0000000087d00000|100%| O|  |TAMS 0x0000000087d00000, 0x0000000087c00000| Untracked 
| 125|0x0000000087d00000, 0x0000000087e00000, 0x0000000087e00000|100%| O|  |TAMS 0x0000000087e00000, 0x0000000087d00000| Untracked 
| 126|0x0000000087e00000, 0x0000000087f00000, 0x0000000087f00000|100%| O|  |TAMS 0x0000000087f00000, 0x0000000087e00000| Untracked 
| 127|0x0000000087f00000, 0x0000000088000000, 0x0000000088000000|100%| O|  |TAMS 0x0000000088000000, 0x0000000087f00000| Untracked 
| 128|0x0000000088000000, 0x0000000088100000, 0x0000000088100000|100%| O|  |TAMS 0x0000000088100000, 0x0000000088000000| Untracked 
| 129|0x0000000088100000, 0x0000000088200000, 0x0000000088200000|100%| O|  |TAMS 0x0000000088200000, 0x0000000088100000| Untracked 
| 130|0x0000000088200000, 0x0000000088300000, 0x0000000088300000|100%| O|  |TAMS 0x0000000088300000, 0x0000000088200000| Untracked 
| 131|0x0000000088300000, 0x0000000088400000, 0x0000000088400000|100%| O|  |TAMS 0x0000000088400000, 0x0000000088300000| Untracked 
| 132|0x0000000088400000, 0x0000000088500000, 0x0000000088500000|100%| O|  |TAMS 0x0000000088500000, 0x0000000088400000| Untracked 
| 133|0x0000000088500000, 0x0000000088600000, 0x0000000088600000|100%| O|  |TAMS 0x0000000088600000, 0x0000000088500000| Untracked 
| 134|0x0000000088600000, 0x0000000088700000, 0x0000000088700000|100%| O|  |TAMS 0x0000000088700000, 0x0000000088600000| Untracked 
| 135|0x0000000088700000, 0x0000000088800000, 0x0000000088800000|100%| O|  |TAMS 0x0000000088800000, 0x0000000088700000| Untracked 
| 136|0x0000000088800000, 0x0000000088900000, 0x0000000088900000|100%| O|  |TAMS 0x0000000088900000, 0x0000000088800000| Untracked 
| 137|0x0000000088900000, 0x0000000088a00000, 0x0000000088a00000|100%| O|  |TAMS 0x0000000088a00000, 0x0000000088900000| Complete 
| 138|0x0000000088a00000, 0x0000000088b00000, 0x0000000088b00000|100%|HS|  |TAMS 0x0000000088a00000, 0x0000000088a00000| Complete 
| 139|0x0000000088b00000, 0x0000000088c00000, 0x0000000088c00000|100%|HC|  |TAMS 0x0000000088b00000, 0x0000000088b00000| Complete 
| 140|0x0000000088c00000, 0x0000000088d00000, 0x0000000088d00000|100%|HS|  |TAMS 0x0000000088c00000, 0x0000000088c00000| Complete 
| 141|0x0000000088d00000, 0x0000000088e00000, 0x0000000088e00000|100%|HC|  |TAMS 0x0000000088d00000, 0x0000000088d00000| Complete 
| 142|0x0000000088e00000, 0x0000000088f00000, 0x0000000088f00000|100%|HC|  |TAMS 0x0000000088e00000, 0x0000000088e00000| Complete 
| 143|0x0000000088f00000, 0x0000000089000000, 0x0000000089000000|100%|HC|  |TAMS 0x0000000088f00000, 0x0000000088f00000| Complete 
| 144|0x0000000089000000, 0x0000000089100000, 0x0000000089100000|100%|HS|  |TAMS 0x0000000089000000, 0x0000000089000000| Complete 
| 145|0x0000000089100000, 0x0000000089200000, 0x0000000089200000|100%|HC|  |TAMS 0x0000000089100000, 0x0000000089100000| Complete 
| 146|0x0000000089200000, 0x0000000089300000, 0x0000000089300000|100%|HS|  |TAMS 0x0000000089200000, 0x0000000089200000| Complete 
| 147|0x0000000089300000, 0x0000000089400000, 0x0000000089400000|100%|HC|  |TAMS 0x0000000089300000, 0x0000000089300000| Complete 
| 148|0x0000000089400000, 0x0000000089500000, 0x0000000089500000|100%|HC|  |TAMS 0x0000000089400000, 0x0000000089400000| Complete 
| 149|0x0000000089500000, 0x0000000089600000, 0x0000000089600000|100%|HS|  |TAMS 0x0000000089500000, 0x0000000089500000| Complete 
| 150|0x0000000089600000, 0x0000000089700000, 0x0000000089700000|100%|HC|  |TAMS 0x0000000089600000, 0x0000000089600000| Complete 
| 151|0x0000000089700000, 0x0000000089800000, 0x0000000089800000|100%|HC|  |TAMS 0x0000000089700000, 0x0000000089700000| Complete 
| 152|0x0000000089800000, 0x0000000089800000, 0x0000000089900000|  0%| F|  |TAMS 0x0000000089800000, 0x0000000089800000| Untracked 
| 153|0x0000000089900000, 0x0000000089900000, 0x0000000089a00000|  0%| F|  |TAMS 0x0000000089900000, 0x0000000089900000| Untracked 
| 154|0x0000000089a00000, 0x0000000089a00000, 0x0000000089b00000|  0%| F|  |TAMS 0x0000000089a00000, 0x0000000089a00000| Untracked 
| 155|0x0000000089b00000, 0x0000000089b00000, 0x0000000089c00000|  0%| F|  |TAMS 0x0000000089b00000, 0x0000000089b00000| Untracked 
| 156|0x0000000089c00000, 0x0000000089c00000, 0x0000000089d00000|  0%| F|  |TAMS 0x0000000089c00000, 0x0000000089c00000| Untracked 
| 157|0x0000000089d00000, 0x0000000089d00000, 0x0000000089e00000|  0%| F|  |TAMS 0x0000000089d00000, 0x0000000089d00000| Untracked 
| 158|0x0000000089e00000, 0x0000000089e00000, 0x0000000089f00000|  0%| F|  |TAMS 0x0000000089e00000, 0x0000000089e00000| Untracked 
| 159|0x0000000089f00000, 0x0000000089f00000, 0x000000008a000000|  0%| F|  |TAMS 0x0000000089f00000, 0x0000000089f00000| Untracked 
| 160|0x000000008a000000, 0x000000008a000000, 0x000000008a100000|  0%| F|  |TAMS 0x000000008a000000, 0x000000008a000000| Untracked 
| 161|0x000000008a100000, 0x000000008a100000, 0x000000008a200000|  0%| F|  |TAMS 0x000000008a100000, 0x000000008a100000| Untracked 
| 162|0x000000008a200000, 0x000000008a200000, 0x000000008a300000|  0%| F|  |TAMS 0x000000008a200000, 0x000000008a200000| Untracked 
| 163|0x000000008a300000, 0x000000008a300000, 0x000000008a400000|  0%| F|  |TAMS 0x000000008a300000, 0x000000008a300000| Untracked 
| 164|0x000000008a400000, 0x000000008a400000, 0x000000008a500000|  0%| F|  |TAMS 0x000000008a400000, 0x000000008a400000| Untracked 
| 165|0x000000008a500000, 0x000000008a500000, 0x000000008a600000|  0%| F|  |TAMS 0x000000008a500000, 0x000000008a500000| Untracked 
| 166|0x000000008a600000, 0x000000008a600000, 0x000000008a700000|  0%| F|  |TAMS 0x000000008a600000, 0x000000008a600000| Untracked 
| 167|0x000000008a700000, 0x000000008a700000, 0x000000008a800000|  0%| F|  |TAMS 0x000000008a700000, 0x000000008a700000| Untracked 
| 168|0x000000008a800000, 0x000000008a800000, 0x000000008a900000|  0%| F|  |TAMS 0x000000008a800000, 0x000000008a800000| Untracked 
| 169|0x000000008a900000, 0x000000008a900000, 0x000000008aa00000|  0%| F|  |TAMS 0x000000008a900000, 0x000000008a900000| Untracked 
| 170|0x000000008aa00000, 0x000000008aa00000, 0x000000008ab00000|  0%| F|  |TAMS 0x000000008aa00000, 0x000000008aa00000| Untracked 
| 171|0x000000008ab00000, 0x000000008ab00000, 0x000000008ac00000|  0%| F|  |TAMS 0x000000008ab00000, 0x000000008ab00000| Untracked 
| 172|0x000000008ac00000, 0x000000008ac00000, 0x000000008ad00000|  0%| F|  |TAMS 0x000000008ac00000, 0x000000008ac00000| Untracked 
| 173|0x000000008ad00000, 0x000000008ad00000, 0x000000008ae00000|  0%| F|  |TAMS 0x000000008ad00000, 0x000000008ad00000| Untracked 
| 174|0x000000008ae00000, 0x000000008ae00000, 0x000000008af00000|  0%| F|  |TAMS 0x000000008ae00000, 0x000000008ae00000| Untracked 
| 175|0x000000008af00000, 0x000000008af00000, 0x000000008b000000|  0%| F|  |TAMS 0x000000008af00000, 0x000000008af00000| Untracked 
| 176|0x000000008b000000, 0x000000008b000000, 0x000000008b100000|  0%| F|  |TAMS 0x000000008b000000, 0x000000008b000000| Untracked 
| 177|0x000000008b100000, 0x000000008b100000, 0x000000008b200000|  0%| F|  |TAMS 0x000000008b100000, 0x000000008b100000| Untracked 
| 178|0x000000008b200000, 0x000000008b26c9a0, 0x000000008b300000| 42%| E|  |TAMS 0x000000008b200000, 0x000000008b200000| Complete 
| 179|0x000000008b300000, 0x000000008b400000, 0x000000008b400000|100%| E|CS|TAMS 0x000000008b300000, 0x000000008b300000| Complete 
| 180|0x000000008b400000, 0x000000008b500000, 0x000000008b500000|100%| E|CS|TAMS 0x000000008b400000, 0x000000008b400000| Complete 
| 181|0x000000008b500000, 0x000000008b600000, 0x000000008b600000|100%| E|CS|TAMS 0x000000008b500000, 0x000000008b500000| Complete 
| 182|0x000000008b600000, 0x000000008b700000, 0x000000008b700000|100%| E|CS|TAMS 0x000000008b600000, 0x000000008b600000| Complete 
| 183|0x000000008b700000, 0x000000008b800000, 0x000000008b800000|100%| E|CS|TAMS 0x000000008b700000, 0x000000008b700000| Complete 
| 184|0x000000008b800000, 0x000000008b900000, 0x000000008b900000|100%| E|CS|TAMS 0x000000008b800000, 0x000000008b800000| Complete 
| 185|0x000000008b900000, 0x000000008ba00000, 0x000000008ba00000|100%| E|CS|TAMS 0x000000008b900000, 0x000000008b900000| Complete 
| 186|0x000000008ba00000, 0x000000008bb00000, 0x000000008bb00000|100%| E|  |TAMS 0x000000008ba00000, 0x000000008ba00000| Complete 
| 187|0x000000008bb00000, 0x000000008bc00000, 0x000000008bc00000|100%| E|CS|TAMS 0x000000008bb00000, 0x000000008bb00000| Complete 
| 188|0x000000008bc00000, 0x000000008bd00000, 0x000000008bd00000|100%| E|CS|TAMS 0x000000008bc00000, 0x000000008bc00000| Complete 
| 189|0x000000008bd00000, 0x000000008be00000, 0x000000008be00000|100%| E|CS|TAMS 0x000000008bd00000, 0x000000008bd00000| Complete 
| 190|0x000000008be00000, 0x000000008bf00000, 0x000000008bf00000|100%| E|CS|TAMS 0x000000008be00000, 0x000000008be00000| Complete 
| 191|0x000000008bf00000, 0x000000008c000000, 0x000000008c000000|100%| E|CS|TAMS 0x000000008bf00000, 0x000000008bf00000| Complete 
| 192|0x000000008c000000, 0x000000008c100000, 0x000000008c100000|100%| E|CS|TAMS 0x000000008c000000, 0x000000008c000000| Complete 
| 193|0x000000008c100000, 0x000000008c200000, 0x000000008c200000|100%| E|CS|TAMS 0x000000008c100000, 0x000000008c100000| Complete 
| 194|0x000000008c200000, 0x000000008c300000, 0x000000008c300000|100%| E|CS|TAMS 0x000000008c200000, 0x000000008c200000| Complete 
| 195|0x000000008c300000, 0x000000008c400000, 0x000000008c400000|100%| E|CS|TAMS 0x000000008c300000, 0x000000008c300000| Complete 
| 196|0x000000008c400000, 0x000000008c500000, 0x000000008c500000|100%| E|CS|TAMS 0x000000008c400000, 0x000000008c400000| Complete 
| 197|0x000000008c500000, 0x000000008c600000, 0x000000008c600000|100%| E|CS|TAMS 0x000000008c500000, 0x000000008c500000| Complete 
| 198|0x000000008c600000, 0x000000008c700000, 0x000000008c700000|100%| E|CS|TAMS 0x000000008c600000, 0x000000008c600000| Complete 
| 199|0x000000008c700000, 0x000000008c7615c0, 0x000000008c800000| 38%| S|CS|TAMS 0x000000008c700000, 0x000000008c700000| Complete 
| 200|0x000000008c800000, 0x000000008c900000, 0x000000008c900000|100%| S|CS|TAMS 0x000000008c800000, 0x000000008c800000| Complete 
| 201|0x000000008c900000, 0x000000008ca00000, 0x000000008ca00000|100%| S|CS|TAMS 0x000000008c900000, 0x000000008c900000| Complete 
| 202|0x000000008ca00000, 0x000000008cb00000, 0x000000008cb00000|100%| S|CS|TAMS 0x000000008ca00000, 0x000000008ca00000| Complete 
| 203|0x000000008cb00000, 0x000000008cc00000, 0x000000008cc00000|100%| S|CS|TAMS 0x000000008cb00000, 0x000000008cb00000| Complete 
| 204|0x000000008cc00000, 0x000000008cd00000, 0x000000008cd00000|100%| S|CS|TAMS 0x000000008cc00000, 0x000000008cc00000| Complete 
| 205|0x000000008cd00000, 0x000000008ce00000, 0x000000008ce00000|100%| E|CS|TAMS 0x000000008cd00000, 0x000000008cd00000| Complete 
| 206|0x000000008ce00000, 0x000000008cf00000, 0x000000008cf00000|100%| E|CS|TAMS 0x000000008ce00000, 0x000000008ce00000| Complete 
| 207|0x000000008cf00000, 0x000000008d000000, 0x000000008d000000|100%| E|CS|TAMS 0x000000008cf00000, 0x000000008cf00000| Complete 
| 208|0x000000008d000000, 0x000000008d100000, 0x000000008d100000|100%| E|CS|TAMS 0x000000008d000000, 0x000000008d000000| Complete 
| 209|0x000000008d100000, 0x000000008d200000, 0x000000008d200000|100%| E|CS|TAMS 0x000000008d100000, 0x000000008d100000| Complete 
| 210|0x000000008d200000, 0x000000008d300000, 0x000000008d300000|100%| E|CS|TAMS 0x000000008d200000, 0x000000008d200000| Complete 
| 211|0x000000008d300000, 0x000000008d400000, 0x000000008d400000|100%| E|CS|TAMS 0x000000008d300000, 0x000000008d300000| Complete 
| 212|0x000000008d400000, 0x000000008d500000, 0x000000008d500000|100%| E|CS|TAMS 0x000000008d400000, 0x000000008d400000| Complete 
| 213|0x000000008d500000, 0x000000008d600000, 0x000000008d600000|100%| E|CS|TAMS 0x000000008d500000, 0x000000008d500000| Complete 
| 214|0x000000008d600000, 0x000000008d700000, 0x000000008d700000|100%| E|CS|TAMS 0x000000008d600000, 0x000000008d600000| Complete 
| 215|0x000000008d700000, 0x000000008d800000, 0x000000008d800000|100%| E|CS|TAMS 0x000000008d700000, 0x000000008d700000| Complete 
| 216|0x000000008d800000, 0x000000008d900000, 0x000000008d900000|100%| E|CS|TAMS 0x000000008d800000, 0x000000008d800000| Complete 
| 217|0x000000008d900000, 0x000000008da00000, 0x000000008da00000|100%| E|CS|TAMS 0x000000008d900000, 0x000000008d900000| Complete 
| 218|0x000000008da00000, 0x000000008db00000, 0x000000008db00000|100%| E|CS|TAMS 0x000000008da00000, 0x000000008da00000| Complete 
| 219|0x000000008db00000, 0x000000008dc00000, 0x000000008dc00000|100%| E|CS|TAMS 0x000000008db00000, 0x000000008db00000| Complete 
| 220|0x000000008dc00000, 0x000000008dd00000, 0x000000008dd00000|100%| E|CS|TAMS 0x000000008dc00000, 0x000000008dc00000| Complete 
| 221|0x000000008dd00000, 0x000000008de00000, 0x000000008de00000|100%| E|CS|TAMS 0x000000008dd00000, 0x000000008dd00000| Complete 

Card table byte_map: [0x0000026f46910000,0x0000026f46d10000] _byte_map_base: 0x0000026f46510000

Marking Bits (Prev, Next): (CMBitMap*) 0x0000026f33a3ea90, (CMBitMap*) 0x0000026f33a3ea58
 Prev Bits: [0x0000026f49110000, 0x0000026f4b110000)
 Next Bits: [0x0000026f47110000, 0x0000026f49110000)

Polling page: 0x0000026f31980000

Metaspace:

Usage:
  Non-class:     94.60 MB capacity,    93.02 MB ( 98%) used,     1.29 MB (  1%) free+waste,   296.50 KB ( <1%) overhead. 
      Class:     13.85 MB capacity,    12.92 MB ( 93%) used,   824.30 KB (  6%) free+waste,   127.50 KB ( <1%) overhead. 
       Both:    108.45 MB capacity,   105.94 MB ( 98%) used,     2.09 MB (  2%) free+waste,   424.00 KB ( <1%) overhead. 

Virtual space:
  Non-class space:       96.00 MB reserved,      95.25 MB (>99%) committed 
      Class space:        1.00 GB reserved,      14.07 MB (  1%) committed 
             Both:        1.09 GB reserved,     109.32 MB ( 10%) committed 

Chunk freelists:
   Non-Class:  538.00 KB
       Class:  185.00 KB
        Both:  723.00 KB

MaxMetaspaceSize: 17179869184.00 GB
CompressedClassSpaceSize: 1.00 GB
Initial GC threshold: 20.80 MB
Current GC threshold: 178.67 MB
CDS: off

CodeHeap 'non-profiled nmethods': size=120064Kb used=10924Kb max_used=10924Kb free=109139Kb
 bounds [0x0000026f3efd0000, 0x0000026f3fa80000, 0x0000026f46510000]
CodeHeap 'profiled nmethods': size=120000Kb used=35240Kb max_used=35240Kb free=84759Kb
 bounds [0x0000026f37aa0000, 0x0000026f39d10000, 0x0000026f3efd0000]
CodeHeap 'non-nmethods': size=5696Kb used=2420Kb max_used=2495Kb free=3275Kb
 bounds [0x0000026f37510000, 0x0000026f37790000, 0x0000026f37aa0000]
 total_blobs=16537 nmethods=15595 adapters=854
 compilation: enabled
              stopped_count=0, restarted_count=0
 full_count=0

Compilation events (20 events):
Event: 3861.209 Thread 0x0000026f4d61b000 15752       2       kotlin.comparisons.ComparisonsKt__ComparisonsKt::nullsFirst (18 bytes)
Event: 3861.209 Thread 0x0000026f4d61b000 nmethod 15752 0x0000026f39cf8d10 code [0x0000026f39cf8f00, 0x0000026f39cf9218]
Event: 3861.209 Thread 0x0000026f4d61b000 15753       2       kotlin.comparisons.ComparisonsKt__ComparisonsKt$nullsFirst$1::<init> (10 bytes)
Event: 3861.209 Thread 0x0000026f4d61b000 nmethod 15753 0x0000026f39cf9410 code [0x0000026f39cf95c0, 0x0000026f39cf96f8]
Event: 3861.209 Thread 0x0000026f4d61b000 15754       2       com.android.aaptcompiler.ResourceConfigValue::<init> (17 bytes)
Event: 3861.210 Thread 0x0000026f4d61b000 nmethod 15754 0x0000026f39cf9790 code [0x0000026f39cf99e0, 0x0000026f39cf9f78]
Event: 3861.210 Thread 0x0000026f4d61b000 15755       2       com.android.aaptcompiler.ResourceConfigValue::<init> (32 bytes)
Event: 3861.210 Thread 0x0000026f4d61b000 nmethod 15755 0x0000026f39cfa290 code [0x0000026f39cfa4e0, 0x0000026f39cfaa58]
Event: 3861.210 Thread 0x0000026f4d61b000 15748       2       java.lang.AbstractStringBuilder::checkRangeSIOOBE (60 bytes)
Event: 3861.211 Thread 0x0000026f4d61b000 nmethod 15748 0x0000026f39cfad10 code [0x0000026f39cfaf40, 0x0000026f39cfb3f8]
Event: 3861.211 Thread 0x0000026f4d61b000 15749       2       org.codehaus.stax2.ri.evt.EndElementEventImpl::asEndElement (2 bytes)
Event: 3861.211 Thread 0x0000026f4d61b000 nmethod 15749 0x0000026f39cfb690 code [0x0000026f39cfb840, 0x0000026f39cfb938]
Event: 3861.211 Thread 0x0000026f4d61b000 15746       2       com.ctc.wstx.sr.InputElementStack::isEmpty (13 bytes)
Event: 3861.211 Thread 0x0000026f4d61b000 nmethod 15746 0x0000026f39cfba10 code [0x0000026f39cfbbc0, 0x0000026f39cfbcd8]
Event: 3861.211 Thread 0x0000026f4d61b000 15761       1       com.android.aaptcompiler.PossibleResourceName::getEntry (5 bytes)
Event: 3861.211 Thread 0x0000026f4d61b000 nmethod 15761 0x0000026f3fa7a610 code [0x0000026f3fa7a7c0, 0x0000026f3fa7a878]
Event: 3861.211 Thread 0x0000026f4d61b000 15762       1       com.android.aaptcompiler.ReferenceInfo::getReference (5 bytes)
Event: 3861.211 Thread 0x0000026f4d61b000 nmethod 15762 0x0000026f3fa7a910 code [0x0000026f3fa7aac0, 0x0000026f3fa7ab78]
Event: 3861.211 Thread 0x0000026f4d61b000 15763       1       com.android.aaptcompiler.Reference::setPrivate (6 bytes)
Event: 3861.211 Thread 0x0000026f4d61b000 nmethod 15763 0x0000026f3fa7ac10 code [0x0000026f3fa7adc0, 0x0000026f3fa7ae78]

GC Heap History (20 events):
Event: 362.121 GC heap before
{Heap before GC invocations=24 (full 0):
 garbage-first heap   total 227328K, used 185781K [0x0000000080000000, 0x0000000100000000)
  region size 1024K, 72 young (73728K), 5 survivors (5120K)
 Metaspace       used 101407K, capacity 104176K, committed 104268K, reserved 1140736K
  class space    used 12644K, capacity 13631K, committed 13644K, reserved 1048576K
}
Event: 362.129 GC heap after
{Heap after GC invocations=25 (full 0):
 garbage-first heap   total 227328K, used 116723K [0x0000000080000000, 0x0000000100000000)
  region size 1024K, 3 young (3072K), 3 survivors (3072K)
 Metaspace       used 101407K, capacity 104176K, committed 104268K, reserved 1140736K
  class space    used 12644K, capacity 13631K, committed 13644K, reserved 1048576K
}
Event: 428.608 GC heap before
{Heap before GC invocations=25 (full 0):
 garbage-first heap   total 227328K, used 187379K [0x0000000080000000, 0x0000000100000000)
  region size 1024K, 73 young (74752K), 3 survivors (3072K)
 Metaspace       used 101886K, capacity 104641K, committed 104908K, reserved 1140736K
  class space    used 12663K, capacity 13662K, committed 13772K, reserved 1048576K
}
Event: 428.638 GC heap after
{Heap after GC invocations=26 (full 0):
 garbage-first heap   total 227328K, used 123856K [0x0000000080000000, 0x0000000100000000)
  region size 1024K, 10 young (10240K), 10 survivors (10240K)
 Metaspace       used 101886K, capacity 104641K, committed 104908K, reserved 1140736K
  class space    used 12663K, capacity 13662K, committed 13772K, reserved 1048576K
}
Event: 2793.130 GC heap before
{Heap before GC invocations=27 (full 0):
 garbage-first heap   total 227328K, used 188368K [0x0000000080000000, 0x0000000100000000)
  region size 1024K, 74 young (75776K), 10 survivors (10240K)
 Metaspace       used 102189K, capacity 104969K, committed 105164K, reserved 1140736K
  class space    used 12664K, capacity 13663K, committed 13772K, reserved 1048576K
}
Event: 2793.138 GC heap after
{Heap after GC invocations=28 (full 0):
 garbage-first heap   total 227328K, used 118595K [0x0000000080000000, 0x0000000100000000)
  region size 1024K, 2 young (2048K), 2 survivors (2048K)
 Metaspace       used 102189K, capacity 104969K, committed 105164K, reserved 1140736K
  class space    used 12664K, capacity 13663K, committed 13772K, reserved 1048576K
}
Event: 3857.025 GC heap before
{Heap before GC invocations=28 (full 0):
 garbage-first heap   total 227328K, used 186179K [0x0000000080000000, 0x0000000100000000)
  region size 1024K, 69 young (70656K), 2 survivors (2048K)
 Metaspace       used 103487K, capacity 106411K, committed 106572K, reserved 1142784K
  class space    used 12814K, capacity 13872K, committed 13900K, reserved 1048576K
}
Event: 3857.041 GC heap after
{Heap after GC invocations=29 (full 0):
 garbage-first heap   total 227328K, used 122592K [0x0000000080000000, 0x0000000100000000)
  region size 1024K, 6 young (6144K), 6 survivors (6144K)
 Metaspace       used 103487K, capacity 106411K, committed 106572K, reserved 1142784K
  class space    used 12814K, capacity 13872K, committed 13900K, reserved 1048576K
}
Event: 3859.044 GC heap before
{Heap before GC invocations=30 (full 0):
 garbage-first heap   total 227328K, used 188128K [0x0000000080000000, 0x0000000100000000)
  region size 1024K, 71 young (72704K), 6 survivors (6144K)
 Metaspace       used 105379K, capacity 107907K, committed 108876K, reserved 1144832K
  class space    used 13002K, capacity 13942K, committed 14156K, reserved 1048576K
}
Event: 3859.067 GC heap after
{Heap after GC invocations=31 (full 0):
 garbage-first heap   total 227328K, used 130095K [0x0000000080000000, 0x0000000100000000)
  region size 1024K, 8 young (8192K), 8 survivors (8192K)
 Metaspace       used 105379K, capacity 107907K, committed 108876K, reserved 1144832K
  class space    used 13002K, capacity 13942K, committed 14156K, reserved 1048576K
}
Event: 3859.115 GC heap before
{Heap before GC invocations=31 (full 0):
 garbage-first heap   total 227328K, used 133167K [0x0000000080000000, 0x0000000100000000)
  region size 1024K, 11 young (11264K), 8 survivors (8192K)
 Metaspace       used 105384K, capacity 107907K, committed 108876K, reserved 1144832K
  class space    used 13002K, capacity 13942K, committed 14156K, reserved 1048576K
}
Event: 3859.141 GC heap after
{Heap after GC invocations=32 (full 0):
 garbage-first heap   total 227328K, used 120308K [0x0000000080000000, 0x0000000100000000)
  region size 1024K, 2 young (2048K), 2 survivors (2048K)
 Metaspace       used 105384K, capacity 107907K, committed 108876K, reserved 1144832K
  class space    used 13002K, capacity 13942K, committed 14156K, reserved 1048576K
}
Event: 3859.258 GC heap before
{Heap before GC invocations=32 (full 0):
 garbage-first heap   total 227328K, used 129524K [0x0000000080000000, 0x0000000100000000)
  region size 1024K, 12 young (12288K), 2 survivors (2048K)
 Metaspace       used 105436K, capacity 107971K, committed 108876K, reserved 1144832K
  class space    used 13002K, capacity 13942K, committed 14156K, reserved 1048576K
}
Event: 3859.266 GC heap after
{Heap after GC invocations=33 (full 0):
 garbage-first heap   total 227328K, used 122654K [0x0000000080000000, 0x0000000100000000)
  region size 1024K, 4 young (4096K), 4 survivors (4096K)
 Metaspace       used 105436K, capacity 107971K, committed 108876K, reserved 1144832K
  class space    used 13002K, capacity 13942K, committed 14156K, reserved 1048576K
}
Event: 3860.229 GC heap before
{Heap before GC invocations=34 (full 0):
 garbage-first heap   total 227328K, used 190238K [0x0000000080000000, 0x0000000100000000)
  region size 1024K, 60 young (61440K), 4 survivors (4096K)
 Metaspace       used 106127K, capacity 108674K, committed 109516K, reserved 1144832K
  class space    used 13048K, capacity 14007K, committed 14284K, reserved 1048576K
}
Event: 3860.252 GC heap after
{Heap after GC invocations=35 (full 0):
 garbage-first heap   total 227328K, used 138564K [0x0000000080000000, 0x0000000100000000)
  region size 1024K, 8 young (8192K), 8 survivors (8192K)
 Metaspace       used 106127K, capacity 108674K, committed 109516K, reserved 1144832K
  class space    used 13048K, capacity 14007K, committed 14284K, reserved 1048576K
}
Event: 3860.319 GC heap before
{Heap before GC invocations=35 (full 0):
 garbage-first heap   total 227328K, used 140612K [0x0000000080000000, 0x0000000100000000)
  region size 1024K, 11 young (11264K), 8 survivors (8192K)
 Metaspace       used 106160K, capacity 108678K, committed 109516K, reserved 1144832K
  class space    used 13051K, capacity 14008K, committed 14284K, reserved 1048576K
}
Event: 3860.334 GC heap after
{Heap after GC invocations=36 (full 0):
 garbage-first heap   total 227328K, used 140417K [0x0000000080000000, 0x0000000100000000)
  region size 1024K, 2 young (2048K), 2 survivors (2048K)
 Metaspace       used 106160K, capacity 108678K, committed 109516K, reserved 1144832K
  class space    used 13051K, capacity 14008K, committed 14284K, reserved 1048576K
}
Event: 3860.568 GC heap before
{Heap before GC invocations=36 (full 0):
 garbage-first heap   total 227328K, used 153729K [0x0000000080000000, 0x0000000100000000)
  region size 1024K, 17 young (17408K), 2 survivors (2048K)
 Metaspace       used 106203K, capacity 108685K, committed 109516K, reserved 1144832K
  class space    used 13053K, capacity 14010K, committed 14284K, reserved 1048576K
}
Event: 3860.579 GC heap after
{Heap after GC invocations=37 (full 0):
 garbage-first heap   total 227328K, used 144563K [0x0000000080000000, 0x0000000100000000)
  region size 1024K, 6 young (6144K), 6 survivors (6144K)
 Metaspace       used 106203K, capacity 108685K, committed 109516K, reserved 1144832K
  class space    used 13053K, capacity 14010K, committed 14284K, reserved 1048576K
}

Deoptimization events (20 events):
Event: 3861.052 Thread 0x0000026f50aeb000 Uncommon trap: trap_request=0xffffff4d fr.pc=0x0000026f3efddd64 relative=0x0000000000000044
Event: 3861.052 Thread 0x0000026f50aeb000 Uncommon trap: reason=unstable_if action=reinterpret pc=0x0000026f3efddd64 method=java.lang.CharacterData.of(I)Ljava/lang/CharacterData; @ 4 c2
Event: 3861.052 Thread 0x0000026f50aeb000 DEOPT PACKING pc=0x0000026f3efddd64 sp=0x000000ffa93fd300
Event: 3861.052 Thread 0x0000026f50aeb000 DEOPT UNPACKING pc=0x0000026f3755a1af sp=0x000000ffa93fd298 mode 2
Event: 3861.059 Thread 0x0000026f50aeb000 Uncommon trap: trap_request=0xffffff4d fr.pc=0x0000026f3eff3428 relative=0x0000000000000188
Event: 3861.059 Thread 0x0000026f50aeb000 Uncommon trap: reason=unstable_if action=reinterpret pc=0x0000026f3eff3428 method=java.lang.String.equals(Ljava/lang/Object;)Z @ 27 c2
Event: 3861.059 Thread 0x0000026f50aeb000 DEOPT PACKING pc=0x0000026f3eff3428 sp=0x000000ffa93fd340
Event: 3861.059 Thread 0x0000026f50aeb000 DEOPT UNPACKING pc=0x0000026f3755a1af sp=0x000000ffa93fd2d0 mode 2
Event: 3861.059 Thread 0x0000026f50aeb000 Uncommon trap: trap_request=0xffffff4d fr.pc=0x0000026f3efd70f8 relative=0x00000000000001d8
Event: 3861.059 Thread 0x0000026f50aeb000 Uncommon trap: reason=unstable_if action=reinterpret pc=0x0000026f3efd70f8 method=java.lang.String.isLatin1()Z @ 10 c2
Event: 3861.059 Thread 0x0000026f50aeb000 DEOPT PACKING pc=0x0000026f3efd70f8 sp=0x000000ffa93fd300
Event: 3861.059 Thread 0x0000026f50aeb000 DEOPT UNPACKING pc=0x0000026f3755a1af sp=0x000000ffa93fd228 mode 2
Event: 3861.074 Thread 0x0000026f50aeb000 Uncommon trap: trap_request=0xffffff4d fr.pc=0x0000026f3f195e9c relative=0x000000000000007c
Event: 3861.074 Thread 0x0000026f50aeb000 Uncommon trap: reason=unstable_if action=reinterpret pc=0x0000026f3f195e9c method=java.lang.String.codePointAt(I)I @ 4 c2
Event: 3861.074 Thread 0x0000026f50aeb000 DEOPT PACKING pc=0x0000026f3f195e9c sp=0x000000ffa93fd5d0
Event: 3861.074 Thread 0x0000026f50aeb000 DEOPT UNPACKING pc=0x0000026f3755a1af sp=0x000000ffa93fd578 mode 2
Event: 3861.107 Thread 0x0000026f50aeb000 Uncommon trap: trap_request=0xffffff4d fr.pc=0x0000026f3f1adc48 relative=0x0000000000000408
Event: 3861.107 Thread 0x0000026f50aeb000 Uncommon trap: reason=unstable_if action=reinterpret pc=0x0000026f3f1adc48 method=java.lang.String.substring(I)Ljava/lang/String; @ 43 c2
Event: 3861.107 Thread 0x0000026f50aeb000 DEOPT PACKING pc=0x0000026f3f1adc48 sp=0x000000ffa93fd5a0
Event: 3861.107 Thread 0x0000026f50aeb000 DEOPT UNPACKING pc=0x0000026f3755a1af sp=0x000000ffa93fd578 mode 2

Classes redefined (0 events):
No events

Internal exceptions (20 events):
Event: 3857.332 Thread 0x0000026f50965800 Exception <a 'java/lang/NoSuchMethodError'{0x000000008d6fd980}: <clinit>> (0x000000008d6fd980) thrown at [./src/hotspot/share/prims/jni.cpp, line 1365]
Event: 3857.336 Thread 0x0000026f50965800 Implicit null exception at 0x0000026f3f5200ad to 0x0000026f3f526a54
Event: 3857.361 Thread 0x0000026f5701c800 Implicit null exception at 0x0000026f3f8ce9c6 to 0x0000026f3f8d0f40
Event: 3857.383 Thread 0x0000026f5096a800 Exception <a 'java/lang/NoSuchMethodError'{0x000000008d4629a8}: 'java.lang.Object java.lang.invoke.DirectMethodHandle$Holder.invokeInterface(java.lang.Object, java.lang.Object, int)'> (0x000000008d4629a8) thrown at [./src/hotspot/share/interpreter/linkResolver.cpp, line 773]
Event: 3857.384 Thread 0x0000026f5096a800 Exception <a 'java/lang/NoSuchMethodError'{0x000000008d475130}: 'void java.lang.invoke.DirectMethodHandle$Holder.invokeStatic(java.lang.Object, java.lang.Object, java.lang.Object, int)'> (0x000000008d475130) thrown at [./src/hotspot/share/interpreter/linkResolver.cpp, line 773]
Event: 3857.387 Thread 0x0000026f57017800 Exception <a 'java/lang/NoSuchMethodError'{0x000000008d47abf0}: <clinit>> (0x000000008d47abf0) thrown at [./src/hotspot/share/prims/jni.cpp, line 1365]
Event: 3857.550 Thread 0x0000026f5096d800 Implicit null exception at 0x0000026f3f402574 to 0x0000026f3f405888
Event: 3857.578 Thread 0x0000026f5096d800 Implicit null exception at 0x0000026f3f2e3a77 to 0x0000026f3f2e3c10
Event: 3857.597 Thread 0x0000026f5096d800 Exception <a 'java/lang/NoSuchMethodError'{0x000000008d05f958}: 'java.lang.Object java.lang.invoke.DirectMethodHandle$Holder.newInvokeSpecial(java.lang.Object, java.lang.Object, java.lang.Object, java.lang.Object)'> (0x000000008d05f958) thrown at [./src/hotspot/share/interpreter/linkResolver.cpp, line 773]
Event: 3857.610 Thread 0x0000026f57017800 Exception <a 'java/lang/NoSuchMethodError'{0x000000008d0c99a0}: <clinit>> (0x000000008d0c99a0) thrown at [./src/hotspot/share/prims/jni.cpp, line 1365]
Event: 3857.633 Thread 0x0000026f5096d800 Exception <a 'sun/nio/fs/WindowsException'{0x000000008d0fdd78}> (0x000000008d0fdd78) thrown at [./src/hotspot/share/prims/jni.cpp, line 615]
Event: 3857.633 Thread 0x0000026f5096d800 Exception <a 'sun/nio/fs/WindowsException'{0x000000008d0fec18}> (0x000000008d0fec18) thrown at [./src/hotspot/share/prims/jni.cpp, line 615]
Event: 3857.710 Thread 0x0000026f50aeb000 Exception <a 'sun/nio/fs/WindowsException'{0x000000008cd03280}> (0x000000008cd03280) thrown at [./src/hotspot/share/prims/jni.cpp, line 615]
Event: 3857.977 Thread 0x0000026f5096a800 Exception <a 'java/lang/NoSuchMethodError'{0x000000008c1948d0}: <clinit>> (0x000000008c1948d0) thrown at [./src/hotspot/share/prims/jni.cpp, line 1365]
Event: 3859.745 Thread 0x0000026f5096d800 Implicit null exception at 0x0000026f3f9ee41d to 0x0000026f3f9ef184
Event: 3860.093 Thread 0x0000026f5096d800 Implicit null exception at 0x0000026f3fa264c7 to 0x0000026f3fa265bc
Event: 3860.603 Thread 0x0000026f5096d800 Implicit null exception at 0x0000026f3fa41571 to 0x0000026f3fa462bc
Event: 3860.603 Thread 0x0000026f5096d800 Implicit null exception at 0x0000026f3fa41571 to 0x0000026f3fa462bc
Event: 3860.692 Thread 0x0000026f5096d800 Exception <a 'java/lang/NoSuchMethodError'{0x000000008db87de0}: <clinit>> (0x000000008db87de0) thrown at [./src/hotspot/share/prims/jni.cpp, line 1365]
Event: 3860.710 Thread 0x0000026f5096d800 Exception <a 'java/lang/NoSuchMethodError'{0x000000008daf64a0}: <clinit>> (0x000000008daf64a0) thrown at [./src/hotspot/share/prims/jni.cpp, line 1365]

Events (20 events):
Event: 3861.112 loading class com/android/aaptcompiler/ReferenceInfo
Event: 3861.112 loading class com/android/aaptcompiler/ReferenceInfo done
Event: 3861.112 loading class com/android/aaptcompiler/StyledString
Event: 3861.112 loading class com/android/aaptcompiler/StyledString done
Event: 3861.113 loading class com/android/aaptcompiler/ResourceTable$sort$6
Event: 3861.113 loading class com/android/aaptcompiler/ResourceTable$sort$6 done
Event: 3861.113 loading class com/android/aaptcompiler/Container
Event: 3861.113 loading class com/android/aaptcompiler/Container done
Event: 3861.114 loading class com/android/aaptcompiler/Container$Companion
Event: 3861.114 loading class com/android/aaptcompiler/Container$Companion done
Event: 3861.115 loading class com/android/aaptcompiler/ResourceTable$WhenMappings
Event: 3861.115 loading class com/android/aaptcompiler/ResourceTable$WhenMappings done
Event: 3861.119 loading class org/codehaus/stax2/ri/evt/NamespaceEventImpl
Event: 3861.119 loading class org/codehaus/stax2/ri/evt/NamespaceEventImpl done
Event: 3861.119 Executing VM operation: RevokeBias
Event: 3861.120 Executing VM operation: RevokeBias done
Event: 3861.154 loading class com/android/aaptcompiler/BinaryPrimitive
Event: 3861.154 loading class com/android/aaptcompiler/BinaryPrimitive done
Event: 3861.217 loading class com/android/aaptcompiler/proto/ProtoSerializeKt
Event: 3861.217 loading class com/android/aaptcompiler/proto/ProtoSerializeKt done


Dynamic libraries:
0x00007ff7cfa60000 - 0x00007ff7cfa6a000 	C:\Program Files\Android\Android Studio\jre\bin\java.exe
0x00007ffc5fb20000 - 0x00007ffc5fd29000 	C:\Windows\SYSTEM32\ntdll.dll
0x00007ffc5f350000 - 0x00007ffc5f40d000 	C:\Windows\System32\KERNEL32.DLL
0x00007ffc5d460000 - 0x00007ffc5d7d4000 	C:\Windows\System32\KERNELBASE.dll
0x00007ffc5d1d0000 - 0x00007ffc5d2e1000 	C:\Windows\System32\ucrtbase.dll
0x00007ffc35f70000 - 0x00007ffc35f89000 	C:\Program Files\Android\Android Studio\jre\bin\jli.dll
0x00007ffc35dd0000 - 0x00007ffc35de7000 	C:\Program Files\Android\Android Studio\jre\bin\VCRUNTIME140.dll
0x00007ffc5dbe0000 - 0x00007ffc5dd8c000 	C:\Windows\System32\USER32.dll
0x00007ffc5d850000 - 0x00007ffc5d876000 	C:\Windows\System32\win32u.dll
0x00007ffc30990000 - 0x00007ffc30c35000 	C:\Windows\WinSxS\amd64_microsoft.windows.common-controls_6595b64144ccf1df_6.0.22000.120_none_9d947278b86cc467\COMCTL32.dll
0x00007ffc5f580000 - 0x00007ffc5f5a9000 	C:\Windows\System32\GDI32.dll
0x00007ffc5f2a0000 - 0x00007ffc5f343000 	C:\Windows\System32\msvcrt.dll
0x00007ffc5d010000 - 0x00007ffc5d122000 	C:\Windows\System32\gdi32full.dll
0x00007ffc5d130000 - 0x00007ffc5d1cd000 	C:\Windows\System32\msvcp_win.dll
0x00007ffc5e830000 - 0x00007ffc5e861000 	C:\Windows\System32\IMM32.DLL
0x00007ffc1d6b0000 - 0x00007ffc1d74d000 	C:\Program Files\Android\Android Studio\jre\bin\msvcp140.dll
0x00007ffc0e5d0000 - 0x00007ffc0f0b5000 	C:\Program Files\Android\Android Studio\jre\bin\server\jvm.dll
0x00007ffc5fa30000 - 0x00007ffc5fade000 	C:\Windows\System32\ADVAPI32.dll
0x00007ffc5e770000 - 0x00007ffc5e80e000 	C:\Windows\System32\sechost.dll
0x00007ffc5de20000 - 0x00007ffc5df40000 	C:\Windows\System32\RPCRT4.dll
0x00007ffc5e760000 - 0x00007ffc5e768000 	C:\Windows\System32\PSAPI.DLL
0x00007ffc56800000 - 0x00007ffc56809000 	C:\Windows\SYSTEM32\WSOCK32.dll
0x00007ffc52700000 - 0x00007ffc52733000 	C:\Windows\SYSTEM32\WINMM.dll
0x00007ffc5df40000 - 0x00007ffc5dfaf000 	C:\Windows\System32\WS2_32.dll
0x00007ffc4a910000 - 0x00007ffc4a91a000 	C:\Windows\SYSTEM32\VERSION.dll
0x00007ffc5baf0000 - 0x00007ffc5bb08000 	C:\Windows\SYSTEM32\kernel.appcore.dll
0x00007ffc567e0000 - 0x00007ffc567f1000 	C:\Program Files\Android\Android Studio\jre\bin\verify.dll
0x00007ffc56090000 - 0x00007ffc562b1000 	C:\Windows\SYSTEM32\DBGHELP.DLL
0x00007ffc48430000 - 0x00007ffc48461000 	C:\Windows\SYSTEM32\dbgcore.DLL
0x00007ffc5d880000 - 0x00007ffc5d8ff000 	C:\Windows\System32\bcryptPrimitives.dll
0x00007ffc567b0000 - 0x00007ffc567d9000 	C:\Program Files\Android\Android Studio\jre\bin\java.dll
0x00007ffc567a0000 - 0x00007ffc567ab000 	C:\Program Files\Android\Android Studio\jre\bin\jimage.dll
0x00007ffc3c5d0000 - 0x00007ffc3c5e8000 	C:\Program Files\Android\Android Studio\jre\bin\zip.dll
0x00007ffc5eaf0000 - 0x00007ffc5f29e000 	C:\Windows\System32\SHELL32.dll
0x00007ffc5b280000 - 0x00007ffc5bae7000 	C:\Windows\SYSTEM32\windows.storage.dll
0x00007ffc5e0a0000 - 0x00007ffc5e418000 	C:\Windows\System32\combase.dll
0x00007ffc5b110000 - 0x00007ffc5b276000 	C:\Windows\SYSTEM32\wintypes.dll
0x00007ffc5e420000 - 0x00007ffc5e50a000 	C:\Windows\System32\SHCORE.dll
0x00007ffc5d9c0000 - 0x00007ffc5da1d000 	C:\Windows\System32\shlwapi.dll
0x00007ffc5cf40000 - 0x00007ffc5cf61000 	C:\Windows\SYSTEM32\profapi.dll
0x00007ffc3c5b0000 - 0x00007ffc3c5ca000 	C:\Program Files\Android\Android Studio\jre\bin\net.dll
0x00007ffc50c90000 - 0x00007ffc50d9c000 	C:\Windows\SYSTEM32\WINHTTP.dll
0x00007ffc5c630000 - 0x00007ffc5c697000 	C:\Windows\system32\mswsock.dll
0x00007ffc3c590000 - 0x00007ffc3c5a4000 	C:\Program Files\Android\Android Studio\jre\bin\nio.dll
0x00007ffc35f90000 - 0x00007ffc35fb7000 	C:\Users\Admin\.gradle\native\e1d6ef7f7dcc3fd88c89a11ec53ec762bb8ba0a96d01ffa2cd45eb1d1d8dd5c5\windows-amd64\native-platform.dll
0x00007ffc0e480000 - 0x00007ffc0e5c4000 	C:\Users\Admin\.gradle\native\5664cfc778a61ccfe75a443a1ab52a65af34e5dc3c78e0209fed803814484fcb\windows-amd64\native-platform-file-events.dll
0x00007ffc50ad0000 - 0x00007ffc50ada000 	C:\Program Files\Android\Android Studio\jre\bin\management.dll
0x00007ffc3c580000 - 0x00007ffc3c58d000 	C:\Program Files\Android\Android Studio\jre\bin\management_ext.dll
0x00007ffc5c870000 - 0x00007ffc5c888000 	C:\Windows\SYSTEM32\CRYPTSP.dll
0x00007ffc5c190000 - 0x00007ffc5c1c5000 	C:\Windows\system32\rsaenh.dll
0x00007ffc5c720000 - 0x00007ffc5c749000 	C:\Windows\SYSTEM32\USERENV.dll
0x00007ffc5c9f0000 - 0x00007ffc5ca17000 	C:\Windows\SYSTEM32\bcrypt.dll
0x00007ffc5c890000 - 0x00007ffc5c89c000 	C:\Windows\SYSTEM32\CRYPTBASE.dll
0x00007ffc5bd60000 - 0x00007ffc5bd8d000 	C:\Windows\SYSTEM32\IPHLPAPI.DLL
0x00007ffc5e6f0000 - 0x00007ffc5e6f9000 	C:\Windows\System32\NSI.dll
0x00007ffc50b60000 - 0x00007ffc50b79000 	C:\Windows\SYSTEM32\dhcpcsvc6.DLL
0x00007ffc50fc0000 - 0x00007ffc50fde000 	C:\Windows\SYSTEM32\dhcpcsvc.DLL
0x00007ffc5bdd0000 - 0x00007ffc5beb7000 	C:\Windows\SYSTEM32\DNSAPI.dll

dbghelp: loaded successfully - version: 4.0.5 - missing functions: none
symbol engine: initialized successfully - sym options: 0x614 - pdb path: .;C:\Program Files\Android\Android Studio\jre\bin;C:\Windows\SYSTEM32;C:\Windows\WinSxS\amd64_microsoft.windows.common-controls_6595b64144ccf1df_6.0.22000.120_none_9d947278b86cc467;C:\Program Files\Android\Android Studio\jre\bin\server;C:\Users\Admin\.gradle\native\e1d6ef7f7dcc3fd88c89a11ec53ec762bb8ba0a96d01ffa2cd45eb1d1d8dd5c5\windows-amd64;C:\Users\Admin\.gradle\native\5664cfc778a61ccfe75a443a1ab52a65af34e5dc3c78e0209fed803814484fcb\windows-amd64

VM Arguments:
jvm_args: --add-opens=java.base/java.util=ALL-UNNAMED --add-opens=java.base/java.lang=ALL-UNNAMED --add-opens=java.base/java.lang.invoke=ALL-UNNAMED --add-opens=java.base/java.util=ALL-UNNAMED --add-opens=java.prefs/java.util.prefs=ALL-UNNAMED --add-opens=java.prefs/java.util.prefs=ALL-UNNAMED --add-opens=java.base/java.nio.charset=ALL-UNNAMED --add-opens=java.base/java.net=ALL-UNNAMED --add-opens=java.base/java.util.concurrent.atomic=ALL-UNNAMED -Xmx2048m -Dfile.encoding=UTF-8 -Duser.country=US -Duser.language=en -Duser.variant 
java_command: org.gradle.launcher.daemon.bootstrap.GradleDaemon 7.3.3
java_class_path (initial): C:\Users\Admin\.gradle\wrapper\dists\gradle-7.3.3-bin\6a41zxkdtcxs8rphpq6y0069z\gradle-7.3.3\lib\gradle-launcher-7.3.3.jar
Launcher Type: SUN_STANDARD

[Global flags]
     intx CICompilerCount                          = 3                                         {product} {ergonomic}
     uint ConcGCThreads                            = 1                                         {product} {ergonomic}
     uint G1ConcRefinementThreads                  = 4                                         {product} {ergonomic}
   size_t G1HeapRegionSize                         = 1048576                                   {product} {ergonomic}
    uintx GCDrainStackTargetSize                   = 64                                        {product} {ergonomic}
   size_t InitialHeapSize                          = 134217728                                 {product} {ergonomic}
   size_t MarkStackSize                            = 4194304                                   {product} {ergonomic}
   size_t MaxHeapSize                              = 2147483648                                {product} {command line}
   size_t MaxNewSize                               = 1287651328                                {product} {ergonomic}
   size_t MinHeapDeltaBytes                        = 1048576                                   {product} {ergonomic}
    uintx NonNMethodCodeHeapSize                   = 5830732                                {pd product} {ergonomic}
    uintx NonProfiledCodeHeapSize                  = 122913754                              {pd product} {ergonomic}
    uintx ProfiledCodeHeapSize                     = 122913754                              {pd product} {ergonomic}
    uintx ReservedCodeCacheSize                    = 251658240                              {pd product} {ergonomic}
     bool SegmentedCodeCache                       = true                                      {product} {ergonomic}
     bool UseCompressedClassPointers               = true                                 {lp64_product} {ergonomic}
     bool UseCompressedOops                        = true                                 {lp64_product} {ergonomic}
     bool UseG1GC                                  = true                                      {product} {ergonomic}
     bool UseLargePagesIndividualAllocation        = false                                  {pd product} {ergonomic}

Logging:
Log output configuration:
 #0: stdout all=warning uptime,level,tags
 #1: stderr all=off uptime,level,tags

Environment Variables:
PATH=C:\Program Files\Common Files\Oracle\Java\javapath;C:\Program Files (x86)\Common Files\Oracle\Java\javapath;C:\Windows\system32;C:\Windows;C:\Windows\System32\Wbem;C:\Windows\System32\WindowsPowerShell\v1.0\;C:\Windows\System32\OpenSSH\;C:\Program Files (x86)\Intel\Intel(R) Management Engine Components\DAL;C:\Program Files\Intel\Intel(R) Management Engine Components\DAL;C:\Program Files\Git\cmd;C:\Users\Admin\AppData\Local\Microsoft\WindowsApps;C:\Users\Admin\AppData\Local\Programs\Microsoft VS Code\bin;C:\Users\Admin\AppData\Local\atom\bin;C:\Users\Admin\AppData\Local\GitHubDesktop\bin
USERNAME=Admin
OS=Windows_NT
PROCESSOR_IDENTIFIER=Intel64 Family 6 Model 78 Stepping 3, GenuineIntel



---------------  S Y S T E M  ---------------

OS: Windows 10 , 64 bit Build 22000 (10.0.22000.434)
OS uptime: 0 days 1:55 hours

CPU:total 4 (initial active 4) (2 cores per cpu, 2 threads per core) family 6 model 78 stepping 3 microcode 0xd6, cmov, cx8, fxsr, mmx, sse, sse2, sse3, ssse3, sse4.1, sse4.2, popcnt, avx, avx2, aes, clmul, erms, rtm, 3dnowpref, lzcnt, ht, tsc, tscinvbit, bmi1, bmi2, adx, fma

Memory: 4k page, system-wide physical 8072M (868M free)
TotalPageFile size 8072M (AvailPageFile size 4M)
current process WorkingSet (physical memory assigned to process): 477M, peak: 522M
current process commit charge ("private bytes"): 565M, peak: 567M

vm_info: OpenJDK 64-Bit Server VM (11.0.12+7-b1504.28-7817840) for windows-amd64 JRE (11.0.12+7-b1504.28-7817840), built on Oct 13 2021 22:12:33 by "builder" with MS VC++ 14.0 (VS2015)

END.
