#
# There is insufficient memory for the Java Runtime Environment to continue.
# Native memory allocation (malloc) failed to allocate 1461296 bytes for Chunk::new
# Possible reasons:
#   The system is out of physical RAM or swap space
#   The process is running with CompressedOops enabled, and the Java Heap may be blocking the growth of the native heap
# Possible solutions:
#   Reduce memory load on the system
#   Increase physical memory or swap space
#   Check if swap backing store is full
#   Decrease Java heap size (-Xmx/-Xms)
#   Decrease number of Java threads
#   Decrease Java thread stack sizes (-Xss)
#   Set larger code cache with -XX:ReservedCodeCacheSize=
#   JVM is running with Unscaled Compressed Oops mode in which the Java heap is
#     placed in the first 4GB address space. The Java Heap base address is the
#     maximum limit for the native heap growth. Please use -XX:HeapBaseMinAddress
#     to set the Java Heap base and to place the Java Heap above 4GB virtual address.
# This output file may be truncated or incomplete.
#
#  Out of Memory Error (./src/hotspot/share/memory/arena.cpp:197), pid=9108, tid=12048
#
# JRE version: OpenJDK Runtime Environment (11.0.12+7) (build 11.0.12+7-b1504.28-7817840)
# Java VM: OpenJDK 64-Bit Server VM (11.0.12+7-b1504.28-7817840, mixed mode, tiered, compressed oops, g1 gc, windows-amd64)
# No core dump will be written. Minidumps are not enabled by default on client versions of Windows
#

---------------  S U M M A R Y ------------

Command Line: --add-opens=java.base/java.util=ALL-UNNAMED --add-opens=java.base/java.lang=ALL-UNNAMED --add-opens=java.base/java.lang.invoke=ALL-UNNAMED --add-opens=java.base/java.util=ALL-UNNAMED --add-opens=java.prefs/java.util.prefs=ALL-UNNAMED --add-opens=java.prefs/java.util.prefs=ALL-UNNAMED --add-opens=java.base/java.nio.charset=ALL-UNNAMED --add-opens=java.base/java.net=ALL-UNNAMED --add-opens=java.base/java.util.concurrent.atomic=ALL-UNNAMED -Xmx2048m -Dfile.encoding=UTF-8 -Duser.country=US -Duser.language=en -Duser.variant org.gradle.launcher.daemon.bootstrap.GradleDaemon 7.3.3

Host: Intel(R) Core(TM) i7-6600U CPU @ 2.60GHz, 4 cores, 7G,  Windows 10 , 64 bit Build 22000 (10.0.22000.434)
Time: Tue Aug 23 01:06:14 2022 Egypt Standard Time elapsed time: 2.796355 seconds (0d 0h 0m 2s)

---------------  T H R E A D  ---------------

Current thread (0x0000025140459000):  JavaThread "C2 CompilerThread0" daemon [_thread_in_native, id=12048, stack(0x000000a637100000,0x000000a637200000)]


Current CompileTask:
C2:   2796 2119   !   4       java.net.URLClassLoader$1::run (63 bytes)

Stack: [0x000000a637100000,0x000000a637200000]
Native frames: (J=compiled Java code, j=interpreted, Vv=VM code, C=native code)
V  [jvm.dll+0x5fbcea]
V  [jvm.dll+0x731905]
V  [jvm.dll+0x732f1d]
V  [jvm.dll+0x7335d3]
V  [jvm.dll+0x247bf8]
V  [jvm.dll+0xc018c]
V  [jvm.dll+0xc06cc]
V  [jvm.dll+0x35b31d]
V  [jvm.dll+0x19d0bc]
V  [jvm.dll+0x20070e]
V  [jvm.dll+0x1ff794]
V  [jvm.dll+0x18868c]
V  [jvm.dll+0x20e0d7]
V  [jvm.dll+0x20c901]
V  [jvm.dll+0x6f9b7f]
V  [jvm.dll+0x6f26a5]
V  [jvm.dll+0x5fabf6]
C  [ucrtbase.dll+0x26c0c]
C  [KERNEL32.DLL+0x154e0]
C  [ntdll.dll+0x485b]


---------------  P R O C E S S  ---------------

Threads class SMR info:
_java_thread_list=0x0000025145497820, length=29, elements={
0x00000251248d2800, 0x0000025140430000, 0x0000025140433000, 0x0000025140dd2800,
0x0000025140450800, 0x0000025140451000, 0x0000025140459000, 0x000002514045d000,
0x0000025140460800, 0x0000025140f24000, 0x0000025141db5800, 0x0000025141f2b800,
0x0000025141bc3000, 0x0000025141f35000, 0x0000025141bc4000, 0x0000025142cd6800,
0x00000251415eb000, 0x00000251415eb800, 0x0000025142e8b000, 0x0000025142f22000,
0x00000251432e9000, 0x00000251432e7800, 0x00000251432e8800, 0x00000251432e6800,
0x00000251432ea000, 0x00000251432e5000, 0x00000251432e4800, 0x00000251432eb000,
0x00000251432e6000
}

Java Threads: ( => current thread )
  0x00000251248d2800 JavaThread "main" [_thread_blocked, id=8528, stack(0x000000a636500000,0x000000a636600000)]
  0x0000025140430000 JavaThread "Reference Handler" daemon [_thread_blocked, id=5804, stack(0x000000a636c00000,0x000000a636d00000)]
  0x0000025140433000 JavaThread "Finalizer" daemon [_thread_blocked, id=4312, stack(0x000000a636d00000,0x000000a636e00000)]
  0x0000025140dd2800 JavaThread "Signal Dispatcher" daemon [_thread_blocked, id=10864, stack(0x000000a636e00000,0x000000a636f00000)]
  0x0000025140450800 JavaThread "Attach Listener" daemon [_thread_blocked, id=11992, stack(0x000000a636f00000,0x000000a637000000)]
  0x0000025140451000 JavaThread "Service Thread" daemon [_thread_blocked, id=9664, stack(0x000000a637000000,0x000000a637100000)]
=>0x0000025140459000 JavaThread "C2 CompilerThread0" daemon [_thread_in_native, id=12048, stack(0x000000a637100000,0x000000a637200000)]
  0x000002514045d000 JavaThread "C1 CompilerThread0" daemon [_thread_blocked, id=5172, stack(0x000000a637200000,0x000000a637300000)]
  0x0000025140460800 JavaThread "Sweeper thread" daemon [_thread_blocked, id=10596, stack(0x000000a637300000,0x000000a637400000)]
  0x0000025140f24000 JavaThread "Common-Cleaner" daemon [_thread_blocked, id=3436, stack(0x000000a637400000,0x000000a637500000)]
  0x0000025141db5800 JavaThread "Daemon health stats" [_thread_blocked, id=9200, stack(0x000000a637900000,0x000000a637a00000)]
  0x0000025141f2b800 JavaThread "Incoming local TCP Connector on port 62363" [_thread_in_native, id=1272, stack(0x000000a637600000,0x000000a637700000)]
  0x0000025141bc3000 JavaThread "Daemon periodic checks" [_thread_blocked, id=9608, stack(0x000000a637a00000,0x000000a637b00000)]
  0x0000025141f35000 JavaThread "Daemon" [_thread_blocked, id=10256, stack(0x000000a637b00000,0x000000a637c00000)]
  0x0000025141bc4000 JavaThread "Handler for socket connection from /127.0.0.1:62363 to /127.0.0.1:62364" [_thread_in_native, id=3412, stack(0x000000a637c00000,0x000000a637d00000)]
  0x0000025142cd6800 JavaThread "Cancel handler" [_thread_blocked, id=9904, stack(0x000000a637d00000,0x000000a637e00000)]
  0x00000251415eb000 JavaThread "Daemon worker" [_thread_in_vm, id=10332, stack(0x000000a637e00000,0x000000a637f00000)]
  0x00000251415eb800 JavaThread "C2 CompilerThread1" daemon [_thread_in_native, id=10644, stack(0x000000a637f00000,0x000000a638000000)]
  0x0000025142e8b000 JavaThread "Asynchronous log dispatcher for DefaultDaemonConnection: socket connection from /127.0.0.1:62363 to /127.0.0.1:62364" [_thread_blocked, id=8900, stack(0x000000a638000000,0x000000a638100000)]
  0x0000025142f22000 JavaThread "Stdin handler" [_thread_blocked, id=8620, stack(0x000000a638100000,0x000000a638200000)]
  0x00000251432e9000 JavaThread "Daemon client event forwarder" [_thread_blocked, id=916, stack(0x000000a638200000,0x000000a638300000)]
  0x00000251432e7800 JavaThread "Cache worker for journal cache (C:\Users\Admin\.gradle\caches\journal-1)" [_thread_blocked, id=11320, stack(0x000000a638400000,0x000000a638500000)]
  0x00000251432e8800 JavaThread "File lock request listener" [_thread_in_native, id=1012, stack(0x000000a638500000,0x000000a638600000)]
  0x00000251432e6800 JavaThread "Cache worker for file hash cache (C:\Users\Admin\.gradle\caches\7.3.3\fileHashes)" [_thread_blocked, id=10536, stack(0x000000a638600000,0x000000a638700000)]
  0x00000251432ea000 JavaThread "Cache worker for file hash cache (C:\Users\Admin\Desktop\jana\cw77\.gradle\7.3.3\fileHashes)" [_thread_blocked, id=10264, stack(0x000000a638700000,0x000000a638800000)]
  0x00000251432e5000 JavaThread "File watcher server" daemon [_thread_in_native, id=12256, stack(0x000000a638800000,0x000000a638900000)]
  0x00000251432e4800 JavaThread "File watcher consumer" daemon [_thread_blocked, id=5800, stack(0x000000a638900000,0x000000a638a00000)]
  0x00000251432eb000 JavaThread "Cache worker for checksums cache (C:\Users\Admin\Desktop\jana\cw77\.gradle\7.3.3\checksums)" [_thread_blocked, id=8612, stack(0x000000a638a00000,0x000000a638b00000)]
  0x00000251432e6000 JavaThread "Cache worker for cache directory md-supplier (C:\Users\Admin\.gradle\caches\7.3.3\md-supplier)" [_thread_blocked, id=8988, stack(0x000000a638b00000,0x000000a638c00000)]

Other Threads:
  0x000002514042a000 VMThread "VM Thread" [stack: 0x000000a636b00000,0x000000a636c00000] [id=8052]
  0x0000025140f40000 WatcherThread [stack: 0x000000a637500000,0x000000a637600000] [id=10580]
  0x000002512488c800 GCTaskThread "GC Thread#0" [stack: 0x000000a636600000,0x000000a636700000] [id=8252]
  0x0000025141358800 GCTaskThread "GC Thread#1" [stack: 0x000000a637700000,0x000000a637800000] [id=5544]
  0x0000025141547800 GCTaskThread "GC Thread#2" [stack: 0x000000a637800000,0x000000a637900000] [id=9956]
  0x0000025143306800 GCTaskThread "GC Thread#3" [stack: 0x000000a638300000,0x000000a638400000] [id=6828]
  0x0000025124919000 ConcurrentGCThread "G1 Main Marker" [stack: 0x000000a636700000,0x000000a636800000] [id=2896]
  0x000002512491a000 ConcurrentGCThread "G1 Conc#0" [stack: 0x000000a636800000,0x000000a636900000] [id=10552]
  0x00000251249aa000 ConcurrentGCThread "G1 Refine#0" [stack: 0x000000a636900000,0x000000a636a00000] [id=11416]
  0x00000251249ab000 ConcurrentGCThread "G1 Young RemSet Sampling" [stack: 0x000000a636a00000,0x000000a636b00000] [id=6924]

Threads with active compile tasks:
C2 CompilerThread0   2809 2119   !   4       java.net.URLClassLoader$1::run (63 bytes)
C2 CompilerThread1   2809 2118       4       java.net.URLClassLoader$1::run (5 bytes)

VM state:not at safepoint (normal execution)

VM Mutex/Monitor currently owned by a thread: None

Heap address: 0x0000000080000000, size: 2048 MB, Compressed Oops mode: 32-bit
Narrow klass base: 0x0000000000000000, Narrow klass shift: 3
Compressed class space size: 1073741824 Address: 0x0000000100000000

Heap:
 garbage-first heap   total 157696K, used 35479K [0x0000000080000000, 0x0000000100000000)
  region size 1024K, 21 young (21504K), 4 survivors (4096K)
 Metaspace       used 27773K, capacity 28345K, committed 28544K, reserved 1073152K
  class space    used 3655K, capacity 3893K, committed 3968K, reserved 1048576K
Heap Regions: E=young(eden), S=young(survivor), O=old, HS=humongous(starts), HC=humongous(continues), CS=collection set, F=free, A=archive, TAMS=top-at-mark-start (previous, next)
|   0|0x0000000080000000, 0x0000000080100000, 0x0000000080100000|100%| O|  |TAMS 0x0000000080100000, 0x0000000080000000| Untracked 
|   1|0x0000000080100000, 0x0000000080200000, 0x0000000080200000|100%| O|  |TAMS 0x0000000080200000, 0x0000000080100000| Untracked 
|   2|0x0000000080200000, 0x0000000080300000, 0x0000000080300000|100%| O|  |TAMS 0x0000000080300000, 0x0000000080200000| Untracked 
|   3|0x0000000080300000, 0x0000000080400000, 0x0000000080400000|100%|HS|  |TAMS 0x0000000080400000, 0x0000000080300000| Complete 
|   4|0x0000000080400000, 0x0000000080500000, 0x0000000080500000|100%|HC|  |TAMS 0x0000000080500000, 0x0000000080400000| Complete 
|   5|0x0000000080500000, 0x0000000080600000, 0x0000000080600000|100%|HC|  |TAMS 0x0000000080600000, 0x0000000080500000| Complete 
|   6|0x0000000080600000, 0x0000000080700000, 0x0000000080700000|100%| O|  |TAMS 0x0000000080700000, 0x0000000080600000| Untracked 
|   7|0x0000000080700000, 0x0000000080800000, 0x0000000080800000|100%| O|  |TAMS 0x0000000080800000, 0x0000000080700000| Untracked 
|   8|0x0000000080800000, 0x0000000080900000, 0x0000000080900000|100%| O|  |TAMS 0x0000000080900000, 0x0000000080800000| Untracked 
|   9|0x0000000080900000, 0x0000000080a00000, 0x0000000080a00000|100%| O|  |TAMS 0x0000000080a00000, 0x0000000080900000| Untracked 
|  10|0x0000000080a00000, 0x0000000080b00000, 0x0000000080b00000|100%| O|  |TAMS 0x0000000080b00000, 0x0000000080a00000| Untracked 
|  11|0x0000000080b00000, 0x0000000080c00000, 0x0000000080c00000|100%| O|  |TAMS 0x0000000080c00000, 0x0000000080b00000| Untracked 
|  12|0x0000000080c00000, 0x0000000080d00000, 0x0000000080d00000|100%| O|  |TAMS 0x0000000080d00000, 0x0000000080c00000| Untracked 
|  13|0x0000000080d00000, 0x0000000080e00000, 0x0000000080e00000|100%| O|  |TAMS 0x0000000080e00000, 0x0000000080d00000| Untracked 
|  14|0x0000000080e00000, 0x0000000080f00000, 0x0000000080f00000|100%| O|  |TAMS 0x0000000080f00000, 0x0000000080e00000| Untracked 
|  15|0x0000000080f00000, 0x0000000080f68400, 0x0000000081000000| 40%| O|  |TAMS 0x0000000080f68400, 0x0000000080f00000| Untracked 
|  16|0x0000000081000000, 0x0000000081000000, 0x0000000081100000|  0%| F|  |TAMS 0x0000000081000000, 0x0000000081000000| Untracked 
|  17|0x0000000081100000, 0x0000000081100000, 0x0000000081200000|  0%| F|  |TAMS 0x0000000081100000, 0x0000000081100000| Untracked 
|  18|0x0000000081200000, 0x0000000081200000, 0x0000000081300000|  0%| F|  |TAMS 0x0000000081200000, 0x0000000081200000| Untracked 
|  19|0x0000000081300000, 0x0000000081300000, 0x0000000081400000|  0%| F|  |TAMS 0x0000000081300000, 0x0000000081300000| Untracked 
|  20|0x0000000081400000, 0x0000000081400000, 0x0000000081500000|  0%| F|  |TAMS 0x0000000081400000, 0x0000000081400000| Untracked 
|  21|0x0000000081500000, 0x0000000081500000, 0x0000000081600000|  0%| F|  |TAMS 0x0000000081500000, 0x0000000081500000| Untracked 
|  22|0x0000000081600000, 0x0000000081600000, 0x0000000081700000|  0%| F|  |TAMS 0x0000000081600000, 0x0000000081600000| Untracked 
|  23|0x0000000081700000, 0x0000000081700000, 0x0000000081800000|  0%| F|  |TAMS 0x0000000081700000, 0x0000000081700000| Untracked 
|  24|0x0000000081800000, 0x0000000081800000, 0x0000000081900000|  0%| F|  |TAMS 0x0000000081800000, 0x0000000081800000| Untracked 
|  25|0x0000000081900000, 0x0000000081900000, 0x0000000081a00000|  0%| F|  |TAMS 0x0000000081900000, 0x0000000081900000| Untracked 
|  26|0x0000000081a00000, 0x0000000081a00000, 0x0000000081b00000|  0%| F|  |TAMS 0x0000000081a00000, 0x0000000081a00000| Untracked 
|  27|0x0000000081b00000, 0x0000000081b00000, 0x0000000081c00000|  0%| F|  |TAMS 0x0000000081b00000, 0x0000000081b00000| Untracked 
|  28|0x0000000081c00000, 0x0000000081c00000, 0x0000000081d00000|  0%| F|  |TAMS 0x0000000081c00000, 0x0000000081c00000| Untracked 
|  29|0x0000000081d00000, 0x0000000081d00000, 0x0000000081e00000|  0%| F|  |TAMS 0x0000000081d00000, 0x0000000081d00000| Untracked 
|  30|0x0000000081e00000, 0x0000000081e00000, 0x0000000081f00000|  0%| F|  |TAMS 0x0000000081e00000, 0x0000000081e00000| Untracked 
|  31|0x0000000081f00000, 0x0000000081f00000, 0x0000000082000000|  0%| F|  |TAMS 0x0000000081f00000, 0x0000000081f00000| Untracked 
|  32|0x0000000082000000, 0x0000000082000000, 0x0000000082100000|  0%| F|  |TAMS 0x0000000082000000, 0x0000000082000000| Untracked 
|  33|0x0000000082100000, 0x0000000082100000, 0x0000000082200000|  0%| F|  |TAMS 0x0000000082100000, 0x0000000082100000| Untracked 
|  34|0x0000000082200000, 0x0000000082200000, 0x0000000082300000|  0%| F|  |TAMS 0x0000000082200000, 0x0000000082200000| Untracked 
|  35|0x0000000082300000, 0x0000000082300000, 0x0000000082400000|  0%| F|  |TAMS 0x0000000082300000, 0x0000000082300000| Untracked 
|  36|0x0000000082400000, 0x0000000082400000, 0x0000000082500000|  0%| F|  |TAMS 0x0000000082400000, 0x0000000082400000| Untracked 
|  37|0x0000000082500000, 0x0000000082500000, 0x0000000082600000|  0%| F|  |TAMS 0x0000000082500000, 0x0000000082500000| Untracked 
|  38|0x0000000082600000, 0x0000000082600000, 0x0000000082700000|  0%| F|  |TAMS 0x0000000082600000, 0x0000000082600000| Untracked 
|  39|0x0000000082700000, 0x0000000082700000, 0x0000000082800000|  0%| F|  |TAMS 0x0000000082700000, 0x0000000082700000| Untracked 
|  40|0x0000000082800000, 0x0000000082800000, 0x0000000082900000|  0%| F|  |TAMS 0x0000000082800000, 0x0000000082800000| Untracked 
|  41|0x0000000082900000, 0x0000000082900000, 0x0000000082a00000|  0%| F|  |TAMS 0x0000000082900000, 0x0000000082900000| Untracked 
|  42|0x0000000082a00000, 0x0000000082a00000, 0x0000000082b00000|  0%| F|  |TAMS 0x0000000082a00000, 0x0000000082a00000| Untracked 
|  43|0x0000000082b00000, 0x0000000082b00000, 0x0000000082c00000|  0%| F|  |TAMS 0x0000000082b00000, 0x0000000082b00000| Untracked 
|  44|0x0000000082c00000, 0x0000000082c00000, 0x0000000082d00000|  0%| F|  |TAMS 0x0000000082c00000, 0x0000000082c00000| Untracked 
|  45|0x0000000082d00000, 0x0000000082d00000, 0x0000000082e00000|  0%| F|  |TAMS 0x0000000082d00000, 0x0000000082d00000| Untracked 
|  46|0x0000000082e00000, 0x0000000082e00000, 0x0000000082f00000|  0%| F|  |TAMS 0x0000000082e00000, 0x0000000082e00000| Untracked 
|  47|0x0000000082f00000, 0x0000000082f00000, 0x0000000083000000|  0%| F|  |TAMS 0x0000000082f00000, 0x0000000082f00000| Untracked 
|  48|0x0000000083000000, 0x0000000083000000, 0x0000000083100000|  0%| F|  |TAMS 0x0000000083000000, 0x0000000083000000| Untracked 
|  49|0x0000000083100000, 0x0000000083100000, 0x0000000083200000|  0%| F|  |TAMS 0x0000000083100000, 0x0000000083100000| Untracked 
|  50|0x0000000083200000, 0x0000000083200000, 0x0000000083300000|  0%| F|  |TAMS 0x0000000083200000, 0x0000000083200000| Untracked 
|  51|0x0000000083300000, 0x0000000083300000, 0x0000000083400000|  0%| F|  |TAMS 0x0000000083300000, 0x0000000083300000| Untracked 
|  52|0x0000000083400000, 0x0000000083400000, 0x0000000083500000|  0%| F|  |TAMS 0x0000000083400000, 0x0000000083400000| Untracked 
|  53|0x0000000083500000, 0x0000000083500000, 0x0000000083600000|  0%| F|  |TAMS 0x0000000083500000, 0x0000000083500000| Untracked 
|  54|0x0000000083600000, 0x0000000083600000, 0x0000000083700000|  0%| F|  |TAMS 0x0000000083600000, 0x0000000083600000| Untracked 
|  55|0x0000000083700000, 0x0000000083700000, 0x0000000083800000|  0%| F|  |TAMS 0x0000000083700000, 0x0000000083700000| Untracked 
|  56|0x0000000083800000, 0x0000000083800000, 0x0000000083900000|  0%| F|  |TAMS 0x0000000083800000, 0x0000000083800000| Untracked 
|  57|0x0000000083900000, 0x0000000083900000, 0x0000000083a00000|  0%| F|  |TAMS 0x0000000083900000, 0x0000000083900000| Untracked 
|  58|0x0000000083a00000, 0x0000000083a00000, 0x0000000083b00000|  0%| F|  |TAMS 0x0000000083a00000, 0x0000000083a00000| Untracked 
|  59|0x0000000083b00000, 0x0000000083b00000, 0x0000000083c00000|  0%| F|  |TAMS 0x0000000083b00000, 0x0000000083b00000| Untracked 
|  60|0x0000000083c00000, 0x0000000083c00000, 0x0000000083d00000|  0%| F|  |TAMS 0x0000000083c00000, 0x0000000083c00000| Untracked 
|  61|0x0000000083d00000, 0x0000000083d00000, 0x0000000083e00000|  0%| F|  |TAMS 0x0000000083d00000, 0x0000000083d00000| Untracked 
|  62|0x0000000083e00000, 0x0000000083e00000, 0x0000000083f00000|  0%| F|  |TAMS 0x0000000083e00000, 0x0000000083e00000| Untracked 
|  63|0x0000000083f00000, 0x0000000083f00000, 0x0000000084000000|  0%| F|  |TAMS 0x0000000083f00000, 0x0000000083f00000| Untracked 
|  64|0x0000000084000000, 0x0000000084000000, 0x0000000084100000|  0%| F|  |TAMS 0x0000000084000000, 0x0000000084000000| Untracked 
|  65|0x0000000084100000, 0x0000000084100000, 0x0000000084200000|  0%| F|  |TAMS 0x0000000084100000, 0x0000000084100000| Untracked 
|  66|0x0000000084200000, 0x0000000084200000, 0x0000000084300000|  0%| F|  |TAMS 0x0000000084200000, 0x0000000084200000| Untracked 
|  67|0x0000000084300000, 0x0000000084300000, 0x0000000084400000|  0%| F|  |TAMS 0x0000000084300000, 0x0000000084300000| Untracked 
|  68|0x0000000084400000, 0x0000000084400000, 0x0000000084500000|  0%| F|  |TAMS 0x0000000084400000, 0x0000000084400000| Untracked 
|  69|0x0000000084500000, 0x0000000084500000, 0x0000000084600000|  0%| F|  |TAMS 0x0000000084500000, 0x0000000084500000| Untracked 
|  70|0x0000000084600000, 0x0000000084600000, 0x0000000084700000|  0%| F|  |TAMS 0x0000000084600000, 0x0000000084600000| Untracked 
|  71|0x0000000084700000, 0x0000000084700000, 0x0000000084800000|  0%| F|  |TAMS 0x0000000084700000, 0x0000000084700000| Untracked 
|  72|0x0000000084800000, 0x0000000084800000, 0x0000000084900000|  0%| F|  |TAMS 0x0000000084800000, 0x0000000084800000| Untracked 
|  73|0x0000000084900000, 0x0000000084900000, 0x0000000084a00000|  0%| F|  |TAMS 0x0000000084900000, 0x0000000084900000| Untracked 
|  74|0x0000000084a00000, 0x0000000084a00000, 0x0000000084b00000|  0%| F|  |TAMS 0x0000000084a00000, 0x0000000084a00000| Untracked 
|  75|0x0000000084b00000, 0x0000000084b00000, 0x0000000084c00000|  0%| F|  |TAMS 0x0000000084b00000, 0x0000000084b00000| Untracked 
|  76|0x0000000084c00000, 0x0000000084c00000, 0x0000000084d00000|  0%| F|  |TAMS 0x0000000084c00000, 0x0000000084c00000| Untracked 
|  77|0x0000000084d00000, 0x0000000084d00000, 0x0000000084e00000|  0%| F|  |TAMS 0x0000000084d00000, 0x0000000084d00000| Untracked 
|  78|0x0000000084e00000, 0x0000000084e00000, 0x0000000084f00000|  0%| F|  |TAMS 0x0000000084e00000, 0x0000000084e00000| Untracked 
|  79|0x0000000084f00000, 0x0000000084f00000, 0x0000000085000000|  0%| F|  |TAMS 0x0000000084f00000, 0x0000000084f00000| Untracked 
|  80|0x0000000085000000, 0x0000000085000000, 0x0000000085100000|  0%| F|  |TAMS 0x0000000085000000, 0x0000000085000000| Untracked 
|  81|0x0000000085100000, 0x0000000085100000, 0x0000000085200000|  0%| F|  |TAMS 0x0000000085100000, 0x0000000085100000| Untracked 
|  82|0x0000000085200000, 0x0000000085200000, 0x0000000085300000|  0%| F|  |TAMS 0x0000000085200000, 0x0000000085200000| Untracked 
|  83|0x0000000085300000, 0x0000000085300000, 0x0000000085400000|  0%| F|  |TAMS 0x0000000085300000, 0x0000000085300000| Untracked 
|  84|0x0000000085400000, 0x0000000085400000, 0x0000000085500000|  0%| F|  |TAMS 0x0000000085400000, 0x0000000085400000| Untracked 
|  85|0x0000000085500000, 0x0000000085500000, 0x0000000085600000|  0%| F|  |TAMS 0x0000000085500000, 0x0000000085500000| Untracked 
|  86|0x0000000085600000, 0x0000000085600000, 0x0000000085700000|  0%| F|  |TAMS 0x0000000085600000, 0x0000000085600000| Untracked 
|  87|0x0000000085700000, 0x0000000085700000, 0x0000000085800000|  0%| F|  |TAMS 0x0000000085700000, 0x0000000085700000| Untracked 
|  88|0x0000000085800000, 0x0000000085800000, 0x0000000085900000|  0%| F|  |TAMS 0x0000000085800000, 0x0000000085800000| Untracked 
|  89|0x0000000085900000, 0x0000000085900000, 0x0000000085a00000|  0%| F|  |TAMS 0x0000000085900000, 0x0000000085900000| Untracked 
|  90|0x0000000085a00000, 0x0000000085a00000, 0x0000000085b00000|  0%| F|  |TAMS 0x0000000085a00000, 0x0000000085a00000| Untracked 
|  91|0x0000000085b00000, 0x0000000085b00000, 0x0000000085c00000|  0%| F|  |TAMS 0x0000000085b00000, 0x0000000085b00000| Untracked 
|  92|0x0000000085c00000, 0x0000000085c00000, 0x0000000085d00000|  0%| F|  |TAMS 0x0000000085c00000, 0x0000000085c00000| Untracked 
|  93|0x0000000085d00000, 0x0000000085d00000, 0x0000000085e00000|  0%| F|  |TAMS 0x0000000085d00000, 0x0000000085d00000| Untracked 
|  94|0x0000000085e00000, 0x0000000085e00000, 0x0000000085f00000|  0%| F|  |TAMS 0x0000000085e00000, 0x0000000085e00000| Untracked 
|  95|0x0000000085f00000, 0x0000000085f3d8a8, 0x0000000086000000| 24%| S|CS|TAMS 0x0000000085f00000, 0x0000000085f00000| Complete 
|  96|0x0000000086000000, 0x0000000086100000, 0x0000000086100000|100%| S|CS|TAMS 0x0000000086000000, 0x0000000086000000| Complete 
|  97|0x0000000086100000, 0x0000000086200000, 0x0000000086200000|100%| S|CS|TAMS 0x0000000086100000, 0x0000000086100000| Complete 
|  98|0x0000000086200000, 0x0000000086300000, 0x0000000086300000|100%| S|CS|TAMS 0x0000000086200000, 0x0000000086200000| Complete 
|  99|0x0000000086300000, 0x0000000086300000, 0x0000000086400000|  0%| F|  |TAMS 0x0000000086300000, 0x0000000086300000| Untracked 
| 100|0x0000000086400000, 0x0000000086400000, 0x0000000086500000|  0%| F|  |TAMS 0x0000000086400000, 0x0000000086400000| Untracked 
| 101|0x0000000086500000, 0x0000000086500000, 0x0000000086600000|  0%| F|  |TAMS 0x0000000086500000, 0x0000000086500000| Untracked 
| 102|0x0000000086600000, 0x0000000086600000, 0x0000000086700000|  0%| F|  |TAMS 0x0000000086600000, 0x0000000086600000| Untracked 
| 103|0x0000000086700000, 0x0000000086700000, 0x0000000086800000|  0%| F|  |TAMS 0x0000000086700000, 0x0000000086700000| Untracked 
| 104|0x0000000086800000, 0x0000000086800000, 0x0000000086900000|  0%| F|  |TAMS 0x0000000086800000, 0x0000000086800000| Untracked 
| 105|0x0000000086900000, 0x0000000086900000, 0x0000000086a00000|  0%| F|  |TAMS 0x0000000086900000, 0x0000000086900000| Untracked 
| 106|0x0000000086a00000, 0x0000000086a00000, 0x0000000086b00000|  0%| F|  |TAMS 0x0000000086a00000, 0x0000000086a00000| Untracked 
| 107|0x0000000086b00000, 0x0000000086b00000, 0x0000000086c00000|  0%| F|  |TAMS 0x0000000086b00000, 0x0000000086b00000| Untracked 
| 108|0x0000000086c00000, 0x0000000086c00000, 0x0000000086d00000|  0%| F|  |TAMS 0x0000000086c00000, 0x0000000086c00000| Untracked 
| 109|0x0000000086d00000, 0x0000000086d00000, 0x0000000086e00000|  0%| F|  |TAMS 0x0000000086d00000, 0x0000000086d00000| Untracked 
| 110|0x0000000086e00000, 0x0000000086e00000, 0x0000000086f00000|  0%| F|  |TAMS 0x0000000086e00000, 0x0000000086e00000| Untracked 
| 111|0x0000000086f00000, 0x0000000086f00000, 0x0000000087000000|  0%| F|  |TAMS 0x0000000086f00000, 0x0000000086f00000| Untracked 
| 112|0x0000000087000000, 0x0000000087000000, 0x0000000087100000|  0%| F|  |TAMS 0x0000000087000000, 0x0000000087000000| Untracked 
| 113|0x0000000087100000, 0x0000000087100000, 0x0000000087200000|  0%| F|  |TAMS 0x0000000087100000, 0x0000000087100000| Untracked 
| 114|0x0000000087200000, 0x0000000087200000, 0x0000000087300000|  0%| F|  |TAMS 0x0000000087200000, 0x0000000087200000| Untracked 
| 115|0x0000000087300000, 0x0000000087300000, 0x0000000087400000|  0%| F|  |TAMS 0x0000000087300000, 0x0000000087300000| Untracked 
| 116|0x0000000087400000, 0x0000000087400000, 0x0000000087500000|  0%| F|  |TAMS 0x0000000087400000, 0x0000000087400000| Untracked 
| 117|0x0000000087500000, 0x0000000087500000, 0x0000000087600000|  0%| F|  |TAMS 0x0000000087500000, 0x0000000087500000| Untracked 
| 118|0x0000000087600000, 0x0000000087600000, 0x0000000087700000|  0%| F|  |TAMS 0x0000000087600000, 0x0000000087600000| Untracked 
| 119|0x0000000087700000, 0x0000000087700000, 0x0000000087800000|  0%| F|  |TAMS 0x0000000087700000, 0x0000000087700000| Untracked 
| 120|0x0000000087800000, 0x0000000087800000, 0x0000000087900000|  0%| F|  |TAMS 0x0000000087800000, 0x0000000087800000| Untracked 
| 121|0x0000000087900000, 0x0000000087900000, 0x0000000087a00000|  0%| F|  |TAMS 0x0000000087900000, 0x0000000087900000| Untracked 
| 122|0x0000000087a00000, 0x0000000087a00000, 0x0000000087b00000|  0%| F|  |TAMS 0x0000000087a00000, 0x0000000087a00000| Untracked 
| 123|0x0000000087b00000, 0x0000000087b00000, 0x0000000087c00000|  0%| F|  |TAMS 0x0000000087b00000, 0x0000000087b00000| Untracked 
| 124|0x0000000087c00000, 0x0000000087c00000, 0x0000000087d00000|  0%| F|  |TAMS 0x0000000087c00000, 0x0000000087c00000| Untracked 
| 125|0x0000000087d00000, 0x0000000087d00000, 0x0000000087e00000|  0%| F|  |TAMS 0x0000000087d00000, 0x0000000087d00000| Untracked 
| 126|0x0000000087e00000, 0x0000000087e00000, 0x0000000087f00000|  0%| F|  |TAMS 0x0000000087e00000, 0x0000000087e00000| Untracked 
| 127|0x0000000087f00000, 0x0000000087f00000, 0x0000000088000000|  0%| F|  |TAMS 0x0000000087f00000, 0x0000000087f00000| Untracked 
| 128|0x0000000088000000, 0x0000000088000000, 0x0000000088100000|  0%| F|  |TAMS 0x0000000088000000, 0x0000000088000000| Untracked 
| 129|0x0000000088100000, 0x0000000088100000, 0x0000000088200000|  0%| F|  |TAMS 0x0000000088100000, 0x0000000088100000| Untracked 
| 130|0x0000000088200000, 0x0000000088200000, 0x0000000088300000|  0%| F|  |TAMS 0x0000000088200000, 0x0000000088200000| Untracked 
| 131|0x0000000088300000, 0x0000000088300000, 0x0000000088400000|  0%| F|  |TAMS 0x0000000088300000, 0x0000000088300000| Untracked 
| 132|0x0000000088400000, 0x0000000088400000, 0x0000000088500000|  0%| F|  |TAMS 0x0000000088400000, 0x0000000088400000| Untracked 
| 133|0x0000000088500000, 0x0000000088500000, 0x0000000088600000|  0%| F|  |TAMS 0x0000000088500000, 0x0000000088500000| Untracked 
| 134|0x0000000088600000, 0x0000000088600000, 0x0000000088700000|  0%| F|  |TAMS 0x0000000088600000, 0x0000000088600000| Untracked 
| 135|0x0000000088700000, 0x0000000088700000, 0x0000000088800000|  0%| F|  |TAMS 0x0000000088700000, 0x0000000088700000| Untracked 
| 136|0x0000000088800000, 0x0000000088800000, 0x0000000088900000|  0%| F|  |TAMS 0x0000000088800000, 0x0000000088800000| Untracked 
| 137|0x0000000088900000, 0x0000000088980708, 0x0000000088a00000| 50%| E|  |TAMS 0x0000000088900000, 0x0000000088900000| Complete 
| 138|0x0000000088a00000, 0x0000000088b00000, 0x0000000088b00000|100%| E|CS|TAMS 0x0000000088a00000, 0x0000000088a00000| Complete 
| 139|0x0000000088b00000, 0x0000000088c00000, 0x0000000088c00000|100%| E|CS|TAMS 0x0000000088b00000, 0x0000000088b00000| Complete 
| 140|0x0000000088c00000, 0x0000000088d00000, 0x0000000088d00000|100%| E|CS|TAMS 0x0000000088c00000, 0x0000000088c00000| Complete 
| 141|0x0000000088d00000, 0x0000000088e00000, 0x0000000088e00000|100%| E|CS|TAMS 0x0000000088d00000, 0x0000000088d00000| Complete 
| 142|0x0000000088e00000, 0x0000000088f00000, 0x0000000088f00000|100%| E|CS|TAMS 0x0000000088e00000, 0x0000000088e00000| Complete 
| 143|0x0000000088f00000, 0x0000000089000000, 0x0000000089000000|100%| E|CS|TAMS 0x0000000088f00000, 0x0000000088f00000| Complete 
| 144|0x0000000089000000, 0x0000000089100000, 0x0000000089100000|100%| E|CS|TAMS 0x0000000089000000, 0x0000000089000000| Complete 
| 145|0x0000000089100000, 0x0000000089200000, 0x0000000089200000|100%| E|CS|TAMS 0x0000000089100000, 0x0000000089100000| Complete 
| 146|0x0000000089200000, 0x0000000089300000, 0x0000000089300000|100%| E|CS|TAMS 0x0000000089200000, 0x0000000089200000| Complete 
| 147|0x0000000089300000, 0x0000000089400000, 0x0000000089400000|100%| E|CS|TAMS 0x0000000089300000, 0x0000000089300000| Complete 
| 148|0x0000000089400000, 0x0000000089500000, 0x0000000089500000|100%| E|CS|TAMS 0x0000000089400000, 0x0000000089400000| Complete 
| 149|0x0000000089500000, 0x0000000089600000, 0x0000000089600000|100%| E|CS|TAMS 0x0000000089500000, 0x0000000089500000| Complete 
| 150|0x0000000089600000, 0x0000000089700000, 0x0000000089700000|100%| E|CS|TAMS 0x0000000089600000, 0x0000000089600000| Complete 
| 151|0x0000000089700000, 0x0000000089800000, 0x0000000089800000|100%| E|CS|TAMS 0x0000000089700000, 0x0000000089700000| Complete 
| 152|0x0000000089800000, 0x0000000089900000, 0x0000000089900000|100%| E|CS|TAMS 0x0000000089800000, 0x0000000089800000| Complete 
| 153|0x0000000089900000, 0x0000000089a00000, 0x0000000089a00000|100%| E|CS|TAMS 0x0000000089900000, 0x0000000089900000| Complete 

Card table byte_map: [0x00000251395f0000,0x00000251399f0000] _byte_map_base: 0x00000251391f0000

Marking Bits (Prev, Next): (CMBitMap*) 0x00000251249100d0, (CMBitMap*) 0x0000025124910098
 Prev Bits: [0x000002513bdf0000, 0x000002513ddf0000)
 Next Bits: [0x0000025139df0000, 0x000002513bdf0000)

Polling page: 0x0000025126160000

Metaspace:

Usage:
  Non-class:     23.94 MB capacity,    23.58 MB ( 98%) used,   312.16 KB (  1%) free+waste,    55.69 KB ( <1%) overhead. 
      Class:      3.83 MB capacity,     3.58 MB ( 93%) used,   234.93 KB (  6%) free+waste,    28.25 KB ( <1%) overhead. 
       Both:     27.77 MB capacity,    27.16 MB ( 98%) used,   547.09 KB (  2%) free+waste,    83.94 KB ( <1%) overhead. 

Virtual space:
  Non-class space:       24.00 MB reserved,      24.00 MB (100%) committed 
      Class space:        1.00 GB reserved,       3.88 MB ( <1%) committed 
             Both:        1.02 GB reserved,      27.88 MB (  3%) committed 

Chunk freelists:
   Non-Class:  60.00 KB
       Class:  11.00 KB
        Both:  71.00 KB

MaxMetaspaceSize: 17179869184.00 GB
CompressedClassSpaceSize: 1.00 GB
Initial GC threshold: 20.80 MB
Current GC threshold: 35.00 MB
CDS: off

CodeHeap 'non-profiled nmethods': size=120064Kb used=1100Kb max_used=1100Kb free=118963Kb
 bounds [0x0000025131670000, 0x00000251318e0000, 0x0000025138bb0000]
CodeHeap 'profiled nmethods': size=120000Kb used=4922Kb max_used=4922Kb free=115077Kb
 bounds [0x000002512a140000, 0x000002512a610000, 0x0000025131670000]
CodeHeap 'non-nmethods': size=5696Kb used=1234Kb max_used=1270Kb free=4461Kb
 bounds [0x0000025129bb0000, 0x0000025129e20000, 0x000002512a140000]
 total_blobs=2794 nmethods=2290 adapters=416
 compilation: enabled
              stopped_count=0, restarted_count=0
 full_count=0

Compilation events (20 events):
Event: 2.764 Thread 0x000002514045d000 2291       3       jdk.internal.misc.Unsafe::shouldBeInitialized (18 bytes)
Event: 2.764 Thread 0x000002514045d000 nmethod 2291 0x000002512a607690 code [0x000002512a607860, 0x000002512a607a78]
Event: 2.765 Thread 0x000002514045d000 2293       3       java.lang.invoke.MethodHandles$Lookup::getDirectMethodCommon (275 bytes)
Event: 2.766 Thread 0x000002514045d000 nmethod 2293 0x000002512a607b90 code [0x000002512a607ee0, 0x000002512a609158]
Event: 2.767 Thread 0x000002514045d000 2294       3       java.lang.invoke.MethodHandles$Lookup::checkMethod (83 bytes)
Event: 2.767 Thread 0x000002514045d000 nmethod 2294 0x000002512a609790 code [0x000002512a6099c0, 0x000002512a60a118]
Event: 2.767 Thread 0x000002514045d000 2295       3       java.lang.invoke.MethodHandles$Lookup::maybeBindCaller (47 bytes)
Event: 2.768 Thread 0x000002514045d000 nmethod 2295 0x000002512a60a390 code [0x000002512a60a5e0, 0x000002512a60aec8]
Event: 2.775 Thread 0x000002514045d000 2297       1       org.gradle.internal.event.DefaultListenerManager::access$100 (5 bytes)
Event: 2.775 Thread 0x000002514045d000 nmethod 2297 0x0000025131782f90 code [0x0000025131783140, 0x00000251317831d8]
Event: 2.790 Thread 0x000002514045d000 2298       3       com.google.common.cache.LongAdder::<init> (5 bytes)
Event: 2.790 Thread 0x000002514045d000 nmethod 2298 0x000002512a60b210 code [0x000002512a60b3e0, 0x000002512a60b5f8]
Event: 2.790 Thread 0x000002514045d000 2299       3       com.google.common.cache.LongAddables::create (12 bytes)
Event: 2.791 Thread 0x000002514045d000 nmethod 2299 0x000002512a60b710 code [0x000002512a60b900, 0x000002512a60bc98]
Event: 2.791 Thread 0x000002514045d000 2300       3       com.google.common.cache.LongAddables$1::get (5 bytes)
Event: 2.791 Thread 0x000002514045d000 nmethod 2300 0x000002512a60be10 code [0x000002512a60bfe0, 0x000002512a60c318]
Event: 2.791 Thread 0x000002514045d000 2301       3       com.google.common.cache.LocalCache::expiresAfterAccess (15 bytes)
Event: 2.791 Thread 0x000002514045d000 nmethod 2301 0x000002512a60c490 code [0x000002512a60c640, 0x000002512a60c7b8]
Event: 2.791 Thread 0x000002514045d000 2302       3       java.util.concurrent.atomic.AtomicLong::compareAndSet (13 bytes)
Event: 2.791 Thread 0x000002514045d000 nmethod 2302 0x000002512a60c890 code [0x000002512a60ca40, 0x000002512a60cb58]

GC Heap History (12 events):
Event: 0.376 GC heap before
{Heap before GC invocations=0 (full 0):
 garbage-first heap   total 131072K, used 20480K [0x0000000080000000, 0x0000000100000000)
  region size 1024K, 14 young (14336K), 0 survivors (0K)
 Metaspace       used 6725K, capacity 6921K, committed 7168K, reserved 1056768K
  class space    used 582K, capacity 650K, committed 768K, reserved 1048576K
}
Event: 0.379 GC heap after
{Heap after GC invocations=1 (full 0):
 garbage-first heap   total 131072K, used 8009K [0x0000000080000000, 0x0000000100000000)
  region size 1024K, 2 young (2048K), 2 survivors (2048K)
 Metaspace       used 6725K, capacity 6921K, committed 7168K, reserved 1056768K
  class space    used 582K, capacity 650K, committed 768K, reserved 1048576K
}
Event: 0.683 GC heap before
{Heap before GC invocations=1 (full 0):
 garbage-first heap   total 131072K, used 23369K [0x0000000080000000, 0x0000000100000000)
  region size 1024K, 17 young (17408K), 2 survivors (2048K)
 Metaspace       used 10122K, capacity 10306K, committed 10368K, reserved 1058816K
  class space    used 1054K, capacity 1102K, committed 1152K, reserved 1048576K
}
Event: 0.686 GC heap after
{Heap after GC invocations=2 (full 0):
 garbage-first heap   total 131072K, used 9275K [0x0000000080000000, 0x0000000100000000)
  region size 1024K, 2 young (2048K), 2 survivors (2048K)
 Metaspace       used 10122K, capacity 10306K, committed 10368K, reserved 1058816K
  class space    used 1054K, capacity 1102K, committed 1152K, reserved 1048576K
}
Event: 0.865 GC heap before
{Heap before GC invocations=2 (full 0):
 garbage-first heap   total 131072K, used 32827K [0x0000000080000000, 0x0000000100000000)
  region size 1024K, 25 young (25600K), 2 survivors (2048K)
 Metaspace       used 10814K, capacity 11005K, committed 11264K, reserved 1058816K
  class space    used 1130K, capacity 1207K, committed 1280K, reserved 1048576K
}
Event: 0.868 GC heap after
{Heap after GC invocations=3 (full 0):
 garbage-first heap   total 131072K, used 11793K [0x0000000080000000, 0x0000000100000000)
  region size 1024K, 3 young (3072K), 3 survivors (3072K)
 Metaspace       used 10814K, capacity 11005K, committed 11264K, reserved 1058816K
  class space    used 1130K, capacity 1207K, committed 1280K, reserved 1048576K
}
Event: 1.710 GC heap before
{Heap before GC invocations=3 (full 0):
 garbage-first heap   total 131072K, used 48657K [0x0000000080000000, 0x0000000100000000)
  region size 1024K, 40 young (40960K), 3 survivors (3072K)
 Metaspace       used 17057K, capacity 17451K, committed 17536K, reserved 1064960K
  class space    used 1969K, capacity 2099K, committed 2176K, reserved 1048576K
}
Event: 1.718 GC heap after
{Heap after GC invocations=4 (full 0):
 garbage-first heap   total 131072K, used 15541K [0x0000000080000000, 0x0000000100000000)
  region size 1024K, 5 young (5120K), 5 survivors (5120K)
 Metaspace       used 17057K, capacity 17451K, committed 17536K, reserved 1064960K
  class space    used 1969K, capacity 2099K, committed 2176K, reserved 1048576K
}
Event: 2.042 GC heap before
{Heap before GC invocations=4 (full 0):
 garbage-first heap   total 131072K, used 49333K [0x0000000080000000, 0x0000000100000000)
  region size 1024K, 39 young (39936K), 5 survivors (5120K)
 Metaspace       used 20725K, capacity 21131K, committed 21248K, reserved 1067008K
  class space    used 2543K, capacity 2710K, committed 2816K, reserved 1048576K
}
Event: 2.050 GC heap after
{Heap after GC invocations=5 (full 0):
 garbage-first heap   total 157696K, used 17312K [0x0000000080000000, 0x0000000100000000)
  region size 1024K, 2 young (2048K), 2 survivors (2048K)
 Metaspace       used 20725K, capacity 21131K, committed 21248K, reserved 1067008K
  class space    used 2543K, capacity 2710K, committed 2816K, reserved 1048576K
}
Event: 2.659 GC heap before
{Heap before GC invocations=6 (full 0):
 garbage-first heap   total 157696K, used 73632K [0x0000000080000000, 0x0000000100000000)
  region size 1024K, 57 young (58368K), 2 survivors (2048K)
 Metaspace       used 26715K, capacity 27361K, committed 27648K, reserved 1073152K
  class space    used 3484K, capacity 3733K, committed 3840K, reserved 1048576K
}
Event: 2.665 GC heap after
{Heap after GC invocations=7 (full 0):
 garbage-first heap   total 157696K, used 19095K [0x0000000080000000, 0x0000000100000000)
  region size 1024K, 4 young (4096K), 4 survivors (4096K)
 Metaspace       used 26715K, capacity 27361K, committed 27648K, reserved 1073152K
  class space    used 3484K, capacity 3733K, committed 3840K, reserved 1048576K
}

Deoptimization events (20 events):
Event: 2.031 Thread 0x00000251415eb000 DEOPT PACKING pc=0x00000251316e3374 sp=0x000000a637efac20
Event: 2.031 Thread 0x00000251415eb000 DEOPT UNPACKING pc=0x0000025129bfa1af sp=0x000000a637efabb8 mode 2
Event: 2.032 Thread 0x00000251415eb000 Uncommon trap: trap_request=0xffffff4d fr.pc=0x00000251316dd010 relative=0x0000000000000450
Event: 2.032 Thread 0x00000251415eb000 Uncommon trap: reason=unstable_if action=reinterpret pc=0x00000251316dd010 method=java.lang.String.substring(I)Ljava/lang/String; @ 34 c2
Event: 2.032 Thread 0x00000251415eb000 DEOPT PACKING pc=0x00000251316dd010 sp=0x000000a637efb550
Event: 2.032 Thread 0x00000251415eb000 DEOPT UNPACKING pc=0x0000025129bfa1af sp=0x000000a637efb518 mode 2
Event: 2.142 Thread 0x00000251415eb000 Uncommon trap: trap_request=0xffffff4d fr.pc=0x0000025131744398 relative=0x0000000000000398
Event: 2.142 Thread 0x00000251415eb000 Uncommon trap: reason=unstable_if action=reinterpret pc=0x0000025131744398 method=jdk.internal.org.objectweb.asm.Type.getArgumentsAndReturnSizes(Ljava/lang/String;)I @ 88 c2
Event: 2.142 Thread 0x00000251415eb000 DEOPT PACKING pc=0x0000025131744398 sp=0x000000a637ef9b60
Event: 2.142 Thread 0x00000251415eb000 DEOPT UNPACKING pc=0x0000025129bfa1af sp=0x000000a637ef9ae8 mode 2
Event: 2.325 Thread 0x00000251415eb000 Uncommon trap: trap_request=0xffffff4d fr.pc=0x00000251316feae8 relative=0x0000000000000228
Event: 2.325 Thread 0x00000251415eb000 Uncommon trap: reason=unstable_if action=reinterpret pc=0x00000251316feae8 method=java.util.concurrent.ConcurrentHashMap.get(Ljava/lang/Object;)Ljava/lang/Object; @ 76 c2
Event: 2.325 Thread 0x00000251415eb000 DEOPT PACKING pc=0x00000251316feae8 sp=0x000000a637ef9b90
Event: 2.325 Thread 0x00000251415eb000 DEOPT UNPACKING pc=0x0000025129bfa1af sp=0x000000a637ef9af8 mode 2
Event: 2.413 Thread 0x00000251415eb000 DEOPT PACKING pc=0x000002512a1f794c sp=0x000000a637efadf0
Event: 2.413 Thread 0x00000251415eb000 DEOPT UNPACKING pc=0x0000025129bfa95e sp=0x000000a637efa390 mode 0
Event: 2.584 Thread 0x00000251415eb000 Uncommon trap: trap_request=0xffffff4d fr.pc=0x000002513175acc0 relative=0x00000000000015e0
Event: 2.584 Thread 0x00000251415eb000 Uncommon trap: reason=unstable_if action=reinterpret pc=0x000002513175acc0 method=java.util.concurrent.ConcurrentHashMap.putVal(Ljava/lang/Object;Ljava/lang/Object;Z)Ljava/lang/Object; @ 231 c2
Event: 2.584 Thread 0x00000251415eb000 DEOPT PACKING pc=0x000002513175acc0 sp=0x000000a637efcb00
Event: 2.584 Thread 0x00000251415eb000 DEOPT UNPACKING pc=0x0000025129bfa1af sp=0x000000a637efca80 mode 2

Classes redefined (0 events):
No events

Internal exceptions (20 events):
Event: 2.079 Thread 0x00000251415eb000 Exception <a 'java/lang/IncompatibleClassChangeError'{0x000000008973c168}: Found class java.lang.Object, but interface was expected> (0x000000008973c168) thrown at [./src/hotspot/share/interpreter/linkResolver.cpp, line 839]
Event: 2.216 Thread 0x00000251415eb000 Exception <a 'java/lang/NoSuchMethodError'{0x0000000088b09700}: 'java.lang.Object java.lang.invoke.DirectMethodHandle$Holder.invokeSpecial(java.lang.Object, java.lang.Object, java.lang.Object, java.lang.Object, java.lang.Object, java.lang.Object, java.lang.Object, java.lang.Object, java.lang.Object)'> (0x0000000088b09700) thrown at [./src/hotspot/share/interpreter/linkResolver.cpp, line 773]
Event: 2.280 Thread 0x00000251415eb000 Exception <a 'java/lang/NoSuchMethodError'{0x00000000882de6d8}: 'java.lang.Object java.lang.invoke.DirectMethodHandle$Holder.invokeVirtual(java.lang.Object, java.lang.Object, java.lang.Object, java.lang.Object)'> (0x00000000882de6d8) thrown at [./src/hotspot/share/interpreter/linkResolver.cpp, line 773]
Event: 2.353 Thread 0x00000251415eb000 Exception <a 'java/lang/NoSuchMethodError'{0x0000000087ba4648}: 'void java.lang.invoke.DirectMethodHandle$Holder.invokeSpecial(java.lang.Object, java.lang.Object, java.lang.Object, java.lang.Object, java.lang.Object, java.lang.Object)'> (0x0000000087ba4648) thrown at [./src/hotspot/share/interpreter/linkResolver.cpp, line 773]
Event: 2.364 Thread 0x00000251415eb000 Exception <a 'java/lang/NoSuchMethodError'{0x0000000087a130c8}: 'void java.lang.invoke.DirectMethodHandle$Holder.invokeSpecial(java.lang.Object, java.lang.Object, java.lang.Object, java.lang.Object, java.lang.Object, java.lang.Object, java.lang.Object)'> (0x0000000087a130c8) thrown at [./src/hotspot/share/interpreter/linkResolver.cpp, line 773]
Event: 2.364 Thread 0x00000251415eb000 Exception <a 'java/lang/NoSuchMethodError'{0x0000000087a1b5b8}: 'java.lang.Object java.lang.invoke.Invokers$Holder.linkToTargetMethod(java.lang.Object, java.lang.Object, java.lang.Object, java.lang.Object, java.lang.Object, java.lang.Object)'> (0x0000000087a1b5b8) thrown at [./src/hotspot/share/interpreter/linkResolver.cpp, line 773]
Event: 2.437 Thread 0x00000251415eb000 Exception <a 'java/lang/NoSuchMethodError'{0x00000000871b57a8}: 'int java.lang.invoke.DirectMethodHandle$Holder.invokeStaticInit(java.lang.Object, java.lang.Object, java.lang.Object)'> (0x00000000871b57a8) thrown at [./src/hotspot/share/interpreter/linkResolver.cpp, line 773]
Event: 2.509 Thread 0x00000251415eb000 Exception <a 'java/lang/NoSuchMethodError'{0x0000000086cda3e0}: 'void java.lang.invoke.DirectMethodHandle$Holder.invokeStaticInit(java.lang.Object, java.lang.Object)'> (0x0000000086cda3e0) thrown at [./src/hotspot/share/interpreter/linkResolver.cpp, line 773]
Event: 2.595 Thread 0x00000251415eb000 Exception <a 'java/lang/NoSuchMethodError'{0x0000000086640f20}: 'void java.lang.invoke.DirectMethodHandle$Holder.invokeStatic(java.lang.Object, java.lang.Object, java.lang.Object, java.lang.Object)'> (0x0000000086640f20) thrown at [./src/hotspot/share/interpreter/linkResolver.cpp, line 773]
Event: 2.604 Thread 0x00000251415eb000 Exception <a 'java/lang/NoSuchMethodError'{0x0000000086670738}: 'java.lang.Object java.lang.invoke.DirectMethodHandle$Holder.invokeVirtual(java.lang.Object, java.lang.Object, java.lang.Object)'> (0x0000000086670738) thrown at [./src/hotspot/share/interpreter/linkResolver.cpp, line 773]
Event: 2.607 Thread 0x00000251415eb000 Exception <a 'java/lang/NoSuchMethodError'{0x00000000866c7e70}: 'int java.lang.invoke.DirectMethodHandle$Holder.invokeVirtual(java.lang.Object, java.lang.Object)'> (0x00000000866c7e70) thrown at [./src/hotspot/share/interpreter/linkResolver.cpp, line 773]
Event: 2.613 Thread 0x00000251415eb000 Exception <a 'java/lang/NoSuchMethodError'{0x0000000086502488}: 'int java.lang.invoke.DirectMethodHandle$Holder.invokeVirtual(java.lang.Object, java.lang.Object, java.lang.Object)'> (0x0000000086502488) thrown at [./src/hotspot/share/interpreter/linkResolver.cpp, line 773]
Event: 2.637 Thread 0x00000251415eb000 Exception <a 'java/lang/NoSuchMethodError'{0x0000000086464458}: 'void java.lang.invoke.DirectMethodHandle$Holder.invokeSpecial(java.lang.Object, java.lang.Object)'> (0x0000000086464458) thrown at [./src/hotspot/share/interpreter/linkResolver.cpp, line 773]
Event: 2.743 Thread 0x00000251415eb000 Exception <a 'java/lang/NoSuchMethodError'{0x00000000891099d8}: 'java.lang.Object java.lang.invoke.DirectMethodHandle$Holder.invokeSpecialIFC(java.lang.Object, java.lang.Object, java.lang.Object, java.lang.Object)'> (0x00000000891099d8) thrown at [./src/hotspot/share/interpreter/linkResolver.cpp, line 773]
Event: 2.750 Thread 0x00000251415eb000 Exception <a 'java/lang/NoSuchMethodError'{0x00000000891e66f0}: 'java.lang.Object java.lang.invoke.DirectMethodHandle$Holder.invokeSpecial(java.lang.Object, java.lang.Object, java.lang.Object, java.lang.Object, java.lang.Object, java.lang.Object, java.lang.Object, java.lang.Object, java.lang.Object, java.lang.Object, java.lang.Object, java.lang.Object, java.lang.Object)'> (0x00000000891e66f0) thrown at [./src/hotspot/share/interpreter/linkResolver.cpp, line 773]
Event: 2.751 Thread 0x00000251415eb000 Exception <a 'java/lang/NoSuchMethodError'{0x00000000891f7550}: 'java.lang.Object java.lang.invoke.DirectMethodHandle$Holder.invokeSpecial(java.lang.Object, java.lang.Object, java.lang.Object, java.lang.Object, java.lang.Object, java.lang.Object, java.lang.Object, java.lang.Object, java.lang.Object, java.lang.Object, java.lang.Object, java.lang.Object)'> (0x00000000891f7550) thrown at [./src/hotspot/share/interpreter/linkResolver.cpp, line 773]
Event: 2.752 Thread 0x00000251415eb000 Exception <a 'java/lang/NoSuchMethodError'{0x00000000891fc678}: 'java.lang.Object java.lang.invoke.Invokers$Holder.linkToTargetMethod(java.lang.Object, java.lang.Object, java.lang.Object, java.lang.Object, java.lang.Object, java.lang.Object, java.lang.Object, java.lang.Object, java.lang.Object, java.lang.Object, java.lang.Object)'> (0x00000000891fc678) thrown at [./src/hotspot/share/interpreter/linkResolver.cpp, line 773]
Event: 2.763 Thread 0x00000251415eb000 Exception <a 'java/lang/NoSuchMethodError'{0x0000000088f40ef0}: 'java.lang.Object java.lang.invoke.DirectMethodHandle$Holder.invokeSpecial(java.lang.Object, java.lang.Object, java.lang.Object, java.lang.Object, java.lang.Object, java.lang.Object, java.lang.Object, java.lang.Object, java.lang.Object, java.lang.Object, java.lang.Object, java.lang.Object, java.lang.Object, java.lang.Object)'> (0x0000000088f40ef0) thrown at [./src/hotspot/share/interpreter/linkResolver.cpp, line 773]
Event: 2.763 Thread 0x00000251415eb000 Exception <a 'java/lang/NoSuchMethodError'{0x0000000088f52568}: 'java.lang.Object java.lang.invoke.Invokers$Holder.linkToTargetMethod(java.lang.Object, java.lang.Object, java.lang.Object, java.lang.Object, java.lang.Object, java.lang.Object, java.lang.Object, java.lang.Object, java.lang.Object, java.lang.Object, java.lang.Object, java.lang.Object)'> (0x0000000088f52568) thrown at [./src/hotspot/share/interpreter/linkResolver.cpp, line 773]
Event: 2.773 Thread 0x00000251415eb000 Exception <a 'java/lang/NoSuchMethodError'{0x0000000088e3ca58}: 'java.lang.Object java.lang.invoke.DirectMethodHandle$Holder.invokeStaticInit(java.lang.Object, java.lang.Object, java.lang.Object, java.lang.Object)'> (0x0000000088e3ca58) thrown at [./src/hotspot/share/interpreter/linkResolver.cpp, line 773]

Events (20 events):
Event: 2.787 loading class org/gradle/internal/resolve/caching/CrossBuildCachingRuleExecutor$CachedEntry done
Event: 2.787 loading class org/gradle/util/internal/BuildCommencedTimeProvider
Event: 2.787 loading class org/gradle/util/internal/BuildCommencedTimeProvider done
Event: 2.788 loading class org/gradle/util/internal/BuildCommencedTimeProvider
Event: 2.788 loading class org/gradle/util/internal/BuildCommencedTimeProvider done
Event: 2.788 loading class org/gradle/internal/resolve/caching/CrossBuildCachingRuleExecutor$EntryValidator
Event: 2.788 loading class org/gradle/internal/resolve/caching/CrossBuildCachingRuleExecutor$EntryValidator done
Event: 2.789 loading class org/gradle/internal/resolve/caching/CrossBuildCachingRuleExecutor$CacheEntrySerializer
Event: 2.789 loading class org/gradle/internal/resolve/caching/CrossBuildCachingRuleExecutor$CacheEntrySerializer done
Event: 2.789 loading class org/gradle/internal/resolve/caching/CrossBuildCachingRuleExecutor$AnySerializer
Event: 2.789 loading class org/gradle/internal/resolve/caching/CrossBuildCachingRuleExecutor$AnySerializer done
Event: 2.790 Thread 0x00000251432e6000 Thread added: 0x00000251432e6000
Event: 2.793 loading class org/gradle/api/internal/artifacts/ivyservice/resolveengine/result/CachingComponentSelectionDescriptorFactory
Event: 2.793 loading class org/gradle/api/internal/artifacts/ivyservice/resolveengine/result/CachingComponentSelectionDescriptorFactory done
Event: 2.793 loading class org/gradle/api/artifacts/result/ComponentSelectionDescriptor
Event: 2.793 loading class org/gradle/api/artifacts/result/ComponentSelectionDescriptor done
Event: 2.794 loading class org/gradle/api/internal/FeaturePreviews$Feature
Event: 2.794 loading class org/gradle/api/internal/FeaturePreviews$Feature done
Event: 2.794 loading class org/gradle/api/internal/artifacts/ivyservice/resolveengine/DefaultArtifactDependencyResolver
Event: 2.794 loading class org/gradle/api/internal/artifacts/ivyservice/resolveengine/DefaultArtifactDependencyResolver done


Dynamic libraries:
0x00007ff6f9250000 - 0x00007ff6f925a000 	C:\Program Files\Android\Android Studio\jre\bin\java.exe
0x00007ff80e940000 - 0x00007ff80eb49000 	C:\Windows\SYSTEM32\ntdll.dll
0x00007ff80d0b0000 - 0x00007ff80d16d000 	C:\Windows\System32\KERNEL32.DLL
0x00007ff80bff0000 - 0x00007ff80c364000 	C:\Windows\System32\KERNELBASE.dll
0x00007ff80be30000 - 0x00007ff80bf41000 	C:\Windows\System32\ucrtbase.dll
0x00007fffddae0000 - 0x00007fffddaf9000 	C:\Program Files\Android\Android Studio\jre\bin\jli.dll
0x00007fffccfd0000 - 0x00007fffccfe7000 	C:\Program Files\Android\Android Studio\jre\bin\VCRUNTIME140.dll
0x00007ff80e570000 - 0x00007ff80e71c000 	C:\Windows\System32\USER32.dll
0x00007ff80bfc0000 - 0x00007ff80bfe6000 	C:\Windows\System32\win32u.dll
0x00007ff80de70000 - 0x00007ff80de99000 	C:\Windows\System32\GDI32.dll
0x00007fffe6d70000 - 0x00007fffe7015000 	C:\Windows\WinSxS\amd64_microsoft.windows.common-controls_6595b64144ccf1df_6.0.22000.120_none_9d947278b86cc467\COMCTL32.dll
0x00007ff80c370000 - 0x00007ff80c482000 	C:\Windows\System32\gdi32full.dll
0x00007ff80dc50000 - 0x00007ff80dcf3000 	C:\Windows\System32\msvcrt.dll
0x00007ff80c510000 - 0x00007ff80c5ad000 	C:\Windows\System32\msvcp_win.dll
0x00007ff80ddb0000 - 0x00007ff80dde1000 	C:\Windows\System32\IMM32.DLL
0x00007fff86140000 - 0x00007fff861dd000 	C:\Program Files\Android\Android Studio\jre\bin\msvcp140.dll
0x00007fff99bb0000 - 0x00007fff9a695000 	C:\Program Files\Android\Android Studio\jre\bin\server\jvm.dll
0x00007ff80d350000 - 0x00007ff80d3fe000 	C:\Windows\System32\ADVAPI32.dll
0x00007ff80e0a0000 - 0x00007ff80e13e000 	C:\Windows\System32\sechost.dll
0x00007ff80e720000 - 0x00007ff80e840000 	C:\Windows\System32\RPCRT4.dll
0x00007ff80c7e0000 - 0x00007ff80c7e8000 	C:\Windows\System32\PSAPI.DLL
0x00007fffe7d90000 - 0x00007fffe7d99000 	C:\Windows\SYSTEM32\WSOCK32.dll
0x00007ff80e150000 - 0x00007ff80e1bf000 	C:\Windows\System32\WS2_32.dll
0x00007ffff9750000 - 0x00007ffff975a000 	C:\Windows\SYSTEM32\VERSION.dll
0x00007ff802a90000 - 0x00007ff802ac3000 	C:\Windows\SYSTEM32\WINMM.dll
0x00007ff80a0a0000 - 0x00007ff80a0b8000 	C:\Windows\SYSTEM32\kernel.appcore.dll
0x00007fffe7d70000 - 0x00007fffe7d81000 	C:\Program Files\Android\Android Studio\jre\bin\verify.dll
0x00007ff8040b0000 - 0x00007ff8042d1000 	C:\Windows\SYSTEM32\DBGHELP.DLL
0x00007ffff7220000 - 0x00007ffff7251000 	C:\Windows\SYSTEM32\dbgcore.DLL
0x00007ff80c490000 - 0x00007ff80c50f000 	C:\Windows\System32\bcryptPrimitives.dll
0x00007fffe7d40000 - 0x00007fffe7d69000 	C:\Program Files\Android\Android Studio\jre\bin\java.dll
0x00007fffe7d30000 - 0x00007fffe7d3b000 	C:\Program Files\Android\Android Studio\jre\bin\jimage.dll
0x00007fffe7d10000 - 0x00007fffe7d28000 	C:\Program Files\Android\Android Studio\jre\bin\zip.dll
0x00007ff80d400000 - 0x00007ff80dbae000 	C:\Windows\System32\SHELL32.dll
0x00007ff80a0c0000 - 0x00007ff80a927000 	C:\Windows\SYSTEM32\windows.storage.dll
0x00007ff80e1c0000 - 0x00007ff80e538000 	C:\Windows\System32\combase.dll
0x00007ff809f30000 - 0x00007ff80a096000 	C:\Windows\SYSTEM32\wintypes.dll
0x00007ff80d260000 - 0x00007ff80d34a000 	C:\Windows\System32\SHCORE.dll
0x00007ff80d170000 - 0x00007ff80d1cd000 	C:\Windows\System32\shlwapi.dll
0x00007ff80bd60000 - 0x00007ff80bd81000 	C:\Windows\SYSTEM32\profapi.dll
0x00007fffe6be0000 - 0x00007fffe6bfa000 	C:\Program Files\Android\Android Studio\jre\bin\net.dll
0x00007ff800850000 - 0x00007ff80095c000 	C:\Windows\SYSTEM32\WINHTTP.dll
0x00007ff80b450000 - 0x00007ff80b4b7000 	C:\Windows\system32\mswsock.dll
0x00007fffe6bc0000 - 0x00007fffe6bd4000 	C:\Program Files\Android\Android Studio\jre\bin\nio.dll
0x00007fffaaa00000 - 0x00007fffaaa27000 	C:\Users\Admin\.gradle\native\e1d6ef7f7dcc3fd88c89a11ec53ec762bb8ba0a96d01ffa2cd45eb1d1d8dd5c5\windows-amd64\native-platform.dll
0x00007fff85ff0000 - 0x00007fff86134000 	C:\Users\Admin\.gradle\native\5664cfc778a61ccfe75a443a1ab52a65af34e5dc3c78e0209fed803814484fcb\windows-amd64\native-platform-file-events.dll
0x00007fffe7d00000 - 0x00007fffe7d0a000 	C:\Program Files\Android\Android Studio\jre\bin\management.dll
0x00007fffe73f0000 - 0x00007fffe73fd000 	C:\Program Files\Android\Android Studio\jre\bin\management_ext.dll
0x00007ff80b690000 - 0x00007ff80b6a8000 	C:\Windows\SYSTEM32\CRYPTSP.dll
0x00007ff80b0a0000 - 0x00007ff80b0d5000 	C:\Windows\system32\rsaenh.dll
0x00007ff80b540000 - 0x00007ff80b569000 	C:\Windows\SYSTEM32\USERENV.dll
0x00007ff80b810000 - 0x00007ff80b837000 	C:\Windows\SYSTEM32\bcrypt.dll
0x00007ff80b6b0000 - 0x00007ff80b6bc000 	C:\Windows\SYSTEM32\CRYPTBASE.dll
0x00007ff80abf0000 - 0x00007ff80ac1d000 	C:\Windows\SYSTEM32\IPHLPAPI.DLL
0x00007ff80e140000 - 0x00007ff80e149000 	C:\Windows\System32\NSI.dll
0x00007ff8009e0000 - 0x00007ff8009f9000 	C:\Windows\SYSTEM32\dhcpcsvc6.DLL
0x00007ff800dc0000 - 0x00007ff800dde000 	C:\Windows\SYSTEM32\dhcpcsvc.DLL
0x00007ff80ac60000 - 0x00007ff80ad47000 	C:\Windows\SYSTEM32\DNSAPI.dll

dbghelp: loaded successfully - version: 4.0.5 - missing functions: none
symbol engine: initialized successfully - sym options: 0x614 - pdb path: .;C:\Program Files\Android\Android Studio\jre\bin;C:\Windows\SYSTEM32;C:\Windows\WinSxS\amd64_microsoft.windows.common-controls_6595b64144ccf1df_6.0.22000.120_none_9d947278b86cc467;C:\Program Files\Android\Android Studio\jre\bin\server;C:\Users\Admin\.gradle\native\e1d6ef7f7dcc3fd88c89a11ec53ec762bb8ba0a96d01ffa2cd45eb1d1d8dd5c5\windows-amd64;C:\Users\Admin\.gradle\native\5664cfc778a61ccfe75a443a1ab52a65af34e5dc3c78e0209fed803814484fcb\windows-amd64

VM Arguments:
jvm_args: --add-opens=java.base/java.util=ALL-UNNAMED --add-opens=java.base/java.lang=ALL-UNNAMED --add-opens=java.base/java.lang.invoke=ALL-UNNAMED --add-opens=java.base/java.util=ALL-UNNAMED --add-opens=java.prefs/java.util.prefs=ALL-UNNAMED --add-opens=java.prefs/java.util.prefs=ALL-UNNAMED --add-opens=java.base/java.nio.charset=ALL-UNNAMED --add-opens=java.base/java.net=ALL-UNNAMED --add-opens=java.base/java.util.concurrent.atomic=ALL-UNNAMED -Xmx2048m -Dfile.encoding=UTF-8 -Duser.country=US -Duser.language=en -Duser.variant 
java_command: org.gradle.launcher.daemon.bootstrap.GradleDaemon 7.3.3
java_class_path (initial): C:\Users\Admin\.gradle\wrapper\dists\gradle-7.3.3-bin\6a41zxkdtcxs8rphpq6y0069z\gradle-7.3.3\lib\gradle-launcher-7.3.3.jar
Launcher Type: SUN_STANDARD

[Global flags]
     intx CICompilerCount                          = 3                                         {product} {ergonomic}
     uint ConcGCThreads                            = 1                                         {product} {ergonomic}
     uint G1ConcRefinementThreads                  = 4                                         {product} {ergonomic}
   size_t G1HeapRegionSize                         = 1048576                                   {product} {ergonomic}
    uintx GCDrainStackTargetSize                   = 64                                        {product} {ergonomic}
   size_t InitialHeapSize                          = 134217728                                 {product} {ergonomic}
   size_t MarkStackSize                            = 4194304                                   {product} {ergonomic}
   size_t MaxHeapSize                              = 2147483648                                {product} {command line}
   size_t MaxNewSize                               = 1287651328                                {product} {ergonomic}
   size_t MinHeapDeltaBytes                        = 1048576                                   {product} {ergonomic}
    uintx NonNMethodCodeHeapSize                   = 5830732                                {pd product} {ergonomic}
    uintx NonProfiledCodeHeapSize                  = 122913754                              {pd product} {ergonomic}
    uintx ProfiledCodeHeapSize                     = 122913754                              {pd product} {ergonomic}
    uintx ReservedCodeCacheSize                    = 251658240                              {pd product} {ergonomic}
     bool SegmentedCodeCache                       = true                                      {product} {ergonomic}
     bool UseCompressedClassPointers               = true                                 {lp64_product} {ergonomic}
     bool UseCompressedOops                        = true                                 {lp64_product} {ergonomic}
     bool UseG1GC                                  = true                                      {product} {ergonomic}
     bool UseLargePagesIndividualAllocation        = false                                  {pd product} {ergonomic}

Logging:
Log output configuration:
 #0: stdout all=warning uptime,level,tags
 #1: stderr all=off uptime,level,tags

Environment Variables:
PATH=C:\Program Files\Common Files\Oracle\Java\javapath;C:\Program Files (x86)\Common Files\Oracle\Java\javapath;C:\Windows\system32;C:\Windows;C:\Windows\System32\Wbem;C:\Windows\System32\WindowsPowerShell\v1.0\;C:\Windows\System32\OpenSSH\;C:\Program Files (x86)\Intel\Intel(R) Management Engine Components\DAL;C:\Program Files\Intel\Intel(R) Management Engine Components\DAL;C:\Program Files\Git\cmd;C:\Users\Admin\AppData\Local\Microsoft\WindowsApps;C:\Users\Admin\AppData\Local\Programs\Microsoft VS Code\bin;C:\Users\Admin\AppData\Local\atom\bin;C:\Users\Admin\AppData\Local\GitHubDesktop\bin
USERNAME=Admin
OS=Windows_NT
PROCESSOR_IDENTIFIER=Intel64 Family 6 Model 78 Stepping 3, GenuineIntel



---------------  S Y S T E M  ---------------

OS: Windows 10 , 64 bit Build 22000 (10.0.22000.434)
OS uptime: 0 days 14:53 hours

CPU:total 4 (initial active 4) (2 cores per cpu, 2 threads per core) family 6 model 78 stepping 3 microcode 0xd6, cmov, cx8, fxsr, mmx, sse, sse2, sse3, ssse3, sse4.1, sse4.2, popcnt, avx, avx2, aes, clmul, erms, rtm, 3dnowpref, lzcnt, ht, tsc, tscinvbit, bmi1, bmi2, adx, fma

Memory: 4k page, system-wide physical 8072M (865M free)
TotalPageFile size 8072M (AvailPageFile size 6M)
current process WorkingSet (physical memory assigned to process): 222M, peak: 224M
current process commit charge ("private bytes"): 322M, peak: 323M

vm_info: OpenJDK 64-Bit Server VM (11.0.12+7-b1504.28-7817840) for windows-amd64 JRE (11.0.12+7-b1504.28-7817840), built on Oct 13 2021 22:12:33 by "builder" with MS VC++ 14.0 (VS2015)

END.
