#
# There is insufficient memory for the Java Runtime Environment to continue.
# Native memory allocation (malloc) failed to allocate 1465616 bytes for Chunk::new
# Possible reasons:
#   The system is out of physical RAM or swap space
#   The process is running with CompressedOops enabled, and the Java Heap may be blocking the growth of the native heap
# Possible solutions:
#   Reduce memory load on the system
#   Increase physical memory or swap space
#   Check if swap backing store is full
#   Decrease Java heap size (-Xmx/-Xms)
#   Decrease number of Java threads
#   Decrease Java thread stack sizes (-Xss)
#   Set larger code cache with -XX:ReservedCodeCacheSize=
#   JVM is running with Unscaled Compressed Oops mode in which the Java heap is
#     placed in the first 4GB address space. The Java Heap base address is the
#     maximum limit for the native heap growth. Please use -XX:HeapBaseMinAddress
#     to set the Java Heap base and to place the Java Heap above 4GB virtual address.
# This output file may be truncated or incomplete.
#
#  Out of Memory Error (./src/hotspot/share/memory/arena.cpp:197), pid=6884, tid=8268
#
# JRE version: OpenJDK Runtime Environment (11.0.12+7) (build 11.0.12+7-b1504.28-7817840)
# Java VM: OpenJDK 64-Bit Server VM (11.0.12+7-b1504.28-7817840, mixed mode, tiered, compressed oops, g1 gc, windows-amd64)
# No core dump will be written. Minidumps are not enabled by default on client versions of Windows
#

---------------  S U M M A R Y ------------

Command Line: --add-opens=java.base/java.util=ALL-UNNAMED --add-opens=java.base/java.lang=ALL-UNNAMED --add-opens=java.base/java.lang.invoke=ALL-UNNAMED --add-opens=java.base/java.util=ALL-UNNAMED --add-opens=java.prefs/java.util.prefs=ALL-UNNAMED --add-opens=java.prefs/java.util.prefs=ALL-UNNAMED --add-opens=java.base/java.nio.charset=ALL-UNNAMED --add-opens=java.base/java.net=ALL-UNNAMED --add-opens=java.base/java.util.concurrent.atomic=ALL-UNNAMED -Xmx2048m -Dfile.encoding=UTF-8 -Duser.country=US -Duser.language=en -Duser.variant org.gradle.launcher.daemon.bootstrap.GradleDaemon 7.3.3

Host: Intel(R) Core(TM) i7-6600U CPU @ 2.60GHz, 4 cores, 7G,  Windows 10 , 64 bit Build 22000 (10.0.22000.434)
Time: Thu Aug 18 07:05:34 2022 Egypt Standard Time elapsed time: 17.147537 seconds (0d 0h 0m 17s)

---------------  T H R E A D  ---------------

Current thread (0x000002136db50000):  JavaThread "C2 CompilerThread1" daemon [_thread_in_native, id=8268, stack(0x000000371af00000,0x000000371b000000)]


Current CompileTask:
C2:  17147 12230   !   4       org.apache.xerces.parsers.AbstractSAXParser::startElement (318 bytes)

Stack: [0x000000371af00000,0x000000371b000000]
Native frames: (J=compiled Java code, j=interpreted, Vv=VM code, C=native code)
V  [jvm.dll+0x5fbcea]
V  [jvm.dll+0x731905]
V  [jvm.dll+0x732f1d]
V  [jvm.dll+0x7335d3]
V  [jvm.dll+0x247bf8]
V  [jvm.dll+0xc018c]
V  [jvm.dll+0xc06cc]
V  [jvm.dll+0x2bcc04]
V  [jvm.dll+0x5113a8]
V  [jvm.dll+0x208303]
V  [jvm.dll+0x201fe0]
V  [jvm.dll+0x1ff71f]
V  [jvm.dll+0x18868c]
V  [jvm.dll+0x20e0d7]
V  [jvm.dll+0x20c901]
V  [jvm.dll+0x6f9b7f]
V  [jvm.dll+0x6f26a5]
V  [jvm.dll+0x5fabf6]
C  [ucrtbase.dll+0x26c0c]
C  [KERNEL32.DLL+0x154e0]
C  [ntdll.dll+0x485b]


---------------  P R O C E S S  ---------------

Threads class SMR info:
_java_thread_list=0x0000021373b611a0, length=90, elements={
0x000002134de22800, 0x000002136996f800, 0x0000021369973000, 0x000002136a312800,
0x0000021369990800, 0x0000021369991800, 0x0000021369995800, 0x000002136999a000,
0x000002136999e800, 0x000002136a448000, 0x000002136b6bd800, 0x000002136c892000,
0x000002136c2b4800, 0x000002136b8c7000, 0x000002136b8c8000, 0x000002136b600800,
0x000002136c509000, 0x000002136c50a000, 0x000002136c105800, 0x000002136cb89800,
0x000002136cb87000, 0x000002136cb88000, 0x000002136cb89000, 0x000002136cb8a800,
0x000002136cb8b000, 0x000002136cb8c000, 0x000002136cb8d800, 0x000002136cb8d000,
0x000002136f842000, 0x000002136f842800, 0x000002136f83e800, 0x000002136f845000,
0x000002136f841000, 0x000002136e121800, 0x000002136e11d000, 0x000002136e120800,
0x000002136e122000, 0x000002136e11f000, 0x000002136e11c800, 0x000002136e123000,
0x000002136e11f800, 0x000002136e123800, 0x000002136e11e000, 0x000002136e126000,
0x000002136e129800, 0x000002136e127000, 0x000002136e12a800, 0x000002136e124800,
0x000002136e12b000, 0x000002136e128800, 0x000002136e128000, 0x000002136e125800,
0x000002136e021800, 0x000002136e020000, 0x000002136e024000, 0x000002136e022800,
0x000002136e023800, 0x000002136e021000, 0x000002136e029000, 0x000002136e026000,
0x000002136e02a000, 0x000002136e028800, 0x000002136e02a800, 0x000002136e027800,
0x000002136e025000, 0x000002136e02b800, 0x000002136e026800, 0x000002136e02d000,
0x000002136e02c800, 0x000002136e02e000, 0x000002136e02f000, 0x000002136db46000,
0x000002136db45800, 0x000002136db43000, 0x000002136db43800, 0x000002136db47000,
0x000002136db48000, 0x000002136db42000, 0x000002136db44800, 0x000002136db4c800,
0x000002136db4e800, 0x000002136db4c000, 0x000002136db48800, 0x000002136db4f000,
0x000002136db4b000, 0x000002136db50000, 0x000002136db4a000, 0x000002136db51000,
0x000002136db4d800, 0x0000021373841800
}

Java Threads: ( => current thread )
  0x000002134de22800 JavaThread "main" [_thread_blocked, id=7140, stack(0x0000003719500000,0x0000003719600000)]
  0x000002136996f800 JavaThread "Reference Handler" daemon [_thread_blocked, id=7728, stack(0x0000003719c00000,0x0000003719d00000)]
  0x0000021369973000 JavaThread "Finalizer" daemon [_thread_blocked, id=9728, stack(0x0000003719d00000,0x0000003719e00000)]
  0x000002136a312800 JavaThread "Signal Dispatcher" daemon [_thread_blocked, id=1408, stack(0x0000003719e00000,0x0000003719f00000)]
  0x0000021369990800 JavaThread "Attach Listener" daemon [_thread_blocked, id=4088, stack(0x0000003719f00000,0x000000371a000000)]
  0x0000021369991800 JavaThread "Service Thread" daemon [_thread_blocked, id=564, stack(0x000000371a000000,0x000000371a100000)]
  0x0000021369995800 JavaThread "C2 CompilerThread0" daemon [_thread_in_native, id=8356, stack(0x000000371a100000,0x000000371a200000)]
  0x000002136999a000 JavaThread "C1 CompilerThread0" daemon [_thread_blocked, id=3532, stack(0x000000371a200000,0x000000371a300000)]
  0x000002136999e800 JavaThread "Sweeper thread" daemon [_thread_blocked, id=9072, stack(0x000000371a300000,0x000000371a400000)]
  0x000002136a448000 JavaThread "Common-Cleaner" daemon [_thread_blocked, id=4072, stack(0x000000371a400000,0x000000371a500000)]
  0x000002136b6bd800 JavaThread "Daemon health stats" [_thread_blocked, id=5496, stack(0x000000371a900000,0x000000371aa00000)]
  0x000002136c892000 JavaThread "Incoming local TCP Connector on port 50728" [_thread_in_native, id=9256, stack(0x000000371a600000,0x000000371a700000)]
  0x000002136c2b4800 JavaThread "Daemon periodic checks" [_thread_blocked, id=8624, stack(0x000000371aa00000,0x000000371ab00000)]
  0x000002136b8c7000 JavaThread "Daemon" [_thread_blocked, id=6560, stack(0x000000371ab00000,0x000000371ac00000)]
  0x000002136b8c8000 JavaThread "Handler for socket connection from /127.0.0.1:50728 to /127.0.0.1:50729" [_thread_in_native, id=1540, stack(0x000000371ac00000,0x000000371ad00000)]
  0x000002136b600800 JavaThread "Cancel handler" [_thread_blocked, id=9008, stack(0x000000371ad00000,0x000000371ae00000)]
  0x000002136c509000 JavaThread "Daemon worker" [_thread_blocked, id=8328, stack(0x000000371ae00000,0x000000371af00000)]
  0x000002136c50a000 JavaThread "Asynchronous log dispatcher for DefaultDaemonConnection: socket connection from /127.0.0.1:50728 to /127.0.0.1:50729" [_thread_blocked, id=9444, stack(0x000000371b000000,0x000000371b100000)]
  0x000002136c105800 JavaThread "Stdin handler" [_thread_blocked, id=2528, stack(0x000000371b100000,0x000000371b200000)]
  0x000002136cb89800 JavaThread "Daemon client event forwarder" [_thread_blocked, id=1688, stack(0x000000371b200000,0x000000371b300000)]
  0x000002136cb87000 JavaThread "Cache worker for journal cache (C:\Users\Admin\.gradle\caches\journal-1)" [_thread_blocked, id=2080, stack(0x000000371b400000,0x000000371b500000)]
  0x000002136cb88000 JavaThread "File lock request listener" [_thread_in_native, id=1276, stack(0x000000371b500000,0x000000371b600000)]
  0x000002136cb89000 JavaThread "Cache worker for file hash cache (C:\Users\Admin\.gradle\caches\7.3.3\fileHashes)" [_thread_blocked, id=2620, stack(0x000000371b600000,0x000000371b700000)]
  0x000002136cb8a800 JavaThread "Cache worker for file hash cache (C:\Users\Admin\Desktop\jana\cw77\.gradle\7.3.3\fileHashes)" [_thread_blocked, id=4428, stack(0x000000371b700000,0x000000371b800000)]
  0x000002136cb8b000 JavaThread "File watcher server" daemon [_thread_in_native, id=9764, stack(0x000000371b800000,0x000000371b900000)]
  0x000002136cb8c000 JavaThread "File watcher consumer" daemon [_thread_blocked, id=8784, stack(0x000000371b900000,0x000000371ba00000)]
  0x000002136cb8d800 JavaThread "Cache worker for checksums cache (C:\Users\Admin\Desktop\jana\cw77\.gradle\7.3.3\checksums)" [_thread_blocked, id=9304, stack(0x000000371ba00000,0x000000371bb00000)]
  0x000002136cb8d000 JavaThread "Cache worker for cache directory md-supplier (C:\Users\Admin\.gradle\caches\7.3.3\md-supplier)" [_thread_blocked, id=8896, stack(0x000000371bb00000,0x000000371bc00000)]
  0x000002136f842000 JavaThread "Cache worker for cache directory md-rule (C:\Users\Admin\.gradle\caches\7.3.3\md-rule)" [_thread_blocked, id=3020, stack(0x000000371bc00000,0x000000371bd00000)]
  0x000002136f842800 JavaThread "Cache worker for execution history cache (C:\Users\Admin\.gradle\caches\7.3.3\executionHistory)" [_thread_blocked, id=7520, stack(0x000000371bd00000,0x000000371be00000)]
  0x000002136f83e800 JavaThread "jar transforms" [_thread_blocked, id=7276, stack(0x000000371be00000,0x000000371bf00000)]
  0x000002136f845000 JavaThread "Cache worker for file content cache (C:\Users\Admin\.gradle\caches\7.3.3\fileContent)" [_thread_blocked, id=6704, stack(0x000000371bf00000,0x000000371c000000)]
  0x000002136f841000 JavaThread "jar transforms Thread 2" [_thread_blocked, id=4424, stack(0x000000371c000000,0x000000371c100000)]
  0x000002136e121800 JavaThread "Cache worker for dependencies-accessors (C:\Users\Admin\Desktop\jana\cw77\.gradle\7.3.3\dependencies-accessors)" [_thread_blocked, id=9724, stack(0x000000371c100000,0x000000371c200000)]
  0x000002136e11d000 JavaThread "jar transforms Thread 3" [_thread_blocked, id=2548, stack(0x000000371c200000,0x000000371c300000)]
  0x000002136e120800 JavaThread "Cache worker for Build Output Cleanup Cache (C:\Users\Admin\Desktop\jana\cw77\.gradle\buildOutputCleanup)" [_thread_blocked, id=8240, stack(0x000000371c300000,0x000000371c400000)]
  0x000002136e122000 JavaThread "Unconstrained build operations" [_thread_blocked, id=6264, stack(0x000000371c400000,0x000000371c500000)]
  0x000002136e11f000 JavaThread "Unconstrained build operations Thread 2" [_thread_blocked, id=1368, stack(0x000000371c500000,0x000000371c600000)]
  0x000002136e11c800 JavaThread "Unconstrained build operations Thread 3" [_thread_blocked, id=9668, stack(0x000000371c600000,0x000000371c700000)]
  0x000002136e123000 JavaThread "Unconstrained build operations Thread 4" [_thread_blocked, id=8572, stack(0x000000371c700000,0x000000371c800000)]
  0x000002136e11f800 JavaThread "Unconstrained build operations Thread 5" [_thread_blocked, id=3160, stack(0x000000371c800000,0x000000371c900000)]
  0x000002136e123800 JavaThread "Unconstrained build operations Thread 6" [_thread_blocked, id=8980, stack(0x000000371c900000,0x000000371ca00000)]
  0x000002136e11e000 JavaThread "Unconstrained build operations Thread 7" [_thread_blocked, id=3368, stack(0x000000371ca00000,0x000000371cb00000)]
  0x000002136e126000 JavaThread "Unconstrained build operations Thread 8" [_thread_blocked, id=1708, stack(0x000000371cb00000,0x000000371cc00000)]
  0x000002136e129800 JavaThread "Unconstrained build operations Thread 9" [_thread_blocked, id=10148, stack(0x000000371cc00000,0x000000371cd00000)]
  0x000002136e127000 JavaThread "Unconstrained build operations Thread 10" [_thread_blocked, id=10168, stack(0x000000371cd00000,0x000000371ce00000)]
  0x000002136e12a800 JavaThread "Unconstrained build operations Thread 11" [_thread_blocked, id=8384, stack(0x000000371ce00000,0x000000371cf00000)]
  0x000002136e124800 JavaThread "Unconstrained build operations Thread 12" [_thread_blocked, id=7504, stack(0x000000371cf00000,0x000000371d000000)]
  0x000002136e12b000 JavaThread "Unconstrained build operations Thread 13" [_thread_blocked, id=9496, stack(0x000000371d000000,0x000000371d100000)]
  0x000002136e128800 JavaThread "Unconstrained build operations Thread 14" [_thread_blocked, id=3944, stack(0x000000371d100000,0x000000371d200000)]
  0x000002136e128000 JavaThread "Unconstrained build operations Thread 15" [_thread_blocked, id=6832, stack(0x000000371d200000,0x000000371d300000)]
  0x000002136e125800 JavaThread "Unconstrained build operations Thread 16" [_thread_blocked, id=5648, stack(0x000000371d300000,0x000000371d400000)]
  0x000002136e021800 JavaThread "Unconstrained build operations Thread 17" [_thread_blocked, id=7948, stack(0x000000371d400000,0x000000371d500000)]
  0x000002136e020000 JavaThread "Unconstrained build operations Thread 18" [_thread_blocked, id=6872, stack(0x000000371d500000,0x000000371d600000)]
  0x000002136e024000 JavaThread "Unconstrained build operations Thread 19" [_thread_blocked, id=4648, stack(0x000000371d600000,0x000000371d700000)]
  0x000002136e022800 JavaThread "Unconstrained build operations Thread 20" [_thread_blocked, id=3964, stack(0x000000371d700000,0x000000371d800000)]
  0x000002136e023800 JavaThread "Unconstrained build operations Thread 21" [_thread_blocked, id=4012, stack(0x000000371d800000,0x000000371d900000)]
  0x000002136e021000 JavaThread "Unconstrained build operations Thread 22" [_thread_blocked, id=5228, stack(0x000000371d900000,0x000000371da00000)]
  0x000002136e029000 JavaThread "Unconstrained build operations Thread 23" [_thread_blocked, id=988, stack(0x000000371da00000,0x000000371db00000)]
  0x000002136e026000 JavaThread "Unconstrained build operations Thread 24" [_thread_blocked, id=5996, stack(0x000000371db00000,0x000000371dc00000)]
  0x000002136e02a000 JavaThread "Unconstrained build operations Thread 25" [_thread_blocked, id=2264, stack(0x000000371dc00000,0x000000371dd00000)]
  0x000002136e028800 JavaThread "Unconstrained build operations Thread 26" [_thread_blocked, id=9560, stack(0x000000371dd00000,0x000000371de00000)]
  0x000002136e02a800 JavaThread "Unconstrained build operations Thread 27" [_thread_blocked, id=264, stack(0x000000371de00000,0x000000371df00000)]
  0x000002136e027800 JavaThread "Unconstrained build operations Thread 28" [_thread_blocked, id=7712, stack(0x000000371df00000,0x000000371e000000)]
  0x000002136e025000 JavaThread "Unconstrained build operations Thread 29" [_thread_blocked, id=1364, stack(0x000000371e000000,0x000000371e100000)]
  0x000002136e02b800 JavaThread "Unconstrained build operations Thread 30" [_thread_blocked, id=5292, stack(0x000000371e100000,0x000000371e200000)]
  0x000002136e026800 JavaThread "Unconstrained build operations Thread 31" [_thread_blocked, id=6048, stack(0x000000371e200000,0x000000371e300000)]
  0x000002136e02d000 JavaThread "Unconstrained build operations Thread 32" [_thread_blocked, id=8860, stack(0x000000371e300000,0x000000371e400000)]
  0x000002136e02c800 JavaThread "Unconstrained build operations Thread 33" [_thread_blocked, id=4252, stack(0x000000371e400000,0x000000371e500000)]
  0x000002136e02e000 JavaThread "Unconstrained build operations Thread 34" [_thread_blocked, id=9400, stack(0x000000371e500000,0x000000371e600000)]
  0x000002136e02f000 JavaThread "Unconstrained build operations Thread 35" [_thread_blocked, id=9080, stack(0x000000371e600000,0x000000371e700000)]
  0x000002136db46000 JavaThread "Unconstrained build operations Thread 36" [_thread_blocked, id=3584, stack(0x000000371e700000,0x000000371e800000)]
  0x000002136db45800 JavaThread "Unconstrained build operations Thread 37" [_thread_blocked, id=9568, stack(0x000000371e800000,0x000000371e900000)]
  0x000002136db43000 JavaThread "Unconstrained build operations Thread 38" [_thread_blocked, id=6268, stack(0x000000371e900000,0x000000371ea00000)]
  0x000002136db43800 JavaThread "Unconstrained build operations Thread 39" [_thread_blocked, id=8560, stack(0x000000371ea00000,0x000000371eb00000)]
  0x000002136db47000 JavaThread "Unconstrained build operations Thread 40" [_thread_blocked, id=9956, stack(0x000000371eb00000,0x000000371ec00000)]
  0x000002136db48000 JavaThread "jar transforms Thread 4" [_thread_blocked, id=9352, stack(0x000000371ec00000,0x000000371ed00000)]
  0x000002136db42000 JavaThread "Memory manager" [_thread_blocked, id=2104, stack(0x000000371ed00000,0x000000371ee00000)]
  0x000002136db44800 JavaThread "build event listener" [_thread_blocked, id=6300, stack(0x000000371ee00000,0x000000371ef00000)]
  0x000002136db4c800 JavaThread "pool-3-thread-1" [_thread_blocked, id=2124, stack(0x000000371ef00000,0x000000371f000000)]
  0x000002136db4e800 JavaThread "build event listener" [_thread_blocked, id=4612, stack(0x000000371f000000,0x000000371f100000)]
  0x000002136db4c000 JavaThread "Execution worker for ':'" [_thread_in_vm, id=6116, stack(0x000000371f100000,0x000000371f200000)]
  0x000002136db48800 JavaThread "Execution worker for ':' Thread 2" [_thread_blocked, id=960, stack(0x000000371f200000,0x000000371f300000)]
  0x000002136db4f000 JavaThread "Execution worker for ':' Thread 3" [_thread_blocked, id=7824, stack(0x000000371f300000,0x000000371f400000)]
  0x000002136db4b000 JavaThread "Cache worker for execution history cache (C:\Users\Admin\Desktop\jana\cw77\.gradle\7.3.3\executionHistory)" [_thread_blocked, id=1320, stack(0x000000371f400000,0x000000371f500000)]
=>0x000002136db50000 JavaThread "C2 CompilerThread1" daemon [_thread_in_native, id=8268, stack(0x000000371af00000,0x000000371b000000)]
  0x000002136db4a000 JavaThread "WorkerExecutor Queue" [_thread_blocked, id=8816, stack(0x000000371f600000,0x000000371f700000)]
  0x000002136db51000 JavaThread "WorkerExecutor Queue Thread 2" [_thread_blocked, id=9260, stack(0x000000371f700000,0x000000371f800000)]
  0x000002136db4d800 JavaThread "WorkerExecutor Queue Thread 3" [_thread_blocked, id=6460, stack(0x000000371f800000,0x000000371f900000)]
  0x0000021373841800 JavaThread "WorkerExecutor Queue Thread 4" [_thread_blocked, id=8564, stack(0x000000371f900000,0x000000371fa00000)]

Other Threads:
  0x0000021369969800 VMThread "VM Thread" [stack: 0x0000003719b00000,0x0000003719c00000] [id=468]
  0x000002136a47a800 WatcherThread [stack: 0x000000371a500000,0x000000371a600000] [id=2064]
  0x000002134dcbc800 GCTaskThread "GC Thread#0" [stack: 0x0000003719600000,0x0000003719700000] [id=1556]
  0x000002136a78d000 GCTaskThread "GC Thread#1" [stack: 0x000000371a700000,0x000000371a800000] [id=7120]
  0x000002136a8fd800 GCTaskThread "GC Thread#2" [stack: 0x000000371a800000,0x000000371a900000] [id=8960]
  0x000002136b955800 GCTaskThread "GC Thread#3" [stack: 0x000000371b300000,0x000000371b400000] [id=1100]
  0x000002134de68800 ConcurrentGCThread "G1 Main Marker" [stack: 0x0000003719700000,0x0000003719800000] [id=3312]
  0x000002134de6a000 ConcurrentGCThread "G1 Conc#0" [stack: 0x0000003719800000,0x0000003719900000] [id=4328]
  0x000002134defa000 ConcurrentGCThread "G1 Refine#0" [stack: 0x0000003719900000,0x0000003719a00000] [id=9548]
  0x0000021373e0b800 ConcurrentGCThread "G1 Refine#1" [stack: 0x000000371f500000,0x000000371f600000] [id=1492]
  0x000002134defb000 ConcurrentGCThread "G1 Young RemSet Sampling" [stack: 0x0000003719a00000,0x0000003719b00000] [id=4052]

Threads with active compile tasks:
C2 CompilerThread0  17164 12406       4       sun.net.www.protocol.jar.Handler::parseURL (212 bytes)
C2 CompilerThread1  17164 12230   !   4       org.apache.xerces.parsers.AbstractSAXParser::startElement (318 bytes)

VM state:not at safepoint (normal execution)

VM Mutex/Monitor currently owned by a thread:  ([mutex/lock_event])
[0x000002134de1f7c0] SystemDictionary_lock - owner thread: 0x0000000000000000

Heap address: 0x0000000080000000, size: 2048 MB, Compressed Oops mode: 32-bit
Narrow klass base: 0x0000000000000000, Narrow klass shift: 3
Compressed class space size: 1073741824 Address: 0x0000000100000000

Heap:
 garbage-first heap   total 273408K, used 134592K [0x0000000080000000, 0x0000000100000000)
  region size 1024K, 41 young (41984K), 2 survivors (2048K)
 Metaspace       used 95488K, capacity 97608K, committed 97912K, reserved 1134592K
  class space    used 12006K, capacity 12792K, committed 12920K, reserved 1048576K
Heap Regions: E=young(eden), S=young(survivor), O=old, HS=humongous(starts), HC=humongous(continues), CS=collection set, F=free, A=archive, TAMS=top-at-mark-start (previous, next)
|   0|0x0000000080000000, 0x0000000080100000, 0x0000000080100000|100%| O|  |TAMS 0x0000000080100000, 0x0000000080000000| Untracked 
|   1|0x0000000080100000, 0x0000000080200000, 0x0000000080200000|100%| O|  |TAMS 0x0000000080200000, 0x0000000080100000| Untracked 
|   2|0x0000000080200000, 0x0000000080300000, 0x0000000080300000|100%| O|  |TAMS 0x0000000080300000, 0x0000000080200000| Untracked 
|   3|0x0000000080300000, 0x0000000080400000, 0x0000000080400000|100%|HS|  |TAMS 0x0000000080400000, 0x0000000080300000| Complete 
|   4|0x0000000080400000, 0x0000000080500000, 0x0000000080500000|100%|HC|  |TAMS 0x0000000080500000, 0x0000000080400000| Complete 
|   5|0x0000000080500000, 0x0000000080600000, 0x0000000080600000|100%|HC|  |TAMS 0x0000000080600000, 0x0000000080500000| Complete 
|   6|0x0000000080600000, 0x0000000080700000, 0x0000000080700000|100%| O|  |TAMS 0x0000000080700000, 0x0000000080600000| Untracked 
|   7|0x0000000080700000, 0x0000000080800000, 0x0000000080800000|100%| O|  |TAMS 0x0000000080800000, 0x0000000080700000| Untracked 
|   8|0x0000000080800000, 0x0000000080900000, 0x0000000080900000|100%| O|  |TAMS 0x0000000080900000, 0x0000000080800000| Untracked 
|   9|0x0000000080900000, 0x0000000080a00000, 0x0000000080a00000|100%| O|  |TAMS 0x0000000080a00000, 0x0000000080900000| Untracked 
|  10|0x0000000080a00000, 0x0000000080b00000, 0x0000000080b00000|100%| O|  |TAMS 0x0000000080b00000, 0x0000000080a00000| Untracked 
|  11|0x0000000080b00000, 0x0000000080c00000, 0x0000000080c00000|100%| O|  |TAMS 0x0000000080c00000, 0x0000000080b00000| Untracked 
|  12|0x0000000080c00000, 0x0000000080d00000, 0x0000000080d00000|100%| O|  |TAMS 0x0000000080d00000, 0x0000000080c00000| Untracked 
|  13|0x0000000080d00000, 0x0000000080e00000, 0x0000000080e00000|100%| O|  |TAMS 0x0000000080e00000, 0x0000000080d00000| Untracked 
|  14|0x0000000080e00000, 0x0000000080f00000, 0x0000000080f00000|100%| O|  |TAMS 0x0000000080f00000, 0x0000000080e00000| Untracked 
|  15|0x0000000080f00000, 0x0000000081000000, 0x0000000081000000|100%| O|  |TAMS 0x0000000081000000, 0x0000000080f00000| Untracked 
|  16|0x0000000081000000, 0x0000000081100000, 0x0000000081100000|100%| O|  |TAMS 0x0000000081100000, 0x0000000081000000| Untracked 
|  17|0x0000000081100000, 0x0000000081200000, 0x0000000081200000|100%| O|  |TAMS 0x0000000081200000, 0x0000000081100000| Untracked 
|  18|0x0000000081200000, 0x0000000081300000, 0x0000000081300000|100%| O|  |TAMS 0x0000000081300000, 0x0000000081200000| Untracked 
|  19|0x0000000081300000, 0x0000000081400000, 0x0000000081400000|100%| O|  |TAMS 0x0000000081400000, 0x0000000081300000| Untracked 
|  20|0x0000000081400000, 0x0000000081500000, 0x0000000081500000|100%| O|  |TAMS 0x0000000081500000, 0x0000000081400000| Untracked 
|  21|0x0000000081500000, 0x0000000081600000, 0x0000000081600000|100%| O|  |TAMS 0x0000000081600000, 0x0000000081500000| Untracked 
|  22|0x0000000081600000, 0x0000000081700000, 0x0000000081700000|100%| O|  |TAMS 0x0000000081700000, 0x0000000081600000| Untracked 
|  23|0x0000000081700000, 0x0000000081800000, 0x0000000081800000|100%| O|  |TAMS 0x0000000081800000, 0x0000000081700000| Untracked 
|  24|0x0000000081800000, 0x0000000081900000, 0x0000000081900000|100%| O|  |TAMS 0x0000000081900000, 0x0000000081800000| Untracked 
|  25|0x0000000081900000, 0x0000000081a00000, 0x0000000081a00000|100%|HS|  |TAMS 0x0000000081a00000, 0x0000000081900000| Complete 
|  26|0x0000000081a00000, 0x0000000081b00000, 0x0000000081b00000|100%|HS|  |TAMS 0x0000000081b00000, 0x0000000081a00000| Complete 
|  27|0x0000000081b00000, 0x0000000081c00000, 0x0000000081c00000|100%|HS|  |TAMS 0x0000000081c00000, 0x0000000081b00000| Complete 
|  28|0x0000000081c00000, 0x0000000081d00000, 0x0000000081d00000|100%|HC|  |TAMS 0x0000000081d00000, 0x0000000081c00000| Complete 
|  29|0x0000000081d00000, 0x0000000081e00000, 0x0000000081e00000|100%| O|  |TAMS 0x0000000081e00000, 0x0000000081d00000| Untracked 
|  30|0x0000000081e00000, 0x0000000081f00000, 0x0000000081f00000|100%| O|  |TAMS 0x0000000081f00000, 0x0000000081e00000| Untracked 
|  31|0x0000000081f00000, 0x0000000082000000, 0x0000000082000000|100%| O|  |TAMS 0x0000000082000000, 0x0000000081f00000| Untracked 
|  32|0x0000000082000000, 0x0000000082100000, 0x0000000082100000|100%| O|  |TAMS 0x0000000082100000, 0x0000000082000000| Untracked 
|  33|0x0000000082100000, 0x0000000082200000, 0x0000000082200000|100%| O|  |TAMS 0x0000000082200000, 0x0000000082100000| Untracked 
|  34|0x0000000082200000, 0x0000000082300000, 0x0000000082300000|100%| O|  |TAMS 0x0000000082300000, 0x0000000082200000| Untracked 
|  35|0x0000000082300000, 0x0000000082400000, 0x0000000082400000|100%| O|  |TAMS 0x0000000082400000, 0x0000000082300000| Untracked 
|  36|0x0000000082400000, 0x0000000082500000, 0x0000000082500000|100%| O|  |TAMS 0x0000000082500000, 0x0000000082400000| Untracked 
|  37|0x0000000082500000, 0x0000000082600000, 0x0000000082600000|100%| O|  |TAMS 0x0000000082600000, 0x0000000082500000| Untracked 
|  38|0x0000000082600000, 0x0000000082700000, 0x0000000082700000|100%| O|  |TAMS 0x0000000082700000, 0x0000000082600000| Untracked 
|  39|0x0000000082700000, 0x0000000082800000, 0x0000000082800000|100%| O|  |TAMS 0x0000000082800000, 0x0000000082700000| Untracked 
|  40|0x0000000082800000, 0x0000000082900000, 0x0000000082900000|100%| O|  |TAMS 0x0000000082900000, 0x0000000082800000| Untracked 
|  41|0x0000000082900000, 0x0000000082a00000, 0x0000000082a00000|100%| O|  |TAMS 0x0000000082a00000, 0x0000000082900000| Untracked 
|  42|0x0000000082a00000, 0x0000000082b00000, 0x0000000082b00000|100%| O|  |TAMS 0x0000000082b00000, 0x0000000082a00000| Untracked 
|  43|0x0000000082b00000, 0x0000000082c00000, 0x0000000082c00000|100%| O|  |TAMS 0x0000000082c00000, 0x0000000082b00000| Untracked 
|  44|0x0000000082c00000, 0x0000000082d00000, 0x0000000082d00000|100%| O|  |TAMS 0x0000000082d00000, 0x0000000082c00000| Untracked 
|  45|0x0000000082d00000, 0x0000000082e00000, 0x0000000082e00000|100%| O|  |TAMS 0x0000000082e00000, 0x0000000082d00000| Untracked 
|  46|0x0000000082e00000, 0x0000000082f00000, 0x0000000082f00000|100%| O|  |TAMS 0x0000000082f00000, 0x0000000082e00000| Untracked 
|  47|0x0000000082f00000, 0x0000000083000000, 0x0000000083000000|100%| O|  |TAMS 0x0000000083000000, 0x0000000082f00000| Untracked 
|  48|0x0000000083000000, 0x0000000083100000, 0x0000000083100000|100%| O|  |TAMS 0x0000000083100000, 0x0000000083000000| Untracked 
|  49|0x0000000083100000, 0x0000000083200000, 0x0000000083200000|100%| O|  |TAMS 0x0000000083200000, 0x0000000083100000| Untracked 
|  50|0x0000000083200000, 0x0000000083300000, 0x0000000083300000|100%| O|  |TAMS 0x0000000083300000, 0x0000000083200000| Untracked 
|  51|0x0000000083300000, 0x0000000083400000, 0x0000000083400000|100%| O|  |TAMS 0x0000000083400000, 0x0000000083300000| Untracked 
|  52|0x0000000083400000, 0x0000000083500000, 0x0000000083500000|100%| O|  |TAMS 0x0000000083500000, 0x0000000083400000| Untracked 
|  53|0x0000000083500000, 0x0000000083600000, 0x0000000083600000|100%| O|  |TAMS 0x0000000083600000, 0x0000000083500000| Untracked 
|  54|0x0000000083600000, 0x0000000083700000, 0x0000000083700000|100%| O|  |TAMS 0x0000000083700000, 0x0000000083600000| Untracked 
|  55|0x0000000083700000, 0x0000000083800000, 0x0000000083800000|100%| O|  |TAMS 0x0000000083800000, 0x0000000083700000| Untracked 
|  56|0x0000000083800000, 0x0000000083900000, 0x0000000083900000|100%| O|  |TAMS 0x0000000083900000, 0x0000000083800000| Untracked 
|  57|0x0000000083900000, 0x0000000083a00000, 0x0000000083a00000|100%| O|  |TAMS 0x0000000083a00000, 0x0000000083900000| Untracked 
|  58|0x0000000083a00000, 0x0000000083b00000, 0x0000000083b00000|100%| O|  |TAMS 0x0000000083b00000, 0x0000000083a00000| Untracked 
|  59|0x0000000083b00000, 0x0000000083c00000, 0x0000000083c00000|100%| O|  |TAMS 0x0000000083c00000, 0x0000000083b00000| Untracked 
|  60|0x0000000083c00000, 0x0000000083d00000, 0x0000000083d00000|100%| O|  |TAMS 0x0000000083d00000, 0x0000000083c00000| Untracked 
|  61|0x0000000083d00000, 0x0000000083e00000, 0x0000000083e00000|100%| O|  |TAMS 0x0000000083e00000, 0x0000000083d00000| Untracked 
|  62|0x0000000083e00000, 0x0000000083f00000, 0x0000000083f00000|100%| O|  |TAMS 0x0000000083f00000, 0x0000000083e00000| Untracked 
|  63|0x0000000083f00000, 0x0000000084000000, 0x0000000084000000|100%| O|  |TAMS 0x0000000084000000, 0x0000000083f00000| Untracked 
|  64|0x0000000084000000, 0x0000000084100000, 0x0000000084100000|100%| O|  |TAMS 0x0000000084100000, 0x0000000084000000| Untracked 
|  65|0x0000000084100000, 0x0000000084200000, 0x0000000084200000|100%| O|  |TAMS 0x0000000084200000, 0x0000000084100000| Untracked 
|  66|0x0000000084200000, 0x0000000084300000, 0x0000000084300000|100%| O|  |TAMS 0x0000000084200000, 0x0000000084200000| Untracked 
|  67|0x0000000084300000, 0x0000000084400000, 0x0000000084400000|100%| O|  |TAMS 0x0000000084300000, 0x0000000084300000| Untracked 
|  68|0x0000000084400000, 0x0000000084500000, 0x0000000084500000|100%|HS|  |TAMS 0x0000000084500000, 0x0000000084400000| Complete 
|  69|0x0000000084500000, 0x0000000084500000, 0x0000000084600000|  0%| F|  |TAMS 0x0000000084500000, 0x0000000084500000| Untracked 
|  70|0x0000000084600000, 0x0000000084600000, 0x0000000084700000|  0%| F|  |TAMS 0x0000000084600000, 0x0000000084600000| Untracked 
|  71|0x0000000084700000, 0x0000000084700000, 0x0000000084800000|  0%| F|  |TAMS 0x0000000084700000, 0x0000000084700000| Untracked 
|  72|0x0000000084800000, 0x0000000084800000, 0x0000000084900000|  0%| F|  |TAMS 0x0000000084800000, 0x0000000084800000| Untracked 
|  73|0x0000000084900000, 0x0000000084900000, 0x0000000084a00000|  0%| F|  |TAMS 0x0000000084900000, 0x0000000084900000| Untracked 
|  74|0x0000000084a00000, 0x0000000084a00000, 0x0000000084b00000|  0%| F|  |TAMS 0x0000000084a00000, 0x0000000084a00000| Untracked 
|  75|0x0000000084b00000, 0x0000000084b00000, 0x0000000084c00000|  0%| F|  |TAMS 0x0000000084b00000, 0x0000000084b00000| Untracked 
|  76|0x0000000084c00000, 0x0000000084c00000, 0x0000000084d00000|  0%| F|  |TAMS 0x0000000084c00000, 0x0000000084c00000| Untracked 
|  77|0x0000000084d00000, 0x0000000084e00000, 0x0000000084e00000|100%| O|  |TAMS 0x0000000084e00000, 0x0000000084d00000| Untracked 
|  78|0x0000000084e00000, 0x0000000084f00000, 0x0000000084f00000|100%| O|  |TAMS 0x0000000084f00000, 0x0000000084e00000| Untracked 
|  79|0x0000000084f00000, 0x0000000085000000, 0x0000000085000000|100%| O|  |TAMS 0x0000000085000000, 0x0000000084f00000| Untracked 
|  80|0x0000000085000000, 0x0000000085100000, 0x0000000085100000|100%| O|  |TAMS 0x0000000085100000, 0x0000000085000000| Untracked 
|  81|0x0000000085100000, 0x0000000085200000, 0x0000000085200000|100%| O|  |TAMS 0x0000000085200000, 0x0000000085100000| Untracked 
|  82|0x0000000085200000, 0x0000000085300000, 0x0000000085300000|100%| O|  |TAMS 0x0000000085300000, 0x0000000085200000| Untracked 
|  83|0x0000000085300000, 0x0000000085400000, 0x0000000085400000|100%| O|  |TAMS 0x0000000085400000, 0x0000000085300000| Untracked 
|  84|0x0000000085400000, 0x0000000085500000, 0x0000000085500000|100%| O|  |TAMS 0x0000000085500000, 0x0000000085400000| Untracked 
|  85|0x0000000085500000, 0x0000000085600000, 0x0000000085600000|100%| O|  |TAMS 0x0000000085600000, 0x0000000085500000| Untracked 
|  86|0x0000000085600000, 0x0000000085700000, 0x0000000085700000|100%| O|  |TAMS 0x0000000085700000, 0x0000000085600000| Untracked 
|  87|0x0000000085700000, 0x0000000085800000, 0x0000000085800000|100%| O|  |TAMS 0x0000000085800000, 0x0000000085700000| Untracked 
|  88|0x0000000085800000, 0x0000000085900000, 0x0000000085900000|100%| O|  |TAMS 0x0000000085900000, 0x0000000085800000| Untracked 
|  89|0x0000000085900000, 0x0000000085900000, 0x0000000085a00000|  0%| F|  |TAMS 0x0000000085900000, 0x0000000085900000| Untracked 
|  90|0x0000000085a00000, 0x0000000085a00000, 0x0000000085b00000|  0%| F|  |TAMS 0x0000000085a00000, 0x0000000085a00000| Untracked 
|  91|0x0000000085b00000, 0x0000000085b00000, 0x0000000085c00000|  0%| F|  |TAMS 0x0000000085b00000, 0x0000000085b00000| Untracked 
|  92|0x0000000085c00000, 0x0000000085c00000, 0x0000000085d00000|  0%| F|  |TAMS 0x0000000085c00000, 0x0000000085c00000| Untracked 
|  93|0x0000000085d00000, 0x0000000085d00000, 0x0000000085e00000|  0%| F|  |TAMS 0x0000000085d00000, 0x0000000085d00000| Untracked 
|  94|0x0000000085e00000, 0x0000000085e00000, 0x0000000085f00000|  0%| F|  |TAMS 0x0000000085e00000, 0x0000000085e00000| Untracked 
|  95|0x0000000085f00000, 0x0000000086000000, 0x0000000086000000|100%| O|  |TAMS 0x0000000085f00000, 0x0000000085f00000| Untracked 
|  96|0x0000000086000000, 0x0000000086100000, 0x0000000086100000|100%| O|  |TAMS 0x0000000086000000, 0x0000000086000000| Untracked 
|  97|0x0000000086100000, 0x0000000086200000, 0x0000000086200000|100%| O|  |TAMS 0x0000000086100000, 0x0000000086100000| Untracked 
|  98|0x0000000086200000, 0x0000000086300000, 0x0000000086300000|100%| O|  |TAMS 0x0000000086200000, 0x0000000086200000| Untracked 
|  99|0x0000000086300000, 0x0000000086400000, 0x0000000086400000|100%| O|  |TAMS 0x0000000086300000, 0x0000000086300000| Untracked 
| 100|0x0000000086400000, 0x0000000086500000, 0x0000000086500000|100%| O|  |TAMS 0x0000000086400000, 0x0000000086400000| Untracked 
| 101|0x0000000086500000, 0x0000000086600000, 0x0000000086600000|100%| O|  |TAMS 0x0000000086500000, 0x0000000086500000| Untracked 
| 102|0x0000000086600000, 0x0000000086700000, 0x0000000086700000|100%| O|  |TAMS 0x0000000086600000, 0x0000000086600000| Untracked 
| 103|0x0000000086700000, 0x0000000086800000, 0x0000000086800000|100%| O|  |TAMS 0x0000000086700000, 0x0000000086700000| Untracked 
| 104|0x0000000086800000, 0x0000000086900000, 0x0000000086900000|100%| O|  |TAMS 0x0000000086800000, 0x0000000086800000| Untracked 
| 105|0x0000000086900000, 0x0000000086a00000, 0x0000000086a00000|100%| O|  |TAMS 0x0000000086900000, 0x0000000086900000| Untracked 
| 106|0x0000000086a00000, 0x0000000086b00000, 0x0000000086b00000|100%| O|  |TAMS 0x0000000086a00000, 0x0000000086a00000| Untracked 
| 107|0x0000000086b00000, 0x0000000086b00000, 0x0000000086c00000|  0%| F|  |TAMS 0x0000000086b00000, 0x0000000086b00000| Untracked 
| 108|0x0000000086c00000, 0x0000000086c00000, 0x0000000086d00000|  0%| F|  |TAMS 0x0000000086c00000, 0x0000000086c00000| Untracked 
| 109|0x0000000086d00000, 0x0000000086d00000, 0x0000000086e00000|  0%| F|  |TAMS 0x0000000086d00000, 0x0000000086d00000| Untracked 
| 110|0x0000000086e00000, 0x0000000086e00000, 0x0000000086f00000|  0%| F|  |TAMS 0x0000000086e00000, 0x0000000086e00000| Untracked 
| 111|0x0000000086f00000, 0x0000000086f00000, 0x0000000087000000|  0%| F|  |TAMS 0x0000000086f00000, 0x0000000086f00000| Untracked 
| 112|0x0000000087000000, 0x0000000087000000, 0x0000000087100000|  0%| F|  |TAMS 0x0000000087000000, 0x0000000087000000| Untracked 
| 113|0x0000000087100000, 0x0000000087100000, 0x0000000087200000|  0%| F|  |TAMS 0x0000000087100000, 0x0000000087100000| Untracked 
| 114|0x0000000087200000, 0x0000000087200000, 0x0000000087300000|  0%| F|  |TAMS 0x0000000087200000, 0x0000000087200000| Untracked 
| 115|0x0000000087300000, 0x0000000087300000, 0x0000000087400000|  0%| F|  |TAMS 0x0000000087300000, 0x0000000087300000| Untracked 
| 116|0x0000000087400000, 0x0000000087400000, 0x0000000087500000|  0%| F|  |TAMS 0x0000000087400000, 0x0000000087400000| Untracked 
| 117|0x0000000087500000, 0x0000000087500000, 0x0000000087600000|  0%| F|  |TAMS 0x0000000087500000, 0x0000000087500000| Untracked 
| 118|0x0000000087600000, 0x0000000087600000, 0x0000000087700000|  0%| F|  |TAMS 0x0000000087600000, 0x0000000087600000| Untracked 
| 119|0x0000000087700000, 0x0000000087700000, 0x0000000087800000|  0%| F|  |TAMS 0x0000000087700000, 0x0000000087700000| Untracked 
| 120|0x0000000087800000, 0x0000000087800000, 0x0000000087900000|  0%| F|  |TAMS 0x0000000087800000, 0x0000000087800000| Untracked 
| 121|0x0000000087900000, 0x0000000087900000, 0x0000000087a00000|  0%| F|  |TAMS 0x0000000087900000, 0x0000000087900000| Untracked 
| 122|0x0000000087a00000, 0x0000000087a00000, 0x0000000087b00000|  0%| F|  |TAMS 0x0000000087a00000, 0x0000000087a00000| Untracked 
| 123|0x0000000087b00000, 0x0000000087b00000, 0x0000000087c00000|  0%| F|  |TAMS 0x0000000087b00000, 0x0000000087b00000| Untracked 
| 124|0x0000000087c00000, 0x0000000087c00000, 0x0000000087d00000|  0%| F|  |TAMS 0x0000000087c00000, 0x0000000087c00000| Untracked 
| 125|0x0000000087d00000, 0x0000000087d00000, 0x0000000087e00000|  0%| F|  |TAMS 0x0000000087d00000, 0x0000000087d00000| Untracked 
| 126|0x0000000087e00000, 0x0000000087e00000, 0x0000000087f00000|  0%| F|  |TAMS 0x0000000087e00000, 0x0000000087e00000| Untracked 
| 127|0x0000000087f00000, 0x0000000087f00000, 0x0000000088000000|  0%| F|  |TAMS 0x0000000087f00000, 0x0000000087f00000| Untracked 
| 128|0x0000000088000000, 0x0000000088000000, 0x0000000088100000|  0%| F|  |TAMS 0x0000000088000000, 0x0000000088000000| Untracked 
| 129|0x0000000088100000, 0x0000000088100000, 0x0000000088200000|  0%| F|  |TAMS 0x0000000088100000, 0x0000000088100000| Untracked 
| 130|0x0000000088200000, 0x0000000088200000, 0x0000000088300000|  0%| F|  |TAMS 0x0000000088200000, 0x0000000088200000| Untracked 
| 131|0x0000000088300000, 0x0000000088300000, 0x0000000088400000|  0%| F|  |TAMS 0x0000000088300000, 0x0000000088300000| Untracked 
| 132|0x0000000088400000, 0x0000000088400000, 0x0000000088500000|  0%| F|  |TAMS 0x0000000088400000, 0x0000000088400000| Untracked 
| 133|0x0000000088500000, 0x0000000088500000, 0x0000000088600000|  0%| F|  |TAMS 0x0000000088500000, 0x0000000088500000| Untracked 
| 134|0x0000000088600000, 0x0000000088600000, 0x0000000088700000|  0%| F|  |TAMS 0x0000000088600000, 0x0000000088600000| Untracked 
| 135|0x0000000088700000, 0x0000000088700000, 0x0000000088800000|  0%| F|  |TAMS 0x0000000088700000, 0x0000000088700000| Untracked 
| 136|0x0000000088800000, 0x0000000088800000, 0x0000000088900000|  0%| F|  |TAMS 0x0000000088800000, 0x0000000088800000| Untracked 
| 137|0x0000000088900000, 0x0000000088900000, 0x0000000088a00000|  0%| F|  |TAMS 0x0000000088900000, 0x0000000088900000| Untracked 
| 138|0x0000000088a00000, 0x0000000088a00000, 0x0000000088b00000|  0%| F|  |TAMS 0x0000000088a00000, 0x0000000088a00000| Untracked 
| 139|0x0000000088b00000, 0x0000000088b00000, 0x0000000088c00000|  0%| F|  |TAMS 0x0000000088b00000, 0x0000000088b00000| Untracked 
| 140|0x0000000088c00000, 0x0000000088c00000, 0x0000000088d00000|  0%| F|  |TAMS 0x0000000088c00000, 0x0000000088c00000| Untracked 
| 141|0x0000000088d00000, 0x0000000088d00000, 0x0000000088e00000|  0%| F|  |TAMS 0x0000000088d00000, 0x0000000088d00000| Untracked 
| 142|0x0000000088e00000, 0x0000000088e00000, 0x0000000088f00000|  0%| F|  |TAMS 0x0000000088e00000, 0x0000000088e00000| Untracked 
| 143|0x0000000088f00000, 0x0000000088f00000, 0x0000000089000000|  0%| F|  |TAMS 0x0000000088f00000, 0x0000000088f00000| Untracked 
| 144|0x0000000089000000, 0x0000000089000000, 0x0000000089100000|  0%| F|  |TAMS 0x0000000089000000, 0x0000000089000000| Untracked 
| 145|0x0000000089100000, 0x0000000089100000, 0x0000000089200000|  0%| F|  |TAMS 0x0000000089100000, 0x0000000089100000| Untracked 
| 146|0x0000000089200000, 0x0000000089200000, 0x0000000089300000|  0%| F|  |TAMS 0x0000000089200000, 0x0000000089200000| Untracked 
| 147|0x0000000089300000, 0x0000000089300000, 0x0000000089400000|  0%| F|  |TAMS 0x0000000089300000, 0x0000000089300000| Untracked 
| 148|0x0000000089400000, 0x0000000089400000, 0x0000000089500000|  0%| F|  |TAMS 0x0000000089400000, 0x0000000089400000| Untracked 
| 149|0x0000000089500000, 0x0000000089500000, 0x0000000089600000|  0%| F|  |TAMS 0x0000000089500000, 0x0000000089500000| Untracked 
| 150|0x0000000089600000, 0x0000000089600000, 0x0000000089700000|  0%| F|  |TAMS 0x0000000089600000, 0x0000000089600000| Untracked 
| 151|0x0000000089700000, 0x0000000089700000, 0x0000000089800000|  0%| F|  |TAMS 0x0000000089700000, 0x0000000089700000| Untracked 
| 152|0x0000000089800000, 0x0000000089800000, 0x0000000089900000|  0%| F|  |TAMS 0x0000000089800000, 0x0000000089800000| Untracked 
| 153|0x0000000089900000, 0x0000000089900000, 0x0000000089a00000|  0%| F|  |TAMS 0x0000000089900000, 0x0000000089900000| Untracked 
| 154|0x0000000089a00000, 0x0000000089a00000, 0x0000000089b00000|  0%| F|  |TAMS 0x0000000089a00000, 0x0000000089a00000| Untracked 
| 155|0x0000000089b00000, 0x0000000089b00000, 0x0000000089c00000|  0%| F|  |TAMS 0x0000000089b00000, 0x0000000089b00000| Untracked 
| 156|0x0000000089c00000, 0x0000000089c00000, 0x0000000089d00000|  0%| F|  |TAMS 0x0000000089c00000, 0x0000000089c00000| Untracked 
| 157|0x0000000089d00000, 0x0000000089d00000, 0x0000000089e00000|  0%| F|  |TAMS 0x0000000089d00000, 0x0000000089d00000| Untracked 
| 158|0x0000000089e00000, 0x0000000089e00000, 0x0000000089f00000|  0%| F|  |TAMS 0x0000000089e00000, 0x0000000089e00000| Untracked 
| 159|0x0000000089f00000, 0x0000000089f00000, 0x000000008a000000|  0%| F|  |TAMS 0x0000000089f00000, 0x0000000089f00000| Untracked 
| 160|0x000000008a000000, 0x000000008a000000, 0x000000008a100000|  0%| F|  |TAMS 0x000000008a000000, 0x000000008a000000| Untracked 
| 161|0x000000008a100000, 0x000000008a100000, 0x000000008a200000|  0%| F|  |TAMS 0x000000008a100000, 0x000000008a100000| Untracked 
| 162|0x000000008a200000, 0x000000008a200000, 0x000000008a300000|  0%| F|  |TAMS 0x000000008a200000, 0x000000008a200000| Untracked 
| 163|0x000000008a300000, 0x000000008a300000, 0x000000008a400000|  0%| F|  |TAMS 0x000000008a300000, 0x000000008a300000| Untracked 
| 164|0x000000008a400000, 0x000000008a400000, 0x000000008a500000|  0%| F|  |TAMS 0x000000008a400000, 0x000000008a400000| Untracked 
| 165|0x000000008a500000, 0x000000008a500000, 0x000000008a600000|  0%| F|  |TAMS 0x000000008a500000, 0x000000008a500000| Untracked 
| 166|0x000000008a600000, 0x000000008a600000, 0x000000008a700000|  0%| F|  |TAMS 0x000000008a600000, 0x000000008a600000| Untracked 
| 167|0x000000008a700000, 0x000000008a700000, 0x000000008a800000|  0%| F|  |TAMS 0x000000008a700000, 0x000000008a700000| Untracked 
| 168|0x000000008a800000, 0x000000008a800000, 0x000000008a900000|  0%| F|  |TAMS 0x000000008a800000, 0x000000008a800000| Untracked 
| 169|0x000000008a900000, 0x000000008a900000, 0x000000008aa00000|  0%| F|  |TAMS 0x000000008a900000, 0x000000008a900000| Untracked 
| 170|0x000000008aa00000, 0x000000008aa00000, 0x000000008ab00000|  0%| F|  |TAMS 0x000000008aa00000, 0x000000008aa00000| Untracked 
| 171|0x000000008ab00000, 0x000000008ab00000, 0x000000008ac00000|  0%| F|  |TAMS 0x000000008ab00000, 0x000000008ab00000| Untracked 
| 172|0x000000008ac00000, 0x000000008ac00000, 0x000000008ad00000|  0%| F|  |TAMS 0x000000008ac00000, 0x000000008ac00000| Untracked 
| 173|0x000000008ad00000, 0x000000008ad00000, 0x000000008ae00000|  0%| F|  |TAMS 0x000000008ad00000, 0x000000008ad00000| Untracked 
| 174|0x000000008ae00000, 0x000000008ae00000, 0x000000008af00000|  0%| F|  |TAMS 0x000000008ae00000, 0x000000008ae00000| Untracked 
| 175|0x000000008af00000, 0x000000008af00000, 0x000000008b000000|  0%| F|  |TAMS 0x000000008af00000, 0x000000008af00000| Untracked 
| 176|0x000000008b000000, 0x000000008b070360, 0x000000008b100000| 43%| S|CS|TAMS 0x000000008b000000, 0x000000008b000000| Complete 
| 177|0x000000008b100000, 0x000000008b200000, 0x000000008b200000|100%| S|CS|TAMS 0x000000008b100000, 0x000000008b100000| Complete 
| 178|0x000000008b200000, 0x000000008b200000, 0x000000008b300000|  0%| F|  |TAMS 0x000000008b200000, 0x000000008b200000| Untracked 
| 179|0x000000008b300000, 0x000000008b300000, 0x000000008b400000|  0%| F|  |TAMS 0x000000008b300000, 0x000000008b300000| Untracked 
| 180|0x000000008b400000, 0x000000008b400000, 0x000000008b500000|  0%| F|  |TAMS 0x000000008b400000, 0x000000008b400000| Untracked 
| 181|0x000000008b500000, 0x000000008b500000, 0x000000008b600000|  0%| F|  |TAMS 0x000000008b500000, 0x000000008b500000| Untracked 
| 182|0x000000008b600000, 0x000000008b600000, 0x000000008b700000|  0%| F|  |TAMS 0x000000008b600000, 0x000000008b600000| Untracked 
| 183|0x000000008b700000, 0x000000008b700000, 0x000000008b800000|  0%| F|  |TAMS 0x000000008b700000, 0x000000008b700000| Untracked 
| 184|0x000000008b800000, 0x000000008b800000, 0x000000008b900000|  0%| F|  |TAMS 0x000000008b800000, 0x000000008b800000| Untracked 
| 185|0x000000008b900000, 0x000000008b900000, 0x000000008ba00000|  0%| F|  |TAMS 0x000000008b900000, 0x000000008b900000| Untracked 
| 186|0x000000008ba00000, 0x000000008ba00000, 0x000000008bb00000|  0%| F|  |TAMS 0x000000008ba00000, 0x000000008ba00000| Untracked 
| 187|0x000000008bb00000, 0x000000008bb00000, 0x000000008bc00000|  0%| F|  |TAMS 0x000000008bb00000, 0x000000008bb00000| Untracked 
| 188|0x000000008bc00000, 0x000000008bc00000, 0x000000008bd00000|  0%| F|  |TAMS 0x000000008bc00000, 0x000000008bc00000| Untracked 
| 189|0x000000008bd00000, 0x000000008bd00000, 0x000000008be00000|  0%| F|  |TAMS 0x000000008bd00000, 0x000000008bd00000| Untracked 
| 190|0x000000008be00000, 0x000000008be00000, 0x000000008bf00000|  0%| F|  |TAMS 0x000000008be00000, 0x000000008be00000| Untracked 
| 191|0x000000008bf00000, 0x000000008bf00000, 0x000000008c000000|  0%| F|  |TAMS 0x000000008bf00000, 0x000000008bf00000| Untracked 
| 192|0x000000008c000000, 0x000000008c000000, 0x000000008c100000|  0%| F|  |TAMS 0x000000008c000000, 0x000000008c000000| Untracked 
| 193|0x000000008c100000, 0x000000008c100000, 0x000000008c200000|  0%| F|  |TAMS 0x000000008c100000, 0x000000008c100000| Untracked 
| 194|0x000000008c200000, 0x000000008c200000, 0x000000008c300000|  0%| F|  |TAMS 0x000000008c200000, 0x000000008c200000| Untracked 
| 195|0x000000008c300000, 0x000000008c300000, 0x000000008c400000|  0%| F|  |TAMS 0x000000008c300000, 0x000000008c300000| Untracked 
| 196|0x000000008c400000, 0x000000008c400000, 0x000000008c500000|  0%| F|  |TAMS 0x000000008c400000, 0x000000008c400000| Untracked 
| 197|0x000000008c500000, 0x000000008c500000, 0x000000008c600000|  0%| F|  |TAMS 0x000000008c500000, 0x000000008c500000| Untracked 
| 198|0x000000008c600000, 0x000000008c600000, 0x000000008c700000|  0%| F|  |TAMS 0x000000008c600000, 0x000000008c600000| Untracked 
| 199|0x000000008c700000, 0x000000008c700000, 0x000000008c800000|  0%| F|  |TAMS 0x000000008c700000, 0x000000008c700000| Untracked 
| 200|0x000000008c800000, 0x000000008c800000, 0x000000008c900000|  0%| F|  |TAMS 0x000000008c800000, 0x000000008c800000| Untracked 
| 201|0x000000008c900000, 0x000000008c900000, 0x000000008ca00000|  0%| F|  |TAMS 0x000000008c900000, 0x000000008c900000| Untracked 
| 202|0x000000008ca00000, 0x000000008ca00000, 0x000000008cb00000|  0%| F|  |TAMS 0x000000008ca00000, 0x000000008ca00000| Untracked 
| 203|0x000000008cb00000, 0x000000008cb00000, 0x000000008cc00000|  0%| F|  |TAMS 0x000000008cb00000, 0x000000008cb00000| Untracked 
| 204|0x000000008cc00000, 0x000000008cc00000, 0x000000008cd00000|  0%| F|  |TAMS 0x000000008cc00000, 0x000000008cc00000| Untracked 
| 205|0x000000008cd00000, 0x000000008cd00000, 0x000000008ce00000|  0%| F|  |TAMS 0x000000008cd00000, 0x000000008cd00000| Untracked 
| 206|0x000000008ce00000, 0x000000008ce00000, 0x000000008cf00000|  0%| F|  |TAMS 0x000000008ce00000, 0x000000008ce00000| Untracked 
| 207|0x000000008cf00000, 0x000000008cf00000, 0x000000008d000000|  0%| F|  |TAMS 0x000000008cf00000, 0x000000008cf00000| Untracked 
| 208|0x000000008d000000, 0x000000008d000000, 0x000000008d100000|  0%| F|  |TAMS 0x000000008d000000, 0x000000008d000000| Untracked 
| 209|0x000000008d100000, 0x000000008d100000, 0x000000008d200000|  0%| F|  |TAMS 0x000000008d100000, 0x000000008d100000| Untracked 
| 210|0x000000008d200000, 0x000000008d200000, 0x000000008d300000|  0%| F|  |TAMS 0x000000008d200000, 0x000000008d200000| Untracked 
| 211|0x000000008d300000, 0x000000008d300000, 0x000000008d400000|  0%| F|  |TAMS 0x000000008d300000, 0x000000008d300000| Untracked 
| 212|0x000000008d400000, 0x000000008d400000, 0x000000008d500000|  0%| F|  |TAMS 0x000000008d400000, 0x000000008d400000| Untracked 
| 213|0x000000008d500000, 0x000000008d500000, 0x000000008d600000|  0%| F|  |TAMS 0x000000008d500000, 0x000000008d500000| Untracked 
| 214|0x000000008d600000, 0x000000008d600000, 0x000000008d700000|  0%| F|  |TAMS 0x000000008d600000, 0x000000008d600000| Untracked 
| 215|0x000000008d700000, 0x000000008d700000, 0x000000008d800000|  0%| F|  |TAMS 0x000000008d700000, 0x000000008d700000| Untracked 
| 216|0x000000008d800000, 0x000000008d800000, 0x000000008d900000|  0%| F|  |TAMS 0x000000008d800000, 0x000000008d800000| Untracked 
| 217|0x000000008d900000, 0x000000008d900000, 0x000000008da00000|  0%| F|  |TAMS 0x000000008d900000, 0x000000008d900000| Untracked 
| 218|0x000000008da00000, 0x000000008da00000, 0x000000008db00000|  0%| F|  |TAMS 0x000000008da00000, 0x000000008da00000| Untracked 
| 219|0x000000008db00000, 0x000000008db00000, 0x000000008dc00000|  0%| F|  |TAMS 0x000000008db00000, 0x000000008db00000| Untracked 
| 220|0x000000008dc00000, 0x000000008dc00000, 0x000000008dd00000|  0%| F|  |TAMS 0x000000008dc00000, 0x000000008dc00000| Untracked 
| 221|0x000000008dd00000, 0x000000008dd00000, 0x000000008de00000|  0%| F|  |TAMS 0x000000008dd00000, 0x000000008dd00000| Untracked 
| 222|0x000000008de00000, 0x000000008de00000, 0x000000008df00000|  0%| F|  |TAMS 0x000000008de00000, 0x000000008de00000| Untracked 
| 223|0x000000008df00000, 0x000000008df00000, 0x000000008e000000|  0%| F|  |TAMS 0x000000008df00000, 0x000000008df00000| Untracked 
| 224|0x000000008e000000, 0x000000008e000000, 0x000000008e100000|  0%| F|  |TAMS 0x000000008e000000, 0x000000008e000000| Untracked 
| 225|0x000000008e100000, 0x000000008e100000, 0x000000008e200000|  0%| F|  |TAMS 0x000000008e100000, 0x000000008e100000| Untracked 
| 226|0x000000008e200000, 0x000000008e200000, 0x000000008e300000|  0%| F|  |TAMS 0x000000008e200000, 0x000000008e200000| Untracked 
| 227|0x000000008e300000, 0x000000008e300000, 0x000000008e400000|  0%| F|  |TAMS 0x000000008e300000, 0x000000008e300000| Untracked 
| 228|0x000000008e400000, 0x000000008e4dc258, 0x000000008e500000| 85%| E|  |TAMS 0x000000008e400000, 0x000000008e400000| Complete 
| 229|0x000000008e500000, 0x000000008e600000, 0x000000008e600000|100%| E|CS|TAMS 0x000000008e500000, 0x000000008e500000| Complete 
| 230|0x000000008e600000, 0x000000008e700000, 0x000000008e700000|100%| E|CS|TAMS 0x000000008e600000, 0x000000008e600000| Complete 
| 231|0x000000008e700000, 0x000000008e800000, 0x000000008e800000|100%| E|CS|TAMS 0x000000008e700000, 0x000000008e700000| Complete 
| 232|0x000000008e800000, 0x000000008e900000, 0x000000008e900000|100%| E|CS|TAMS 0x000000008e800000, 0x000000008e800000| Complete 
| 233|0x000000008e900000, 0x000000008ea00000, 0x000000008ea00000|100%| E|CS|TAMS 0x000000008e900000, 0x000000008e900000| Complete 
| 234|0x000000008ea00000, 0x000000008eb00000, 0x000000008eb00000|100%| E|CS|TAMS 0x000000008ea00000, 0x000000008ea00000| Complete 
| 235|0x000000008eb00000, 0x000000008ec00000, 0x000000008ec00000|100%| E|CS|TAMS 0x000000008eb00000, 0x000000008eb00000| Complete 
| 236|0x000000008ec00000, 0x000000008ed00000, 0x000000008ed00000|100%| E|CS|TAMS 0x000000008ec00000, 0x000000008ec00000| Complete 
| 237|0x000000008ed00000, 0x000000008ee00000, 0x000000008ee00000|100%| E|  |TAMS 0x000000008ed00000, 0x000000008ed00000| Complete 
| 238|0x000000008ee00000, 0x000000008ef00000, 0x000000008ef00000|100%| E|CS|TAMS 0x000000008ee00000, 0x000000008ee00000| Complete 
| 239|0x000000008ef00000, 0x000000008f000000, 0x000000008f000000|100%| E|CS|TAMS 0x000000008ef00000, 0x000000008ef00000| Complete 
| 240|0x000000008f000000, 0x000000008f100000, 0x000000008f100000|100%| E|CS|TAMS 0x000000008f000000, 0x000000008f000000| Complete 
| 241|0x000000008f100000, 0x000000008f200000, 0x000000008f200000|100%| E|CS|TAMS 0x000000008f100000, 0x000000008f100000| Complete 
| 242|0x000000008f200000, 0x000000008f300000, 0x000000008f300000|100%| E|CS|TAMS 0x000000008f200000, 0x000000008f200000| Complete 
| 243|0x000000008f300000, 0x000000008f400000, 0x000000008f400000|100%| E|CS|TAMS 0x000000008f300000, 0x000000008f300000| Complete 
| 244|0x000000008f400000, 0x000000008f500000, 0x000000008f500000|100%| E|CS|TAMS 0x000000008f400000, 0x000000008f400000| Complete 
| 245|0x000000008f500000, 0x000000008f600000, 0x000000008f600000|100%| E|CS|TAMS 0x000000008f500000, 0x000000008f500000| Complete 
| 246|0x000000008f600000, 0x000000008f700000, 0x000000008f700000|100%| E|CS|TAMS 0x000000008f600000, 0x000000008f600000| Complete 
| 247|0x000000008f700000, 0x000000008f800000, 0x000000008f800000|100%| E|CS|TAMS 0x000000008f700000, 0x000000008f700000| Complete 
| 248|0x000000008f800000, 0x000000008f900000, 0x000000008f900000|100%| E|CS|TAMS 0x000000008f800000, 0x000000008f800000| Complete 
| 249|0x000000008f900000, 0x000000008fa00000, 0x000000008fa00000|100%| E|CS|TAMS 0x000000008f900000, 0x000000008f900000| Complete 
| 250|0x000000008fa00000, 0x000000008fb00000, 0x000000008fb00000|100%| E|CS|TAMS 0x000000008fa00000, 0x000000008fa00000| Complete 
| 251|0x000000008fb00000, 0x000000008fc00000, 0x000000008fc00000|100%| E|CS|TAMS 0x000000008fb00000, 0x000000008fb00000| Complete 
| 252|0x000000008fc00000, 0x000000008fd00000, 0x000000008fd00000|100%| E|CS|TAMS 0x000000008fc00000, 0x000000008fc00000| Complete 
| 253|0x000000008fd00000, 0x000000008fe00000, 0x000000008fe00000|100%| E|CS|TAMS 0x000000008fd00000, 0x000000008fd00000| Complete 
| 254|0x000000008fe00000, 0x000000008ff00000, 0x000000008ff00000|100%| E|CS|TAMS 0x000000008fe00000, 0x000000008fe00000| Complete 
| 255|0x000000008ff00000, 0x0000000090000000, 0x0000000090000000|100%| E|CS|TAMS 0x000000008ff00000, 0x000000008ff00000| Complete 
| 256|0x0000000090000000, 0x0000000090100000, 0x0000000090100000|100%| E|CS|TAMS 0x0000000090000000, 0x0000000090000000| Complete 
| 257|0x0000000090100000, 0x0000000090200000, 0x0000000090200000|100%| E|CS|TAMS 0x0000000090100000, 0x0000000090100000| Complete 
| 258|0x0000000090200000, 0x0000000090300000, 0x0000000090300000|100%| E|CS|TAMS 0x0000000090200000, 0x0000000090200000| Complete 
| 259|0x0000000090300000, 0x0000000090400000, 0x0000000090400000|100%| E|CS|TAMS 0x0000000090300000, 0x0000000090300000| Complete 
| 260|0x0000000090400000, 0x0000000090500000, 0x0000000090500000|100%| E|CS|TAMS 0x0000000090400000, 0x0000000090400000| Complete 
| 261|0x0000000090500000, 0x0000000090600000, 0x0000000090600000|100%| E|CS|TAMS 0x0000000090500000, 0x0000000090500000| Complete 
| 262|0x0000000090600000, 0x0000000090700000, 0x0000000090700000|100%| E|CS|TAMS 0x0000000090600000, 0x0000000090600000| Complete 
| 263|0x0000000090700000, 0x0000000090800000, 0x0000000090800000|100%| E|CS|TAMS 0x0000000090700000, 0x0000000090700000| Complete 
| 264|0x0000000090800000, 0x0000000090900000, 0x0000000090900000|100%| E|CS|TAMS 0x0000000090800000, 0x0000000090800000| Complete 
| 265|0x0000000090900000, 0x0000000090a00000, 0x0000000090a00000|100%| E|CS|TAMS 0x0000000090900000, 0x0000000090900000| Complete 
| 266|0x0000000090a00000, 0x0000000090b00000, 0x0000000090b00000|100%| E|CS|TAMS 0x0000000090a00000, 0x0000000090a00000| Complete 

Card table byte_map: [0x0000021362b30000,0x0000021362f30000] _byte_map_base: 0x0000021362730000

Marking Bits (Prev, Next): (CMBitMap*) 0x000002134dcbe8f8, (CMBitMap*) 0x000002134dcbe930
 Prev Bits: [0x0000021363330000, 0x0000021365330000)
 Next Bits: [0x0000021365330000, 0x0000021367330000)

Polling page: 0x000002134df00000

Metaspace:

Usage:
  Non-class:     82.83 MB capacity,    81.58 MB ( 98%) used,     1.01 MB (  1%) free+waste,   253.38 KB ( <1%) overhead. 
      Class:     12.52 MB capacity,    11.73 MB ( 94%) used,   699.09 KB (  5%) free+waste,   113.81 KB ( <1%) overhead. 
       Both:     95.35 MB capacity,    93.31 MB ( 98%) used,     1.69 MB (  2%) free+waste,   367.19 KB ( <1%) overhead. 

Virtual space:
  Non-class space:       84.00 MB reserved,      83.00 MB ( 99%) committed 
      Class space:        1.00 GB reserved,      12.62 MB (  1%) committed 
             Both:        1.08 GB reserved,      95.62 MB (  9%) committed 

Chunk freelists:
   Non-Class:  48.00 KB
       Class:  8.00 KB
        Both:  56.00 KB

MaxMetaspaceSize: 17179869184.00 GB
CompressedClassSpaceSize: 1.00 GB
Initial GC threshold: 20.80 MB
Current GC threshold: 144.16 MB
CDS: off

CodeHeap 'non-profiled nmethods': size=120064Kb used=6873Kb max_used=6873Kb free=113190Kb
 bounds [0x000002135abc0000, 0x000002135b280000, 0x0000021362100000]
CodeHeap 'profiled nmethods': size=120000Kb used=27241Kb max_used=27241Kb free=92758Kb
 bounds [0x0000021353690000, 0x0000021355130000, 0x000002135abc0000]
CodeHeap 'non-nmethods': size=5696Kb used=2383Kb max_used=2425Kb free=3312Kb
 bounds [0x0000021353100000, 0x0000021353370000, 0x0000021353690000]
 total_blobs=13178 nmethods=12274 adapters=816
 compilation: enabled
              stopped_count=0, restarted_count=0
 full_count=0

Compilation events (20 events):
Event: 17.094 Thread 0x0000021369995800 nmethod 12403 0x000002135b275310 code [0x000002135b2754e0, 0x000002135b275b98]
Event: 17.105 Thread 0x0000021369995800 12404       4       kotlin.jvm.internal.Lambda::<init> (10 bytes)
Event: 17.105 Thread 0x0000021369995800 nmethod 12404 0x000002135b275f10 code [0x000002135b2760a0, 0x000002135b2760f8]
Event: 17.111 Thread 0x0000021369995800 12405       4       sun.net.www.ParseUtil::canonizeString (38 bytes)
Event: 17.113 Thread 0x000002136999a000 12407       3       kotlin.reflect.jvm.internal.ReflectProperties::lazySoft (18 bytes)
Event: 17.113 Thread 0x000002136999a000 nmethod 12407 0x0000021355126590 code [0x0000021355126760, 0x0000021355126958]
Event: 17.113 Thread 0x000002136999a000 12408       3       kotlin.reflect.jvm.internal.ReflectProperties$LazySoftVal::<init> (43 bytes)
Event: 17.114 Thread 0x0000021369995800 nmethod 12405 0x000002135b276210 code [0x000002135b2763a0, 0x000002135b276558]
Event: 17.114 Thread 0x0000021369995800 12406       4       sun.net.www.protocol.jar.Handler::parseURL (212 bytes)
Event: 17.114 Thread 0x000002136999a000 nmethod 12408 0x0000021355126a90 code [0x0000021355126da0, 0x0000021355128248]
Event: 17.114 Thread 0x000002136999a000 12409       3       kotlin.reflect.jvm.internal.ReflectProperties::lazySoft (14 bytes)
Event: 17.114 Thread 0x000002136999a000 nmethod 12409 0x0000021355128810 code [0x0000021355128a00, 0x0000021355128cc8]
Event: 17.114 Thread 0x000002136999a000 12410       3       kotlin.reflect.jvm.internal.pcollections.HashPMap::getEntries (22 bytes)
Event: 17.114 Thread 0x000002136999a000 nmethod 12410 0x0000021355128e10 code [0x0000021355128fe0, 0x0000021355129328]
Event: 17.114 Thread 0x000002136999a000 12411       3       kotlin.reflect.jvm.internal.pcollections.IntTreePMap::get (10 bytes)
Event: 17.115 Thread 0x000002136999a000 nmethod 12411 0x0000021355129490 code [0x0000021355129640, 0x0000021355129788]
Event: 17.135 Thread 0x000002136999a000 12413       3       kotlin.reflect.jvm.internal.impl.renderer.DescriptorRendererOptionsImpl::property (21 bytes)
Event: 17.135 Thread 0x000002136999a000 nmethod 12413 0x0000021355129890 code [0x0000021355129a60, 0x0000021355129df8]
Event: 17.135 Thread 0x000002136999a000 12414       3       kotlin.reflect.jvm.internal.impl.renderer.DescriptorRendererOptionsImpl$property$$inlined$vetoable$1::<init> (16 bytes)
Event: 17.135 Thread 0x000002136999a000 nmethod 12414 0x0000021355129f10 code [0x000002135512a0e0, 0x000002135512a3b8]

GC Heap History (20 events):
Event: 5.522 GC heap before
{Heap before GC invocations=10 (full 0):
 garbage-first heap   total 157696K, used 35735K [0x0000000080000000, 0x0000000100000000)
  region size 1024K, 17 young (17408K), 10 survivors (10240K)
 Metaspace       used 45425K, capacity 46405K, committed 46464K, reserved 1089536K
  class space    used 5842K, capacity 6235K, committed 6272K, reserved 1048576K
}
Event: 5.539 GC heap after
{Heap after GC invocations=11 (full 0):
 garbage-first heap   total 189440K, used 29819K [0x0000000080000000, 0x0000000100000000)
  region size 1024K, 5 young (5120K), 5 survivors (5120K)
 Metaspace       used 45425K, capacity 46405K, committed 46464K, reserved 1089536K
  class space    used 5842K, capacity 6235K, committed 6272K, reserved 1048576K
}
Event: 6.602 GC heap before
{Heap before GC invocations=12 (full 0):
 garbage-first heap   total 189440K, used 118907K [0x0000000080000000, 0x0000000100000000)
  region size 1024K, 89 young (91136K), 5 survivors (5120K)
 Metaspace       used 50263K, capacity 51568K, committed 51832K, reserved 1093632K
  class space    used 6456K, capacity 6917K, committed 7032K, reserved 1048576K
}
Event: 6.620 GC heap after
{Heap after GC invocations=13 (full 0):
 garbage-first heap   total 189440K, used 43463K [0x0000000080000000, 0x0000000100000000)
  region size 1024K, 12 young (12288K), 12 survivors (12288K)
 Metaspace       used 50263K, capacity 51568K, committed 51832K, reserved 1093632K
  class space    used 6456K, capacity 6917K, committed 7032K, reserved 1048576K
}
Event: 7.739 GC heap before
{Heap before GC invocations=14 (full 0):
 garbage-first heap   total 189440K, used 124359K [0x0000000080000000, 0x0000000100000000)
  region size 1024K, 91 young (93184K), 12 survivors (12288K)
 Metaspace       used 61798K, capacity 63230K, committed 63480K, reserved 1103872K
  class space    used 7833K, capacity 8390K, committed 8440K, reserved 1048576K
}
Event: 7.755 GC heap after
{Heap after GC invocations=15 (full 0):
 garbage-first heap   total 189440K, used 50340K [0x0000000080000000, 0x0000000100000000)
  region size 1024K, 7 young (7168K), 7 survivors (7168K)
 Metaspace       used 61798K, capacity 63230K, committed 63480K, reserved 1103872K
  class space    used 7833K, capacity 8390K, committed 8440K, reserved 1048576K
}
Event: 8.566 GC heap before
{Heap before GC invocations=15 (full 0):
 garbage-first heap   total 189440K, used 131236K [0x0000000080000000, 0x0000000100000000)
  region size 1024K, 85 young (87040K), 7 survivors (7168K)
 Metaspace       used 66371K, capacity 68009K, committed 68216K, reserved 1107968K
  class space    used 8435K, capacity 9032K, committed 9080K, reserved 1048576K
}
Event: 8.578 GC heap after
{Heap after GC invocations=16 (full 0):
 garbage-first heap   total 189440K, used 54444K [0x0000000080000000, 0x0000000100000000)
  region size 1024K, 6 young (6144K), 6 survivors (6144K)
 Metaspace       used 66371K, capacity 68009K, committed 68216K, reserved 1107968K
  class space    used 8435K, capacity 9032K, committed 9080K, reserved 1048576K
}
Event: 9.554 GC heap before
{Heap before GC invocations=16 (full 0):
 garbage-first heap   total 189440K, used 135340K [0x0000000080000000, 0x0000000100000000)
  region size 1024K, 85 young (87040K), 6 survivors (6144K)
 Metaspace       used 74216K, capacity 75935K, committed 76152K, reserved 1116160K
  class space    used 9651K, capacity 10304K, committed 10360K, reserved 1048576K
}
Event: 9.572 GC heap after
{Heap after GC invocations=17 (full 0):
 garbage-first heap   total 227328K, used 59514K [0x0000000080000000, 0x0000000100000000)
  region size 1024K, 11 young (11264K), 11 survivors (11264K)
 Metaspace       used 74216K, capacity 75935K, committed 76152K, reserved 1116160K
  class space    used 9651K, capacity 10304K, committed 10360K, reserved 1048576K
}
Event: 11.014 GC heap before
{Heap before GC invocations=17 (full 0):
 garbage-first heap   total 227328K, used 155770K [0x0000000080000000, 0x0000000100000000)
  region size 1024K, 106 young (108544K), 11 survivors (11264K)
 Metaspace       used 83740K, capacity 85857K, committed 86008K, reserved 1124352K
  class space    used 10900K, capacity 11675K, committed 11768K, reserved 1048576K
}
Event: 11.036 GC heap after
{Heap after GC invocations=18 (full 0):
 garbage-first heap   total 227328K, used 68028K [0x0000000080000000, 0x0000000100000000)
  region size 1024K, 14 young (14336K), 14 survivors (14336K)
 Metaspace       used 83740K, capacity 85857K, committed 86008K, reserved 1124352K
  class space    used 10900K, capacity 11675K, committed 11768K, reserved 1048576K
}
Event: 11.906 GC heap before
{Heap before GC invocations=18 (full 0):
 garbage-first heap   total 227328K, used 112060K [0x0000000080000000, 0x0000000100000000)
  region size 1024K, 59 young (60416K), 14 survivors (14336K)
 Metaspace       used 84529K, capacity 86656K, committed 86816K, reserved 1124352K
  class space    used 10965K, capacity 11781K, committed 11896K, reserved 1048576K
}
Event: 11.937 GC heap after
{Heap after GC invocations=19 (full 0):
 garbage-first heap   total 227328K, used 70777K [0x0000000080000000, 0x0000000100000000)
  region size 1024K, 4 young (4096K), 4 survivors (4096K)
 Metaspace       used 84529K, capacity 86656K, committed 86816K, reserved 1124352K
  class space    used 10965K, capacity 11781K, committed 11896K, reserved 1048576K
}
Event: 13.504 GC heap before
{Heap before GC invocations=20 (full 0):
 garbage-first heap   total 227328K, used 180345K [0x0000000080000000, 0x0000000100000000)
  region size 1024K, 101 young (103424K), 4 survivors (4096K)
 Metaspace       used 86233K, capacity 88367K, committed 88568K, reserved 1126400K
  class space    used 11124K, capacity 11926K, committed 12024K, reserved 1048576K
}
Event: 13.538 GC heap after
{Heap after GC invocations=21 (full 0):
 garbage-first heap   total 227328K, used 94208K [0x0000000080000000, 0x0000000100000000)
  region size 1024K, 13 young (13312K), 13 survivors (13312K)
 Metaspace       used 86233K, capacity 88367K, committed 88568K, reserved 1126400K
  class space    used 11124K, capacity 11926K, committed 12024K, reserved 1048576K
}
Event: 14.813 GC heap before
{Heap before GC invocations=22 (full 0):
 garbage-first heap   total 227328K, used 185344K [0x0000000080000000, 0x0000000100000000)
  region size 1024K, 88 young (90112K), 13 survivors (13312K)
 Metaspace       used 90862K, capacity 92973K, committed 93304K, reserved 1130496K
  class space    used 11487K, capacity 12308K, committed 12408K, reserved 1048576K
}
Event: 14.843 GC heap after
{Heap after GC invocations=23 (full 0):
 garbage-first heap   total 273408K, used 102912K [0x0000000080000000, 0x0000000100000000)
  region size 1024K, 9 young (9216K), 9 survivors (9216K)
 Metaspace       used 90862K, capacity 92973K, committed 93304K, reserved 1130496K
  class space    used 11487K, capacity 12308K, committed 12408K, reserved 1048576K
}
Event: 16.566 GC heap before
{Heap before GC invocations=23 (full 0):
 garbage-first heap   total 273408K, used 194048K [0x0000000080000000, 0x0000000100000000)
  region size 1024K, 98 young (100352K), 9 survivors (9216K)
 Metaspace       used 93199K, capacity 95313K, committed 95608K, reserved 1132544K
  class space    used 11706K, capacity 12521K, committed 12664K, reserved 1048576K
}
Event: 16.576 GC heap after
{Heap after GC invocations=24 (full 0):
 garbage-first heap   total 273408K, used 96704K [0x0000000080000000, 0x0000000100000000)
  region size 1024K, 2 young (2048K), 2 survivors (2048K)
 Metaspace       used 93199K, capacity 95313K, committed 95608K, reserved 1132544K
  class space    used 11706K, capacity 12521K, committed 12664K, reserved 1048576K
}

Deoptimization events (20 events):
Event: 16.866 Thread 0x000002136db4c000 Uncommon trap: trap_request=0xffffff4d fr.pc=0x000002135b13ae04 relative=0x0000000000000a04
Event: 16.866 Thread 0x000002136db4c000 Uncommon trap: reason=unstable_if action=reinterpret pc=0x000002135b13ae04 method=org.apache.xerces.dom.ParentNode.internalInsertBefore(Lorg/w3c/dom/Node;Lorg/w3c/dom/Node;Z)Lorg/w3c/dom/Node; @ 562 c2
Event: 16.866 Thread 0x000002136db4c000 DEOPT PACKING pc=0x000002135b13ae04 sp=0x000000371f1fa930
Event: 16.866 Thread 0x000002136db4c000 DEOPT UNPACKING pc=0x000002135314a1af sp=0x000000371f1fa8d8 mode 2
Event: 16.875 Thread 0x000002136db4c000 Uncommon trap: trap_request=0xffffff4d fr.pc=0x000002135af2c1a8 relative=0x0000000000000668
Event: 16.875 Thread 0x000002136db4c000 Uncommon trap: reason=unstable_if action=reinterpret pc=0x000002135af2c1a8 method=java.lang.AbstractStringBuilder.append(Ljava/lang/String;)Ljava/lang/AbstractStringBuilder; @ 1 c2
Event: 16.875 Thread 0x000002136db4c000 DEOPT PACKING pc=0x000002135af2c1a8 sp=0x000000371f1fa570
Event: 16.875 Thread 0x000002136db4c000 DEOPT UNPACKING pc=0x000002135314a1af sp=0x000000371f1fa548 mode 2
Event: 16.898 Thread 0x000002136db4c000 Uncommon trap: trap_request=0xffffffc6 fr.pc=0x000002135b0eee94 relative=0x0000000000000d94
Event: 16.898 Thread 0x000002136db4c000 Uncommon trap: reason=bimorphic_or_optimized_type_check action=maybe_recompile pc=0x000002135b0eee94 method=java.util.HashMap.removeNode(ILjava/lang/Object;Ljava/lang/Object;ZZ)Ljava/util/HashMap$Node; @ 68 c2
Event: 16.898 Thread 0x000002136db4c000 DEOPT PACKING pc=0x000002135b0eee94 sp=0x000000371f1fa6f0
Event: 16.898 Thread 0x000002136db4c000 DEOPT UNPACKING pc=0x000002135314a1af sp=0x000000371f1fa688 mode 2
Event: 16.955 Thread 0x000002136db4c000 Uncommon trap: trap_request=0xffffff4d fr.pc=0x000002135b23c9fc relative=0x0000000000000e3c
Event: 16.955 Thread 0x000002136db4c000 Uncommon trap: reason=unstable_if action=reinterpret pc=0x000002135b23c9fc method=org.gradle.internal.snapshot.VfsRelativePath.compareToFirstSegment(Ljava/lang/String;Lorg/gradle/internal/snapshot/CaseSensitivity;)I @ 134 c2
Event: 16.955 Thread 0x000002136db4c000 DEOPT PACKING pc=0x000002135b23c9fc sp=0x000000371f1fc7b0
Event: 16.955 Thread 0x000002136db4c000 DEOPT UNPACKING pc=0x000002135314a1af sp=0x000000371f1fc730 mode 2
Event: 17.072 Thread 0x000002136db4c000 Uncommon trap: trap_request=0xffffff4d fr.pc=0x000002135b272ba0 relative=0x0000000000000920
Event: 17.072 Thread 0x000002136db4c000 Uncommon trap: reason=unstable_if action=reinterpret pc=0x000002135b272ba0 method=java.util.jar.JarFile.getVersionedEntry(Ljava/lang/String;Ljava/util/jar/JarEntry;)Ljava/util/jar/JarEntry; @ 7 c2
Event: 17.072 Thread 0x000002136db4c000 DEOPT PACKING pc=0x000002135b272ba0 sp=0x000000371f1f6fa0
Event: 17.072 Thread 0x000002136db4c000 DEOPT UNPACKING pc=0x000002135314a1af sp=0x000000371f1f6f80 mode 2

Classes redefined (0 events):
No events

Internal exceptions (20 events):
Event: 15.940 Thread 0x000002136db4c000 Exception <a 'sun/nio/fs/WindowsException'{0x000000008c9a0720}> (0x000000008c9a0720) thrown at [./src/hotspot/share/prims/jni.cpp, line 615]
Event: 15.944 Thread 0x000002136db4c000 Exception <a 'sun/nio/fs/WindowsException'{0x000000008c9a18b0}> (0x000000008c9a18b0) thrown at [./src/hotspot/share/prims/jni.cpp, line 615]
Event: 15.947 Thread 0x000002136db4c000 Exception <a 'sun/nio/fs/WindowsException'{0x000000008c9a2a28}> (0x000000008c9a2a28) thrown at [./src/hotspot/share/prims/jni.cpp, line 615]
Event: 15.950 Thread 0x000002136db4c000 Exception <a 'sun/nio/fs/WindowsException'{0x000000008c9a3b90}> (0x000000008c9a3b90) thrown at [./src/hotspot/share/prims/jni.cpp, line 615]
Event: 15.952 Thread 0x000002136db4c000 Exception <a 'sun/nio/fs/WindowsException'{0x000000008c9a4d78}> (0x000000008c9a4d78) thrown at [./src/hotspot/share/prims/jni.cpp, line 615]
Event: 15.954 Thread 0x000002136db4c000 Exception <a 'sun/nio/fs/WindowsException'{0x000000008c8d1d68}> (0x000000008c8d1d68) thrown at [./src/hotspot/share/prims/jni.cpp, line 615]
Event: 16.044 Thread 0x000002136db4c000 Exception <a 'java/lang/NoSuchMethodError'{0x000000008c54a070}: 'java.lang.Object java.lang.invoke.DirectMethodHandle$Holder.newInvokeSpecial(java.lang.Object, java.lang.Object, java.lang.Object, java.lang.Object)'> (0x000000008c54a070) thrown at [./src/hotspot/share/interpreter/linkResolver.cpp, line 773]
Event: 16.086 Thread 0x000002136db4c000 Exception <a 'sun/nio/fs/WindowsException'{0x000000008c4bd1f0}> (0x000000008c4bd1f0) thrown at [./src/hotspot/share/prims/jni.cpp, line 615]
Event: 16.087 Thread 0x000002136db4c000 Exception <a 'sun/nio/fs/WindowsException'{0x000000008c4be068}> (0x000000008c4be068) thrown at [./src/hotspot/share/prims/jni.cpp, line 615]
Event: 16.519 Thread 0x000002136e129800 Implicit null exception at 0x000002135b23d524 to 0x000002135b23d6c4
Event: 16.519 Thread 0x000002136e02e000 Implicit null exception at 0x000002135b23d524 to 0x000002135b23d6c4
Event: 16.656 Thread 0x000002136db4c000 Exception <a 'sun/nio/fs/WindowsException'{0x000000009069ec10}> (0x000000009069ec10) thrown at [./src/hotspot/share/prims/jni.cpp, line 615]
Event: 16.658 Thread 0x000002136db4c000 Exception <a 'sun/nio/fs/WindowsException'{0x000000009069fac8}> (0x000000009069fac8) thrown at [./src/hotspot/share/prims/jni.cpp, line 615]
Event: 16.658 Thread 0x000002136db4c000 Exception <a 'sun/nio/fs/WindowsException'{0x000000009069fda8}> (0x000000009069fda8) thrown at [./src/hotspot/share/prims/jni.cpp, line 615]
Event: 16.658 Thread 0x000002136db4c000 Exception <a 'sun/nio/fs/WindowsException'{0x00000000906a0c28}> (0x00000000906a0c28) thrown at [./src/hotspot/share/prims/jni.cpp, line 615]
Event: 16.658 Thread 0x000002136db4c000 Exception <a 'sun/nio/fs/WindowsException'{0x00000000906a0ed0}> (0x00000000906a0ed0) thrown at [./src/hotspot/share/prims/jni.cpp, line 615]
Event: 16.658 Thread 0x000002136db4c000 Exception <a 'sun/nio/fs/WindowsException'{0x00000000906a1d38}> (0x00000000906a1d38) thrown at [./src/hotspot/share/prims/jni.cpp, line 615]
Event: 16.875 Thread 0x000002136db4c000 Implicit null exception at 0x000002135af2bb74 to 0x000002135af2c190
Event: 16.961 Thread 0x000002136db4c000 Exception <a 'sun/nio/fs/WindowsException'{0x000000008f983a60}> (0x000000008f983a60) thrown at [./src/hotspot/share/prims/jni.cpp, line 615]
Event: 16.961 Thread 0x000002136db4c000 Exception <a 'sun/nio/fs/WindowsException'{0x000000008f9848d8}> (0x000000008f9848d8) thrown at [./src/hotspot/share/prims/jni.cpp, line 615]

Events (20 events):
Event: 17.143 loading class kotlin/reflect/jvm/internal/impl/descriptors/ClassDescriptor
Event: 17.143 loading class kotlin/reflect/jvm/internal/impl/descriptors/ClassDescriptor done
Event: 17.143 loading class kotlin/reflect/jvm/internal/impl/descriptors/ClassifierDescriptorWithTypeParameters
Event: 17.143 loading class kotlin/reflect/jvm/internal/impl/descriptors/ClassifierDescriptorWithTypeParameters done
Event: 17.143 loading class kotlin/reflect/jvm/internal/impl/resolve/scopes/MemberScope
Event: 17.143 loading class kotlin/reflect/jvm/internal/impl/resolve/scopes/MemberScope done
Event: 17.144 loading class kotlin/reflect/jvm/internal/impl/resolve/scopes/ResolutionScope
Event: 17.144 loading class kotlin/reflect/jvm/internal/impl/resolve/scopes/ResolutionScope done
Event: 17.144 loading class kotlin/reflect/jvm/internal/impl/types/TypeConstructor
Event: 17.144 loading class kotlin/reflect/jvm/internal/impl/types/TypeConstructor done
Event: 17.145 loading class kotlin/reflect/jvm/internal/impl/types/model/TypeConstructorMarker
Event: 17.145 loading class kotlin/reflect/jvm/internal/impl/types/model/TypeConstructorMarker done
Event: 17.145 loading class kotlin/reflect/jvm/internal/impl/descriptors/impl/ModuleAwareClassDescriptor$Companion
Event: 17.145 loading class kotlin/reflect/jvm/internal/impl/descriptors/impl/ModuleAwareClassDescriptor$Companion done
Event: 17.146 loading class kotlin/reflect/jvm/internal/impl/descriptors/Modality$Companion
Event: 17.146 loading class kotlin/reflect/jvm/internal/impl/descriptors/Modality$Companion done
Event: 17.146 loading class kotlin/reflect/jvm/internal/impl/descriptors/ClassKind
Event: 17.146 loading class kotlin/reflect/jvm/internal/impl/descriptors/ClassKind done
Event: 17.146 loading class kotlin/reflect/jvm/internal/impl/descriptors/impl/AbstractClassDescriptor$1
Event: 17.146 loading class kotlin/reflect/jvm/internal/impl/descriptors/impl/AbstractClassDescriptor$1 done


Dynamic libraries:
0x00007ff7cfa60000 - 0x00007ff7cfa6a000 	C:\Program Files\Android\Android Studio\jre\bin\java.exe
0x00007ffc5fb20000 - 0x00007ffc5fd29000 	C:\Windows\SYSTEM32\ntdll.dll
0x00007ffc5f350000 - 0x00007ffc5f40d000 	C:\Windows\System32\KERNEL32.DLL
0x00007ffc5d460000 - 0x00007ffc5d7d4000 	C:\Windows\System32\KERNELBASE.dll
0x00007ffc5d1d0000 - 0x00007ffc5d2e1000 	C:\Windows\System32\ucrtbase.dll
0x00007ffc3c5f0000 - 0x00007ffc3c607000 	C:\Program Files\Android\Android Studio\jre\bin\VCRUNTIME140.dll
0x00007ffc35fe0000 - 0x00007ffc35ff9000 	C:\Program Files\Android\Android Studio\jre\bin\jli.dll
0x00007ffc5dbe0000 - 0x00007ffc5dd8c000 	C:\Windows\System32\USER32.dll
0x00007ffc5d850000 - 0x00007ffc5d876000 	C:\Windows\System32\win32u.dll
0x00007ffc5f580000 - 0x00007ffc5f5a9000 	C:\Windows\System32\GDI32.dll
0x00007ffc30990000 - 0x00007ffc30c35000 	C:\Windows\WinSxS\amd64_microsoft.windows.common-controls_6595b64144ccf1df_6.0.22000.120_none_9d947278b86cc467\COMCTL32.dll
0x00007ffc5d010000 - 0x00007ffc5d122000 	C:\Windows\System32\gdi32full.dll
0x00007ffc5f2a0000 - 0x00007ffc5f343000 	C:\Windows\System32\msvcrt.dll
0x00007ffc5d130000 - 0x00007ffc5d1cd000 	C:\Windows\System32\msvcp_win.dll
0x00007ffc5e830000 - 0x00007ffc5e861000 	C:\Windows\System32\IMM32.DLL
0x00007ffc1d6b0000 - 0x00007ffc1d74d000 	C:\Program Files\Android\Android Studio\jre\bin\msvcp140.dll
0x00007ffc0e5d0000 - 0x00007ffc0f0b5000 	C:\Program Files\Android\Android Studio\jre\bin\server\jvm.dll
0x00007ffc5fa30000 - 0x00007ffc5fade000 	C:\Windows\System32\ADVAPI32.dll
0x00007ffc5e770000 - 0x00007ffc5e80e000 	C:\Windows\System32\sechost.dll
0x00007ffc5de20000 - 0x00007ffc5df40000 	C:\Windows\System32\RPCRT4.dll
0x00007ffc5e760000 - 0x00007ffc5e768000 	C:\Windows\System32\PSAPI.DLL
0x00007ffc56800000 - 0x00007ffc56809000 	C:\Windows\SYSTEM32\WSOCK32.dll
0x00007ffc4a910000 - 0x00007ffc4a91a000 	C:\Windows\SYSTEM32\VERSION.dll
0x00007ffc52700000 - 0x00007ffc52733000 	C:\Windows\SYSTEM32\WINMM.dll
0x00007ffc5df40000 - 0x00007ffc5dfaf000 	C:\Windows\System32\WS2_32.dll
0x00007ffc5baf0000 - 0x00007ffc5bb08000 	C:\Windows\SYSTEM32\kernel.appcore.dll
0x00007ffc567e0000 - 0x00007ffc567f1000 	C:\Program Files\Android\Android Studio\jre\bin\verify.dll
0x00007ffc56090000 - 0x00007ffc562b1000 	C:\Windows\SYSTEM32\DBGHELP.DLL
0x00007ffc48430000 - 0x00007ffc48461000 	C:\Windows\SYSTEM32\dbgcore.DLL
0x00007ffc5d880000 - 0x00007ffc5d8ff000 	C:\Windows\System32\bcryptPrimitives.dll
0x00007ffc567b0000 - 0x00007ffc567d9000 	C:\Program Files\Android\Android Studio\jre\bin\java.dll
0x00007ffc567a0000 - 0x00007ffc567ab000 	C:\Program Files\Android\Android Studio\jre\bin\jimage.dll
0x00007ffc3c5d0000 - 0x00007ffc3c5e8000 	C:\Program Files\Android\Android Studio\jre\bin\zip.dll
0x00007ffc5eaf0000 - 0x00007ffc5f29e000 	C:\Windows\System32\SHELL32.dll
0x00007ffc5b280000 - 0x00007ffc5bae7000 	C:\Windows\SYSTEM32\windows.storage.dll
0x00007ffc5e0a0000 - 0x00007ffc5e418000 	C:\Windows\System32\combase.dll
0x00007ffc5b110000 - 0x00007ffc5b276000 	C:\Windows\SYSTEM32\wintypes.dll
0x00007ffc5e420000 - 0x00007ffc5e50a000 	C:\Windows\System32\SHCORE.dll
0x00007ffc5d9c0000 - 0x00007ffc5da1d000 	C:\Windows\System32\shlwapi.dll
0x00007ffc5cf40000 - 0x00007ffc5cf61000 	C:\Windows\SYSTEM32\profapi.dll
0x00007ffc3c5b0000 - 0x00007ffc3c5ca000 	C:\Program Files\Android\Android Studio\jre\bin\net.dll
0x00007ffc50c90000 - 0x00007ffc50d9c000 	C:\Windows\SYSTEM32\WINHTTP.dll
0x00007ffc5c630000 - 0x00007ffc5c697000 	C:\Windows\system32\mswsock.dll
0x00007ffc3c590000 - 0x00007ffc3c5a4000 	C:\Program Files\Android\Android Studio\jre\bin\nio.dll
0x00007ffc35f90000 - 0x00007ffc35fb7000 	C:\Users\Admin\.gradle\native\e1d6ef7f7dcc3fd88c89a11ec53ec762bb8ba0a96d01ffa2cd45eb1d1d8dd5c5\windows-amd64\native-platform.dll
0x00007ffc0e480000 - 0x00007ffc0e5c4000 	C:\Users\Admin\.gradle\native\5664cfc778a61ccfe75a443a1ab52a65af34e5dc3c78e0209fed803814484fcb\windows-amd64\native-platform-file-events.dll
0x00007ffc50ad0000 - 0x00007ffc50ada000 	C:\Program Files\Android\Android Studio\jre\bin\management.dll
0x00007ffc3c580000 - 0x00007ffc3c58d000 	C:\Program Files\Android\Android Studio\jre\bin\management_ext.dll
0x00007ffc5c870000 - 0x00007ffc5c888000 	C:\Windows\SYSTEM32\CRYPTSP.dll
0x00007ffc5c190000 - 0x00007ffc5c1c5000 	C:\Windows\system32\rsaenh.dll
0x00007ffc5c720000 - 0x00007ffc5c749000 	C:\Windows\SYSTEM32\USERENV.dll
0x00007ffc5c9f0000 - 0x00007ffc5ca17000 	C:\Windows\SYSTEM32\bcrypt.dll
0x00007ffc5c890000 - 0x00007ffc5c89c000 	C:\Windows\SYSTEM32\CRYPTBASE.dll
0x00007ffc5bd60000 - 0x00007ffc5bd8d000 	C:\Windows\SYSTEM32\IPHLPAPI.DLL
0x00007ffc5e6f0000 - 0x00007ffc5e6f9000 	C:\Windows\System32\NSI.dll
0x00007ffc50b60000 - 0x00007ffc50b79000 	C:\Windows\SYSTEM32\dhcpcsvc6.DLL
0x00007ffc50fc0000 - 0x00007ffc50fde000 	C:\Windows\SYSTEM32\dhcpcsvc.DLL
0x00007ffc5bdd0000 - 0x00007ffc5beb7000 	C:\Windows\SYSTEM32\DNSAPI.dll
0x00007ffc5a8f0000 - 0x00007ffc5a924000 	C:\Windows\SYSTEM32\ntmarta.dll

dbghelp: loaded successfully - version: 4.0.5 - missing functions: none
symbol engine: initialized successfully - sym options: 0x614 - pdb path: .;C:\Program Files\Android\Android Studio\jre\bin;C:\Windows\SYSTEM32;C:\Windows\WinSxS\amd64_microsoft.windows.common-controls_6595b64144ccf1df_6.0.22000.120_none_9d947278b86cc467;C:\Program Files\Android\Android Studio\jre\bin\server;C:\Users\Admin\.gradle\native\e1d6ef7f7dcc3fd88c89a11ec53ec762bb8ba0a96d01ffa2cd45eb1d1d8dd5c5\windows-amd64;C:\Users\Admin\.gradle\native\5664cfc778a61ccfe75a443a1ab52a65af34e5dc3c78e0209fed803814484fcb\windows-amd64

VM Arguments:
jvm_args: --add-opens=java.base/java.util=ALL-UNNAMED --add-opens=java.base/java.lang=ALL-UNNAMED --add-opens=java.base/java.lang.invoke=ALL-UNNAMED --add-opens=java.base/java.util=ALL-UNNAMED --add-opens=java.prefs/java.util.prefs=ALL-UNNAMED --add-opens=java.prefs/java.util.prefs=ALL-UNNAMED --add-opens=java.base/java.nio.charset=ALL-UNNAMED --add-opens=java.base/java.net=ALL-UNNAMED --add-opens=java.base/java.util.concurrent.atomic=ALL-UNNAMED -Xmx2048m -Dfile.encoding=UTF-8 -Duser.country=US -Duser.language=en -Duser.variant 
java_command: org.gradle.launcher.daemon.bootstrap.GradleDaemon 7.3.3
java_class_path (initial): C:\Users\Admin\.gradle\wrapper\dists\gradle-7.3.3-bin\6a41zxkdtcxs8rphpq6y0069z\gradle-7.3.3\lib\gradle-launcher-7.3.3.jar
Launcher Type: SUN_STANDARD

[Global flags]
     intx CICompilerCount                          = 3                                         {product} {ergonomic}
     uint ConcGCThreads                            = 1                                         {product} {ergonomic}
     uint G1ConcRefinementThreads                  = 4                                         {product} {ergonomic}
   size_t G1HeapRegionSize                         = 1048576                                   {product} {ergonomic}
    uintx GCDrainStackTargetSize                   = 64                                        {product} {ergonomic}
   size_t InitialHeapSize                          = 134217728                                 {product} {ergonomic}
   size_t MarkStackSize                            = 4194304                                   {product} {ergonomic}
   size_t MaxHeapSize                              = 2147483648                                {product} {command line}
   size_t MaxNewSize                               = 1287651328                                {product} {ergonomic}
   size_t MinHeapDeltaBytes                        = 1048576                                   {product} {ergonomic}
    uintx NonNMethodCodeHeapSize                   = 5830732                                {pd product} {ergonomic}
    uintx NonProfiledCodeHeapSize                  = 122913754                              {pd product} {ergonomic}
    uintx ProfiledCodeHeapSize                     = 122913754                              {pd product} {ergonomic}
    uintx ReservedCodeCacheSize                    = 251658240                              {pd product} {ergonomic}
     bool SegmentedCodeCache                       = true                                      {product} {ergonomic}
     bool UseCompressedClassPointers               = true                                 {lp64_product} {ergonomic}
     bool UseCompressedOops                        = true                                 {lp64_product} {ergonomic}
     bool UseG1GC                                  = true                                      {product} {ergonomic}
     bool UseLargePagesIndividualAllocation        = false                                  {pd product} {ergonomic}

Logging:
Log output configuration:
 #0: stdout all=warning uptime,level,tags
 #1: stderr all=off uptime,level,tags

Environment Variables:
PATH=C:\Program Files\Common Files\Oracle\Java\javapath;C:\Program Files (x86)\Common Files\Oracle\Java\javapath;C:\Windows\system32;C:\Windows;C:\Windows\System32\Wbem;C:\Windows\System32\WindowsPowerShell\v1.0\;C:\Windows\System32\OpenSSH\;C:\Program Files (x86)\Intel\Intel(R) Management Engine Components\DAL;C:\Program Files\Intel\Intel(R) Management Engine Components\DAL;C:\Program Files\Git\cmd;C:\Users\Admin\AppData\Local\Microsoft\WindowsApps;C:\Users\Admin\AppData\Local\Programs\Microsoft VS Code\bin;C:\Users\Admin\AppData\Local\atom\bin;C:\Users\Admin\AppData\Local\GitHubDesktop\bin
USERNAME=Admin
OS=Windows_NT
PROCESSOR_IDENTIFIER=Intel64 Family 6 Model 78 Stepping 3, GenuineIntel



---------------  S Y S T E M  ---------------

OS: Windows 10 , 64 bit Build 22000 (10.0.22000.434)
OS uptime: 0 days 1:56 hours

CPU:total 4 (initial active 4) (2 cores per cpu, 2 threads per core) family 6 model 78 stepping 3 microcode 0xd6, cmov, cx8, fxsr, mmx, sse, sse2, sse3, ssse3, sse4.1, sse4.2, popcnt, avx, avx2, aes, clmul, erms, rtm, 3dnowpref, lzcnt, ht, tsc, tscinvbit, bmi1, bmi2, adx, fma

Memory: 4k page, system-wide physical 8072M (841M free)
TotalPageFile size 8072M (AvailPageFile size 4M)
current process WorkingSet (physical memory assigned to process): 534M, peak: 534M
current process commit charge ("private bytes"): 566M, peak: 566M

vm_info: OpenJDK 64-Bit Server VM (11.0.12+7-b1504.28-7817840) for windows-amd64 JRE (11.0.12+7-b1504.28-7817840), built on Oct 13 2021 22:12:33 by "builder" with MS VC++ 14.0 (VS2015)

END.
