#
# There is insufficient memory for the Java Runtime Environment to continue.
# Native memory allocation (mmap) failed to map 27262976 bytes for Failed to commit area from 0x0000000088000000 to 0x0000000089a00000 of length 27262976.
# Possible reasons:
#   The system is out of physical RAM or swap space
#   The process is running with CompressedOops enabled, and the Java Heap may be blocking the growth of the native heap
# Possible solutions:
#   Reduce memory load on the system
#   Increase physical memory or swap space
#   Check if swap backing store is full
#   Decrease Java heap size (-Xmx/-Xms)
#   Decrease number of Java threads
#   Decrease Java thread stack sizes (-Xss)
#   Set larger code cache with -XX:ReservedCodeCacheSize=
#   JVM is running with Unscaled Compressed Oops mode in which the Java heap is
#     placed in the first 4GB address space. The Java Heap base address is the
#     maximum limit for the native heap growth. Please use -XX:HeapBaseMinAddress
#     to set the Java Heap base and to place the Java Heap above 4GB virtual address.
# This output file may be truncated or incomplete.
#
#  Out of Memory Error (./src/hotspot/os/windows/os_windows.cpp:3521), pid=10552, tid=3012
#
# JRE version: OpenJDK Runtime Environment (11.0.12+7) (build 11.0.12+7-b1504.28-7817840)
# Java VM: OpenJDK 64-Bit Server VM (11.0.12+7-b1504.28-7817840, mixed mode, tiered, compressed oops, g1 gc, windows-amd64)
# No core dump will be written. Minidumps are not enabled by default on client versions of Windows
#

---------------  S U M M A R Y ------------

Command Line: --add-opens=java.base/java.util=ALL-UNNAMED --add-opens=java.base/java.lang=ALL-UNNAMED --add-opens=java.base/java.lang.invoke=ALL-UNNAMED --add-opens=java.base/java.util=ALL-UNNAMED --add-opens=java.prefs/java.util.prefs=ALL-UNNAMED --add-opens=java.prefs/java.util.prefs=ALL-UNNAMED --add-opens=java.base/java.nio.charset=ALL-UNNAMED --add-opens=java.base/java.net=ALL-UNNAMED --add-opens=java.base/java.util.concurrent.atomic=ALL-UNNAMED -Xmx2048m -Dfile.encoding=UTF-8 -Duser.country=US -Duser.language=en -Duser.variant org.gradle.launcher.daemon.bootstrap.GradleDaemon 7.3.3

Host: Intel(R) Core(TM) i7-6600U CPU @ 2.60GHz, 4 cores, 7G,  Windows 10 , 64 bit Build 22000 (10.0.22000.434)
Time: Tue Aug 23 01:08:51 2022 Egypt Standard Time elapsed time: 2.072237 seconds (0d 0h 0m 2s)

---------------  T H R E A D  ---------------

Current thread (0x000002557fde9800):  VMThread "VM Thread" [stack: 0x000000b7e5000000,0x000000b7e5100000] [id=3012]

Stack: [0x000000b7e5000000,0x000000b7e5100000]
[error occurred during error reporting (printing stack bounds), id 0xc0000005, EXCEPTION_ACCESS_VIOLATION (0xc0000005) at pc=0x000002550000112d]

Native frames: (J=compiled Java code, j=interpreted, Vv=VM code, C=native code)
V  [jvm.dll+0x5fbcea]
V  [jvm.dll+0x731905]
V  [jvm.dll+0x732f1d]
V  [jvm.dll+0x733535]
V  [jvm.dll+0x7334eb]
V  [jvm.dll+0x5fb080]
V  [jvm.dll+0x5fb818]
C  [ntdll.dll+0xa86ef]
C  [ntdll.dll+0x35aea]
C  [ntdll.dll+0xa76fe]
C  0x000002550000112d

VM_Operation (0x000000b7e63faa80): CollectForMetadataAllocation, mode: safepoint, requested by thread 0x0000025510ce6000


---------------  P R O C E S S  ---------------

Threads class SMR info:
_java_thread_list=0x0000025511876f30, length=24, elements={
0x0000025575202800, 0x000002557fdef800, 0x000002557fdf5000, 0x000002550f842800,
0x000002557fe0f800, 0x000002557fe10000, 0x000002557fe15000, 0x000002557fe1a000,
0x000002557fe1d800, 0x000002550f988000, 0x0000025511764800, 0x000002550fa84800,
0x000002551123c000, 0x0000025511015800, 0x0000025510e9d000, 0x00000255108fa000,
0x0000025510ce6000, 0x0000025511742800, 0x0000025511931800, 0x000002551194e000,
0x00000255117af800, 0x00000255117aa800, 0x00000255117a9800, 0x00000255117b0000
}

Java Threads: ( => current thread )
  0x0000025575202800 JavaThread "main" [_thread_blocked, id=6836, stack(0x000000b7e4a00000,0x000000b7e4b00000)]
  0x000002557fdef800 JavaThread "Reference Handler" daemon [_thread_blocked, id=10316, stack(0x000000b7e5100000,0x000000b7e5200000)]
  0x000002557fdf5000 JavaThread "Finalizer" daemon [_thread_blocked, id=3836, stack(0x000000b7e5200000,0x000000b7e5300000)]
  0x000002550f842800 JavaThread "Signal Dispatcher" daemon [_thread_blocked, id=2220, stack(0x000000b7e5300000,0x000000b7e5400000)]
  0x000002557fe0f800 JavaThread "Attach Listener" daemon [_thread_blocked, id=7312, stack(0x000000b7e5400000,0x000000b7e5500000)]
  0x000002557fe10000 JavaThread "Service Thread" daemon [_thread_blocked, id=9088, stack(0x000000b7e5500000,0x000000b7e5600000)]
  0x000002557fe15000 JavaThread "C2 CompilerThread0" daemon [_thread_blocked, id=6628, stack(0x000000b7e5600000,0x000000b7e5700000)]
  0x000002557fe1a000 JavaThread "C1 CompilerThread0" daemon [_thread_blocked, id=9960, stack(0x000000b7e5700000,0x000000b7e5800000)]
  0x000002557fe1d800 JavaThread "Sweeper thread" daemon [_thread_blocked, id=10892, stack(0x000000b7e5800000,0x000000b7e5900000)]
  0x000002550f988000 JavaThread "Common-Cleaner" daemon [_thread_blocked, id=10332, stack(0x000000b7e5900000,0x000000b7e5a00000)]
  0x0000025511764800 JavaThread "Daemon health stats" [_thread_blocked, id=8684, stack(0x000000b7e5e00000,0x000000b7e5f00000)]
  0x000002550fa84800 JavaThread "Incoming local TCP Connector on port 62469" [_thread_in_native, id=11792, stack(0x000000b7e5b00000,0x000000b7e5c00000)]
  0x000002551123c000 JavaThread "Daemon periodic checks" [_thread_blocked, id=8068, stack(0x000000b7e5f00000,0x000000b7e6000000)]
  0x0000025511015800 JavaThread "Daemon" [_thread_blocked, id=10212, stack(0x000000b7e6000000,0x000000b7e6100000)]
  0x0000025510e9d000 JavaThread "Handler for socket connection from /127.0.0.1:62469 to /127.0.0.1:62470" [_thread_in_native, id=11000, stack(0x000000b7e6100000,0x000000b7e6200000)]
  0x00000255108fa000 JavaThread "Cancel handler" [_thread_blocked, id=9280, stack(0x000000b7e6200000,0x000000b7e6300000)]
  0x0000025510ce6000 JavaThread "Daemon worker" [_thread_blocked, id=8232, stack(0x000000b7e6300000,0x000000b7e6400000)]
  0x0000025511742800 JavaThread "C2 CompilerThread1" daemon [_thread_blocked, id=7724, stack(0x000000b7e6400000,0x000000b7e6500000)]
  0x0000025511931800 JavaThread "Asynchronous log dispatcher for DefaultDaemonConnection: socket connection from /127.0.0.1:62469 to /127.0.0.1:62470" [_thread_blocked, id=4264, stack(0x000000b7e6500000,0x000000b7e6600000)]
  0x000002551194e000 JavaThread "Stdin handler" [_thread_blocked, id=2720, stack(0x000000b7e6600000,0x000000b7e6700000)]
  0x00000255117af800 JavaThread "Daemon client event forwarder" [_thread_blocked, id=11128, stack(0x000000b7e6700000,0x000000b7e6800000)]
  0x00000255117aa800 JavaThread "Cache worker for journal cache (C:\Users\Admin\.gradle\caches\journal-1)" [_thread_blocked, id=11356, stack(0x000000b7e6900000,0x000000b7e6a00000)]
  0x00000255117a9800 JavaThread "File lock request listener" [_thread_in_native, id=4492, stack(0x000000b7e6a00000,0x000000b7e6b00000)]
  0x00000255117b0000 JavaThread "Cache worker for file hash cache (C:\Users\Admin\.gradle\caches\7.3.3\fileHashes)" [_thread_blocked, id=2904, stack(0x000000b7e6b00000,0x000000b7e6c00000)]

Other Threads:
=>0x000002557fde9800 VMThread "VM Thread" [stack: 0x000000b7e5000000,0x000000b7e5100000] [id=3012]
  0x000002550f98f000 WatcherThread [stack: 0x000000b7e5a00000,0x000000b7e5b00000] [id=8888]
  0x00000255730dc800 GCTaskThread "GC Thread#0" [stack: 0x000000b7e4b00000,0x000000b7e4c00000] [id=7480]
  0x0000025510599800 GCTaskThread "GC Thread#1" [stack: 0x000000b7e5c00000,0x000000b7e5d00000] [id=11184]
  0x000002551059a000 GCTaskThread "GC Thread#2" [stack: 0x000000b7e5d00000,0x000000b7e5e00000] [id=2352]
  0x0000025511357800 GCTaskThread "GC Thread#3" [stack: 0x000000b7e6800000,0x000000b7e6900000] [id=6472]
  0x0000025575248800 ConcurrentGCThread "G1 Main Marker" [stack: 0x000000b7e4c00000,0x000000b7e4d00000] [id=4932]
  0x000002557524a000 ConcurrentGCThread "G1 Conc#0" [stack: 0x000000b7e4d00000,0x000000b7e4e00000] [id=9068]
  0x00000255752da000 ConcurrentGCThread "G1 Refine#0" [stack: 0x000000b7e4e00000,0x000000b7e4f00000] [id=3140]
  0x00000255752db000 ConcurrentGCThread "G1 Young RemSet Sampling" [stack: 0x000000b7e4f00000,0x000000b7e5000000] [id=3656]

Threads with active compile tasks:
C2 CompilerThread0   2077 1934   !   4       java.lang.ClassLoader::loadClass (122 bytes)
C2 CompilerThread1   2078 1909   !   4       java.util.zip.InflaterInputStream::read (138 bytes)

VM state:at safepoint (normal execution)

VM Mutex/Monitor currently owned by a thread:  ([mutex/lock_event])
[0x00000255751ffc50] Threads_lock - owner thread: 0x000002557fde9800
[0x00000255751ffe00] Heap_lock - owner thread: 0x0000025510ce6000

Heap address: 0x0000000080000000, size: 2048 MB, Compressed Oops mode: 32-bit
Narrow klass base: 0x0000000000000000, Narrow klass shift: 3
Compressed class space size: 1073741824 Address: 0x0000000100000000

Heap:
 garbage-first heap   total 157696K, used 17036K [0x0000000080000000, 0x0000000100000000)
  region size 1024K, 1 young (1024K), 1 survivors (1024K)
 Metaspace       used 20709K, capacity 21131K, committed 21248K, reserved 1067008K
  class space    used 2544K, capacity 2710K, committed 2816K, reserved 1048576K
Heap Regions: E=young(eden), S=young(survivor), O=old, HS=humongous(starts), HC=humongous(continues), CS=collection set, F=free, A=archive, TAMS=top-at-mark-start (previous, next)
|   0|0x0000000080000000, 0x0000000080100000, 0x0000000080100000|100%| O|  |TAMS 0x0000000080000000, 0x0000000080100000| Untracked 
|   1|0x0000000080100000, 0x0000000080200000, 0x0000000080200000|100%| O|  |TAMS 0x0000000080100000, 0x0000000080200000| Untracked 
|   2|0x0000000080200000, 0x0000000080300000, 0x0000000080300000|100%| O|  |TAMS 0x0000000080200000, 0x0000000080300000| Untracked 
|   3|0x0000000080300000, 0x0000000080400000, 0x0000000080400000|100%|HS|  |TAMS 0x0000000080300000, 0x0000000080400000| Complete 
|   4|0x0000000080400000, 0x0000000080500000, 0x0000000080500000|100%|HC|  |TAMS 0x0000000080400000, 0x0000000080500000| Complete 
|   5|0x0000000080500000, 0x0000000080600000, 0x0000000080600000|100%|HC|  |TAMS 0x0000000080500000, 0x0000000080600000| Complete 
|   6|0x0000000080600000, 0x0000000080700000, 0x0000000080700000|100%| O|  |TAMS 0x0000000080600000, 0x0000000080700000| Untracked 
|   7|0x0000000080700000, 0x0000000080800000, 0x0000000080800000|100%| O|  |TAMS 0x0000000080700000, 0x0000000080800000| Untracked 
|   8|0x0000000080800000, 0x0000000080900000, 0x0000000080900000|100%| O|  |TAMS 0x0000000080800000, 0x0000000080900000| Untracked 
|   9|0x0000000080900000, 0x0000000080a00000, 0x0000000080a00000|100%| O|  |TAMS 0x0000000080900000, 0x0000000080a00000| Untracked 
|  10|0x0000000080a00000, 0x0000000080b00000, 0x0000000080b00000|100%| O|  |TAMS 0x0000000080a00000, 0x0000000080b00000| Untracked 
|  11|0x0000000080b00000, 0x0000000080c00000, 0x0000000080c00000|100%| O|  |TAMS 0x0000000080b00000, 0x0000000080c00000| Untracked 
|  12|0x0000000080c00000, 0x0000000080d00000, 0x0000000080d00000|100%| O|  |TAMS 0x0000000080c00000, 0x0000000080d00000| Untracked 
|  13|0x0000000080d00000, 0x0000000080e00000, 0x0000000080e00000|100%| O|  |TAMS 0x0000000080d00000, 0x0000000080e00000| Untracked 
|  14|0x0000000080e00000, 0x0000000080f00000, 0x0000000080f00000|100%| O|  |TAMS 0x0000000080e00000, 0x0000000080f00000| Untracked 
|  15|0x0000000080f00000, 0x0000000080fa3000, 0x0000000081000000| 63%| O|  |TAMS 0x0000000080f00000, 0x0000000080fa3000| Untracked 
|  16|0x0000000081000000, 0x0000000081000000, 0x0000000081100000|  0%| F|  |TAMS 0x0000000081000000, 0x0000000081000000| Untracked 
|  17|0x0000000081100000, 0x0000000081100000, 0x0000000081200000|  0%| F|  |TAMS 0x0000000081100000, 0x0000000081100000| Untracked 
|  18|0x0000000081200000, 0x0000000081200000, 0x0000000081300000|  0%| F|  |TAMS 0x0000000081200000, 0x0000000081200000| Untracked 
|  19|0x0000000081300000, 0x0000000081300000, 0x0000000081400000|  0%| F|  |TAMS 0x0000000081300000, 0x0000000081300000| Untracked 
|  20|0x0000000081400000, 0x0000000081400000, 0x0000000081500000|  0%| F|  |TAMS 0x0000000081400000, 0x0000000081400000| Untracked 
|  21|0x0000000081500000, 0x0000000081500000, 0x0000000081600000|  0%| F|  |TAMS 0x0000000081500000, 0x0000000081500000| Untracked 
|  22|0x0000000081600000, 0x0000000081600000, 0x0000000081700000|  0%| F|  |TAMS 0x0000000081600000, 0x0000000081600000| Untracked 
|  23|0x0000000081700000, 0x0000000081700000, 0x0000000081800000|  0%| F|  |TAMS 0x0000000081700000, 0x0000000081700000| Untracked 
|  24|0x0000000081800000, 0x0000000081800000, 0x0000000081900000|  0%| F|  |TAMS 0x0000000081800000, 0x0000000081800000| Untracked 
|  25|0x0000000081900000, 0x0000000081900000, 0x0000000081a00000|  0%| F|  |TAMS 0x0000000081900000, 0x0000000081900000| Untracked 
|  26|0x0000000081a00000, 0x0000000081a00000, 0x0000000081b00000|  0%| F|  |TAMS 0x0000000081a00000, 0x0000000081a00000| Untracked 
|  27|0x0000000081b00000, 0x0000000081b00000, 0x0000000081c00000|  0%| F|  |TAMS 0x0000000081b00000, 0x0000000081b00000| Untracked 
|  28|0x0000000081c00000, 0x0000000081c00000, 0x0000000081d00000|  0%| F|  |TAMS 0x0000000081c00000, 0x0000000081c00000| Untracked 
|  29|0x0000000081d00000, 0x0000000081d00000, 0x0000000081e00000|  0%| F|  |TAMS 0x0000000081d00000, 0x0000000081d00000| Untracked 
|  30|0x0000000081e00000, 0x0000000081e00000, 0x0000000081f00000|  0%| F|  |TAMS 0x0000000081e00000, 0x0000000081e00000| Untracked 
|  31|0x0000000081f00000, 0x0000000081f00000, 0x0000000082000000|  0%| F|  |TAMS 0x0000000081f00000, 0x0000000081f00000| Untracked 
|  32|0x0000000082000000, 0x0000000082000000, 0x0000000082100000|  0%| F|  |TAMS 0x0000000082000000, 0x0000000082000000| Untracked 
|  33|0x0000000082100000, 0x0000000082100000, 0x0000000082200000|  0%| F|  |TAMS 0x0000000082100000, 0x0000000082100000| Untracked 
|  34|0x0000000082200000, 0x0000000082200000, 0x0000000082300000|  0%| F|  |TAMS 0x0000000082200000, 0x0000000082200000| Untracked 
|  35|0x0000000082300000, 0x0000000082300000, 0x0000000082400000|  0%| F|  |TAMS 0x0000000082300000, 0x0000000082300000| Untracked 
|  36|0x0000000082400000, 0x0000000082400000, 0x0000000082500000|  0%| F|  |TAMS 0x0000000082400000, 0x0000000082400000| Untracked 
|  37|0x0000000082500000, 0x0000000082500000, 0x0000000082600000|  0%| F|  |TAMS 0x0000000082500000, 0x0000000082500000| Untracked 
|  38|0x0000000082600000, 0x0000000082600000, 0x0000000082700000|  0%| F|  |TAMS 0x0000000082600000, 0x0000000082600000| Untracked 
|  39|0x0000000082700000, 0x0000000082700000, 0x0000000082800000|  0%| F|  |TAMS 0x0000000082700000, 0x0000000082700000| Untracked 
|  40|0x0000000082800000, 0x0000000082800000, 0x0000000082900000|  0%| F|  |TAMS 0x0000000082800000, 0x0000000082800000| Untracked 
|  41|0x0000000082900000, 0x0000000082900000, 0x0000000082a00000|  0%| F|  |TAMS 0x0000000082900000, 0x0000000082900000| Untracked 
|  42|0x0000000082a00000, 0x0000000082a00000, 0x0000000082b00000|  0%| F|  |TAMS 0x0000000082a00000, 0x0000000082a00000| Untracked 
|  43|0x0000000082b00000, 0x0000000082b00000, 0x0000000082c00000|  0%| F|  |TAMS 0x0000000082b00000, 0x0000000082b00000| Untracked 
|  44|0x0000000082c00000, 0x0000000082c00000, 0x0000000082d00000|  0%| F|  |TAMS 0x0000000082c00000, 0x0000000082c00000| Untracked 
|  45|0x0000000082d00000, 0x0000000082d00000, 0x0000000082e00000|  0%| F|  |TAMS 0x0000000082d00000, 0x0000000082d00000| Untracked 
|  46|0x0000000082e00000, 0x0000000082e00000, 0x0000000082f00000|  0%| F|  |TAMS 0x0000000082e00000, 0x0000000082e00000| Untracked 
|  47|0x0000000082f00000, 0x0000000082f00000, 0x0000000083000000|  0%| F|  |TAMS 0x0000000082f00000, 0x0000000082f00000| Untracked 
|  48|0x0000000083000000, 0x0000000083000000, 0x0000000083100000|  0%| F|  |TAMS 0x0000000083000000, 0x0000000083000000| Untracked 
|  49|0x0000000083100000, 0x0000000083100000, 0x0000000083200000|  0%| F|  |TAMS 0x0000000083100000, 0x0000000083100000| Untracked 
|  50|0x0000000083200000, 0x0000000083200000, 0x0000000083300000|  0%| F|  |TAMS 0x0000000083200000, 0x0000000083200000| Untracked 
|  51|0x0000000083300000, 0x0000000083300000, 0x0000000083400000|  0%| F|  |TAMS 0x0000000083300000, 0x0000000083300000| Untracked 
|  52|0x0000000083400000, 0x0000000083400000, 0x0000000083500000|  0%| F|  |TAMS 0x0000000083400000, 0x0000000083400000| Untracked 
|  53|0x0000000083500000, 0x0000000083500000, 0x0000000083600000|  0%| F|  |TAMS 0x0000000083500000, 0x0000000083500000| Untracked 
|  54|0x0000000083600000, 0x0000000083600000, 0x0000000083700000|  0%| F|  |TAMS 0x0000000083600000, 0x0000000083600000| Untracked 
|  55|0x0000000083700000, 0x0000000083700000, 0x0000000083800000|  0%| F|  |TAMS 0x0000000083700000, 0x0000000083700000| Untracked 
|  56|0x0000000083800000, 0x0000000083800000, 0x0000000083900000|  0%| F|  |TAMS 0x0000000083800000, 0x0000000083800000| Untracked 
|  57|0x0000000083900000, 0x0000000083900000, 0x0000000083a00000|  0%| F|  |TAMS 0x0000000083900000, 0x0000000083900000| Untracked 
|  58|0x0000000083a00000, 0x0000000083a00000, 0x0000000083b00000|  0%| F|  |TAMS 0x0000000083a00000, 0x0000000083a00000| Untracked 
|  59|0x0000000083b00000, 0x0000000083b00000, 0x0000000083c00000|  0%| F|  |TAMS 0x0000000083b00000, 0x0000000083b00000| Untracked 
|  60|0x0000000083c00000, 0x0000000083c00000, 0x0000000083d00000|  0%| F|  |TAMS 0x0000000083c00000, 0x0000000083c00000| Untracked 
|  61|0x0000000083d00000, 0x0000000083d00000, 0x0000000083e00000|  0%| F|  |TAMS 0x0000000083d00000, 0x0000000083d00000| Untracked 
|  62|0x0000000083e00000, 0x0000000083e00000, 0x0000000083f00000|  0%| F|  |TAMS 0x0000000083e00000, 0x0000000083e00000| Untracked 
|  63|0x0000000083f00000, 0x0000000083f00000, 0x0000000084000000|  0%| F|  |TAMS 0x0000000083f00000, 0x0000000083f00000| Untracked 
|  64|0x0000000084000000, 0x0000000084000000, 0x0000000084100000|  0%| F|  |TAMS 0x0000000084000000, 0x0000000084000000| Untracked 
|  65|0x0000000084100000, 0x0000000084100000, 0x0000000084200000|  0%| F|  |TAMS 0x0000000084100000, 0x0000000084100000| Untracked 
|  66|0x0000000084200000, 0x0000000084200000, 0x0000000084300000|  0%| F|  |TAMS 0x0000000084200000, 0x0000000084200000| Untracked 
|  67|0x0000000084300000, 0x0000000084300000, 0x0000000084400000|  0%| F|  |TAMS 0x0000000084300000, 0x0000000084300000| Untracked 
|  68|0x0000000084400000, 0x0000000084400000, 0x0000000084500000|  0%| F|  |TAMS 0x0000000084400000, 0x0000000084400000| Untracked 
|  69|0x0000000084500000, 0x0000000084500000, 0x0000000084600000|  0%| F|  |TAMS 0x0000000084500000, 0x0000000084500000| Untracked 
|  70|0x0000000084600000, 0x0000000084600000, 0x0000000084700000|  0%| F|  |TAMS 0x0000000084600000, 0x0000000084600000| Untracked 
|  71|0x0000000084700000, 0x0000000084700000, 0x0000000084800000|  0%| F|  |TAMS 0x0000000084700000, 0x0000000084700000| Untracked 
|  72|0x0000000084800000, 0x0000000084800000, 0x0000000084900000|  0%| F|  |TAMS 0x0000000084800000, 0x0000000084800000| Untracked 
|  73|0x0000000084900000, 0x0000000084900000, 0x0000000084a00000|  0%| F|  |TAMS 0x0000000084900000, 0x0000000084900000| Untracked 
|  74|0x0000000084a00000, 0x0000000084a00000, 0x0000000084b00000|  0%| F|  |TAMS 0x0000000084a00000, 0x0000000084a00000| Untracked 
|  75|0x0000000084b00000, 0x0000000084b00000, 0x0000000084c00000|  0%| F|  |TAMS 0x0000000084b00000, 0x0000000084b00000| Untracked 
|  76|0x0000000084c00000, 0x0000000084c00000, 0x0000000084d00000|  0%| F|  |TAMS 0x0000000084c00000, 0x0000000084c00000| Untracked 
|  77|0x0000000084d00000, 0x0000000084d00000, 0x0000000084e00000|  0%| F|  |TAMS 0x0000000084d00000, 0x0000000084d00000| Untracked 
|  78|0x0000000084e00000, 0x0000000084e00000, 0x0000000084f00000|  0%| F|  |TAMS 0x0000000084e00000, 0x0000000084e00000| Untracked 
|  79|0x0000000084f00000, 0x0000000084f00000, 0x0000000085000000|  0%| F|  |TAMS 0x0000000084f00000, 0x0000000084f00000| Untracked 
|  80|0x0000000085000000, 0x0000000085000000, 0x0000000085100000|  0%| F|  |TAMS 0x0000000085000000, 0x0000000085000000| Untracked 
|  81|0x0000000085100000, 0x0000000085100000, 0x0000000085200000|  0%| F|  |TAMS 0x0000000085100000, 0x0000000085100000| Untracked 
|  82|0x0000000085200000, 0x0000000085200000, 0x0000000085300000|  0%| F|  |TAMS 0x0000000085200000, 0x0000000085200000| Untracked 
|  83|0x0000000085300000, 0x0000000085300000, 0x0000000085400000|  0%| F|  |TAMS 0x0000000085300000, 0x0000000085300000| Untracked 
|  84|0x0000000085400000, 0x0000000085400000, 0x0000000085500000|  0%| F|  |TAMS 0x0000000085400000, 0x0000000085400000| Untracked 
|  85|0x0000000085500000, 0x0000000085500000, 0x0000000085600000|  0%| F|  |TAMS 0x0000000085500000, 0x0000000085500000| Untracked 
|  86|0x0000000085600000, 0x0000000085600000, 0x0000000085700000|  0%| F|  |TAMS 0x0000000085600000, 0x0000000085600000| Untracked 
|  87|0x0000000085700000, 0x0000000085700000, 0x0000000085800000|  0%| F|  |TAMS 0x0000000085700000, 0x0000000085700000| Untracked 
|  88|0x0000000085800000, 0x0000000085800000, 0x0000000085900000|  0%| F|  |TAMS 0x0000000085800000, 0x0000000085800000| Untracked 
|  89|0x0000000085900000, 0x0000000085900000, 0x0000000085a00000|  0%| F|  |TAMS 0x0000000085900000, 0x0000000085900000| Untracked 
|  90|0x0000000085a00000, 0x0000000085a00000, 0x0000000085b00000|  0%| F|  |TAMS 0x0000000085a00000, 0x0000000085a00000| Untracked 
|  91|0x0000000085b00000, 0x0000000085b00000, 0x0000000085c00000|  0%| F|  |TAMS 0x0000000085b00000, 0x0000000085b00000| Untracked 
|  92|0x0000000085c00000, 0x0000000085c00000, 0x0000000085d00000|  0%| F|  |TAMS 0x0000000085c00000, 0x0000000085c00000| Untracked 
|  93|0x0000000085d00000, 0x0000000085d00000, 0x0000000085e00000|  0%| F|  |TAMS 0x0000000085d00000, 0x0000000085d00000| Untracked 
|  94|0x0000000085e00000, 0x0000000085e00000, 0x0000000085f00000|  0%| F|  |TAMS 0x0000000085e00000, 0x0000000085e00000| Untracked 
|  95|0x0000000085f00000, 0x0000000085f00000, 0x0000000086000000|  0%| F|  |TAMS 0x0000000085f00000, 0x0000000085f00000| Untracked 
|  96|0x0000000086000000, 0x0000000086000000, 0x0000000086100000|  0%| F|  |TAMS 0x0000000086000000, 0x0000000086000000| Untracked 
|  97|0x0000000086100000, 0x0000000086100000, 0x0000000086200000|  0%| F|  |TAMS 0x0000000086100000, 0x0000000086100000| Untracked 
|  98|0x0000000086200000, 0x0000000086200000, 0x0000000086300000|  0%| F|  |TAMS 0x0000000086200000, 0x0000000086200000| Untracked 
|  99|0x0000000086300000, 0x0000000086300000, 0x0000000086400000|  0%| F|  |TAMS 0x0000000086300000, 0x0000000086300000| Untracked 
| 100|0x0000000086400000, 0x0000000086400000, 0x0000000086500000|  0%| F|  |TAMS 0x0000000086400000, 0x0000000086400000| Untracked 
| 101|0x0000000086500000, 0x0000000086600000, 0x0000000086600000|100%| S|CS|TAMS 0x0000000086500000, 0x0000000086500000| Complete 
| 102|0x0000000086600000, 0x0000000086600000, 0x0000000086700000|  0%| F|  |TAMS 0x0000000086600000, 0x0000000086600000| Untracked 
| 103|0x0000000086700000, 0x0000000086700000, 0x0000000086800000|  0%| F|  |TAMS 0x0000000086700000, 0x0000000086700000| Untracked 
| 104|0x0000000086800000, 0x0000000086800000, 0x0000000086900000|  0%| F|  |TAMS 0x0000000086800000, 0x0000000086800000| Untracked 
| 105|0x0000000086900000, 0x0000000086900000, 0x0000000086a00000|  0%| F|  |TAMS 0x0000000086900000, 0x0000000086900000| Untracked 
| 106|0x0000000086a00000, 0x0000000086a00000, 0x0000000086b00000|  0%| F|  |TAMS 0x0000000086a00000, 0x0000000086a00000| Untracked 
| 107|0x0000000086b00000, 0x0000000086b00000, 0x0000000086c00000|  0%| F|  |TAMS 0x0000000086b00000, 0x0000000086b00000| Untracked 
| 108|0x0000000086c00000, 0x0000000086c00000, 0x0000000086d00000|  0%| F|  |TAMS 0x0000000086c00000, 0x0000000086c00000| Untracked 
| 109|0x0000000086d00000, 0x0000000086d00000, 0x0000000086e00000|  0%| F|  |TAMS 0x0000000086d00000, 0x0000000086d00000| Untracked 
| 110|0x0000000086e00000, 0x0000000086e00000, 0x0000000086f00000|  0%| F|  |TAMS 0x0000000086e00000, 0x0000000086e00000| Untracked 
| 111|0x0000000086f00000, 0x0000000086f00000, 0x0000000087000000|  0%| F|  |TAMS 0x0000000086f00000, 0x0000000086f00000| Untracked 
| 112|0x0000000087000000, 0x0000000087000000, 0x0000000087100000|  0%| F|  |TAMS 0x0000000087000000, 0x0000000087000000| Untracked 
| 113|0x0000000087100000, 0x0000000087100000, 0x0000000087200000|  0%| F|  |TAMS 0x0000000087100000, 0x0000000087100000| Untracked 
| 114|0x0000000087200000, 0x0000000087200000, 0x0000000087300000|  0%| F|  |TAMS 0x0000000087200000, 0x0000000087200000| Untracked 
| 115|0x0000000087300000, 0x0000000087300000, 0x0000000087400000|  0%| F|  |TAMS 0x0000000087300000, 0x0000000087300000| Untracked 
| 116|0x0000000087400000, 0x0000000087400000, 0x0000000087500000|  0%| F|  |TAMS 0x0000000087400000, 0x0000000087400000| Untracked 
| 117|0x0000000087500000, 0x0000000087500000, 0x0000000087600000|  0%| F|  |TAMS 0x0000000087500000, 0x0000000087500000| Untracked 
| 118|0x0000000087600000, 0x0000000087600000, 0x0000000087700000|  0%| F|  |TAMS 0x0000000087600000, 0x0000000087600000| Untracked 
| 119|0x0000000087700000, 0x0000000087700000, 0x0000000087800000|  0%| F|  |TAMS 0x0000000087700000, 0x0000000087700000| Untracked 
| 120|0x0000000087800000, 0x0000000087800000, 0x0000000087900000|  0%| F|  |TAMS 0x0000000087800000, 0x0000000087800000| Untracked 
| 121|0x0000000087900000, 0x0000000087900000, 0x0000000087a00000|  0%| F|  |TAMS 0x0000000087900000, 0x0000000087900000| Untracked 
| 122|0x0000000087a00000, 0x0000000087a00000, 0x0000000087b00000|  0%| F|  |TAMS 0x0000000087a00000, 0x0000000087a00000| Untracked 
| 123|0x0000000087b00000, 0x0000000087b00000, 0x0000000087c00000|  0%| F|  |TAMS 0x0000000087b00000, 0x0000000087b00000| Untracked 
| 124|0x0000000087c00000, 0x0000000087c00000, 0x0000000087d00000|  0%| F|  |TAMS 0x0000000087c00000, 0x0000000087c00000| Untracked 
| 125|0x0000000087d00000, 0x0000000087d00000, 0x0000000087e00000|  0%| F|  |TAMS 0x0000000087d00000, 0x0000000087d00000| Untracked 
| 126|0x0000000087e00000, 0x0000000087e00000, 0x0000000087f00000|  0%| F|  |TAMS 0x0000000087e00000, 0x0000000087e00000| Untracked 
| 127|0x0000000087f00000, 0x0000000087f00000, 0x0000000088000000|  0%| F|  |TAMS 0x0000000087f00000, 0x0000000087f00000| Untracked 

Card table byte_map: [0x0000025579110000,0x0000025579510000] _byte_map_base: 0x0000025578d10000

Marking Bits (Prev, Next): (CMBitMap*) 0x000002557523fda8, (CMBitMap*) 0x000002557523fde0
 Prev Bits: [0x0000025579910000, 0x000002557b910000)
 Next Bits: [0x000002557b910000, 0x000002557d910000)

Polling page: 0x00000255731b0000

Metaspace:

Usage:
  Non-class:     17.99 MB capacity,    17.74 MB ( 99%) used,   223.17 KB (  1%) free+waste,    33.81 KB ( <1%) overhead. 
      Class:      2.65 MB capacity,     2.49 MB ( 94%) used,   148.51 KB (  5%) free+waste,    16.50 KB ( <1%) overhead. 
       Both:     20.64 MB capacity,    20.22 MB ( 98%) used,   371.68 KB (  2%) free+waste,    50.31 KB ( <1%) overhead. 

Virtual space:
  Non-class space:       18.00 MB reserved,      18.00 MB (100%) committed 
      Class space:        1.00 GB reserved,       2.75 MB ( <1%) committed 
             Both:        1.02 GB reserved,      20.75 MB (  2%) committed 

Chunk freelists:
   Non-Class:  11.00 KB
       Class:  10.00 KB
        Both:  21.00 KB

MaxMetaspaceSize: 17179869184.00 GB
CompressedClassSpaceSize: 1.00 GB
Initial GC threshold: 20.80 MB
Current GC threshold: 20.80 MB
CDS: off

CodeHeap 'non-profiled nmethods': size=120064Kb used=895Kb max_used=895Kb free=119168Kb
 bounds [0x0000025507ac0000, 0x0000025507d30000, 0x000002550f000000]
CodeHeap 'profiled nmethods': size=120000Kb used=4003Kb max_used=4003Kb free=115996Kb
 bounds [0x0000025500590000, 0x0000025500980000, 0x0000025507ac0000]
CodeHeap 'non-nmethods': size=5696Kb used=1209Kb max_used=1221Kb free=4486Kb
 bounds [0x0000025500000000, 0x0000025500270000, 0x0000025500590000]
 total_blobs=2406 nmethods=1933 adapters=385
 compilation: enabled
              stopped_count=0, restarted_count=0
 full_count=0

Compilation events (20 events):
Event: 2.039 Thread 0x000002557fe1a000 nmethod 1926 0x0000025500973310 code [0x00000255009734c0, 0x0000025500973678]
Event: 2.039 Thread 0x000002557fe1a000 1927       1       jdk.internal.reflect.NativeMethodAccessorImpl::setParent (6 bytes)
Event: 2.039 Thread 0x000002557fe1a000 nmethod 1927 0x0000025507b9f710 code [0x0000025507b9f8c0, 0x0000025507b9f9b8]
Event: 2.041 Thread 0x000002557fe1a000 1928       3       com.google.common.collect.AbstractIndexedListIterator::next (31 bytes)
Event: 2.041 Thread 0x000002557fe1a000 nmethod 1928 0x0000025500973790 code [0x0000025500973980, 0x0000025500973cf8]
Event: 2.041 Thread 0x000002557fe1a000 1930       3       org.gradle.internal.file.FilePathUtil::sizeOfCommonPrefix (142 bytes)
Event: 2.043 Thread 0x000002557fe1a000 nmethod 1930 0x0000025500973e10 code [0x0000025500974260, 0x0000025500976438]
Event: 2.043 Thread 0x000002557fe1a000 1931       3       org.gradle.internal.file.FileHierarchySet$Node::sizeOfCommonPrefix (10 bytes)
Event: 2.043 Thread 0x000002557fe1a000 nmethod 1931 0x0000025500977190 code [0x0000025500977360, 0x00000255009774e8]
Event: 2.043 Thread 0x000002557fe1a000 1929       3       com.google.common.collect.Iterators$ArrayItr::get (12 bytes)
Event: 2.043 Thread 0x000002557fe1a000 nmethod 1929 0x0000025500977610 code [0x00000255009777c0, 0x00000255009778f8]
Event: 2.043 Thread 0x000002557fe1a000 1932       3       org.gradle.internal.file.FilePathUtil::sizeOfCommonPrefix (10 bytes)
Event: 2.043 Thread 0x000002557fe1a000 nmethod 1932 0x0000025500977a10 code [0x0000025500977bc0, 0x0000025500977cc8]
Event: 2.046 Thread 0x000002557fe15000 1933 %     4       java.util.Arrays::fill @ 5 (21 bytes)
Event: 2.050 Thread 0x000002557fe15000 nmethod 1933% 0x0000025507b9fa10 code [0x0000025507b9fba0, 0x0000025507b9fd98]
Event: 2.050 Thread 0x000002557fe15000 1934   !   4       java.lang.ClassLoader::loadClass (122 bytes)
Event: 2.051 Thread 0x000002557fe1a000 1935       3       sun.nio.cs.UTF_8$Decoder::decodeLoop (28 bytes)
Event: 2.052 Thread 0x000002557fe1a000 nmethod 1935 0x0000025500977d90 code [0x0000025500977f80, 0x0000025500978358]
Event: 2.052 Thread 0x000002557fe1a000 1936       3       java.util.ArrayList::toArray (57 bytes)
Event: 2.052 Thread 0x000002557fe1a000 nmethod 1936 0x0000025500978490 code [0x0000025500978680, 0x0000025500978b98]

GC Heap History (9 events):
Event: 0.416 GC heap before
{Heap before GC invocations=0 (full 0):
 garbage-first heap   total 131072K, used 20480K [0x0000000080000000, 0x0000000100000000)
  region size 1024K, 14 young (14336K), 0 survivors (0K)
 Metaspace       used 6725K, capacity 6921K, committed 7168K, reserved 1056768K
  class space    used 582K, capacity 650K, committed 768K, reserved 1048576K
}
Event: 0.420 GC heap after
{Heap after GC invocations=1 (full 0):
 garbage-first heap   total 131072K, used 7547K [0x0000000080000000, 0x0000000100000000)
  region size 1024K, 2 young (2048K), 2 survivors (2048K)
 Metaspace       used 6725K, capacity 6921K, committed 7168K, reserved 1056768K
  class space    used 582K, capacity 650K, committed 768K, reserved 1048576K
}
Event: 0.669 GC heap before
{Heap before GC invocations=1 (full 0):
 garbage-first heap   total 131072K, used 19835K [0x0000000080000000, 0x0000000100000000)
  region size 1024K, 14 young (14336K), 2 survivors (2048K)
 Metaspace       used 9865K, capacity 10114K, committed 10368K, reserved 1058816K
  class space    used 1028K, capacity 1102K, committed 1152K, reserved 1048576K
}
Event: 0.673 GC heap after
{Heap after GC invocations=2 (full 0):
 garbage-first heap   total 131072K, used 9475K [0x0000000080000000, 0x0000000100000000)
  region size 1024K, 2 young (2048K), 2 survivors (2048K)
 Metaspace       used 9865K, capacity 10114K, committed 10368K, reserved 1058816K
  class space    used 1028K, capacity 1102K, committed 1152K, reserved 1048576K
}
Event: 0.931 GC heap before
{Heap before GC invocations=2 (full 0):
 garbage-first heap   total 131072K, used 39171K [0x0000000080000000, 0x0000000100000000)
  region size 1024K, 31 young (31744K), 2 survivors (2048K)
 Metaspace       used 10821K, capacity 11005K, committed 11264K, reserved 1058816K
  class space    used 1131K, capacity 1207K, committed 1280K, reserved 1048576K
}
Event: 0.934 GC heap after
{Heap after GC invocations=3 (full 0):
 garbage-first heap   total 131072K, used 11475K [0x0000000080000000, 0x0000000100000000)
  region size 1024K, 3 young (3072K), 3 survivors (3072K)
 Metaspace       used 10821K, capacity 11005K, committed 11264K, reserved 1058816K
  class space    used 1131K, capacity 1207K, committed 1280K, reserved 1048576K
}
Event: 1.831 GC heap before
{Heap before GC invocations=3 (full 0):
 garbage-first heap   total 131072K, used 55507K [0x0000000080000000, 0x0000000100000000)
  region size 1024K, 46 young (47104K), 3 survivors (3072K)
 Metaspace       used 17690K, capacity 18127K, committed 18432K, reserved 1064960K
  class space    used 2092K, capacity 2241K, committed 2304K, reserved 1048576K
}
Event: 1.839 GC heap after
{Heap after GC invocations=4 (full 0):
 garbage-first heap   total 131072K, used 16074K [0x0000000080000000, 0x0000000100000000)
  region size 1024K, 6 young (6144K), 6 survivors (6144K)
 Metaspace       used 17690K, capacity 18127K, committed 18432K, reserved 1064960K
  class space    used 2092K, capacity 2241K, committed 2304K, reserved 1048576K
}
Event: 2.057 GC heap before
{Heap before GC invocations=4 (full 0):
 garbage-first heap   total 131072K, used 41674K [0x0000000080000000, 0x0000000100000000)
  region size 1024K, 32 young (32768K), 6 survivors (6144K)
 Metaspace       used 20709K, capacity 21131K, committed 21248K, reserved 1067008K
  class space    used 2544K, capacity 2710K, committed 2816K, reserved 1048576K
}

Deoptimization events (20 events):
Event: 2.045 Thread 0x0000025510ce6000 Uncommon trap: trap_request=0xffffff4d fr.pc=0x0000025507adbab0 relative=0x0000000000000a10
Event: 2.045 Thread 0x0000025510ce6000 Uncommon trap: reason=unstable_if action=reinterpret pc=0x0000025507adbab0 method=java.io.WinNTFileSystem.resolve(Ljava/lang/String;Ljava/lang/String;)Ljava/lang/String; @ 19 c2
Event: 2.045 Thread 0x0000025510ce6000 DEOPT PACKING pc=0x0000025507adbab0 sp=0x000000b7e63fb1a0
Event: 2.045 Thread 0x0000025510ce6000 DEOPT UNPACKING pc=0x000002550004a1af sp=0x000000b7e63fb138 mode 2
Event: 2.045 Thread 0x0000025510ce6000 Uncommon trap: trap_request=0xffffffc6 fr.pc=0x0000025507b33fa4 relative=0x0000000000000084
Event: 2.045 Thread 0x0000025510ce6000 Uncommon trap: reason=bimorphic_or_optimized_type_check action=maybe_recompile pc=0x0000025507b33fa4 method=java.util.AbstractList$Itr.hasNext()Z @ 8 c2
Event: 2.045 Thread 0x0000025510ce6000 DEOPT PACKING pc=0x0000025507b33fa4 sp=0x000000b7e63fa770
Event: 2.045 Thread 0x0000025510ce6000 DEOPT UNPACKING pc=0x000002550004a1af sp=0x000000b7e63fa708 mode 2
Event: 2.045 Thread 0x0000025510ce6000 Uncommon trap: trap_request=0xffffffc6 fr.pc=0x0000025507b36874 relative=0x0000000000000134
Event: 2.045 Thread 0x0000025510ce6000 Uncommon trap: reason=bimorphic_or_optimized_type_check action=maybe_recompile pc=0x0000025507b36874 method=java.util.AbstractList$Itr.next()Ljava/lang/Object; @ 14 c2
Event: 2.045 Thread 0x0000025510ce6000 DEOPT PACKING pc=0x0000025507b36874 sp=0x000000b7e63fa760
Event: 2.045 Thread 0x0000025510ce6000 DEOPT UNPACKING pc=0x000002550004a1af sp=0x000000b7e63fa6f8 mode 2
Event: 2.046 Thread 0x0000025510ce6000 Uncommon trap: trap_request=0xffffff4d fr.pc=0x0000025507b31bf8 relative=0x00000000000005b8
Event: 2.046 Thread 0x0000025510ce6000 Uncommon trap: reason=unstable_if action=reinterpret pc=0x0000025507b31bf8 method=java.io.File.getName()Ljava/lang/String; @ 16 c2
Event: 2.046 Thread 0x0000025510ce6000 DEOPT PACKING pc=0x0000025507b31bf8 sp=0x000000b7e63fb130
Event: 2.046 Thread 0x0000025510ce6000 DEOPT UNPACKING pc=0x000002550004a1af sp=0x000000b7e63fb100 mode 2
Event: 2.046 Thread 0x0000025510ce6000 Uncommon trap: trap_request=0xffffff4d fr.pc=0x0000025507b30090 relative=0x0000000000000450
Event: 2.046 Thread 0x0000025510ce6000 Uncommon trap: reason=unstable_if action=reinterpret pc=0x0000025507b30090 method=java.lang.String.substring(I)Ljava/lang/String; @ 34 c2
Event: 2.046 Thread 0x0000025510ce6000 DEOPT PACKING pc=0x0000025507b30090 sp=0x000000b7e63fb0b0
Event: 2.046 Thread 0x0000025510ce6000 DEOPT UNPACKING pc=0x000002550004a1af sp=0x000000b7e63fb088 mode 2

Classes redefined (0 events):
No events

Internal exceptions (19 events):
Event: 0.150 Thread 0x0000025575202800 Exception <a 'java/lang/NoSuchMethodError'{0x0000000087d14660}: 'int java.lang.invoke.DirectMethodHandle$Holder.invokeStaticInit(java.lang.Object, java.lang.Object)'> (0x0000000087d14660) thrown at [./src/hotspot/share/interpreter/linkResolver.cpp, line 773]
Event: 0.181 Thread 0x0000025575202800 Exception <a 'java/lang/NoSuchMethodError'{0x0000000087ddac70}: 'int java.lang.invoke.DirectMethodHandle$Holder.invokeSpecial(java.lang.Object, java.lang.Object, java.lang.Object, java.lang.Object)'> (0x0000000087ddac70) thrown at [./src/hotspot/share/interpreter/linkResolver.cpp, line 773]
Event: 0.189 Thread 0x0000025575202800 Exception <a 'java/lang/NoSuchMethodError'{0x0000000087c134d0}: 'int java.lang.invoke.DirectMethodHandle$Holder.invokeSpecialIFC(java.lang.Object, java.lang.Object, int)'> (0x0000000087c134d0) thrown at [./src/hotspot/share/interpreter/linkResolver.cpp, line 773]
Event: 0.429 Thread 0x0000025575202800 Exception <a 'java/lang/NoClassDefFoundError'{0x0000000087fad558}: org/slf4j/impl/StaticMarkerBinder> (0x0000000087fad558) thrown at [./src/hotspot/share/classfile/systemDictionary.cpp, line 220]
Event: 0.495 Thread 0x0000025575202800 Exception <a 'java/lang/NoSuchMethodError'{0x0000000087b41b70}: 'java.lang.Object java.lang.invoke.DirectMethodHandle$Holder.invokeVirtual(java.lang.Object, java.lang.Object, java.lang.Object, java.lang.Object, java.lang.Object, java.lang.Object, java.lang.Object)'> (0x0000000087b41b70) thrown at [./src/hotspot/share/interpreter/linkResolver.cpp, line 773]
Event: 0.497 Thread 0x0000025575202800 Exception <a 'java/lang/NoSuchMethodError'{0x0000000087b56678}: 'java.lang.Object java.lang.invoke.Invokers$Holder.invoker(java.lang.Object, java.lang.Object, java.lang.Object)'> (0x0000000087b56678) thrown at [./src/hotspot/share/interpreter/linkResolver.cpp, line 773]
Event: 0.500 Thread 0x0000025575202800 Exception <a 'java/lang/NoSuchMethodError'{0x0000000087b676f0}: 'void java.lang.invoke.DelegatingMethodHandle$Holder.delegate(java.lang.Object, java.lang.Object, int, java.lang.Object)'> (0x0000000087b676f0) thrown at [./src/hotspot/share/interpreter/linkResolver.cpp, line 773]
Event: 0.985 Thread 0x0000025575202800 Exception <a 'java/security/PrivilegedActionException'{0x0000000087b4a1b8}> (0x0000000087b4a1b8) thrown at [./src/hotspot/share/prims/jvm.cpp, line 1306]
Event: 0.985 Thread 0x0000025575202800 Exception <a 'java/security/PrivilegedActionException'{0x0000000087b4a730}> (0x0000000087b4a730) thrown at [./src/hotspot/share/prims/jvm.cpp, line 1306]
Event: 1.208 Thread 0x0000025575202800 Exception <a 'java/lang/NoSuchMethodError'{0x0000000086ab3cc8}: 'java.lang.Object java.lang.invoke.DirectMethodHandle$Holder.invokeStaticInit(java.lang.Object, java.lang.Object, java.lang.Object)'> (0x0000000086ab3cc8) thrown at [./src/hotspot/share/interpreter/linkResolver.cpp, line 773]
Event: 1.336 Thread 0x0000025575202800 Exception <a 'java/lang/NoSuchMethodError'{0x00000000863380e8}: 'java.lang.Object java.lang.invoke.DirectMethodHandle$Holder.invokeStaticInit(java.lang.Object, int, int, int, int)'> (0x00000000863380e8) thrown at [./src/hotspot/share/interpreter/linkResolver.cpp, line 773]
Event: 1.467 Thread 0x0000025575202800 Exception <a 'java/lang/NoSuchMethodError'{0x000000008621ca38}: 'java.lang.Object java.lang.invoke.DirectMethodHandle$Holder.invokeStaticInit(java.lang.Object, java.lang.Object, int, int, int, int)'> (0x000000008621ca38) thrown at [./src/hotspot/share/interpreter/linkResolver.cpp, line 773]
Event: 1.682 Thread 0x0000025575202800 Exception <a 'java/io/IOException'{0x00000000861faa68}> (0x00000000861faa68) thrown at [./src/hotspot/share/prims/jni.cpp, line 615]
Event: 1.783 Thread 0x0000025510ce6000 Exception <a 'java/lang/NoSuchMethodError'{0x00000000858c8460}: 'long java.lang.invoke.DirectMethodHandle$Holder.invokeInterface(java.lang.Object, java.lang.Object)'> (0x00000000858c8460) thrown at [./src/hotspot/share/interpreter/linkResolver.cpp, line 773]
Event: 1.784 Thread 0x0000025510ce6000 Exception <a 'java/lang/NoSuchMethodError'{0x00000000858d5500}: 'void java.lang.invoke.DelegatingMethodHandle$Holder.reinvoke_L(java.lang.Object, java.lang.Object, java.lang.Object, java.lang.Object, java.lang.Object, java.lang.Object, java.lang.Object)'> (0x00000000858d5500) thrown at [./src/hotspot/share/interpreter/linkResolver.cpp, line 773]
Event: 1.986 Thread 0x0000025510ce6000 Exception <a 'java/lang/NoSuchMethodError'{0x0000000086a2f4b0}: 'void java.lang.invoke.DirectMethodHandle$Holder.invokeStaticInit(java.lang.Object)'> (0x0000000086a2f4b0) thrown at [./src/hotspot/share/interpreter/linkResolver.cpp, line 773]
Event: 1.996 Thread 0x0000025510ce6000 Exception <a 'java/lang/NoSuchMethodError'{0x0000000086adbec0}: 'java.lang.Object java.lang.invoke.DirectMethodHandle$Holder.invokeStatic(java.lang.Object, java.lang.Object, java.lang.Object, int)'> (0x0000000086adbec0) thrown at [./src/hotspot/share/interpreter/linkResolver.cpp, line 773]
Event: 1.997 Thread 0x0000025510ce6000 Exception <a 'java/lang/NoSuchMethodError'{0x0000000086ae05d8}: 'java.lang.Object java.lang.invoke.DirectMethodHandle$Holder.invokeSpecial(java.lang.Object, java.lang.Object, java.lang.Object, java.lang.Object, int)'> (0x0000000086ae05d8) thrown at [./src/hotspot/share/interpreter/linkResolver.cpp, line 773]
Event: 1.997 Thread 0x0000025510ce6000 Exception <a 'java/lang/NoSuchMethodError'{0x0000000086ae4510}: 'java.lang.Object java.lang.invoke.Invokers$Holder.linkToTargetMethod(java.lang.Object, java.lang.Object, int, java.lang.Object)'> (0x0000000086ae4510) thrown at [./src/hotspot/share/interpreter/linkResolver.cpp, line 773]

Events (20 events):
Event: 2.051 loading class com/google/common/io/CharSource$CharSequenceCharSource done
Event: 2.051 loading class org/apache/commons/io/FileUtils
Event: 2.051 loading class org/apache/commons/io/FileUtils done
Event: 2.053 loading class org/apache/commons/io/FileExistsException
Event: 2.053 loading class org/apache/commons/io/FileExistsException done
Event: 2.053 loading class java/util/zip/CheckedInputStream
Event: 2.053 loading class java/util/zip/CheckedInputStream done
Event: 2.053 loading class org/apache/commons/io/output/NullOutputStream
Event: 2.053 loading class org/apache/commons/io/output/NullOutputStream done
Event: 2.054 loading class org/apache/commons/io/filefilter/IOFileFilter
Event: 2.054 loading class org/apache/commons/io/filefilter/IOFileFilter done
Event: 2.054 loading class java/io/FilenameFilter
Event: 2.054 loading class java/io/FilenameFilter done
Event: 2.056 loading class org/gradle/internal/snapshot/CaseSensitivity
Event: 2.056 loading class org/gradle/internal/snapshot/CaseSensitivity done
Event: 2.057 loading class org/gradle/internal/vfs/impl/DefaultSnapshotHierarchy
Event: 2.057 loading class org/gradle/internal/vfs/impl/DefaultSnapshotHierarchy done
Event: 2.057 loading class org/gradle/internal/snapshot/SnapshotHierarchy
Event: 2.057 loading class org/gradle/internal/snapshot/SnapshotHierarchy done
Event: 2.057 Executing VM operation: CollectForMetadataAllocation


Dynamic libraries:
0x00007ff6f9250000 - 0x00007ff6f925a000 	C:\Program Files\Android\Android Studio\jre\bin\java.exe
0x00007ff80e940000 - 0x00007ff80eb49000 	C:\Windows\SYSTEM32\ntdll.dll
0x00007ff80d0b0000 - 0x00007ff80d16d000 	C:\Windows\System32\KERNEL32.DLL
0x00007ff80bff0000 - 0x00007ff80c364000 	C:\Windows\System32\KERNELBASE.dll
0x00007ff80be30000 - 0x00007ff80bf41000 	C:\Windows\System32\ucrtbase.dll
0x00007fffabc90000 - 0x00007fffabca7000 	C:\Program Files\Android\Android Studio\jre\bin\VCRUNTIME140.dll
0x00007fffabf40000 - 0x00007fffabf59000 	C:\Program Files\Android\Android Studio\jre\bin\jli.dll
0x00007ff80e570000 - 0x00007ff80e71c000 	C:\Windows\System32\USER32.dll
0x00007ff80bfc0000 - 0x00007ff80bfe6000 	C:\Windows\System32\win32u.dll
0x00007ff80de70000 - 0x00007ff80de99000 	C:\Windows\System32\GDI32.dll
0x00007ff80c370000 - 0x00007ff80c482000 	C:\Windows\System32\gdi32full.dll
0x00007ff80c510000 - 0x00007ff80c5ad000 	C:\Windows\System32\msvcp_win.dll
0x00007fffe6d70000 - 0x00007fffe7015000 	C:\Windows\WinSxS\amd64_microsoft.windows.common-controls_6595b64144ccf1df_6.0.22000.120_none_9d947278b86cc467\COMCTL32.dll
0x00007ff80dc50000 - 0x00007ff80dcf3000 	C:\Windows\System32\msvcrt.dll
0x00007ff80ddb0000 - 0x00007ff80dde1000 	C:\Windows\System32\IMM32.DLL
0x00007fff85330000 - 0x00007fff853cd000 	C:\Program Files\Android\Android Studio\jre\bin\msvcp140.dll
0x00007fff99bb0000 - 0x00007fff9a695000 	C:\Program Files\Android\Android Studio\jre\bin\server\jvm.dll
0x00007ff80d350000 - 0x00007ff80d3fe000 	C:\Windows\System32\ADVAPI32.dll
0x00007ff80e0a0000 - 0x00007ff80e13e000 	C:\Windows\System32\sechost.dll
0x00007ff80e720000 - 0x00007ff80e840000 	C:\Windows\System32\RPCRT4.dll
0x00007ff80c7e0000 - 0x00007ff80c7e8000 	C:\Windows\System32\PSAPI.DLL
0x00007fffe7d90000 - 0x00007fffe7d99000 	C:\Windows\SYSTEM32\WSOCK32.dll
0x00007ff802a90000 - 0x00007ff802ac3000 	C:\Windows\SYSTEM32\WINMM.dll
0x00007ffff9750000 - 0x00007ffff975a000 	C:\Windows\SYSTEM32\VERSION.dll
0x00007ff80e150000 - 0x00007ff80e1bf000 	C:\Windows\System32\WS2_32.dll
0x00007ff80a0a0000 - 0x00007ff80a0b8000 	C:\Windows\SYSTEM32\kernel.appcore.dll
0x00007fffe7d70000 - 0x00007fffe7d81000 	C:\Program Files\Android\Android Studio\jre\bin\verify.dll
0x00007ff8040b0000 - 0x00007ff8042d1000 	C:\Windows\SYSTEM32\DBGHELP.DLL
0x00007ffff7220000 - 0x00007ffff7251000 	C:\Windows\SYSTEM32\dbgcore.DLL
0x00007ff80c490000 - 0x00007ff80c50f000 	C:\Windows\System32\bcryptPrimitives.dll
0x00007fffe7d40000 - 0x00007fffe7d69000 	C:\Program Files\Android\Android Studio\jre\bin\java.dll
0x00007fffe7d30000 - 0x00007fffe7d3b000 	C:\Program Files\Android\Android Studio\jre\bin\jimage.dll
0x00007fffe7d10000 - 0x00007fffe7d28000 	C:\Program Files\Android\Android Studio\jre\bin\zip.dll
0x00007ff80d400000 - 0x00007ff80dbae000 	C:\Windows\System32\SHELL32.dll
0x00007ff80a0c0000 - 0x00007ff80a927000 	C:\Windows\SYSTEM32\windows.storage.dll
0x00007ff80e1c0000 - 0x00007ff80e538000 	C:\Windows\System32\combase.dll
0x00007ff809f30000 - 0x00007ff80a096000 	C:\Windows\SYSTEM32\wintypes.dll
0x00007ff80d260000 - 0x00007ff80d34a000 	C:\Windows\System32\SHCORE.dll
0x00007ff80d170000 - 0x00007ff80d1cd000 	C:\Windows\System32\shlwapi.dll
0x00007ff80bd60000 - 0x00007ff80bd81000 	C:\Windows\SYSTEM32\profapi.dll
0x00007fffe6be0000 - 0x00007fffe6bfa000 	C:\Program Files\Android\Android Studio\jre\bin\net.dll
0x00007ff800850000 - 0x00007ff80095c000 	C:\Windows\SYSTEM32\WINHTTP.dll
0x00007ff80b450000 - 0x00007ff80b4b7000 	C:\Windows\system32\mswsock.dll
0x00007fffe6bc0000 - 0x00007fffe6bd4000 	C:\Program Files\Android\Android Studio\jre\bin\nio.dll
0x00007fffaaa00000 - 0x00007fffaaa27000 	C:\Users\Admin\.gradle\native\e1d6ef7f7dcc3fd88c89a11ec53ec762bb8ba0a96d01ffa2cd45eb1d1d8dd5c5\windows-amd64\native-platform.dll
0x00007fff851e0000 - 0x00007fff85324000 	C:\Users\Admin\.gradle\native\5664cfc778a61ccfe75a443a1ab52a65af34e5dc3c78e0209fed803814484fcb\windows-amd64\native-platform-file-events.dll
0x00007fffe7d00000 - 0x00007fffe7d0a000 	C:\Program Files\Android\Android Studio\jre\bin\management.dll
0x00007fffe73f0000 - 0x00007fffe73fd000 	C:\Program Files\Android\Android Studio\jre\bin\management_ext.dll
0x00007ff80b690000 - 0x00007ff80b6a8000 	C:\Windows\SYSTEM32\CRYPTSP.dll
0x00007ff80b0a0000 - 0x00007ff80b0d5000 	C:\Windows\system32\rsaenh.dll
0x00007ff80b540000 - 0x00007ff80b569000 	C:\Windows\SYSTEM32\USERENV.dll
0x00007ff80b810000 - 0x00007ff80b837000 	C:\Windows\SYSTEM32\bcrypt.dll
0x00007ff80b6b0000 - 0x00007ff80b6bc000 	C:\Windows\SYSTEM32\CRYPTBASE.dll
0x00007ff80abf0000 - 0x00007ff80ac1d000 	C:\Windows\SYSTEM32\IPHLPAPI.DLL
0x00007ff80e140000 - 0x00007ff80e149000 	C:\Windows\System32\NSI.dll
0x00007ff8009e0000 - 0x00007ff8009f9000 	C:\Windows\SYSTEM32\dhcpcsvc6.DLL
0x00007ff800dc0000 - 0x00007ff800dde000 	C:\Windows\SYSTEM32\dhcpcsvc.DLL
0x00007ff80ac60000 - 0x00007ff80ad47000 	C:\Windows\SYSTEM32\DNSAPI.dll

dbghelp: loaded successfully - version: 4.0.5 - missing functions: none
symbol engine: initialized successfully - sym options: 0x614 - pdb path: .;C:\Program Files\Android\Android Studio\jre\bin;C:\Windows\SYSTEM32;C:\Windows\WinSxS\amd64_microsoft.windows.common-controls_6595b64144ccf1df_6.0.22000.120_none_9d947278b86cc467;C:\Program Files\Android\Android Studio\jre\bin\server;C:\Users\Admin\.gradle\native\e1d6ef7f7dcc3fd88c89a11ec53ec762bb8ba0a96d01ffa2cd45eb1d1d8dd5c5\windows-amd64;C:\Users\Admin\.gradle\native\5664cfc778a61ccfe75a443a1ab52a65af34e5dc3c78e0209fed803814484fcb\windows-amd64

VM Arguments:
jvm_args: --add-opens=java.base/java.util=ALL-UNNAMED --add-opens=java.base/java.lang=ALL-UNNAMED --add-opens=java.base/java.lang.invoke=ALL-UNNAMED --add-opens=java.base/java.util=ALL-UNNAMED --add-opens=java.prefs/java.util.prefs=ALL-UNNAMED --add-opens=java.prefs/java.util.prefs=ALL-UNNAMED --add-opens=java.base/java.nio.charset=ALL-UNNAMED --add-opens=java.base/java.net=ALL-UNNAMED --add-opens=java.base/java.util.concurrent.atomic=ALL-UNNAMED -Xmx2048m -Dfile.encoding=UTF-8 -Duser.country=US -Duser.language=en -Duser.variant 
java_command: org.gradle.launcher.daemon.bootstrap.GradleDaemon 7.3.3
java_class_path (initial): C:\Users\Admin\.gradle\wrapper\dists\gradle-7.3.3-bin\6a41zxkdtcxs8rphpq6y0069z\gradle-7.3.3\lib\gradle-launcher-7.3.3.jar
Launcher Type: SUN_STANDARD

[Global flags]
     intx CICompilerCount                          = 3                                         {product} {ergonomic}
     uint ConcGCThreads                            = 1                                         {product} {ergonomic}
     uint G1ConcRefinementThreads                  = 4                                         {product} {ergonomic}
   size_t G1HeapRegionSize                         = 1048576                                   {product} {ergonomic}
    uintx GCDrainStackTargetSize                   = 64                                        {product} {ergonomic}
   size_t InitialHeapSize                          = 134217728                                 {product} {ergonomic}
   size_t MarkStackSize                            = 4194304                                   {product} {ergonomic}
   size_t MaxHeapSize                              = 2147483648                                {product} {command line}
   size_t MaxNewSize                               = 1287651328                                {product} {ergonomic}
   size_t MinHeapDeltaBytes                        = 1048576                                   {product} {ergonomic}
    uintx NonNMethodCodeHeapSize                   = 5830732                                {pd product} {ergonomic}
    uintx NonProfiledCodeHeapSize                  = 122913754                              {pd product} {ergonomic}
    uintx ProfiledCodeHeapSize                     = 122913754                              {pd product} {ergonomic}
    uintx ReservedCodeCacheSize                    = 251658240                              {pd product} {ergonomic}
     bool SegmentedCodeCache                       = true                                      {product} {ergonomic}
     bool UseCompressedClassPointers               = true                                 {lp64_product} {ergonomic}
     bool UseCompressedOops                        = true                                 {lp64_product} {ergonomic}
     bool UseG1GC                                  = true                                      {product} {ergonomic}
     bool UseLargePagesIndividualAllocation        = false                                  {pd product} {ergonomic}

Logging:
Log output configuration:
 #0: stdout all=warning uptime,level,tags
 #1: stderr all=off uptime,level,tags

Environment Variables:
PATH=C:\Program Files\Common Files\Oracle\Java\javapath;C:\Program Files (x86)\Common Files\Oracle\Java\javapath;C:\Windows\system32;C:\Windows;C:\Windows\System32\Wbem;C:\Windows\System32\WindowsPowerShell\v1.0\;C:\Windows\System32\OpenSSH\;C:\Program Files (x86)\Intel\Intel(R) Management Engine Components\DAL;C:\Program Files\Intel\Intel(R) Management Engine Components\DAL;C:\Program Files\Git\cmd;C:\Users\Admin\AppData\Local\Microsoft\WindowsApps;C:\Users\Admin\AppData\Local\Programs\Microsoft VS Code\bin;C:\Users\Admin\AppData\Local\atom\bin;C:\Users\Admin\AppData\Local\GitHubDesktop\bin
USERNAME=Admin
OS=Windows_NT
PROCESSOR_IDENTIFIER=Intel64 Family 6 Model 78 Stepping 3, GenuineIntel



---------------  S Y S T E M  ---------------

OS: Windows 10 , 64 bit Build 22000 (10.0.22000.434)
OS uptime: 0 days 14:56 hours

CPU:total 4 (initial active 4) (2 cores per cpu, 2 threads per core) family 6 model 78 stepping 3 microcode 0xd6, cmov, cx8, fxsr, mmx, sse, sse2, sse3, ssse3, sse4.1, sse4.2, popcnt, avx, avx2, aes, clmul, erms, rtm, 3dnowpref, lzcnt, ht, tsc, tscinvbit, bmi1, bmi2, adx, fma

Memory: 4k page, system-wide physical 8072M (877M free)
TotalPageFile size 8072M (AvailPageFile size 17M)
current process WorkingSet (physical memory assigned to process): 156M, peak: 156M
current process commit charge ("private bytes"): 247M, peak: 273M

vm_info: OpenJDK 64-Bit Server VM (11.0.12+7-b1504.28-7817840) for windows-amd64 JRE (11.0.12+7-b1504.28-7817840), built on Oct 13 2021 22:12:33 by "builder" with MS VC++ 14.0 (VS2015)

END.
