#
# There is insufficient memory for the Java Runtime Environment to continue.
# Native memory allocation (mmap) failed to map 47185920 bytes for Failed to commit area from 0x000000008de00000 to 0x0000000090b00000 of length 47185920.
# Possible reasons:
#   The system is out of physical RAM or swap space
#   The process is running with CompressedOops enabled, and the Java Heap may be blocking the growth of the native heap
# Possible solutions:
#   Reduce memory load on the system
#   Increase physical memory or swap space
#   Check if swap backing store is full
#   Decrease Java heap size (-Xmx/-Xms)
#   Decrease number of Java threads
#   Decrease Java thread stack sizes (-Xss)
#   Set larger code cache with -XX:ReservedCodeCacheSize=
#   JVM is running with Unscaled Compressed Oops mode in which the Java heap is
#     placed in the first 4GB address space. The Java Heap base address is the
#     maximum limit for the native heap growth. Please use -XX:HeapBaseMinAddress
#     to set the Java Heap base and to place the Java Heap above 4GB virtual address.
# This output file may be truncated or incomplete.
#
#  Out of Memory Error (./src/hotspot/os/windows/os_windows.cpp:3521), pid=8768, tid=3132
#
# JRE version: OpenJDK Runtime Environment (11.0.12+7) (build 11.0.12+7-b1504.28-7817840)
# Java VM: OpenJDK 64-Bit Server VM (11.0.12+7-b1504.28-7817840, mixed mode, tiered, compressed oops, g1 gc, windows-amd64)
# No core dump will be written. Minidumps are not enabled by default on client versions of Windows
#

---------------  S U M M A R Y ------------

Command Line: --add-opens=java.base/java.util=ALL-UNNAMED --add-opens=java.base/java.lang=ALL-UNNAMED --add-opens=java.base/java.lang.invoke=ALL-UNNAMED --add-opens=java.base/java.util=ALL-UNNAMED --add-opens=java.prefs/java.util.prefs=ALL-UNNAMED --add-opens=java.prefs/java.util.prefs=ALL-UNNAMED --add-opens=java.base/java.nio.charset=ALL-UNNAMED --add-opens=java.base/java.net=ALL-UNNAMED --add-opens=java.base/java.util.concurrent.atomic=ALL-UNNAMED -Xmx2048m -Dfile.encoding=UTF-8 -Duser.country=US -Duser.language=en -Duser.variant org.gradle.launcher.daemon.bootstrap.GradleDaemon 7.3.3

Host: Intel(R) Core(TM) i7-6600U CPU @ 2.60GHz, 4 cores, 7G,  Windows 10 , 64 bit Build 22000 (10.0.22000.434)
Time: Thu Aug 18 07:06:05 2022 Egypt Standard Time elapsed time: 15.606755 seconds (0d 0h 0m 15s)

---------------  T H R E A D  ---------------

Current thread (0x000001f46a956000):  VMThread "VM Thread" [stack: 0x000000d58d000000,0x000000d58d100000] [id=3132]

Stack: [0x000000d58d000000,0x000000d58d100000]
[error occurred during error reporting (printing stack bounds), id 0xc0000005, EXCEPTION_ACCESS_VIOLATION (0xc0000005) at pc=0x000001f45488112d]

Native frames: (J=compiled Java code, j=interpreted, Vv=VM code, C=native code)
V  [jvm.dll+0x5fbcea]
V  [jvm.dll+0x731905]
V  [jvm.dll+0x732f1d]
V  [jvm.dll+0x733535]
V  [jvm.dll+0x7334eb]
V  [jvm.dll+0x5fb080]
V  [jvm.dll+0x5fb818]
C  [ntdll.dll+0xa86ef]
C  [ntdll.dll+0x35aea]
C  [ntdll.dll+0xa76fe]
C  0x000001f45488112d

VM_Operation (0x000000d592cfd090): G1CollectForAllocation, mode: safepoint, requested by thread 0x000001f4729cd000


---------------  P R O C E S S  ---------------

Threads class SMR info:
_java_thread_list=0x000001f474cd2e60, length=95, elements={
0x000001f450d73000, 0x000001f46b1c1800, 0x000001f46b1cc000, 0x000001f46b1d3000,
0x000001f46b1d6800, 0x000001f46b1d7800, 0x000001f46b1db000, 0x000001f46b1df800,
0x000001f46a9aa000, 0x000001f46b381800, 0x000001f46b440000, 0x000001f46d955000,
0x000001f46dd73800, 0x000001f46cd7d800, 0x000001f46d198800, 0x000001f46c88a800,
0x000001f46c4ce000, 0x000001f46ca4b800, 0x000001f46ce4f000, 0x000001f46e3a8800,
0x000001f46d24e800, 0x000001f46d24d800, 0x000001f46d24c000, 0x000001f46d24d000,
0x000001f46dc06000, 0x000001f46dc02800, 0x000001f46dc01000, 0x000001f46dc05000,
0x000001f46dc01800, 0x000001f46dc03800, 0x000001f46dc04000, 0x000001f46dc06800,
0x000001f46f90f800, 0x000001f46f914800, 0x000001f46f912000, 0x000001f46f913800,
0x000001f46f90e800, 0x000001f46f915000, 0x000001f46f916000, 0x000001f46f911000,
0x000001f46f919800, 0x000001f46f91b800, 0x000001f46f91b000, 0x000001f46f918800,
0x000001f46f91a000, 0x000001f46f91c800, 0x000001f46f917800, 0x000001f46f91d800,
0x000001f46d61b800, 0x000001f46d616800, 0x000001f46d619000, 0x000001f46d617800,
0x000001f46d615800, 0x000001f46d61a000, 0x000001f46d618000, 0x000001f46d61c000,
0x000001f46d620800, 0x000001f46d61d000, 0x000001f46d61e000, 0x000001f46d61e800,
0x000001f46d61a800, 0x000001f46d621000, 0x000001f46d623800, 0x000001f46d622000,
0x000001f46d624800, 0x000001f46d623000, 0x000001f46d61f800, 0x000001f46c552800,
0x000001f46c553000, 0x000001f46c554000, 0x000001f46c555000, 0x000001f46c555800,
0x000001f46c556800, 0x000001f46c557000, 0x000001f46c551800, 0x000001f46c559000,
0x000001f46c559800, 0x000001f46c55c000, 0x000001f46c55a800, 0x000001f46c55b800,
0x000001f46c55e000, 0x000001f46c558000, 0x000001f46c55e800, 0x000001f46c55f800,
0x000001f46c560000, 0x000001f4729d1800, 0x000001f4729cf800, 0x000001f4729d2800,
0x000001f4729cd000, 0x000001f4729ce800, 0x000001f4729cd800, 0x000001f4729d1000,
0x000001f4729d3800, 0x000001f4729d4000, 0x000001f4729d5000
}

Java Threads: ( => current thread )
  0x000001f450d73000 JavaThread "main" [_thread_blocked, id=5896, stack(0x000000d58ca00000,0x000000d58cb00000)]
  0x000001f46b1c1800 JavaThread "Reference Handler" daemon [_thread_blocked, id=7872, stack(0x000000d58d100000,0x000000d58d200000)]
  0x000001f46b1cc000 JavaThread "Finalizer" daemon [_thread_blocked, id=7500, stack(0x000000d58d200000,0x000000d58d300000)]
  0x000001f46b1d3000 JavaThread "Signal Dispatcher" daemon [_thread_blocked, id=9232, stack(0x000000d58d300000,0x000000d58d400000)]
  0x000001f46b1d6800 JavaThread "Attach Listener" daemon [_thread_blocked, id=2892, stack(0x000000d58d400000,0x000000d58d500000)]
  0x000001f46b1d7800 JavaThread "Service Thread" daemon [_thread_blocked, id=9480, stack(0x000000d58d500000,0x000000d58d600000)]
  0x000001f46b1db000 JavaThread "C2 CompilerThread0" daemon [_thread_in_native, id=6188, stack(0x000000d58d600000,0x000000d58d700000)]
  0x000001f46b1df800 JavaThread "C1 CompilerThread0" daemon [_thread_blocked, id=8000, stack(0x000000d58d700000,0x000000d58d800000)]
  0x000001f46a9aa000 JavaThread "Sweeper thread" daemon [_thread_blocked, id=4976, stack(0x000000d58d800000,0x000000d58d900000)]
  0x000001f46b381800 JavaThread "Common-Cleaner" daemon [_thread_blocked, id=7244, stack(0x000000d58d900000,0x000000d58da00000)]
  0x000001f46b440000 JavaThread "C2 CompilerThread1" daemon [_thread_blocked, id=260, stack(0x000000d58db00000,0x000000d58dc00000)]
  0x000001f46d955000 JavaThread "Daemon health stats" [_thread_blocked, id=4820, stack(0x000000d58de00000,0x000000d58df00000)]
  0x000001f46dd73800 JavaThread "Incoming local TCP Connector on port 50757" [_thread_in_native, id=2012, stack(0x000000d58df00000,0x000000d58e000000)]
  0x000001f46cd7d800 JavaThread "Daemon periodic checks" [_thread_blocked, id=7236, stack(0x000000d58e000000,0x000000d58e100000)]
  0x000001f46d198800 JavaThread "Daemon" [_thread_blocked, id=2172, stack(0x000000d58e100000,0x000000d58e200000)]
  0x000001f46c88a800 JavaThread "Handler for socket connection from /127.0.0.1:50757 to /127.0.0.1:50758" [_thread_in_native, id=9032, stack(0x000000d58e200000,0x000000d58e300000)]
  0x000001f46c4ce000 JavaThread "Cancel handler" [_thread_blocked, id=10076, stack(0x000000d58e300000,0x000000d58e400000)]
  0x000001f46ca4b800 JavaThread "Daemon worker" [_thread_blocked, id=3184, stack(0x000000d58e400000,0x000000d58e500000)]
  0x000001f46ce4f000 JavaThread "Asynchronous log dispatcher for DefaultDaemonConnection: socket connection from /127.0.0.1:50757 to /127.0.0.1:50758" [_thread_blocked, id=8500, stack(0x000000d58e500000,0x000000d58e600000)]
  0x000001f46e3a8800 JavaThread "Stdin handler" [_thread_blocked, id=2628, stack(0x000000d58e600000,0x000000d58e700000)]
  0x000001f46d24e800 JavaThread "Daemon client event forwarder" [_thread_blocked, id=7988, stack(0x000000d58e700000,0x000000d58e800000)]
  0x000001f46d24d800 JavaThread "Cache worker for journal cache (C:\Users\Admin\.gradle\caches\journal-1)" [_thread_blocked, id=1924, stack(0x000000d58e900000,0x000000d58ea00000)]
  0x000001f46d24c000 JavaThread "File lock request listener" [_thread_in_native, id=9680, stack(0x000000d58ea00000,0x000000d58eb00000)]
  0x000001f46d24d000 JavaThread "Cache worker for file hash cache (C:\Users\Admin\.gradle\caches\7.3.3\fileHashes)" [_thread_blocked, id=7104, stack(0x000000d58eb00000,0x000000d58ec00000)]
  0x000001f46dc06000 JavaThread "Cache worker for file hash cache (C:\Users\Admin\Desktop\jana\cw77\.gradle\7.3.3\fileHashes)" [_thread_blocked, id=1456, stack(0x000000d58ec00000,0x000000d58ed00000)]
  0x000001f46dc02800 JavaThread "File watcher server" daemon [_thread_blocked, id=8952, stack(0x000000d58ed00000,0x000000d58ee00000)]
  0x000001f46dc01000 JavaThread "File watcher consumer" daemon [_thread_blocked, id=3056, stack(0x000000d58ee00000,0x000000d58ef00000)]
  0x000001f46dc05000 JavaThread "Cache worker for checksums cache (C:\Users\Admin\Desktop\jana\cw77\.gradle\7.3.3\checksums)" [_thread_blocked, id=10232, stack(0x000000d58ef00000,0x000000d58f000000)]
  0x000001f46dc01800 JavaThread "Cache worker for cache directory md-supplier (C:\Users\Admin\.gradle\caches\7.3.3\md-supplier)" [_thread_blocked, id=3272, stack(0x000000d58f000000,0x000000d58f100000)]
  0x000001f46dc03800 JavaThread "Cache worker for cache directory md-rule (C:\Users\Admin\.gradle\caches\7.3.3\md-rule)" [_thread_blocked, id=2356, stack(0x000000d58f100000,0x000000d58f200000)]
  0x000001f46dc04000 JavaThread "Cache worker for execution history cache (C:\Users\Admin\.gradle\caches\7.3.3\executionHistory)" [_thread_blocked, id=1188, stack(0x000000d58f200000,0x000000d58f300000)]
  0x000001f46dc06800 JavaThread "jar transforms" [_thread_blocked, id=9228, stack(0x000000d58f300000,0x000000d58f400000)]
  0x000001f46f90f800 JavaThread "Cache worker for file content cache (C:\Users\Admin\.gradle\caches\7.3.3\fileContent)" [_thread_blocked, id=7136, stack(0x000000d58f400000,0x000000d58f500000)]
  0x000001f46f914800 JavaThread "jar transforms Thread 2" [_thread_blocked, id=1388, stack(0x000000d58f500000,0x000000d58f600000)]
  0x000001f46f912000 JavaThread "Cache worker for dependencies-accessors (C:\Users\Admin\Desktop\jana\cw77\.gradle\7.3.3\dependencies-accessors)" [_thread_blocked, id=6612, stack(0x000000d58f600000,0x000000d58f700000)]
  0x000001f46f913800 JavaThread "jar transforms Thread 3" [_thread_blocked, id=9820, stack(0x000000d58f700000,0x000000d58f800000)]
  0x000001f46f90e800 JavaThread "Cache worker for Build Output Cleanup Cache (C:\Users\Admin\Desktop\jana\cw77\.gradle\buildOutputCleanup)" [_thread_blocked, id=8008, stack(0x000000d58f800000,0x000000d58f900000)]
  0x000001f46f915000 JavaThread "Unconstrained build operations" [_thread_blocked, id=3780, stack(0x000000d58f900000,0x000000d58fa00000)]
  0x000001f46f916000 JavaThread "Unconstrained build operations Thread 2" [_thread_blocked, id=9124, stack(0x000000d58fa00000,0x000000d58fb00000)]
  0x000001f46f911000 JavaThread "Unconstrained build operations Thread 3" [_thread_blocked, id=2536, stack(0x000000d58fb00000,0x000000d58fc00000)]
  0x000001f46f919800 JavaThread "Unconstrained build operations Thread 4" [_thread_blocked, id=5032, stack(0x000000d58fc00000,0x000000d58fd00000)]
  0x000001f46f91b800 JavaThread "Unconstrained build operations Thread 5" [_thread_blocked, id=8908, stack(0x000000d58fd00000,0x000000d58fe00000)]
  0x000001f46f91b000 JavaThread "Unconstrained build operations Thread 6" [_thread_blocked, id=1948, stack(0x000000d58fe00000,0x000000d58ff00000)]
  0x000001f46f918800 JavaThread "Unconstrained build operations Thread 7" [_thread_blocked, id=8904, stack(0x000000d58ff00000,0x000000d590000000)]
  0x000001f46f91a000 JavaThread "Unconstrained build operations Thread 8" [_thread_blocked, id=3576, stack(0x000000d590000000,0x000000d590100000)]
  0x000001f46f91c800 JavaThread "Unconstrained build operations Thread 9" [_thread_blocked, id=3640, stack(0x000000d590100000,0x000000d590200000)]
  0x000001f46f917800 JavaThread "Unconstrained build operations Thread 10" [_thread_blocked, id=8308, stack(0x000000d590200000,0x000000d590300000)]
  0x000001f46f91d800 JavaThread "Unconstrained build operations Thread 11" [_thread_blocked, id=5800, stack(0x000000d590300000,0x000000d590400000)]
  0x000001f46d61b800 JavaThread "Unconstrained build operations Thread 12" [_thread_blocked, id=3876, stack(0x000000d590400000,0x000000d590500000)]
  0x000001f46d616800 JavaThread "Unconstrained build operations Thread 13" [_thread_blocked, id=3696, stack(0x000000d590500000,0x000000d590600000)]
  0x000001f46d619000 JavaThread "Unconstrained build operations Thread 14" [_thread_blocked, id=5200, stack(0x000000d590600000,0x000000d590700000)]
  0x000001f46d617800 JavaThread "Unconstrained build operations Thread 15" [_thread_blocked, id=9440, stack(0x000000d590700000,0x000000d590800000)]
  0x000001f46d615800 JavaThread "Unconstrained build operations Thread 16" [_thread_blocked, id=2784, stack(0x000000d590800000,0x000000d590900000)]
  0x000001f46d61a000 JavaThread "Unconstrained build operations Thread 17" [_thread_blocked, id=2056, stack(0x000000d590900000,0x000000d590a00000)]
  0x000001f46d618000 JavaThread "Unconstrained build operations Thread 18" [_thread_blocked, id=8496, stack(0x000000d590a00000,0x000000d590b00000)]
  0x000001f46d61c000 JavaThread "Unconstrained build operations Thread 19" [_thread_blocked, id=6588, stack(0x000000d590b00000,0x000000d590c00000)]
  0x000001f46d620800 JavaThread "Unconstrained build operations Thread 20" [_thread_blocked, id=9308, stack(0x000000d590c00000,0x000000d590d00000)]
  0x000001f46d61d000 JavaThread "Unconstrained build operations Thread 21" [_thread_blocked, id=2112, stack(0x000000d590d00000,0x000000d590e00000)]
  0x000001f46d61e000 JavaThread "Unconstrained build operations Thread 22" [_thread_blocked, id=148, stack(0x000000d590e00000,0x000000d590f00000)]
  0x000001f46d61e800 JavaThread "Unconstrained build operations Thread 23" [_thread_blocked, id=256, stack(0x000000d590f00000,0x000000d591000000)]
  0x000001f46d61a800 JavaThread "Unconstrained build operations Thread 24" [_thread_blocked, id=2888, stack(0x000000d591000000,0x000000d591100000)]
  0x000001f46d621000 JavaThread "Unconstrained build operations Thread 25" [_thread_blocked, id=9336, stack(0x000000d591100000,0x000000d591200000)]
  0x000001f46d623800 JavaThread "Unconstrained build operations Thread 26" [_thread_blocked, id=1532, stack(0x000000d591200000,0x000000d591300000)]
  0x000001f46d622000 JavaThread "Unconstrained build operations Thread 27" [_thread_blocked, id=7076, stack(0x000000d591300000,0x000000d591400000)]
  0x000001f46d624800 JavaThread "Unconstrained build operations Thread 28" [_thread_blocked, id=3648, stack(0x000000d591400000,0x000000d591500000)]
  0x000001f46d623000 JavaThread "Unconstrained build operations Thread 29" [_thread_blocked, id=7164, stack(0x000000d591500000,0x000000d591600000)]
  0x000001f46d61f800 JavaThread "Unconstrained build operations Thread 30" [_thread_blocked, id=76, stack(0x000000d591600000,0x000000d591700000)]
  0x000001f46c552800 JavaThread "Unconstrained build operations Thread 31" [_thread_blocked, id=9508, stack(0x000000d591700000,0x000000d591800000)]
  0x000001f46c553000 JavaThread "Unconstrained build operations Thread 32" [_thread_blocked, id=272, stack(0x000000d591800000,0x000000d591900000)]
  0x000001f46c554000 JavaThread "Unconstrained build operations Thread 33" [_thread_blocked, id=6856, stack(0x000000d591900000,0x000000d591a00000)]
  0x000001f46c555000 JavaThread "Unconstrained build operations Thread 34" [_thread_blocked, id=8236, stack(0x000000d591a00000,0x000000d591b00000)]
  0x000001f46c555800 JavaThread "Unconstrained build operations Thread 35" [_thread_blocked, id=480, stack(0x000000d591b00000,0x000000d591c00000)]
  0x000001f46c556800 JavaThread "Unconstrained build operations Thread 36" [_thread_blocked, id=3120, stack(0x000000d591c00000,0x000000d591d00000)]
  0x000001f46c557000 JavaThread "Unconstrained build operations Thread 37" [_thread_blocked, id=5876, stack(0x000000d591d00000,0x000000d591e00000)]
  0x000001f46c551800 JavaThread "Unconstrained build operations Thread 38" [_thread_blocked, id=3136, stack(0x000000d591e00000,0x000000d591f00000)]
  0x000001f46c559000 JavaThread "Unconstrained build operations Thread 39" [_thread_blocked, id=9108, stack(0x000000d591f00000,0x000000d592000000)]
  0x000001f46c559800 JavaThread "Unconstrained build operations Thread 40" [_thread_blocked, id=9984, stack(0x000000d592000000,0x000000d592100000)]
  0x000001f46c55c000 JavaThread "jar transforms Thread 4" [_thread_blocked, id=4172, stack(0x000000d592100000,0x000000d592200000)]
  0x000001f46c55a800 JavaThread "Memory manager" [_thread_blocked, id=6084, stack(0x000000d592200000,0x000000d592300000)]
  0x000001f46c55b800 JavaThread "build event listener" [_thread_blocked, id=6404, stack(0x000000d592300000,0x000000d592400000)]
  0x000001f46c55e000 JavaThread "pool-3-thread-1" [_thread_blocked, id=9424, stack(0x000000d592400000,0x000000d592500000)]
  0x000001f46c558000 JavaThread "build event listener" [_thread_blocked, id=3940, stack(0x000000d592500000,0x000000d592600000)]
  0x000001f46c55e800 JavaThread "Execution worker for ':'" [_thread_blocked, id=1308, stack(0x000000d592600000,0x000000d592700000)]
  0x000001f46c55f800 JavaThread "Execution worker for ':' Thread 2" [_thread_blocked, id=7356, stack(0x000000d592700000,0x000000d592800000)]
  0x000001f46c560000 JavaThread "Execution worker for ':' Thread 3" [_thread_in_native, id=9404, stack(0x000000d592800000,0x000000d592900000)]
  0x000001f4729d1800 JavaThread "Cache worker for execution history cache (C:\Users\Admin\Desktop\jana\cw77\.gradle\7.3.3\executionHistory)" [_thread_blocked, id=9196, stack(0x000000d592900000,0x000000d592a00000)]
  0x000001f4729cf800 JavaThread "WorkerExecutor Queue" [_thread_blocked, id=8388, stack(0x000000d592a00000,0x000000d592b00000)]
  0x000001f4729d2800 JavaThread "WorkerExecutor Queue Thread 2" [_thread_blocked, id=5808, stack(0x000000d592b00000,0x000000d592c00000)]
  0x000001f4729cd000 JavaThread "WorkerExecutor Queue Thread 3" [_thread_blocked, id=7928, stack(0x000000d592c00000,0x000000d592d00000)]
  0x000001f4729ce800 JavaThread "WorkerExecutor Queue Thread 4" [_thread_blocked, id=1272, stack(0x000000d592d00000,0x000000d592e00000)]
  0x000001f4729cd800 JavaThread "pool-4-thread-1" [_thread_blocked, id=4660, stack(0x000000d592e00000,0x000000d592f00000)]
  0x000001f4729d1000 JavaThread "stderr" [_thread_in_native, id=616, stack(0x000000d592f00000,0x000000d593000000)]
  0x000001f4729d3800 JavaThread "stdout" [_thread_in_native, id=7248, stack(0x000000d593000000,0x000000d593100000)]
  0x000001f4729d4000 JavaThread "WorkerExecutor Queue Thread 5" [_thread_blocked, id=9512, stack(0x000000d593100000,0x000000d593200000)]
  0x000001f4729d5000 JavaThread "WorkerExecutor Queue Thread 6" [_thread_blocked, id=3456, stack(0x000000d593200000,0x000000d593300000)]

Other Threads:
=>0x000001f46a956000 VMThread "VM Thread" [stack: 0x000000d58d000000,0x000000d58d100000] [id=3132]
  0x000001f46b401000 WatcherThread [stack: 0x000000d58da00000,0x000000d58db00000] [id=8776]
  0x000001f450d86800 GCTaskThread "GC Thread#0" [stack: 0x000000d58cb00000,0x000000d58cc00000] [id=1396]
  0x000001f46c19c800 GCTaskThread "GC Thread#1" [stack: 0x000000d58dc00000,0x000000d58dd00000] [id=8052]
  0x000001f46c020800 GCTaskThread "GC Thread#2" [stack: 0x000000d58dd00000,0x000000d58de00000] [id=6292]
  0x000001f46f22e800 GCTaskThread "GC Thread#3" [stack: 0x000000d58e800000,0x000000d58e900000] [id=5008]
  0x000001f450db9000 ConcurrentGCThread "G1 Main Marker" [stack: 0x000000d58cc00000,0x000000d58cd00000] [id=4868]
  0x000001f450dba000 ConcurrentGCThread "G1 Conc#0" [stack: 0x000000d58cd00000,0x000000d58ce00000] [id=10108]
  0x000001f450e4b000 ConcurrentGCThread "G1 Refine#0" [stack: 0x000000d58ce00000,0x000000d58cf00000] [id=9500]
  0x000001f450e4c000 ConcurrentGCThread "G1 Young RemSet Sampling" [stack: 0x000000d58cf00000,0x000000d58d000000] [id=7540]

Threads with active compile tasks:
C2 CompilerThread0  15618 11526   !   4       java.util.concurrent.ConcurrentHashMap::putVal (432 bytes)

VM state:at safepoint (normal execution)

VM Mutex/Monitor currently owned by a thread:  ([mutex/lock_event])
[0x000001f450d6ee40] Threads_lock - owner thread: 0x000001f46a956000
[0x000001f450d6fc50] Heap_lock - owner thread: 0x000001f4729cd000

Heap address: 0x0000000080000000, size: 2048 MB, Compressed Oops mode: 32-bit
Narrow klass base: 0x0000000000000000, Narrow klass shift: 3
Compressed class space size: 1073741824 Address: 0x0000000100000000

Heap:
 garbage-first heap   total 273408K, used 106259K [0x0000000080000000, 0x0000000100000000)
  region size 1024K, 13 young (13312K), 13 survivors (13312K)
 Metaspace       used 95587K, capacity 97902K, committed 98252K, reserved 1134592K
  class space    used 12341K, capacity 13192K, committed 13312K, reserved 1048576K
Heap Regions: E=young(eden), S=young(survivor), O=old, HS=humongous(starts), HC=humongous(continues), CS=collection set, F=free, A=archive, TAMS=top-at-mark-start (previous, next)
|   0|0x0000000080000000, 0x0000000080100000, 0x0000000080100000|100%| O|  |TAMS 0x0000000080100000, 0x0000000080100000| Untracked 
|   1|0x0000000080100000, 0x0000000080200000, 0x0000000080200000|100%| O|  |TAMS 0x0000000080200000, 0x0000000080200000| Untracked 
|   2|0x0000000080200000, 0x0000000080300000, 0x0000000080300000|100%| O|  |TAMS 0x0000000080300000, 0x0000000080300000| Untracked 
|   3|0x0000000080300000, 0x0000000080400000, 0x0000000080400000|100%|HS|  |TAMS 0x0000000080400000, 0x0000000080400000| Complete 
|   4|0x0000000080400000, 0x0000000080500000, 0x0000000080500000|100%|HC|  |TAMS 0x0000000080500000, 0x0000000080500000| Complete 
|   5|0x0000000080500000, 0x0000000080600000, 0x0000000080600000|100%|HC|  |TAMS 0x0000000080600000, 0x0000000080600000| Complete 
|   6|0x0000000080600000, 0x0000000080700000, 0x0000000080700000|100%| O|  |TAMS 0x0000000080700000, 0x0000000080700000| Untracked 
|   7|0x0000000080700000, 0x0000000080800000, 0x0000000080800000|100%| O|  |TAMS 0x0000000080800000, 0x0000000080800000| Untracked 
|   8|0x0000000080800000, 0x0000000080900000, 0x0000000080900000|100%| O|  |TAMS 0x0000000080900000, 0x0000000080900000| Untracked 
|   9|0x0000000080900000, 0x0000000080a00000, 0x0000000080a00000|100%| O|  |TAMS 0x0000000080a00000, 0x0000000080a00000| Untracked 
|  10|0x0000000080a00000, 0x0000000080b00000, 0x0000000080b00000|100%| O|  |TAMS 0x0000000080b00000, 0x0000000080b00000| Untracked 
|  11|0x0000000080b00000, 0x0000000080c00000, 0x0000000080c00000|100%| O|  |TAMS 0x0000000080c00000, 0x0000000080c00000| Untracked 
|  12|0x0000000080c00000, 0x0000000080d00000, 0x0000000080d00000|100%| O|  |TAMS 0x0000000080d00000, 0x0000000080d00000| Untracked 
|  13|0x0000000080d00000, 0x0000000080e00000, 0x0000000080e00000|100%| O|  |TAMS 0x0000000080e00000, 0x0000000080e00000| Untracked 
|  14|0x0000000080e00000, 0x0000000080f00000, 0x0000000080f00000|100%| O|  |TAMS 0x0000000080f00000, 0x0000000080f00000| Untracked 
|  15|0x0000000080f00000, 0x0000000081000000, 0x0000000081000000|100%| O|  |TAMS 0x0000000081000000, 0x0000000081000000| Untracked 
|  16|0x0000000081000000, 0x0000000081100000, 0x0000000081100000|100%| O|  |TAMS 0x0000000081100000, 0x0000000081100000| Untracked 
|  17|0x0000000081100000, 0x0000000081200000, 0x0000000081200000|100%|HS|  |TAMS 0x0000000081200000, 0x0000000081200000| Complete 
|  18|0x0000000081200000, 0x0000000081300000, 0x0000000081300000|100%| O|  |TAMS 0x0000000081300000, 0x0000000081300000| Untracked 
|  19|0x0000000081300000, 0x0000000081400000, 0x0000000081400000|100%| O|  |TAMS 0x0000000081400000, 0x0000000081400000| Untracked 
|  20|0x0000000081400000, 0x0000000081500000, 0x0000000081500000|100%| O|  |TAMS 0x0000000081500000, 0x0000000081500000| Untracked 
|  21|0x0000000081500000, 0x0000000081600000, 0x0000000081600000|100%| O|  |TAMS 0x0000000081600000, 0x0000000081600000| Untracked 
|  22|0x0000000081600000, 0x0000000081700000, 0x0000000081700000|100%| O|  |TAMS 0x0000000081700000, 0x0000000081700000| Untracked 
|  23|0x0000000081700000, 0x0000000081800000, 0x0000000081800000|100%| O|  |TAMS 0x0000000081800000, 0x0000000081800000| Untracked 
|  24|0x0000000081800000, 0x0000000081900000, 0x0000000081900000|100%| O|  |TAMS 0x0000000081900000, 0x0000000081900000| Untracked 
|  25|0x0000000081900000, 0x0000000081a00000, 0x0000000081a00000|100%| O|  |TAMS 0x0000000081a00000, 0x0000000081a00000| Untracked 
|  26|0x0000000081a00000, 0x0000000081b00000, 0x0000000081b00000|100%| O|  |TAMS 0x0000000081b00000, 0x0000000081b00000| Untracked 
|  27|0x0000000081b00000, 0x0000000081c00000, 0x0000000081c00000|100%| O|  |TAMS 0x0000000081c00000, 0x0000000081c00000| Untracked 
|  28|0x0000000081c00000, 0x0000000081d00000, 0x0000000081d00000|100%|HS|  |TAMS 0x0000000081d00000, 0x0000000081d00000| Complete 
|  29|0x0000000081d00000, 0x0000000081e00000, 0x0000000081e00000|100%|HS|  |TAMS 0x0000000081e00000, 0x0000000081e00000| Complete 
|  30|0x0000000081e00000, 0x0000000081f00000, 0x0000000081f00000|100%|HC|  |TAMS 0x0000000081f00000, 0x0000000081f00000| Complete 
|  31|0x0000000081f00000, 0x0000000082000000, 0x0000000082000000|100%| O|  |TAMS 0x0000000082000000, 0x0000000082000000| Untracked 
|  32|0x0000000082000000, 0x0000000082100000, 0x0000000082100000|100%| O|  |TAMS 0x0000000082100000, 0x0000000082100000| Untracked 
|  33|0x0000000082100000, 0x0000000082200000, 0x0000000082200000|100%| O|  |TAMS 0x0000000082200000, 0x0000000082200000| Untracked 
|  34|0x0000000082200000, 0x0000000082300000, 0x0000000082300000|100%| O|  |TAMS 0x0000000082300000, 0x0000000082300000| Untracked 
|  35|0x0000000082300000, 0x0000000082400000, 0x0000000082400000|100%| O|  |TAMS 0x0000000082400000, 0x0000000082400000| Untracked 
|  36|0x0000000082400000, 0x0000000082500000, 0x0000000082500000|100%| O|  |TAMS 0x0000000082500000, 0x0000000082500000| Untracked 
|  37|0x0000000082500000, 0x0000000082600000, 0x0000000082600000|100%| O|  |TAMS 0x0000000082600000, 0x0000000082600000| Untracked 
|  38|0x0000000082600000, 0x0000000082700000, 0x0000000082700000|100%| O|  |TAMS 0x0000000082700000, 0x0000000082700000| Untracked 
|  39|0x0000000082700000, 0x0000000082800000, 0x0000000082800000|100%| O|  |TAMS 0x0000000082800000, 0x0000000082800000| Untracked 
|  40|0x0000000082800000, 0x0000000082900000, 0x0000000082900000|100%| O|  |TAMS 0x0000000082900000, 0x0000000082900000| Untracked 
|  41|0x0000000082900000, 0x0000000082a00000, 0x0000000082a00000|100%| O|  |TAMS 0x0000000082a00000, 0x0000000082a00000| Untracked 
|  42|0x0000000082a00000, 0x0000000082b00000, 0x0000000082b00000|100%| O|  |TAMS 0x0000000082ac3600, 0x0000000082b00000| Untracked 
|  43|0x0000000082b00000, 0x0000000082c00000, 0x0000000082c00000|100%| O|  |TAMS 0x0000000082b00000, 0x0000000082c00000| Untracked 
|  44|0x0000000082c00000, 0x0000000082d00000, 0x0000000082d00000|100%| O|  |TAMS 0x0000000082c00000, 0x0000000082d00000| Untracked 
|  45|0x0000000082d00000, 0x0000000082e00000, 0x0000000082e00000|100%| O|  |TAMS 0x0000000082d00000, 0x0000000082e00000| Untracked 
|  46|0x0000000082e00000, 0x0000000082f00000, 0x0000000082f00000|100%| O|  |TAMS 0x0000000082e00000, 0x0000000082f00000| Untracked 
|  47|0x0000000082f00000, 0x0000000083000000, 0x0000000083000000|100%| O|  |TAMS 0x0000000082f00000, 0x0000000083000000| Untracked 
|  48|0x0000000083000000, 0x0000000083100000, 0x0000000083100000|100%| O|  |TAMS 0x0000000083000000, 0x0000000083100000| Untracked 
|  49|0x0000000083100000, 0x0000000083200000, 0x0000000083200000|100%| O|  |TAMS 0x0000000083100000, 0x0000000083200000| Untracked 
|  50|0x0000000083200000, 0x0000000083300000, 0x0000000083300000|100%| O|  |TAMS 0x0000000083200000, 0x0000000083300000| Untracked 
|  51|0x0000000083300000, 0x0000000083400000, 0x0000000083400000|100%| O|  |TAMS 0x0000000083300000, 0x0000000083400000| Untracked 
|  52|0x0000000083400000, 0x0000000083500000, 0x0000000083500000|100%| O|  |TAMS 0x0000000083400000, 0x0000000083500000| Untracked 
|  53|0x0000000083500000, 0x0000000083600000, 0x0000000083600000|100%| O|  |TAMS 0x0000000083500000, 0x0000000083600000| Untracked 
|  54|0x0000000083600000, 0x0000000083700000, 0x0000000083700000|100%| O|  |TAMS 0x0000000083600000, 0x0000000083700000| Untracked 
|  55|0x0000000083700000, 0x0000000083800000, 0x0000000083800000|100%| O|  |TAMS 0x0000000083700000, 0x0000000083800000| Untracked 
|  56|0x0000000083800000, 0x0000000083900000, 0x0000000083900000|100%| O|  |TAMS 0x0000000083800000, 0x0000000083900000| Untracked 
|  57|0x0000000083900000, 0x0000000083a00000, 0x0000000083a00000|100%| O|  |TAMS 0x0000000083900000, 0x0000000083a00000| Untracked 
|  58|0x0000000083a00000, 0x0000000083b00000, 0x0000000083b00000|100%| O|  |TAMS 0x0000000083a00000, 0x0000000083b00000| Untracked 
|  59|0x0000000083b00000, 0x0000000083c00000, 0x0000000083c00000|100%| O|  |TAMS 0x0000000083b00000, 0x0000000083c00000| Untracked 
|  60|0x0000000083c00000, 0x0000000083d00000, 0x0000000083d00000|100%| O|  |TAMS 0x0000000083c00000, 0x0000000083d00000| Untracked 
|  61|0x0000000083d00000, 0x0000000083e00000, 0x0000000083e00000|100%| O|  |TAMS 0x0000000083d00000, 0x0000000083e00000| Untracked 
|  62|0x0000000083e00000, 0x0000000083f00000, 0x0000000083f00000|100%| O|  |TAMS 0x0000000083e00000, 0x0000000083f00000| Untracked 
|  63|0x0000000083f00000, 0x0000000084000000, 0x0000000084000000|100%| O|  |TAMS 0x0000000083f00000, 0x0000000084000000| Untracked 
|  64|0x0000000084000000, 0x0000000084100000, 0x0000000084100000|100%| O|  |TAMS 0x0000000084000000, 0x0000000084100000| Untracked 
|  65|0x0000000084100000, 0x0000000084200000, 0x0000000084200000|100%| O|  |TAMS 0x0000000084100000, 0x0000000084200000| Untracked 
|  66|0x0000000084200000, 0x0000000084200000, 0x0000000084300000|  0%| F|  |TAMS 0x0000000084200000, 0x0000000084200000| Untracked 
|  67|0x0000000084300000, 0x0000000084300000, 0x0000000084400000|  0%| F|  |TAMS 0x0000000084300000, 0x0000000084300000| Untracked 
|  68|0x0000000084400000, 0x0000000084500000, 0x0000000084500000|100%|HS|  |TAMS 0x0000000084400000, 0x0000000084500000| Complete 
|  69|0x0000000084500000, 0x0000000084600000, 0x0000000084600000|100%|HC|  |TAMS 0x0000000084500000, 0x0000000084600000| Complete 
|  70|0x0000000084600000, 0x0000000084700000, 0x0000000084700000|100%|HS|  |TAMS 0x0000000084600000, 0x0000000084700000| Complete 
|  71|0x0000000084700000, 0x0000000084800000, 0x0000000084800000|100%|HS|  |TAMS 0x0000000084700000, 0x0000000084800000| Complete 
|  72|0x0000000084800000, 0x0000000084900000, 0x0000000084900000|100%|HS|  |TAMS 0x0000000084800000, 0x0000000084900000| Complete 
|  73|0x0000000084900000, 0x0000000084a00000, 0x0000000084a00000|100%|HC|  |TAMS 0x0000000084900000, 0x0000000084a00000| Complete 
|  74|0x0000000084a00000, 0x0000000084b00000, 0x0000000084b00000|100%|HS|  |TAMS 0x0000000084a00000, 0x0000000084b00000| Complete 
|  75|0x0000000084b00000, 0x0000000084c00000, 0x0000000084c00000|100%|HC|  |TAMS 0x0000000084b00000, 0x0000000084c00000| Complete 
|  76|0x0000000084c00000, 0x0000000084d00000, 0x0000000084d00000|100%|HS|  |TAMS 0x0000000084c00000, 0x0000000084d00000| Complete 
|  77|0x0000000084d00000, 0x0000000084e00000, 0x0000000084e00000|100%|HC|  |TAMS 0x0000000084d00000, 0x0000000084e00000| Complete 
|  78|0x0000000084e00000, 0x0000000084f00000, 0x0000000084f00000|100%|HC|  |TAMS 0x0000000084e00000, 0x0000000084f00000| Complete 
|  79|0x0000000084f00000, 0x0000000084f00000, 0x0000000085000000|  0%| F|  |TAMS 0x0000000084f00000, 0x0000000084f00000| Untracked 
|  80|0x0000000085000000, 0x0000000085000000, 0x0000000085100000|  0%| F|  |TAMS 0x0000000085000000, 0x0000000085000000| Untracked 
|  81|0x0000000085100000, 0x0000000085100000, 0x0000000085200000|  0%| F|  |TAMS 0x0000000085100000, 0x0000000085100000| Untracked 
|  82|0x0000000085200000, 0x0000000085300000, 0x0000000085300000|100%|HS|  |TAMS 0x0000000085200000, 0x0000000085300000| Complete 
|  83|0x0000000085300000, 0x0000000085400000, 0x0000000085400000|100%|HC|  |TAMS 0x0000000085300000, 0x0000000085400000| Complete 
|  84|0x0000000085400000, 0x0000000085400000, 0x0000000085500000|  0%| F|  |TAMS 0x0000000085400000, 0x0000000085400000| Untracked 
|  85|0x0000000085500000, 0x0000000085600000, 0x0000000085600000|100%|HS|  |TAMS 0x0000000085500000, 0x0000000085600000| Complete 
|  86|0x0000000085600000, 0x0000000085600000, 0x0000000085700000|  0%| F|  |TAMS 0x0000000085600000, 0x0000000085600000| Untracked 
|  87|0x0000000085700000, 0x0000000085800000, 0x0000000085800000|100%|HS|  |TAMS 0x0000000085700000, 0x0000000085800000| Complete 
|  88|0x0000000085800000, 0x0000000085800000, 0x0000000085900000|  0%| F|  |TAMS 0x0000000085800000, 0x0000000085800000| Untracked 
|  89|0x0000000085900000, 0x0000000085900000, 0x0000000085a00000|  0%| F|  |TAMS 0x0000000085900000, 0x0000000085900000| Untracked 
|  90|0x0000000085a00000, 0x0000000085a00000, 0x0000000085b00000|  0%| F|  |TAMS 0x0000000085a00000, 0x0000000085a00000| Untracked 
|  91|0x0000000085b00000, 0x0000000085c00000, 0x0000000085c00000|100%|HS|  |TAMS 0x0000000085b00000, 0x0000000085c00000| Complete 
|  92|0x0000000085c00000, 0x0000000085d00000, 0x0000000085d00000|100%|HC|  |TAMS 0x0000000085c00000, 0x0000000085d00000| Complete 
|  93|0x0000000085d00000, 0x0000000085d00000, 0x0000000085e00000|  0%| F|  |TAMS 0x0000000085d00000, 0x0000000085d00000| Untracked 
|  94|0x0000000085e00000, 0x0000000085e00000, 0x0000000085f00000|  0%| F|  |TAMS 0x0000000085e00000, 0x0000000085e00000| Untracked 
|  95|0x0000000085f00000, 0x0000000085f00000, 0x0000000086000000|  0%| F|  |TAMS 0x0000000085f00000, 0x0000000085f00000| Untracked 
|  96|0x0000000086000000, 0x0000000086100000, 0x0000000086100000|100%|HS|  |TAMS 0x0000000086000000, 0x0000000086100000| Complete 
|  97|0x0000000086100000, 0x0000000086200000, 0x0000000086200000|100%|HC|  |TAMS 0x0000000086100000, 0x0000000086200000| Complete 
|  98|0x0000000086200000, 0x0000000086300000, 0x0000000086300000|100%|HS|  |TAMS 0x0000000086200000, 0x0000000086300000| Complete 
|  99|0x0000000086300000, 0x0000000086400000, 0x0000000086400000|100%| O|  |TAMS 0x0000000086300000, 0x0000000086400000| Untracked 
| 100|0x0000000086400000, 0x0000000086500000, 0x0000000086500000|100%| O|  |TAMS 0x0000000086400000, 0x0000000086500000| Untracked 
| 101|0x0000000086500000, 0x0000000086600000, 0x0000000086600000|100%| O|  |TAMS 0x0000000086500000, 0x0000000086600000| Untracked 
| 102|0x0000000086600000, 0x0000000086600000, 0x0000000086700000|  0%| F|  |TAMS 0x0000000086600000, 0x0000000086600000| Untracked 
| 103|0x0000000086700000, 0x0000000086700000, 0x0000000086800000|  0%| F|  |TAMS 0x0000000086700000, 0x0000000086700000| Untracked 
| 104|0x0000000086800000, 0x0000000086800000, 0x0000000086900000|  0%| F|  |TAMS 0x0000000086800000, 0x0000000086800000| Untracked 
| 105|0x0000000086900000, 0x0000000086900000, 0x0000000086a00000|  0%| F|  |TAMS 0x0000000086900000, 0x0000000086900000| Untracked 
| 106|0x0000000086a00000, 0x0000000086a00000, 0x0000000086b00000|  0%| F|  |TAMS 0x0000000086a00000, 0x0000000086a00000| Untracked 
| 107|0x0000000086b00000, 0x0000000086b00000, 0x0000000086c00000|  0%| F|  |TAMS 0x0000000086b00000, 0x0000000086b00000| Untracked 
| 108|0x0000000086c00000, 0x0000000086c00000, 0x0000000086d00000|  0%| F|  |TAMS 0x0000000086c00000, 0x0000000086c00000| Untracked 
| 109|0x0000000086d00000, 0x0000000086d00000, 0x0000000086e00000|  0%| F|  |TAMS 0x0000000086d00000, 0x0000000086d00000| Untracked 
| 110|0x0000000086e00000, 0x0000000086f00000, 0x0000000086f00000|100%| O|  |TAMS 0x0000000086e00000, 0x0000000086f00000| Untracked 
| 111|0x0000000086f00000, 0x0000000087000000, 0x0000000087000000|100%| O|  |TAMS 0x0000000086f00000, 0x0000000087000000| Untracked 
| 112|0x0000000087000000, 0x0000000087044c00, 0x0000000087100000| 26%| O|  |TAMS 0x0000000087000000, 0x0000000087044c00| Untracked 
| 113|0x0000000087100000, 0x0000000087100000, 0x0000000087200000|  0%| F|  |TAMS 0x0000000087100000, 0x0000000087100000| Untracked 
| 114|0x0000000087200000, 0x0000000087200000, 0x0000000087300000|  0%| F|  |TAMS 0x0000000087200000, 0x0000000087200000| Untracked 
| 115|0x0000000087300000, 0x0000000087300000, 0x0000000087400000|  0%| F|  |TAMS 0x0000000087300000, 0x0000000087300000| Untracked 
| 116|0x0000000087400000, 0x0000000087400000, 0x0000000087500000|  0%| F|  |TAMS 0x0000000087400000, 0x0000000087400000| Untracked 
| 117|0x0000000087500000, 0x0000000087500000, 0x0000000087600000|  0%| F|  |TAMS 0x0000000087500000, 0x0000000087500000| Untracked 
| 118|0x0000000087600000, 0x0000000087600000, 0x0000000087700000|  0%| F|  |TAMS 0x0000000087600000, 0x0000000087600000| Untracked 
| 119|0x0000000087700000, 0x0000000087700000, 0x0000000087800000|  0%| F|  |TAMS 0x0000000087700000, 0x0000000087700000| Untracked 
| 120|0x0000000087800000, 0x0000000087800000, 0x0000000087900000|  0%| F|  |TAMS 0x0000000087800000, 0x0000000087800000| Untracked 
| 121|0x0000000087900000, 0x0000000087900000, 0x0000000087a00000|  0%| F|  |TAMS 0x0000000087900000, 0x0000000087900000| Untracked 
| 122|0x0000000087a00000, 0x0000000087a00000, 0x0000000087b00000|  0%| F|  |TAMS 0x0000000087a00000, 0x0000000087a00000| Untracked 
| 123|0x0000000087b00000, 0x0000000087b00000, 0x0000000087c00000|  0%| F|  |TAMS 0x0000000087b00000, 0x0000000087b00000| Untracked 
| 124|0x0000000087c00000, 0x0000000087c00000, 0x0000000087d00000|  0%| F|  |TAMS 0x0000000087c00000, 0x0000000087c00000| Untracked 
| 125|0x0000000087d00000, 0x0000000087d00000, 0x0000000087e00000|  0%| F|  |TAMS 0x0000000087d00000, 0x0000000087d00000| Untracked 
| 126|0x0000000087e00000, 0x0000000087e00000, 0x0000000087f00000|  0%| F|  |TAMS 0x0000000087e00000, 0x0000000087e00000| Untracked 
| 127|0x0000000087f00000, 0x0000000087f00000, 0x0000000088000000|  0%| F|  |TAMS 0x0000000087f00000, 0x0000000087f00000| Untracked 
| 128|0x0000000088000000, 0x0000000088000000, 0x0000000088100000|  0%| F|  |TAMS 0x0000000088000000, 0x0000000088000000| Untracked 
| 129|0x0000000088100000, 0x0000000088100000, 0x0000000088200000|  0%| F|  |TAMS 0x0000000088100000, 0x0000000088100000| Untracked 
| 130|0x0000000088200000, 0x0000000088280000, 0x0000000088300000| 50%| S|CS|TAMS 0x0000000088200000, 0x0000000088200000| Complete 
| 131|0x0000000088300000, 0x0000000088400000, 0x0000000088400000|100%| S|CS|TAMS 0x0000000088300000, 0x0000000088300000| Complete 
| 132|0x0000000088400000, 0x0000000088500000, 0x0000000088500000|100%| S|CS|TAMS 0x0000000088400000, 0x0000000088400000| Complete 
| 133|0x0000000088500000, 0x0000000088600000, 0x0000000088600000|100%| S|CS|TAMS 0x0000000088500000, 0x0000000088500000| Complete 
| 134|0x0000000088600000, 0x0000000088700000, 0x0000000088700000|100%| S|CS|TAMS 0x0000000088600000, 0x0000000088600000| Complete 
| 135|0x0000000088700000, 0x0000000088800000, 0x0000000088800000|100%| S|CS|TAMS 0x0000000088700000, 0x0000000088700000| Complete 
| 136|0x0000000088800000, 0x0000000088900000, 0x0000000088900000|100%| S|CS|TAMS 0x0000000088800000, 0x0000000088800000| Complete 
| 137|0x0000000088900000, 0x0000000088a00000, 0x0000000088a00000|100%| S|CS|TAMS 0x0000000088900000, 0x0000000088900000| Complete 
| 138|0x0000000088a00000, 0x0000000088b00000, 0x0000000088b00000|100%| S|CS|TAMS 0x0000000088a00000, 0x0000000088a00000| Complete 
| 139|0x0000000088b00000, 0x0000000088c00000, 0x0000000088c00000|100%| S|CS|TAMS 0x0000000088b00000, 0x0000000088b00000| Complete 
| 140|0x0000000088c00000, 0x0000000088d00000, 0x0000000088d00000|100%| S|CS|TAMS 0x0000000088c00000, 0x0000000088c00000| Complete 
| 141|0x0000000088d00000, 0x0000000088e00000, 0x0000000088e00000|100%| S|CS|TAMS 0x0000000088d00000, 0x0000000088d00000| Complete 
| 142|0x0000000088e00000, 0x0000000088f00000, 0x0000000088f00000|100%| S|CS|TAMS 0x0000000088e00000, 0x0000000088e00000| Complete 
| 143|0x0000000088f00000, 0x0000000088f00000, 0x0000000089000000|  0%| F|  |TAMS 0x0000000088f00000, 0x0000000088f00000| Untracked 
| 144|0x0000000089000000, 0x0000000089000000, 0x0000000089100000|  0%| F|  |TAMS 0x0000000089000000, 0x0000000089000000| Untracked 
| 145|0x0000000089100000, 0x0000000089100000, 0x0000000089200000|  0%| F|  |TAMS 0x0000000089100000, 0x0000000089100000| Untracked 
| 146|0x0000000089200000, 0x0000000089200000, 0x0000000089300000|  0%| F|  |TAMS 0x0000000089200000, 0x0000000089200000| Untracked 
| 147|0x0000000089300000, 0x0000000089300000, 0x0000000089400000|  0%| F|  |TAMS 0x0000000089300000, 0x0000000089300000| Untracked 
| 148|0x0000000089400000, 0x0000000089400000, 0x0000000089500000|  0%| F|  |TAMS 0x0000000089400000, 0x0000000089400000| Untracked 
| 149|0x0000000089500000, 0x0000000089500000, 0x0000000089600000|  0%| F|  |TAMS 0x0000000089500000, 0x0000000089500000| Untracked 
| 150|0x0000000089600000, 0x0000000089600000, 0x0000000089700000|  0%| F|  |TAMS 0x0000000089600000, 0x0000000089600000| Untracked 
| 151|0x0000000089700000, 0x0000000089700000, 0x0000000089800000|  0%| F|  |TAMS 0x0000000089700000, 0x0000000089700000| Untracked 
| 152|0x0000000089800000, 0x0000000089800000, 0x0000000089900000|  0%| F|  |TAMS 0x0000000089800000, 0x0000000089800000| Untracked 
| 153|0x0000000089900000, 0x0000000089900000, 0x0000000089a00000|  0%| F|  |TAMS 0x0000000089900000, 0x0000000089900000| Untracked 
| 154|0x0000000089a00000, 0x0000000089a00000, 0x0000000089b00000|  0%| F|  |TAMS 0x0000000089a00000, 0x0000000089a00000| Untracked 
| 155|0x0000000089b00000, 0x0000000089b00000, 0x0000000089c00000|  0%| F|  |TAMS 0x0000000089b00000, 0x0000000089b00000| Untracked 
| 156|0x0000000089c00000, 0x0000000089c00000, 0x0000000089d00000|  0%| F|  |TAMS 0x0000000089c00000, 0x0000000089c00000| Untracked 
| 157|0x0000000089d00000, 0x0000000089d00000, 0x0000000089e00000|  0%| F|  |TAMS 0x0000000089d00000, 0x0000000089d00000| Untracked 
| 158|0x0000000089e00000, 0x0000000089e00000, 0x0000000089f00000|  0%| F|  |TAMS 0x0000000089e00000, 0x0000000089e00000| Untracked 
| 159|0x0000000089f00000, 0x0000000089f00000, 0x000000008a000000|  0%| F|  |TAMS 0x0000000089f00000, 0x0000000089f00000| Untracked 
| 160|0x000000008a000000, 0x000000008a000000, 0x000000008a100000|  0%| F|  |TAMS 0x000000008a000000, 0x000000008a000000| Untracked 
| 161|0x000000008a100000, 0x000000008a100000, 0x000000008a200000|  0%| F|  |TAMS 0x000000008a100000, 0x000000008a100000| Untracked 
| 162|0x000000008a200000, 0x000000008a200000, 0x000000008a300000|  0%| F|  |TAMS 0x000000008a200000, 0x000000008a200000| Untracked 
| 163|0x000000008a300000, 0x000000008a300000, 0x000000008a400000|  0%| F|  |TAMS 0x000000008a300000, 0x000000008a300000| Untracked 
| 164|0x000000008a400000, 0x000000008a400000, 0x000000008a500000|  0%| F|  |TAMS 0x000000008a400000, 0x000000008a400000| Untracked 
| 165|0x000000008a500000, 0x000000008a500000, 0x000000008a600000|  0%| F|  |TAMS 0x000000008a500000, 0x000000008a500000| Untracked 
| 166|0x000000008a600000, 0x000000008a600000, 0x000000008a700000|  0%| F|  |TAMS 0x000000008a600000, 0x000000008a600000| Untracked 
| 167|0x000000008a700000, 0x000000008a700000, 0x000000008a800000|  0%| F|  |TAMS 0x000000008a700000, 0x000000008a700000| Untracked 
| 168|0x000000008a800000, 0x000000008a800000, 0x000000008a900000|  0%| F|  |TAMS 0x000000008a800000, 0x000000008a800000| Untracked 
| 169|0x000000008a900000, 0x000000008a900000, 0x000000008aa00000|  0%| F|  |TAMS 0x000000008a900000, 0x000000008a900000| Untracked 
| 170|0x000000008aa00000, 0x000000008aa00000, 0x000000008ab00000|  0%| F|  |TAMS 0x000000008aa00000, 0x000000008aa00000| Untracked 
| 171|0x000000008ab00000, 0x000000008ab00000, 0x000000008ac00000|  0%| F|  |TAMS 0x000000008ab00000, 0x000000008ab00000| Untracked 
| 172|0x000000008ac00000, 0x000000008ac00000, 0x000000008ad00000|  0%| F|  |TAMS 0x000000008ac00000, 0x000000008ac00000| Untracked 
| 173|0x000000008ad00000, 0x000000008ad00000, 0x000000008ae00000|  0%| F|  |TAMS 0x000000008ad00000, 0x000000008ad00000| Untracked 
| 174|0x000000008ae00000, 0x000000008ae00000, 0x000000008af00000|  0%| F|  |TAMS 0x000000008ae00000, 0x000000008ae00000| Untracked 
| 175|0x000000008af00000, 0x000000008af00000, 0x000000008b000000|  0%| F|  |TAMS 0x000000008af00000, 0x000000008af00000| Untracked 
| 176|0x000000008b000000, 0x000000008b000000, 0x000000008b100000|  0%| F|  |TAMS 0x000000008b000000, 0x000000008b000000| Untracked 
| 177|0x000000008b100000, 0x000000008b100000, 0x000000008b200000|  0%| F|  |TAMS 0x000000008b100000, 0x000000008b100000| Untracked 
| 178|0x000000008b200000, 0x000000008b200000, 0x000000008b300000|  0%| F|  |TAMS 0x000000008b200000, 0x000000008b200000| Untracked 
| 179|0x000000008b300000, 0x000000008b300000, 0x000000008b400000|  0%| F|  |TAMS 0x000000008b300000, 0x000000008b300000| Untracked 
| 180|0x000000008b400000, 0x000000008b400000, 0x000000008b500000|  0%| F|  |TAMS 0x000000008b400000, 0x000000008b400000| Untracked 
| 181|0x000000008b500000, 0x000000008b500000, 0x000000008b600000|  0%| F|  |TAMS 0x000000008b500000, 0x000000008b500000| Untracked 
| 182|0x000000008b600000, 0x000000008b600000, 0x000000008b700000|  0%| F|  |TAMS 0x000000008b600000, 0x000000008b600000| Untracked 
| 183|0x000000008b700000, 0x000000008b700000, 0x000000008b800000|  0%| F|  |TAMS 0x000000008b700000, 0x000000008b700000| Untracked 
| 184|0x000000008b800000, 0x000000008b800000, 0x000000008b900000|  0%| F|  |TAMS 0x000000008b800000, 0x000000008b800000| Untracked 
| 185|0x000000008b900000, 0x000000008b900000, 0x000000008ba00000|  0%| F|  |TAMS 0x000000008b900000, 0x000000008b900000| Untracked 
| 186|0x000000008ba00000, 0x000000008ba00000, 0x000000008bb00000|  0%| F|  |TAMS 0x000000008ba00000, 0x000000008ba00000| Untracked 
| 187|0x000000008bb00000, 0x000000008bb00000, 0x000000008bc00000|  0%| F|  |TAMS 0x000000008bb00000, 0x000000008bb00000| Untracked 
| 188|0x000000008bc00000, 0x000000008bc00000, 0x000000008bd00000|  0%| F|  |TAMS 0x000000008bc00000, 0x000000008bc00000| Untracked 
| 189|0x000000008bd00000, 0x000000008bd00000, 0x000000008be00000|  0%| F|  |TAMS 0x000000008bd00000, 0x000000008bd00000| Untracked 
| 190|0x000000008be00000, 0x000000008be00000, 0x000000008bf00000|  0%| F|  |TAMS 0x000000008be00000, 0x000000008be00000| Untracked 
| 191|0x000000008bf00000, 0x000000008bf00000, 0x000000008c000000|  0%| F|  |TAMS 0x000000008bf00000, 0x000000008bf00000| Untracked 
| 192|0x000000008c000000, 0x000000008c000000, 0x000000008c100000|  0%| F|  |TAMS 0x000000008c000000, 0x000000008c000000| Untracked 
| 193|0x000000008c100000, 0x000000008c100000, 0x000000008c200000|  0%| F|  |TAMS 0x000000008c100000, 0x000000008c100000| Untracked 
| 194|0x000000008c200000, 0x000000008c200000, 0x000000008c300000|  0%| F|  |TAMS 0x000000008c200000, 0x000000008c200000| Untracked 
| 195|0x000000008c300000, 0x000000008c300000, 0x000000008c400000|  0%| F|  |TAMS 0x000000008c300000, 0x000000008c300000| Untracked 
| 196|0x000000008c400000, 0x000000008c400000, 0x000000008c500000|  0%| F|  |TAMS 0x000000008c400000, 0x000000008c400000| Untracked 
| 197|0x000000008c500000, 0x000000008c500000, 0x000000008c600000|  0%| F|  |TAMS 0x000000008c500000, 0x000000008c500000| Untracked 
| 198|0x000000008c600000, 0x000000008c600000, 0x000000008c700000|  0%| F|  |TAMS 0x000000008c600000, 0x000000008c600000| Untracked 
| 199|0x000000008c700000, 0x000000008c700000, 0x000000008c800000|  0%| F|  |TAMS 0x000000008c700000, 0x000000008c700000| Untracked 
| 200|0x000000008c800000, 0x000000008c800000, 0x000000008c900000|  0%| F|  |TAMS 0x000000008c800000, 0x000000008c800000| Untracked 
| 201|0x000000008c900000, 0x000000008c900000, 0x000000008ca00000|  0%| F|  |TAMS 0x000000008c900000, 0x000000008c900000| Untracked 
| 202|0x000000008ca00000, 0x000000008ca00000, 0x000000008cb00000|  0%| F|  |TAMS 0x000000008ca00000, 0x000000008ca00000| Untracked 
| 203|0x000000008cb00000, 0x000000008cb00000, 0x000000008cc00000|  0%| F|  |TAMS 0x000000008cb00000, 0x000000008cb00000| Untracked 
| 204|0x000000008cc00000, 0x000000008cc00000, 0x000000008cd00000|  0%| F|  |TAMS 0x000000008cc00000, 0x000000008cc00000| Untracked 
| 205|0x000000008cd00000, 0x000000008cd00000, 0x000000008ce00000|  0%| F|  |TAMS 0x000000008cd00000, 0x000000008cd00000| Untracked 
| 206|0x000000008ce00000, 0x000000008ce00000, 0x000000008cf00000|  0%| F|  |TAMS 0x000000008ce00000, 0x000000008ce00000| Untracked 
| 207|0x000000008cf00000, 0x000000008cf00000, 0x000000008d000000|  0%| F|  |TAMS 0x000000008cf00000, 0x000000008cf00000| Untracked 
| 208|0x000000008d000000, 0x000000008d000000, 0x000000008d100000|  0%| F|  |TAMS 0x000000008d000000, 0x000000008d000000| Untracked 
| 209|0x000000008d100000, 0x000000008d100000, 0x000000008d200000|  0%| F|  |TAMS 0x000000008d100000, 0x000000008d100000| Untracked 
| 210|0x000000008d200000, 0x000000008d200000, 0x000000008d300000|  0%| F|  |TAMS 0x000000008d200000, 0x000000008d200000| Untracked 
| 211|0x000000008d300000, 0x000000008d300000, 0x000000008d400000|  0%| F|  |TAMS 0x000000008d300000, 0x000000008d300000| Untracked 
| 212|0x000000008d400000, 0x000000008d400000, 0x000000008d500000|  0%| F|  |TAMS 0x000000008d400000, 0x000000008d400000| Untracked 
| 213|0x000000008d500000, 0x000000008d500000, 0x000000008d600000|  0%| F|  |TAMS 0x000000008d500000, 0x000000008d500000| Untracked 
| 214|0x000000008d600000, 0x000000008d600000, 0x000000008d700000|  0%| F|  |TAMS 0x000000008d600000, 0x000000008d600000| Untracked 
| 215|0x000000008d700000, 0x000000008d700000, 0x000000008d800000|  0%| F|  |TAMS 0x000000008d700000, 0x000000008d700000| Untracked 
| 216|0x000000008d800000, 0x000000008d800000, 0x000000008d900000|  0%| F|  |TAMS 0x000000008d800000, 0x000000008d800000| Untracked 
| 217|0x000000008d900000, 0x000000008d900000, 0x000000008da00000|  0%| F|  |TAMS 0x000000008d900000, 0x000000008d900000| Untracked 
| 218|0x000000008da00000, 0x000000008da00000, 0x000000008db00000|  0%| F|  |TAMS 0x000000008da00000, 0x000000008da00000| Untracked 
| 219|0x000000008db00000, 0x000000008db00000, 0x000000008dc00000|  0%| F|  |TAMS 0x000000008db00000, 0x000000008db00000| Untracked 
| 220|0x000000008dc00000, 0x000000008dc00000, 0x000000008dd00000|  0%| F|  |TAMS 0x000000008dc00000, 0x000000008dc00000| Untracked 
| 221|0x000000008dd00000, 0x000000008dd00000, 0x000000008de00000|  0%| F|  |TAMS 0x000000008dd00000, 0x000000008dd00000| Untracked 

Card table byte_map: [0x000001f463c80000,0x000001f464080000] _byte_map_base: 0x000001f463880000

Marking Bits (Prev, Next): (CMBitMap*) 0x000001f450db0310, (CMBitMap*) 0x000001f450db02d8
 Prev Bits: [0x000001f466480000, 0x000001f468480000)
 Next Bits: [0x000001f464480000, 0x000001f466480000)

Polling page: 0x000001f44ec00000

Metaspace:

Usage:
  Non-class:     82.72 MB capacity,    81.29 MB ( 98%) used,     1.16 MB (  1%) free+waste,   275.19 KB ( <1%) overhead. 
      Class:     12.88 MB capacity,    12.05 MB ( 94%) used,   727.54 KB (  6%) free+waste,   123.25 KB ( <1%) overhead. 
       Both:     95.61 MB capacity,    93.35 MB ( 98%) used,     1.87 MB (  2%) free+waste,   398.44 KB ( <1%) overhead. 

Virtual space:
  Non-class space:       84.00 MB reserved,      82.95 MB ( 99%) committed 
      Class space:        1.00 GB reserved,      13.00 MB (  1%) committed 
             Both:        1.08 GB reserved,      95.95 MB (  9%) committed 

Chunk freelists:
   Non-Class:  38.00 KB
       Class:  0 bytes
        Both:  38.00 KB

MaxMetaspaceSize: 17179869184.00 GB
CompressedClassSpaceSize: 1.00 GB
Initial GC threshold: 20.80 MB
Current GC threshold: 98.67 MB
CDS: off

CodeHeap 'non-profiled nmethods': size=120064Kb used=6258Kb max_used=6258Kb free=113805Kb
 bounds [0x000001f45c340000, 0x000001f45c960000, 0x000001f463880000]
CodeHeap 'profiled nmethods': size=120000Kb used=23235Kb max_used=23235Kb free=96764Kb
 bounds [0x000001f454e10000, 0x000001f4564d0000, 0x000001f45c340000]
CodeHeap 'non-nmethods': size=5696Kb used=2401Kb max_used=2438Kb free=3294Kb
 bounds [0x000001f454880000, 0x000001f454af0000, 0x000001f454e10000]
 total_blobs=12337 nmethods=11419 adapters=830
 compilation: enabled
              stopped_count=0, restarted_count=0
 full_count=0

Compilation events (20 events):
Event: 15.578 Thread 0x000001f46b1df800 11532       3       com.android.tools.r8.internal.gc::g (8 bytes)
Event: 15.578 Thread 0x000001f46b1df800 nmethod 11532 0x000001f4564bd310 code [0x000001f4564bd4c0, 0x000001f4564bd688]
Event: 15.578 Thread 0x000001f46b440000 11533       4       com.android.tools.r8.dex.c::d (31 bytes)
Event: 15.580 Thread 0x000001f46b440000 nmethod 11533 0x000001f45c95c490 code [0x000001f45c95c620, 0x000001f45c95c738]
Event: 15.580 Thread 0x000001f46b1df800 11534       3       com.android.tools.r8.dex.c::f (34 bytes)
Event: 15.581 Thread 0x000001f46b1df800 nmethod 11534 0x000001f4564bd790 code [0x000001f4564bd960, 0x000001f4564bdba8]
Event: 15.581 Thread 0x000001f46b1df800 11535       3       com.android.tools.r8.internal.gc::h (8 bytes)
Event: 15.581 Thread 0x000001f46b1df800 nmethod 11535 0x000001f4564bdc90 code [0x000001f4564bde40, 0x000001f4564be008]
Event: 15.581 Thread 0x000001f46b1df800 11536       3       com.android.tools.r8.internal.gc::e (8 bytes)
Event: 15.581 Thread 0x000001f46b1df800 nmethod 11536 0x000001f4564be110 code [0x000001f4564be2c0, 0x000001f4564be3d8]
Event: 15.581 Thread 0x000001f46b1df800 11537       3       com.android.tools.r8.internal.ag::<init> (42 bytes)
Event: 15.581 Thread 0x000001f46b1df800 nmethod 11537 0x000001f4564be490 code [0x000001f4564be640, 0x000001f4564be7b8]
Event: 15.584 Thread 0x000001f46b1df800 11538       3       java.nio.HeapByteBuffer::get (15 bytes)
Event: 15.584 Thread 0x000001f46b1df800 nmethod 11538 0x000001f4564be890 code [0x000001f4564bea60, 0x000001f4564bec38]
Event: 15.584 Thread 0x000001f46b1df800 11539       3       com.android.tools.r8.internal.gc::a (9 bytes)
Event: 15.584 Thread 0x000001f46b1df800 nmethod 11539 0x000001f4564bed90 code [0x000001f4564bef40, 0x000001f4564bf108]
Event: 15.584 Thread 0x000001f46b1df800 11540 %     3       com.android.tools.r8.dex.j::k @ 35 (63 bytes)
Event: 15.585 Thread 0x000001f46b1df800 nmethod 11540% 0x000001f4564bf210 code [0x000001f4564bf440, 0x000001f4564bfc08]
Event: 15.585 Thread 0x000001f46b1df800 11541       3       com.android.tools.r8.dex.j::k (63 bytes)
Event: 15.586 Thread 0x000001f46b1df800 nmethod 11541 0x000001f4564bff90 code [0x000001f4564c01c0, 0x000001f4564c0908]

GC Heap History (20 events):
Event: 3.286 GC heap after
{Heap after GC invocations=8 (full 0):
 garbage-first heap   total 157696K, used 22541K [0x0000000080000000, 0x0000000100000000)
  region size 1024K, 6 young (6144K), 6 survivors (6144K)
 Metaspace       used 34894K, capacity 35723K, committed 35840K, reserved 1081344K
  class space    used 4532K, capacity 4839K, committed 4864K, reserved 1048576K
}
Event: 4.057 GC heap before
{Heap before GC invocations=9 (full 0):
 garbage-first heap   total 157696K, used 93197K [0x0000000080000000, 0x0000000100000000)
  region size 1024K, 73 young (74752K), 6 survivors (6144K)
 Metaspace       used 40360K, capacity 41293K, committed 41548K, reserved 1085440K
  class space    used 5161K, capacity 5476K, committed 5504K, reserved 1048576K
}
Event: 4.070 GC heap after
{Heap after GC invocations=10 (full 0):
 garbage-first heap   total 157696K, used 28187K [0x0000000080000000, 0x0000000100000000)
  region size 1024K, 9 young (9216K), 9 survivors (9216K)
 Metaspace       used 40360K, capacity 41293K, committed 41548K, reserved 1085440K
  class space    used 5161K, capacity 5476K, committed 5504K, reserved 1048576K
}
Event: 4.804 GC heap before
{Heap before GC invocations=10 (full 0):
 garbage-first heap   total 157696K, used 99867K [0x0000000080000000, 0x0000000100000000)
  region size 1024K, 79 young (80896K), 9 survivors (9216K)
 Metaspace       used 46539K, capacity 47631K, committed 47948K, reserved 1091584K
  class space    used 6008K, capacity 6408K, committed 6528K, reserved 1048576K
}
Event: 4.817 GC heap after
{Heap after GC invocations=11 (full 0):
 garbage-first heap   total 189440K, used 29764K [0x0000000080000000, 0x0000000100000000)
  region size 1024K, 3 young (3072K), 3 survivors (3072K)
 Metaspace       used 46539K, capacity 47631K, committed 47948K, reserved 1091584K
  class space    used 6008K, capacity 6408K, committed 6528K, reserved 1048576K
}
Event: 6.187 GC heap before
{Heap before GC invocations=11 (full 0):
 garbage-first heap   total 189440K, used 138308K [0x0000000080000000, 0x0000000100000000)
  region size 1024K, 106 young (108544K), 3 survivors (3072K)
 Metaspace       used 54698K, capacity 56031K, committed 56140K, reserved 1097728K
  class space    used 7023K, capacity 7528K, committed 7552K, reserved 1048576K
}
Event: 6.198 GC heap after
{Heap after GC invocations=12 (full 0):
 garbage-first heap   total 189440K, used 43902K [0x0000000080000000, 0x0000000100000000)
  region size 1024K, 13 young (13312K), 13 survivors (13312K)
 Metaspace       used 54698K, capacity 56031K, committed 56140K, reserved 1097728K
  class space    used 7023K, capacity 7528K, committed 7552K, reserved 1048576K
}
Event: 6.499 GC heap before
{Heap before GC invocations=12 (full 0):
 garbage-first heap   total 189440K, used 68478K [0x0000000080000000, 0x0000000100000000)
  region size 1024K, 38 young (38912K), 13 survivors (13312K)
 Metaspace       used 58711K, capacity 60129K, committed 60236K, reserved 1101824K
  class space    used 7433K, capacity 7974K, committed 8064K, reserved 1048576K
}
Event: 6.520 GC heap after
{Heap after GC invocations=13 (full 0):
 garbage-first heap   total 189440K, used 45593K [0x0000000080000000, 0x0000000100000000)
  region size 1024K, 2 young (2048K), 2 survivors (2048K)
 Metaspace       used 58711K, capacity 60129K, committed 60236K, reserved 1101824K
  class space    used 7433K, capacity 7974K, committed 8064K, reserved 1048576K
}
Event: 7.638 GC heap before
{Heap before GC invocations=14 (full 0):
 garbage-first heap   total 189440K, used 143897K [0x0000000080000000, 0x0000000100000000)
  region size 1024K, 98 young (100352K), 2 survivors (2048K)
 Metaspace       used 66323K, capacity 67909K, committed 68172K, reserved 1107968K
  class space    used 8426K, capacity 8997K, committed 9088K, reserved 1048576K
}
Event: 7.650 GC heap after
{Heap after GC invocations=15 (full 0):
 garbage-first heap   total 189440K, used 52519K [0x0000000080000000, 0x0000000100000000)
  region size 1024K, 9 young (9216K), 9 survivors (9216K)
 Metaspace       used 66323K, capacity 67909K, committed 68172K, reserved 1107968K
  class space    used 8426K, capacity 8997K, committed 9088K, reserved 1048576K
}
Event: 8.781 GC heap before
{Heap before GC invocations=15 (full 0):
 garbage-first heap   total 189440K, used 145703K [0x0000000080000000, 0x0000000100000000)
  region size 1024K, 100 young (102400K), 9 survivors (9216K)
 Metaspace       used 74765K, capacity 76500K, committed 76748K, reserved 1116160K
  class space    used 9723K, capacity 10384K, committed 10496K, reserved 1048576K
}
Event: 8.799 GC heap after
{Heap after GC invocations=16 (full 0):
 garbage-first heap   total 227328K, used 58667K [0x0000000080000000, 0x0000000100000000)
  region size 1024K, 7 young (7168K), 7 survivors (7168K)
 Metaspace       used 74765K, capacity 76500K, committed 76748K, reserved 1116160K
  class space    used 9723K, capacity 10384K, committed 10496K, reserved 1048576K
}
Event: 10.431 GC heap before
{Heap before GC invocations=16 (full 0):
 garbage-first heap   total 227328K, used 172331K [0x0000000080000000, 0x0000000100000000)
  region size 1024K, 119 young (121856K), 7 survivors (7168K)
 Metaspace       used 83904K, capacity 86055K, committed 86220K, reserved 1124352K
  class space    used 10905K, capacity 11712K, committed 11776K, reserved 1048576K
}
Event: 10.454 GC heap after
{Heap after GC invocations=17 (full 0):
 garbage-first heap   total 227328K, used 67540K [0x0000000080000000, 0x0000000100000000)
  region size 1024K, 15 young (15360K), 15 survivors (15360K)
 Metaspace       used 83904K, capacity 86055K, committed 86220K, reserved 1124352K
  class space    used 10905K, capacity 11712K, committed 11776K, reserved 1048576K
}
Event: 12.199 GC heap before
{Heap before GC invocations=17 (full 0):
 garbage-first heap   total 227328K, used 176084K [0x0000000080000000, 0x0000000100000000)
  region size 1024K, 122 young (124928K), 15 survivors (15360K)
 Metaspace       used 89431K, capacity 91584K, committed 91724K, reserved 1128448K
  class space    used 11581K, capacity 12389K, committed 12416K, reserved 1048576K
}
Event: 12.225 GC heap after
{Heap after GC invocations=18 (full 0):
 garbage-first heap   total 227328K, used 74403K [0x0000000080000000, 0x0000000100000000)
  region size 1024K, 8 young (8192K), 8 survivors (8192K)
 Metaspace       used 89431K, capacity 91584K, committed 91724K, reserved 1128448K
  class space    used 11581K, capacity 12389K, committed 12416K, reserved 1048576K
}
Event: 13.455 GC heap before
{Heap before GC invocations=18 (full 0):
 garbage-first heap   total 227328K, used 177827K [0x0000000080000000, 0x0000000100000000)
  region size 1024K, 110 young (112640K), 8 survivors (8192K)
 Metaspace       used 91117K, capacity 93273K, committed 93516K, reserved 1130496K
  class space    used 11780K, capacity 12577K, committed 12672K, reserved 1048576K
}
Event: 13.479 GC heap after
{Heap after GC invocations=19 (full 0):
 garbage-first heap   total 227328K, used 80035K [0x0000000080000000, 0x0000000100000000)
  region size 1024K, 13 young (13312K), 13 survivors (13312K)
 Metaspace       used 91117K, capacity 93273K, committed 93516K, reserved 1130496K
  class space    used 11780K, capacity 12577K, committed 12672K, reserved 1048576K
}
Event: 15.586 GC heap before
{Heap before GC invocations=19 (full 0):
 garbage-first heap   total 227328K, used 192675K [0x0000000080000000, 0x0000000100000000)
  region size 1024K, 92 young (94208K), 13 survivors (13312K)
 Metaspace       used 95587K, capacity 97902K, committed 98252K, reserved 1134592K
  class space    used 12341K, capacity 13192K, committed 13312K, reserved 1048576K
}

Deoptimization events (20 events):
Event: 15.238 Thread 0x000001f4729cd000 Uncommon trap: trap_request=0xffffff4d fr.pc=0x000001f45c3765c0 relative=0x00000000000007e0
Event: 15.238 Thread 0x000001f4729cd000 Uncommon trap: reason=unstable_if action=reinterpret pc=0x000001f45c3765c0 method=java.util.zip.ZipFile$Source.getEntryPos([BZ)I @ 105 c2
Event: 15.238 Thread 0x000001f4729cd000 DEOPT PACKING pc=0x000001f45c3765c0 sp=0x000000d592cfa090
Event: 15.238 Thread 0x000001f4729cd000 DEOPT UNPACKING pc=0x000001f4548ca1af sp=0x000000d592cfa030 mode 2
Event: 15.352 Thread 0x000001f4729cd000 Uncommon trap: trap_request=0xffffff4d fr.pc=0x000001f45c77bf5c relative=0x00000000000002fc
Event: 15.352 Thread 0x000001f4729cd000 Uncommon trap: reason=unstable_if action=reinterpret pc=0x000001f45c77bf5c method=com.google.common.collect.MapMakerInternalMap$Segment.getEntry(Ljava/lang/Object;I)Lcom/google/common/collect/MapMakerInternalMap$InternalEntry; @ 63 c2
Event: 15.352 Thread 0x000001f4729cd000 DEOPT PACKING pc=0x000001f45c77bf5c sp=0x000000d592cfb9d0
Event: 15.352 Thread 0x000001f4729cd000 DEOPT UNPACKING pc=0x000001f4548ca1af sp=0x000000d592cfb988 mode 2
Event: 15.353 Thread 0x000001f4729cd000 Uncommon trap: trap_request=0xffffff4d fr.pc=0x000001f45c7abc74 relative=0x00000000000019b4
Event: 15.353 Thread 0x000001f4729cd000 Uncommon trap: reason=unstable_if action=reinterpret pc=0x000001f45c7abc74 method=com.google.common.collect.MapMakerInternalMap$Segment.put(Ljava/lang/Object;ILjava/lang/Object;Z)Ljava/lang/Object; @ 92 c2
Event: 15.353 Thread 0x000001f4729cd000 DEOPT PACKING pc=0x000001f45c7abc74 sp=0x000000d592cfba70
Event: 15.353 Thread 0x000001f4729cd000 DEOPT UNPACKING pc=0x000001f4548ca1af sp=0x000000d592cfba18 mode 2
Event: 15.386 Thread 0x000001f4729cd000 Uncommon trap: trap_request=0xffffff4d fr.pc=0x000001f45c952010 relative=0x00000000000009d0
Event: 15.386 Thread 0x000001f4729cd000 Uncommon trap: reason=unstable_if action=reinterpret pc=0x000001f45c952010 method=com.google.common.collect.MapMakerInternalMap$Segment.getEntry(Ljava/lang/Object;I)Lcom/google/common/collect/MapMakerInternalMap$InternalEntry; @ 63 c2
Event: 15.386 Thread 0x000001f4729cd000 DEOPT PACKING pc=0x000001f45c952010 sp=0x000000d592cfbf70
Event: 15.386 Thread 0x000001f4729cd000 DEOPT UNPACKING pc=0x000001f4548ca1af sp=0x000000d592cfbd50 mode 2
Event: 15.420 Thread 0x000001f4729cd000 DEOPT PACKING pc=0x000001f4562dfbe7 sp=0x000000d592cfcd00
Event: 15.420 Thread 0x000001f4729cd000 DEOPT UNPACKING pc=0x000001f4548ca95e sp=0x000000d592cfc220 mode 0
Event: 15.439 Thread 0x000001f4729cd000 DEOPT PACKING pc=0x000001f4564b41d5 sp=0x000000d592cfce30
Event: 15.439 Thread 0x000001f4729cd000 DEOPT UNPACKING pc=0x000001f4548ca95e sp=0x000000d592cfc350 mode 0

Classes redefined (0 events):
No events

Internal exceptions (20 events):
Event: 13.866 Thread 0x000001f46c55f800 Exception <a 'sun/nio/fs/WindowsException'{0x000000008c7f9110}> (0x000000008c7f9110) thrown at [./src/hotspot/share/prims/jni.cpp, line 615]
Event: 13.867 Thread 0x000001f46c55f800 Exception <a 'sun/nio/fs/WindowsException'{0x000000008c7f9fa8}> (0x000000008c7f9fa8) thrown at [./src/hotspot/share/prims/jni.cpp, line 615]
Event: 13.867 Thread 0x000001f46c55f800 Exception <a 'sun/nio/fs/WindowsException'{0x000000008c7fa250}> (0x000000008c7fa250) thrown at [./src/hotspot/share/prims/jni.cpp, line 615]
Event: 13.867 Thread 0x000001f46c55f800 Exception <a 'sun/nio/fs/WindowsException'{0x000000008c7fb0b8}> (0x000000008c7fb0b8) thrown at [./src/hotspot/share/prims/jni.cpp, line 615]
Event: 13.878 Thread 0x000001f46c55f800 Exception <a 'java/lang/NoSuchMethodError'{0x000000008c6e2028}: <clinit>> (0x000000008c6e2028) thrown at [./src/hotspot/share/prims/jni.cpp, line 1365]
Event: 13.884 Thread 0x000001f46c55f800 Exception <a 'java/lang/NoSuchMethodError'{0x000000008c5205d0}: <clinit>> (0x000000008c5205d0) thrown at [./src/hotspot/share/prims/jni.cpp, line 1365]
Event: 13.885 Thread 0x000001f46c55f800 Exception <a 'java/lang/NoSuchMethodError'{0x000000008c532fc8}: <clinit>> (0x000000008c532fc8) thrown at [./src/hotspot/share/prims/jni.cpp, line 1365]
Event: 13.967 Thread 0x000001f4729d2800 Exception <a 'java/lang/NoSuchMethodError'{0x000000008c22f168}: 'void java.lang.invoke.DirectMethodHandle$Holder.invokeStatic(java.lang.Object, long)'> (0x000000008c22f168) thrown at [./src/hotspot/share/interpreter/linkResolver.cpp, line 773]
Event: 13.968 Thread 0x000001f4729d2800 Exception <a 'java/lang/NoSuchMethodError'{0x000000008c23f270}: 'java.lang.Object java.lang.invoke.DirectMethodHandle$Holder.invokeStatic(java.lang.Object, long)'> (0x000000008c23f270) thrown at [./src/hotspot/share/interpreter/linkResolver.cpp, line 773]
Event: 13.969 Thread 0x000001f4729d2800 Exception <a 'java/lang/NoSuchMethodError'{0x000000008c24d9b0}: 'java.lang.Object java.lang.invoke.DirectMethodHandle$Holder.invokeStaticInit(java.lang.Object, java.lang.Object, long, java.lang.Object)'> (0x000000008c24d9b0) thrown at [./src/hotspot/share/interpreter/linkResolver.cpp, line 773]
Event: 13.970 Thread 0x000001f4729d2800 Exception <a 'java/lang/NoSuchMethodError'{0x000000008c253d98}: 'java.lang.Object java.lang.invoke.DirectMethodHandle$Holder.invokeStatic(java.lang.Object, java.lang.Object, long)'> (0x000000008c253d98) thrown at [./src/hotspot/share/interpreter/linkResolver.cpp, line 773]
Event: 13.970 Thread 0x000001f4729d2800 Exception <a 'java/lang/NoSuchMethodError'{0x000000008c25a550}: 'java.lang.Object java.lang.invoke.Invokers$Holder.linkToTargetMethod(java.lang.Object, long, java.lang.Object)'> (0x000000008c25a550) thrown at [./src/hotspot/share/interpreter/linkResolver.cpp, line 773]
Event: 14.266 Thread 0x000001f4729d2800 Exception <a 'java/lang/NoSuchMethodError'{0x000000008b93a0c8}: 'int java.lang.invoke.DirectMethodHandle$Holder.invokeSpecialIFC(java.lang.Object, java.lang.Object, java.lang.Object)'> (0x000000008b93a0c8) thrown at [./src/hotspot/share/interpreter/linkResolver.cpp, line 773]
Event: 15.264 Thread 0x000001f46c55e800 Exception <a 'sun/nio/fs/WindowsException'{0x000000008a3f0690}> (0x000000008a3f0690) thrown at [./src/hotspot/share/prims/jni.cpp, line 615]
Event: 15.265 Thread 0x000001f46c55e800 Exception <a 'sun/nio/fs/WindowsException'{0x000000008a3f1510}> (0x000000008a3f1510) thrown at [./src/hotspot/share/prims/jni.cpp, line 615]
Event: 15.265 Thread 0x000001f46c55e800 Exception <a 'sun/nio/fs/WindowsException'{0x000000008a3f17c8}> (0x000000008a3f17c8) thrown at [./src/hotspot/share/prims/jni.cpp, line 615]
Event: 15.293 Thread 0x000001f46c55e800 Exception <a 'sun/nio/fs/WindowsException'{0x000000008a126200}> (0x000000008a126200) thrown at [./src/hotspot/share/prims/jni.cpp, line 615]
Event: 15.298 Thread 0x000001f46c55e800 Exception <a 'sun/nio/fs/WindowsException'{0x000000008a1270a0}> (0x000000008a1270a0) thrown at [./src/hotspot/share/prims/jni.cpp, line 615]
Event: 15.326 Thread 0x000001f4729cd000 Exception <a 'sun/nio/fs/WindowsException'{0x0000000089f195c8}> (0x0000000089f195c8) thrown at [./src/hotspot/share/prims/jni.cpp, line 615]
Event: 15.570 Thread 0x000001f4729cd000 Exception <a 'java/lang/NoSuchMethodError'{0x00000000898d0258}: 'java.lang.Object java.lang.invoke.DirectMethodHandle$Holder.invokeStaticInit(java.lang.Object, java.lang.Object, java.lang.Object, java.lang.Object, java.lang.Object, java.lang.Object, java.lang.Object, java.lang.Object, java.lang.Object, java.lang.Object, java.lang.Object, java.lang.Object, java.lang.Object, java.lang.Object, java.lang.Object, java.lang.Object, java.lang.Object, java.lang.Object, int, java.lang.Object, java.lang.Object)'> (0

Events (20 events):
Event: 15.571 loading class com/android/tools/r8/graph/s done
Event: 15.572 loading class com/android/tools/r8/graph/J2
Event: 15.572 loading class com/android/tools/r8/graph/J2 done
Event: 15.573 loading class com/android/tools/r8/graph/e1
Event: 15.573 loading class com/android/tools/r8/graph/e1 done
Event: 15.573 loading class com/android/tools/r8/graph/P0
Event: 15.573 loading class com/android/tools/r8/graph/P0 done
Event: 15.573 loading class com/android/tools/r8/internal/rz
Event: 15.573 loading class com/android/tools/r8/internal/rz done
Event: 15.575 loading class com/android/tools/r8/graph/e1
Event: 15.575 loading class com/android/tools/r8/graph/e1 done
Event: 15.575 loading class com/android/tools/r8/graph/s
Event: 15.575 loading class com/android/tools/r8/graph/s done
Event: 15.576 loading class com/android/tools/r8/internal/mI
Event: 15.576 loading class com/android/tools/r8/internal/mI done
Event: 15.576 loading class com/android/tools/r8/internal/ag
Event: 15.576 loading class com/android/tools/r8/internal/ag done
Event: 15.577 loading class com/android/tools/r8/internal/yA
Event: 15.577 loading class com/android/tools/r8/internal/yA done
Event: 15.586 Executing VM operation: G1CollectForAllocation


Dynamic libraries:
0x00007ff7cfa60000 - 0x00007ff7cfa6a000 	C:\Program Files\Android\Android Studio\jre\bin\java.exe
0x00007ffc5fb20000 - 0x00007ffc5fd29000 	C:\Windows\SYSTEM32\ntdll.dll
0x00007ffc5f350000 - 0x00007ffc5f40d000 	C:\Windows\System32\KERNEL32.DLL
0x00007ffc5d460000 - 0x00007ffc5d7d4000 	C:\Windows\System32\KERNELBASE.dll
0x00007ffc5d1d0000 - 0x00007ffc5d2e1000 	C:\Windows\System32\ucrtbase.dll
0x00007ffc3c5f0000 - 0x00007ffc3c609000 	C:\Program Files\Android\Android Studio\jre\bin\jli.dll
0x00007ffc35fe0000 - 0x00007ffc35ff7000 	C:\Program Files\Android\Android Studio\jre\bin\VCRUNTIME140.dll
0x00007ffc5dbe0000 - 0x00007ffc5dd8c000 	C:\Windows\System32\USER32.dll
0x00007ffc5d850000 - 0x00007ffc5d876000 	C:\Windows\System32\win32u.dll
0x00007ffc5f580000 - 0x00007ffc5f5a9000 	C:\Windows\System32\GDI32.dll
0x00007ffc30990000 - 0x00007ffc30c35000 	C:\Windows\WinSxS\amd64_microsoft.windows.common-controls_6595b64144ccf1df_6.0.22000.120_none_9d947278b86cc467\COMCTL32.dll
0x00007ffc5d010000 - 0x00007ffc5d122000 	C:\Windows\System32\gdi32full.dll
0x00007ffc5f2a0000 - 0x00007ffc5f343000 	C:\Windows\System32\msvcrt.dll
0x00007ffc5d130000 - 0x00007ffc5d1cd000 	C:\Windows\System32\msvcp_win.dll
0x00007ffc5e830000 - 0x00007ffc5e861000 	C:\Windows\System32\IMM32.DLL
0x00007ffc1d6b0000 - 0x00007ffc1d74d000 	C:\Program Files\Android\Android Studio\jre\bin\msvcp140.dll
0x00007ffc0e5d0000 - 0x00007ffc0f0b5000 	C:\Program Files\Android\Android Studio\jre\bin\server\jvm.dll
0x00007ffc5fa30000 - 0x00007ffc5fade000 	C:\Windows\System32\ADVAPI32.dll
0x00007ffc5e770000 - 0x00007ffc5e80e000 	C:\Windows\System32\sechost.dll
0x00007ffc5de20000 - 0x00007ffc5df40000 	C:\Windows\System32\RPCRT4.dll
0x00007ffc5e760000 - 0x00007ffc5e768000 	C:\Windows\System32\PSAPI.DLL
0x00007ffc56800000 - 0x00007ffc56809000 	C:\Windows\SYSTEM32\WSOCK32.dll
0x00007ffc52700000 - 0x00007ffc52733000 	C:\Windows\SYSTEM32\WINMM.dll
0x00007ffc4a910000 - 0x00007ffc4a91a000 	C:\Windows\SYSTEM32\VERSION.dll
0x00007ffc5df40000 - 0x00007ffc5dfaf000 	C:\Windows\System32\WS2_32.dll
0x00007ffc5baf0000 - 0x00007ffc5bb08000 	C:\Windows\SYSTEM32\kernel.appcore.dll
0x00007ffc567e0000 - 0x00007ffc567f1000 	C:\Program Files\Android\Android Studio\jre\bin\verify.dll
0x00007ffc56090000 - 0x00007ffc562b1000 	C:\Windows\SYSTEM32\DBGHELP.DLL
0x00007ffc48430000 - 0x00007ffc48461000 	C:\Windows\SYSTEM32\dbgcore.DLL
0x00007ffc5d880000 - 0x00007ffc5d8ff000 	C:\Windows\System32\bcryptPrimitives.dll
0x00007ffc567b0000 - 0x00007ffc567d9000 	C:\Program Files\Android\Android Studio\jre\bin\java.dll
0x00007ffc567a0000 - 0x00007ffc567ab000 	C:\Program Files\Android\Android Studio\jre\bin\jimage.dll
0x00007ffc3c5d0000 - 0x00007ffc3c5e8000 	C:\Program Files\Android\Android Studio\jre\bin\zip.dll
0x00007ffc5eaf0000 - 0x00007ffc5f29e000 	C:\Windows\System32\SHELL32.dll
0x00007ffc5b280000 - 0x00007ffc5bae7000 	C:\Windows\SYSTEM32\windows.storage.dll
0x00007ffc5e0a0000 - 0x00007ffc5e418000 	C:\Windows\System32\combase.dll
0x00007ffc5b110000 - 0x00007ffc5b276000 	C:\Windows\SYSTEM32\wintypes.dll
0x00007ffc5e420000 - 0x00007ffc5e50a000 	C:\Windows\System32\SHCORE.dll
0x00007ffc5d9c0000 - 0x00007ffc5da1d000 	C:\Windows\System32\shlwapi.dll
0x00007ffc5cf40000 - 0x00007ffc5cf61000 	C:\Windows\SYSTEM32\profapi.dll
0x00007ffc3c5b0000 - 0x00007ffc3c5ca000 	C:\Program Files\Android\Android Studio\jre\bin\net.dll
0x00007ffc50c90000 - 0x00007ffc50d9c000 	C:\Windows\SYSTEM32\WINHTTP.dll
0x00007ffc5c630000 - 0x00007ffc5c697000 	C:\Windows\system32\mswsock.dll
0x00007ffc3c590000 - 0x00007ffc3c5a4000 	C:\Program Files\Android\Android Studio\jre\bin\nio.dll
0x00007ffc35f90000 - 0x00007ffc35fb7000 	C:\Users\Admin\.gradle\native\e1d6ef7f7dcc3fd88c89a11ec53ec762bb8ba0a96d01ffa2cd45eb1d1d8dd5c5\windows-amd64\native-platform.dll
0x00007ffc0e480000 - 0x00007ffc0e5c4000 	C:\Users\Admin\.gradle\native\5664cfc778a61ccfe75a443a1ab52a65af34e5dc3c78e0209fed803814484fcb\windows-amd64\native-platform-file-events.dll
0x00007ffc50ad0000 - 0x00007ffc50ada000 	C:\Program Files\Android\Android Studio\jre\bin\management.dll
0x00007ffc3c580000 - 0x00007ffc3c58d000 	C:\Program Files\Android\Android Studio\jre\bin\management_ext.dll
0x00007ffc5c870000 - 0x00007ffc5c888000 	C:\Windows\SYSTEM32\CRYPTSP.dll
0x00007ffc5c190000 - 0x00007ffc5c1c5000 	C:\Windows\system32\rsaenh.dll
0x00007ffc5c720000 - 0x00007ffc5c749000 	C:\Windows\SYSTEM32\USERENV.dll
0x00007ffc5c9f0000 - 0x00007ffc5ca17000 	C:\Windows\SYSTEM32\bcrypt.dll
0x00007ffc5c890000 - 0x00007ffc5c89c000 	C:\Windows\SYSTEM32\CRYPTBASE.dll
0x00007ffc5bd60000 - 0x00007ffc5bd8d000 	C:\Windows\SYSTEM32\IPHLPAPI.DLL
0x00007ffc5e6f0000 - 0x00007ffc5e6f9000 	C:\Windows\System32\NSI.dll
0x00007ffc50b60000 - 0x00007ffc50b79000 	C:\Windows\SYSTEM32\dhcpcsvc6.DLL
0x00007ffc50fc0000 - 0x00007ffc50fde000 	C:\Windows\SYSTEM32\dhcpcsvc.DLL
0x00007ffc5bdd0000 - 0x00007ffc5beb7000 	C:\Windows\SYSTEM32\DNSAPI.dll

dbghelp: loaded successfully - version: 4.0.5 - missing functions: none
symbol engine: initialized successfully - sym options: 0x614 - pdb path: .;C:\Program Files\Android\Android Studio\jre\bin;C:\Windows\SYSTEM32;C:\Windows\WinSxS\amd64_microsoft.windows.common-controls_6595b64144ccf1df_6.0.22000.120_none_9d947278b86cc467;C:\Program Files\Android\Android Studio\jre\bin\server;C:\Users\Admin\.gradle\native\e1d6ef7f7dcc3fd88c89a11ec53ec762bb8ba0a96d01ffa2cd45eb1d1d8dd5c5\windows-amd64;C:\Users\Admin\.gradle\native\5664cfc778a61ccfe75a443a1ab52a65af34e5dc3c78e0209fed803814484fcb\windows-amd64

VM Arguments:
jvm_args: --add-opens=java.base/java.util=ALL-UNNAMED --add-opens=java.base/java.lang=ALL-UNNAMED --add-opens=java.base/java.lang.invoke=ALL-UNNAMED --add-opens=java.base/java.util=ALL-UNNAMED --add-opens=java.prefs/java.util.prefs=ALL-UNNAMED --add-opens=java.prefs/java.util.prefs=ALL-UNNAMED --add-opens=java.base/java.nio.charset=ALL-UNNAMED --add-opens=java.base/java.net=ALL-UNNAMED --add-opens=java.base/java.util.concurrent.atomic=ALL-UNNAMED -Xmx2048m -Dfile.encoding=UTF-8 -Duser.country=US -Duser.language=en -Duser.variant 
java_command: org.gradle.launcher.daemon.bootstrap.GradleDaemon 7.3.3
java_class_path (initial): C:\Users\Admin\.gradle\wrapper\dists\gradle-7.3.3-bin\6a41zxkdtcxs8rphpq6y0069z\gradle-7.3.3\lib\gradle-launcher-7.3.3.jar
Launcher Type: SUN_STANDARD

[Global flags]
     intx CICompilerCount                          = 3                                         {product} {ergonomic}
     uint ConcGCThreads                            = 1                                         {product} {ergonomic}
     uint G1ConcRefinementThreads                  = 4                                         {product} {ergonomic}
   size_t G1HeapRegionSize                         = 1048576                                   {product} {ergonomic}
    uintx GCDrainStackTargetSize                   = 64                                        {product} {ergonomic}
   size_t InitialHeapSize                          = 134217728                                 {product} {ergonomic}
   size_t MarkStackSize                            = 4194304                                   {product} {ergonomic}
   size_t MaxHeapSize                              = 2147483648                                {product} {command line}
   size_t MaxNewSize                               = 1287651328                                {product} {ergonomic}
   size_t MinHeapDeltaBytes                        = 1048576                                   {product} {ergonomic}
    uintx NonNMethodCodeHeapSize                   = 5830732                                {pd product} {ergonomic}
    uintx NonProfiledCodeHeapSize                  = 122913754                              {pd product} {ergonomic}
    uintx ProfiledCodeHeapSize                     = 122913754                              {pd product} {ergonomic}
    uintx ReservedCodeCacheSize                    = 251658240                              {pd product} {ergonomic}
     bool SegmentedCodeCache                       = true                                      {product} {ergonomic}
     bool UseCompressedClassPointers               = true                                 {lp64_product} {ergonomic}
     bool UseCompressedOops                        = true                                 {lp64_product} {ergonomic}
     bool UseG1GC                                  = true                                      {product} {ergonomic}
     bool UseLargePagesIndividualAllocation        = false                                  {pd product} {ergonomic}

Logging:
Log output configuration:
 #0: stdout all=warning uptime,level,tags
 #1: stderr all=off uptime,level,tags

Environment Variables:
PATH=C:\Program Files\Common Files\Oracle\Java\javapath;C:\Program Files (x86)\Common Files\Oracle\Java\javapath;C:\Windows\system32;C:\Windows;C:\Windows\System32\Wbem;C:\Windows\System32\WindowsPowerShell\v1.0\;C:\Windows\System32\OpenSSH\;C:\Program Files (x86)\Intel\Intel(R) Management Engine Components\DAL;C:\Program Files\Intel\Intel(R) Management Engine Components\DAL;C:\Program Files\Git\cmd;C:\Users\Admin\AppData\Local\Microsoft\WindowsApps;C:\Users\Admin\AppData\Local\Programs\Microsoft VS Code\bin;C:\Users\Admin\AppData\Local\atom\bin;C:\Users\Admin\AppData\Local\GitHubDesktop\bin
USERNAME=Admin
OS=Windows_NT
PROCESSOR_IDENTIFIER=Intel64 Family 6 Model 78 Stepping 3, GenuineIntel



---------------  S Y S T E M  ---------------

OS: Windows 10 , 64 bit Build 22000 (10.0.22000.434)
OS uptime: 0 days 1:56 hours

CPU:total 4 (initial active 4) (2 cores per cpu, 2 threads per core) family 6 model 78 stepping 3 microcode 0xd6, cmov, cx8, fxsr, mmx, sse, sse2, sse3, ssse3, sse4.1, sse4.2, popcnt, avx, avx2, aes, clmul, erms, rtm, 3dnowpref, lzcnt, ht, tsc, tscinvbit, bmi1, bmi2, adx, fma

Memory: 4k page, system-wide physical 8072M (876M free)
TotalPageFile size 8072M (AvailPageFile size 36M)
current process WorkingSet (physical memory assigned to process): 468M, peak: 500M
current process commit charge ("private bytes"): 505M, peak: 550M

vm_info: OpenJDK 64-Bit Server VM (11.0.12+7-b1504.28-7817840) for windows-amd64 JRE (11.0.12+7-b1504.28-7817840), built on Oct 13 2021 22:12:33 by "builder" with MS VC++ 14.0 (VS2015)

END.
